#
# A fatal error has been detected by the Java Runtime Environment:
#
#  SIGBUS (0xa) at pc=0x00000001300098ac, pid=92306, tid=259
#
# JRE version: OpenJDK Runtime Environment (17.0.2+8) (build 17.0.2+8-86)
# Java VM: OpenJDK 64-Bit Server VM (17.0.2+8-86, mixed mode, sharing, tiered, compressed oops, compressed class ptrs, g1 gc, bsd-aarch64)
# Problematic frame:
# j  com.sun.glass.ui.mac.MacApplication._enterNestedEventLoopImpl()Ljava/lang/Object;+0 javafx.graphics
#
# No core dump will be written. Core dumps have been disabled. To enable core dumping, try "ulimit -c unlimited" before starting Java again
#
# If you would like to submit a bug report, please visit:
#   https://bugreport.java.com/bugreport/crash.jsp
# The crash happened outside the Java Virtual Machine in native code.
# See problematic frame for where to report the bug.
#

---------------  S U M M A R Y ------------

Command Line: -javaagent:/Applications/IntelliJ IDEA.app/Contents/lib/idea_rt.jar=52996:/Applications/IntelliJ IDEA.app/Contents/bin -Dfile.encoding=UTF-8 --module-path=/Volumes/D/Uni/Semester 6/CSE338 SW Testing VV/Project/CSE338Project/target/classes:/Users/youssefgeorge/.m2/repository/org/openjfx/javafx-fxml/17.0.1/javafx-fxml-17.0.1-mac-aarch64.jar:/Users/youssefgeorge/.m2/repository/org/json/json/20090211/json-20090211.jar:/Users/youssefgeorge/.m2/repository/org/openjfx/javafx-base/17.0.1/javafx-base-17.0.1-mac-aarch64.jar:/Users/youssefgeorge/.m2/repository/com/fasterxml/jackson/core/jackson-core/2.13.3/jackson-core-2.13.3.jar:/Users/youssefgeorge/.m2/repository/com/fasterxml/jackson/core/jackson-databind/2.13.3/jackson-databind-2.13.3.jar:/Users/youssefgeorge/.m2/repository/org/openjfx/javafx-graphics/17.0.1/javafx-graphics-17.0.1-mac-aarch64.jar:/Users/youssefgeorge/.m2/repository/org/openjfx/javafx-controls/17.0.1/javafx-controls-17.0.1-mac-aarch64.jar:/Users/youssefgeorge/.m2/repository/com/fasterxml/jackson/core/jackson-annotations/2.13.3/jackson-annotations-2.13.3.jar -Djdk.module.main=com.example.cse338project com.example.cse338project/com.example.cse338project.gui.Main

Host: "MacBookPro17,1" arm64 1 MHz, 8 cores, 8G, Darwin 21.4.0, macOS 12.3 (21E230)
Time: Thu May 19 23:12:31 2022 EET elapsed time: 1.122046 seconds (0d 0h 0m 1s)

---------------  T H R E A D  ---------------

Current thread (0x000000012485e200):  JavaThread "Thread-1" [_thread_in_native, id=259, stack(0x000000016c98c000,0x000000016d188000)]

Stack: [0x000000016c98c000,0x000000016d188000],  sp=0x000000016d1835f0,  free space=8157k
Native frames: (J=compiled Java code, j=interpreted, Vv=VM code, C=native code)
j  com.sun.glass.ui.mac.MacApplication._enterNestedEventLoopImpl()Ljava/lang/Object;+0 javafx.graphics
j  com.sun.glass.ui.mac.MacApplication._enterNestedEventLoop()Ljava/lang/Object;+15 javafx.graphics
j  com.sun.glass.ui.Application.enterNestedEventLoop()Ljava/lang/Object;+14 javafx.graphics
j  com.sun.glass.ui.EventLoop.enter()Ljava/lang/Object;+42 javafx.graphics
j  com.sun.glass.ui.mac.MacApplication.waitForReactivation()V+30 javafx.graphics
j  com.sun.glass.ui.mac.MacApplication.lambda$runLoop$3(Ljava/lang/Runnable;)V+8 javafx.graphics
j  com.sun.glass.ui.mac.MacApplication$$Lambda$104+0x0000000800c30e10.run()V+8 javafx.graphics
v  ~StubRoutines::call_stub
V  [libjvm.dylib+0x461d08]  _ZN9JavaCalls11call_helperEP9JavaValueRK12methodHandleP17JavaCallArgumentsP10JavaThread+0x38c
V  [libjvm.dylib+0x4bb7dc]  _ZL20jni_invoke_nonstaticP7JNIEnv_P9JavaValueP8_jobject11JNICallTypeP10_jmethodIDP18JNI_ArgumentPusherP10JavaThread+0x31c
V  [libjvm.dylib+0x4bfeb8]  jni_CallVoidMethod+0x138
C  [libglass.dylib+0xadd0]  -[GlassApplication applicationWillFinishLaunching:]+0x1b8
C  [CoreFoundation+0x78ddc]  __CFNOTIFICATIONCENTER_IS_CALLING_OUT_TO_AN_OBSERVER__+0x1c
C  [CoreFoundation+0x11d578]  ___CFXRegistrationPost_block_invoke+0x34
C  [CoreFoundation+0x11d4e4]  _CFXRegistrationPost+0x1c8
C  [CoreFoundation+0x47a74]  _CFXNotificationPost+0x2dc
C  [Foundation+0x9e48]  -[NSNotificationCenter postNotificationName:object:userInfo:]+0x60
C  [AppKit+0x32964]  -[NSApplication finishLaunching]+0x168
C  [AppKit+0x32560]  -[NSApplication run]+0x124
C  [libglass.dylib+0xcc1c]  -[GlassApplication runLoop:]+0x7cc
C  [Foundation+0x852c4]  __NSThreadPerformPerform+0xd4
C  [CoreFoundation+0x849a0]  __CFRUNLOOP_IS_CALLING_OUT_TO_A_SOURCE0_PERFORM_FUNCTION__+0x1c
C  [CoreFoundation+0x848ec]  __CFRunLoopDoSource0+0xd0
C  [CoreFoundation+0x845ec]  __CFRunLoopDoSources0+0x10c
C  [CoreFoundation+0x82f6c]  __CFRunLoopRun+0x33c
C  [CoreFoundation+0x82490]  CFRunLoopRunSpecific+0x258
C  [libjli.dylib+0x6fec]  CreateExecutionEnvironment+0x190
C  [libjli.dylib+0x31fc]  JLI_Launch+0x4a0
C  [java+0x3bac]  main+0x198
C  0x0000000103025088

Java frames: (J=compiled Java code, j=interpreted, Vv=VM code)
j  com.sun.glass.ui.mac.MacApplication._enterNestedEventLoopImpl()Ljava/lang/Object;+0 javafx.graphics
j  com.sun.glass.ui.mac.MacApplication._enterNestedEventLoop()Ljava/lang/Object;+15 javafx.graphics
j  com.sun.glass.ui.Application.enterNestedEventLoop()Ljava/lang/Object;+14 javafx.graphics
j  com.sun.glass.ui.EventLoop.enter()Ljava/lang/Object;+42 javafx.graphics
j  com.sun.glass.ui.mac.MacApplication.waitForReactivation()V+30 javafx.graphics
j  com.sun.glass.ui.mac.MacApplication.lambda$runLoop$3(Ljava/lang/Runnable;)V+8 javafx.graphics
j  com.sun.glass.ui.mac.MacApplication$$Lambda$104+0x0000000800c30e10.run()V+8 javafx.graphics
v  ~StubRoutines::call_stub

siginfo: si_signo: 10 (SIGBUS), si_code: 1 (BUS_ADRALN), si_addr: 0x00000001300098ac

Register to memory mapping:

 x0=0x000000012500bf20 points into unknown readable memory: 0x0000000787304a50 | 50 4a 30 87 07 00 00 00
 x1=0x000000012485e200 is a thread
 x2=0x0 is NULL
 x3=0x000000018c868ff8: nanov2_free_definite_size+0 in /usr/lib/system/libsystem_malloc.dylib at 0x000000018c867000
 x4=0x0000000000000200 is an unknown value
 x5=0x0000000000000012 is an unknown value
 x6=0x0 is NULL
 x7=0x00000001d6b1ba6c: <offset 0x4a242a6c> in /usr/lib/libobjc.A.dylib at 0x000000018c8d9000
 x8=0x0 is NULL
 x9=0x0000000000000004 is an unknown value
x10=0x0a000001e5206921: OBJC_CLASS_$_NSUserDefaults+0x1 in /System/Library/Frameworks/CoreFoundation.framework/Versions/A/CoreFoundation at 0x000000018caa2000
x11=0x0b000001e5206921: OBJC_CLASS_$_NSUserDefaults+0x1 in /System/Library/Frameworks/CoreFoundation.framework/Versions/A/CoreFoundation at 0x000000018caa2000
x12=0x000000000000001b is an unknown value
x13=0x000000008e619822 is an unknown value
x14=0x000000008e81a000 is an unknown value
x15=0x0000000000000034 is an unknown value
x16=0x000000018ca7168c: OSAtomicCompareAndSwapPtrBarrier+0 in /usr/lib/system/libsystem_platform.dylib at 0x000000018ca6d000
x17=0x00000001e5f54ad0: <offset 0x585b7ad0> in /System/Library/Frameworks/Foundation.framework/Versions/C/Foundation at 0x000000018d99d000
x18=0x0 is NULL
x19=0x000000013000773c is at code_begin+60 in an Interpreter codelet
result handlers for native calls  [0x0000000130007700, 0x0000000130007780]  128 bytes
x20=0x000000016d1835f8 is pointing into the stack for thread: 0x000000012485e200
x21=0x0000000104b98fa8: _ZN19TemplateInterpreter13_active_tableE+0 in /Users/youssefgeorge/Library/Java/JavaVirtualMachines/openjdk-17.0.2/Contents/Home/lib/server/libjvm.dylib at 0x0000000103fe0000
x22=0x0 is NULL
x23=0x00000001300087c0 is at code_begin+0 in an Interpreter codelet
method entry point (kind = zerolocals)  [0x00000001300087c0, 0x0000000130008ac0]  768 bytes
x24=0x000000016d183678 is pointing into the stack for thread: 0x000000012485e200
x25=0x0000000000000001 is an unknown value
x26=0x0000000112d1a3c8 is pointing into metadata
x27=0x0 is NULL
x28=0x000000012485e200 is a thread


Registers:
 x0=0x000000012500bf20  x1=0x000000012485e200  x2=0x0000000000000000  x3=0x000000018c868ff8
 x4=0x0000000000000200  x5=0x0000000000000012  x6=0x0000000000000000  x7=0x00000001d6b1ba6c
 x8=0x0000000000000000  x9=0x0000000000000004 x10=0x0a000001e5206921 x11=0x0b000001e5206921
x12=0x000000000000001b x13=0x000000008e619822 x14=0x000000008e81a000 x15=0x0000000000000034
x16=0x000000018ca7168c x17=0x00000001e5f54ad0 x18=0x0000000000000000 x19=0x000000013000773c
x20=0x000000016d1835f8 x21=0x0000000104b98fa8 x22=0x0000000000000000 x23=0x00000001300087c0
x24=0x000000016d183678 x25=0x0000000000000001 x26=0x0000000112d1a3c8 x27=0x0000000000000000
x28=0x000000012485e200  fp=0x000000016d183650  lr=0x00000001300098ac  sp=0x000000016d1835f0
pc=0x00000001300098ac cpsr=0x0000000060001000
Top of Stack: (sp=0x000000016d1835f0)
0x000000016d1835f0:   00000001300096cc 0000000112cf2340
0x000000016d183600:   000000016d183600 0000000000000000
0x000000016d183610:   000000016d183678 0000000112d1a3c8
0x000000016d183620:   000000078743bfd0 0000000000000000
0x000000016d183630:   0000000000000000 0000000112cf2340
0x000000016d183640:   0000000000000000 000000016d183650
0x000000016d183650:   000000016d1836d0 0000000130005d80
0x000000016d183660:   0000000000000000 0000000000000000
0x000000016d183670:   00000007874b50a8 00000007874ae610
0x000000016d183680:   000000016d183680 0000000112cf23e7
0x000000016d183690:   000000016d1836f8 0000000112d1a3c8
0x000000016d1836a0:   000000078743bfd0 0000000000000000
0x000000016d1836b0:   0000000000000000 0000000112cf2428
0x000000016d1836c0:   000000016d183678 000000016d1836d0
0x000000016d1836d0:   000000016d183750 0000000130005d80
0x000000016d1836e0:   0000000000000000 0000000000000000
0x000000016d1836f0:   0000000000000000 00000007874ae610
0x000000016d183700:   000000016d183700 0000000112ce456e
0x000000016d183710:   000000016d183768 0000000112ce6a08
0x000000016d183720:   00000007875d2b10 0000000000000000
0x000000016d183730:   0000000000000000 0000000112ce45a0
0x000000016d183740:   000000016d1836f8 000000016d183730
0x000000016d183750:   000000016d1837c0 0000000130005d80
0x000000016d183760:   0000000000000000 0000000000000000
0x000000016d183770:   000000016d183770 0000000112d1e1ba
0x000000016d183780:   000000016d1837e8 0000000112d1e5f0
0x000000016d183790:   00000007873046e0 0000000000000000
0x000000016d1837a0:   0000000000000000 0000000112d1e2c0
0x000000016d1837b0:   000000016d183770 000000016d1837b0
0x000000016d1837c0:   000000016d183840 0000000130005d80
0x000000016d1837d0:   0000000000000000 0000000000000000
0x000000016d1837e0:   0000000000000000 0000000787304a50 

Instructions: (pc=0x00000001300098ac)
0x00000001300097ac:   f9014f9f f9014b9f f9400788 b40000a8
0x00000001300097bc:   d2801008 f2a60008 f2c00028 d61f0100
0x00000001300097cc:   a97be3b6 f9403191 d63f0220 f85e83ac
0x00000001300097dc:   aa0003f3 b9402991 36180111 f9400591
0x00000001300097ec:   f9400631 f9400e31 f9403a31 f9400231
0x00000001300097fc:   f9000fb1 910063a1 f9402d8a d29e0109
0x000000013000980c:   f2a09029 f2c00029 f9400129 eb09015f
0x000000013000981c:   54000361 aa0c03e1 f81b83b6 aa1c03e0
0x000000013000982c:   10000128 f9014b88 f9014794 f9014f9d
0x000000013000983c:   a9bf33e8 d29adb88 f2a08868 f2c00028
0x000000013000984c:   d63f0100 a8c133e8 10fffffe f901479f
0x000000013000985c:   f9014f9f f9014b9f f9400788 b40000a8
0x000000013000986c:   d2801008 f2a60008 f2c00028 d61f0100
0x000000013000987c:   a97be3b6 f85e83ac f9402d8a 910aa380
0x000000013000988c:   10000108 f9014b88 f9014794 f9014f9d
0x000000013000989c:   b27e03e8 910ce389 889ffd28 d63f0140
0x00000001300098ac:   f85e83ac d1008288 927ced1f fc1f0e80
0x00000001300098bc:   f81f8e9f f81f8e80 d28000a8 910ce389
0x00000001300098cc:   889ffd28 d5033bbf 910d0388 c8dffd08
0x00000001300098dc:   eb0803bf 54000068 b9432b89 b4000169
0x00000001300098ec:   aa1c03e0 d2915689 f2a091c9 f2c00029
0x00000001300098fc:   d63f0120 f85e83ac d294e11b f2a0969b
0x000000013000990c:   f2c0003b f940037b b27d03e8 910ce389
0x000000013000991c:   889ffd28 f901479f f9014f9f f9014b9f
0x000000013000992c:   f9406f91 f900823f 10fef051 eb13023f
0x000000013000993c:   54000441 f8410680 b40003a0 36000360
0x000000013000994c:   f85ff000 a9bf7bfd 910003fd 3940e391
0x000000013000995c:   34000271 b4000240 f9401391 b40000f1
0x000000013000996c:   d1002231 f9001391 f9401b88 8b080231
0x000000013000997c:   f9000220 1400000a a9bf7fe0 aa1c03e1
0x000000013000998c:   a9bf33e8 d2827288 f2a08688 f2c00028
0x000000013000999c:   d63f0100 a8c133e8 a8c17fe0 910003bf 


Stack slot to memory mapping:
stack at sp + 0 slots: 0x00000001300096cc is at code_begin+204 in an Interpreter codelet
method entry point (kind = native)  [0x0000000130009600, 0x0000000130009c80]  1664 bytes
stack at sp + 1 slots: {method} {0x0000000112cf2340} '_enterNestedEventLoopImpl' '()Ljava/lang/Object;' in 'com/sun/glass/ui/mac/MacApplication'
stack at sp + 2 slots: 0x000000016d183600 is pointing into the stack for thread: 0x000000012485e200
stack at sp + 3 slots: 0x0 is NULL
stack at sp + 4 slots: 0x000000016d183678 is pointing into the stack for thread: 0x000000012485e200
stack at sp + 5 slots: 0x0000000112d1a3c8 is pointing into metadata
stack at sp + 6 slots: 0x000000078743bfd0 is an oop: java.lang.Class 
{0x000000078743bfd0} - klass: 'java/lang/Class'
 - ---- fields (total size 15 words):
 - private volatile transient 'classRedefinedCount' 'I' @12  0
 - private volatile transient 'cachedConstructor' 'Ljava/lang/reflect/Constructor;' @40  NULL (0)
 - private transient 'name' 'Ljava/lang/String;' @44  "com.sun.glass.ui.mac.MacApplication"{0x000000078743c058} (f0e8780b)
 - private transient 'module' 'Ljava/lang/Module;' @48  a 'java/lang/Module'{0x0000000787a65238} (f0f4ca47)
 - private final 'classLoader' 'Ljava/lang/ClassLoader;' @52  a 'jdk/internal/loader/ClassLoaders$AppClassLoader'{0x0000000787f1a830} (f0fe3506)
 - private transient 'classData' 'Ljava/lang/Object;' @56  NULL (0)
 - private transient 'packageName' 'Ljava/lang/String;' @60  "com.sun.glass.ui.mac"{0x0000000787421f18} (f0e843e3)
 - private final 'componentType' 'Ljava/lang/Class;' @64  NULL (0)
 - private volatile transient 'reflectionData' 'Ljava/lang/ref/SoftReference;' @68  NULL (0)
 - private volatile transient 'genericInfo' 'Lsun/reflect/generics/repository/ClassRepository;' @72  NULL (0)
 - private volatile transient 'enumConstants' '[Ljava/lang/Object;' @76  NULL (0)
 - private volatile transient 'enumConstantDirectory' 'Ljava/util/Map;' @80  NULL (0)
 - private volatile transient 'annotationData' 'Ljava/lang/Class$AnnotationData;' @84  NULL (0)
 - private volatile transient 'annotationType' 'Lsun/reflect/annotation/AnnotationType;' @88  NULL (0)
 - transient 'classValueMap' 'Ljava/lang/ClassValue$ClassValueMap;' @92  NULL (0)
 - signature: Lcom/sun/glass/ui/mac/MacApplication;
 - fake entry for mirror: 'com/sun/glass/ui/mac/MacApplication'
 - fake entry for array: NULL
 - fake entry for oop_size: 15
 - fake entry for static_oop_field_count: 0
 - static final 'BROWSER_PARENT_ID' 'J' @112  -1 (ffffffff ffffffff)
stack at sp + 7 slots: 0x0 is NULL

method entry point (kind = native)  [0x0000000130009600, 0x0000000130009c80]  1664 bytes
[MachCode]
  0x0000000130009600: 8205 40f9 | 4258 4079 | 986e 228b | 1823 00d1 | 9fee 7c92 | f4c3 01d1 | f603 1faa | f47f b9a9 
  0x0000000130009620: ff7f 06a9 | 8809 40f9 | 4800 00b4 | 08a1 0391 | e833 03a9 | 8a05 40f9 | 4a05 40f9 | 4a0d 40f9 
  0x0000000130009640: 4a39 40f9 | 4a01 40f9 | ea7f 02a9 | 9a05 40f9 | 5a07 40f9 | 5a0b 40f9 | f86b 01a9 | fd7b 05a9 
  0x0000000130009660: fd43 0191 | ff37 04a9 | e903 40b2 | 89a7 0d39 | 8009 40f9 | 0001 00b4 | 08ac 40b9 | 0809 0091 
  0x0000000130009680: 08ac 00b9 | 09c0 40b9 | 0801 09ea | 802b 0054 | 2300 0014 | 890d 40f9 | 6903 00b5 | e103 0caa 
  0x00000001300096a0: b683 1bf8 | e003 1caa | 2801 0010 | 884b 01f9 | 9447 01f9 | 9d4f 01f9 | e833 bfa9 | 8845 98d2 
  0x00000001300096c0: 6888 a0f2 | 2800 c0f2 | 0001 3fd6 | e833 c1a8 | feff ff10 | 9f47 01f9 | 9f4f 01f9 | 9f4b 01f9 
  0x00000001300096e0: 8807 40f9 | a800 00b4 | 0810 80d2 | 0800 a6f2 | 2800 c0f2 | 0001 1fd6 | b6e3 7ba9 | 890d 40f9 
  0x0000000130009700: e900 00b4 | 2809 40b9 | 0809 0091 | 2809 00b9 | 2121 40b9 | 0801 01ea | 2027 0054 | e953 40d1 
  0x0000000130009720: 3f01 00f9 | 9fa7 0d39 | e85b ea90 | 08a9 5139 | 2801 0034 | a183 5ef8 | e003 1caa | e833 bfa9 
  0x0000000130009740: 889a 9ed2 | 2890 a0f2 | 2800 c0f2 | 0001 3fd6 | e833 c1a8 | 9105 40f9 | 315a 4079 | 886e 31cb 
  0x0000000130009760: 1fed 7c92 | f403 08aa | 9131 40f9 | 5103 00b5 | e103 0caa | b683 1bf8 | e003 1caa | 2801 0010 
  0x0000000130009780: 884b 01f9 | 9447 01f9 | 9d4f 01f9 | e833 bfa9 | 88db 9ad2 | 6888 a0f2 | 2800 c0f2 | 0001 3fd6 
  0x00000001300097a0: e833 c1a8 | feff ff10 | 9f47 01f9 | 9f4f 01f9 | 9f4b 01f9 | 8807 40f9 | a800 00b4 | 0810 80d2 
  0x00000001300097c0: 0800 a6f2 | 2800 c0f2 | 0001 1fd6 | b6e3 7ba9 | 9131 40f9 | 2002 3fd6 | ac83 5ef8 | f303 00aa 
  0x00000001300097e0: 9129 40b9 | 1101 1836 | 9105 40f9 | 3106 40f9 | 310e 40f9 | 313a 40f9 | 3102 40f9 | b10f 00f9 
  0x0000000130009800: a163 0091 | 8a2d 40f9 | 0901 9ed2 | 2990 a0f2 | 2900 c0f2 | 2901 40f9 | 5f01 09eb | 6103 0054 
  0x0000000130009820: e103 0caa | b683 1bf8 | e003 1caa | 2801 0010 | 884b 01f9 | 9447 01f9 | 9d4f 01f9 | e833 bfa9 
  0x0000000130009840: 88db 9ad2 | 6888 a0f2 | 2800 c0f2 | 0001 3fd6 | e833 c1a8 | feff ff10 | 9f47 01f9 | 9f4f 01f9 
  0x0000000130009860: 9f4b 01f9 | 8807 40f9 | a800 00b4 | 0810 80d2 | 0800 a6f2 | 2800 c0f2 | 0001 1fd6 | b6e3 7ba9 
  0x0000000130009880: ac83 5ef8 | 8a2d 40f9 | 80a3 0a91 | 0801 0010 | 884b 01f9 | 9447 01f9 | 9d4f 01f9 | e803 7eb2 
  0x00000001300098a0: 89e3 0c91 | 28fd 9f88 | 4001 3fd6 | ac83 5ef8 | 8882 00d1 | 1fed 7c92 | 800e 1ffc | 9f8e 1ff8 
  0x00000001300098c0: 808e 1ff8 | a800 80d2 | 89e3 0c91 | 28fd 9f88 | bf3b 03d5 | 8803 0d91 | 08fd dfc8 | bf03 08eb 
  0x00000001300098e0: 6800 0054 | 892b 43b9 | 6901 00b4 | e003 1caa | 8956 91d2 | c991 a0f2 | 2900 c0f2 | 2001 3fd6 
  0x0000000130009900: ac83 5ef8 | 1be1 94d2 | 9b96 a0f2 | 3b00 c0f2 | 7b03 40f9 | e803 7db2 | 89e3 0c91 | 28fd 9f88 
  0x0000000130009920: 9f47 01f9 | 9f4f 01f9 | 9f4b 01f9 | 916f 40f9 | 3f82 00f9 | 51f0 fe10 | 3f02 13eb | 4104 0054 
  0x0000000130009940: 8006 41f8 | a003 00b4 | 6003 0036 | 00f0 5ff8 | fd7b bfa9 | fd03 0091 | 91e3 4039 | 7102 0034 
  0x0000000130009960: 4002 00b4 | 9113 40f9 | f100 00b4 | 3122 00d1 | 9113 00f9 | 881b 40f9 | 3102 088b | 2002 00f9 
  0x0000000130009980: 0a00 0014 | e07f bfa9 | e103 1caa | e833 bfa9 | 8872 82d2 | 8886 a0f2 | 2800 c0f2 | 0001 3fd6 
  0x00000001300099a0: e833 c1a8 | e07f c1a8 | bf03 0091 | fd7b c1a8 | 0200 0014 | 0000 40f9 | a00f 00f9 | 9f8e 1ff8 
  0x00000001300099c0: 808e 1ff8 | 88a3 0e91 | 0801 40b9 | 1f09 00f1 | c104 0054 | e007 b0a9 | e20f 01a9 | e417 02a9 
  0x00000001300099e0: e61f 03a9 | e827 04a9 | ea2f 05a9 | ec37 06a9 | ee3f 07a9 | f047 08a9 | f24f 09a9 | f457 0aa9 
  0x0000000130009a00: f65f 0ba9 | f867 0ca9 | fa6f 0da9 | fc77 0ea9 | fe7f 0fa9 | e003 1caa | 89e1 82d2 | 4990 a0f2 
  0x0000000130009a20: 2900 c0f2 | 2001 3fd6 | e20f 41a9 | e417 42a9 | e61f 43a9 | e827 44a9 | ea2f 45a9 | ec37 46a9 
  0x0000000130009a40: ee3f 47a9 | f047 48a9 | f24f 49a9 | f457 4aa9 | f65f 4ba9 | f867 4ca9 | fa6f 4da9 | fc77 4ea9 
  0x0000000130009a60: fe7f 4fa9 | e007 d0a8 | ac83 5ef8 | 9605 40f9 | d6c2 0091 | 8807 40f9 | 6803 00b4 | b683 1bf8 
  0x0000000130009a80: e003 1caa | 2801 0010 | 884b 01f9 | 9447 01f9 | 9d4f 01f9 | e833 bfa9 | 0813 93d2 | 6888 a0f2 
  0x0000000130009aa0: 2800 c0f2 | 0001 3fd6 | e833 c1a8 | feff ff10 | 9f47 01f9 | 9f4f 01f9 | 9f4b 01f9 | 8807 40f9 
  0x0000000130009ac0: a800 00b4 | 0810 80d2 | 0800 a6f2 | 2800 c0f2 | 0001 1fd6 | b6e3 7ba9 | c1d5 bbd4 | dfe5 9e04 
  0x0000000130009ae0: 0100 0000 | 9129 40b9 | 5106 2836 | a183 01d1 | 3104 40f9 | 7103 00b5 | b683 1bf8 | e003 1caa 
  0x0000000130009b00: 2801 0010 | 884b 01f9 | 9447 01f9 | 9d4f 01f9 | e833 bfa9 | 8821 95d2 | 6888 a0f2 | 2800 c0f2 
  0x0000000130009b20: 0001 3fd6 | e833 c1a8 | feff ff10 | 9f47 01f9 | 9f4f 01f9 | 9f4b 01f9 | 8807 40f9 | a800 00b4 
  0x0000000130009b40: 0810 80d2 | 0800 a6f2 | 2800 c0f2 | 0001 1fd6 | b6e3 7ba9 | c1d5 bbd4 | dfe5 9e04 | 0100 0000 
  0x0000000130009b60: b683 1bf8 | 2000 00d1 | 2304 40f9 | 3f04 00f9 | 0200 40f9 | c201 00b4 | e803 00aa | 62fc e0c8 
  0x0000000130009b80: 1f01 00eb | 4001 0054 | bf3b 03d5 | 2304 00f9 | e003 01aa | e833 bfa9 | 8802 95d2 | 6888 a0f2 
  0x0000000130009ba0: 2800 c0f2 | 0001 3fd6 | e833 c1a8 | b683 5bf8 | e85b ea90 | 08a9 5139 | 2801 0034 | a183 5ef8 
  0x0000000130009bc0: e003 1caa | e833 bfa9 | 88b9 9ed2 | 2890 a0f2 | 2800 c0f2 | 0001 3fd6 | e833 c1a8 | 8006 41f8 
  0x0000000130009be0: 8006 41fc | 6002 3fd6 | b483 5ff8 | bf03 0091 | fd7b c1a8 | 9f02 0091 | c003 5fd6 | 0100 80d2 
  0x0000000130009c00: b683 1bf8 | e003 1caa | 2801 0010 | 884b 01f9 | 9447 01f9 | 9d4f 01f9 | e833 bfa9 | 0841 97d2 
  0x0000000130009c20: 6888 a0f2 | 2800 c0f2 | 0001 3fd6 | e833 c1a8 | feff ff10 | 9f47 01f9 | 9f4f 01f9 | 9f4b 01f9 
  0x0000000130009c40: 8807 40f9 | a800 00b4 | 0810 80d2 | 0800 a6f2 | 2800 c0f2 | 0001 1fd6 | b6e3 7ba9 | b0fe ff17 
  0x0000000130009c60: 0000 0000 | 0000 0000 | 0000 0000 | 0000 0000 | 0000 0000 | 0000 0000 | 0000 0000 | 0000 0000 
[/MachCode]

---------------  P R O C E S S  ---------------

Threads class SMR info:
_java_thread_list=0x0000600001b87980, length=15, elements={
0x0000000125808200, 0x000000012381e800, 0x0000000113808e00, 0x0000000114858800,
0x000000011380a400, 0x000000011382f800, 0x000000011382fe00, 0x0000000113830400,
0x0000000125808e00, 0x0000000126044000, 0x00000001150ad400, 0x000000012480f600,
0x0000000123828800, 0x0000000124810400, 0x000000012485e200
}

Java Threads: ( => current thread )
  0x0000000125808200 JavaThread "main" [_thread_blocked, id=9987, stack(0x000000016d214000,0x000000016d417000)]
  0x000000012381e800 JavaThread "Reference Handler" daemon [_thread_blocked, id=15619, stack(0x000000016e068000,0x000000016e26b000)]
  0x0000000113808e00 JavaThread "Finalizer" daemon [_thread_blocked, id=15875, stack(0x000000016e274000,0x000000016e477000)]
  0x0000000114858800 JavaThread "Signal Dispatcher" daemon [_thread_blocked, id=23043, stack(0x000000016e598000,0x000000016e79b000)]
  0x000000011380a400 JavaThread "Service Thread" daemon [_thread_blocked, id=42499, stack(0x000000016e7a4000,0x000000016e9a7000)]
  0x000000011382f800 JavaThread "Monitor Deflation Thread" daemon [_thread_blocked, id=23555, stack(0x000000016e9b0000,0x000000016ebb3000)]
  0x000000011382fe00 JavaThread "C2 CompilerThread0" daemon [_thread_blocked, id=41987, stack(0x000000016ebbc000,0x000000016edbf000)]
  0x0000000113830400 JavaThread "C1 CompilerThread0" daemon [_thread_blocked, id=41475, stack(0x000000016edc8000,0x000000016efcb000)]
  0x0000000125808e00 JavaThread "Sweeper thread" daemon [_thread_blocked, id=24067, stack(0x000000016efd4000,0x000000016f1d7000)]
  0x0000000126044000 JavaThread "Common-Cleaner" daemon [_thread_blocked, id=40963, stack(0x000000016f1e0000,0x000000016f3e3000)]
  0x00000001150ad400 JavaThread "Monitor Ctrl-Break" daemon [_thread_in_native, id=24835, stack(0x000000016f3ec000,0x000000016f5ef000)]
  0x000000012480f600 JavaThread "Notification Thread" daemon [_thread_blocked, id=40707, stack(0x000000016f5f8000,0x000000016f7fb000)]
  0x0000000123828800 JavaThread "QuantumRenderer-0" daemon [_thread_blocked, id=40195, stack(0x000000016fa10000,0x000000016fc13000)]
  0x0000000124810400 JavaThread "InvokeLaterDispatcher" daemon [_thread_in_native, id=29699, stack(0x000000016fc1c000,0x000000016fe1f000)]
=>0x000000012485e200 JavaThread "Thread-1" [_thread_in_native, id=259, stack(0x000000016c98c000,0x000000016d188000)]

Other Threads:
  0x00000001250057c0 VMThread "VM Thread" [stack: 0x000000016de5c000,0x000000016e05f000] [id=17411]
  0x0000000125008a30 WatcherThread [stack: 0x000000016f804000,0x000000016fa07000] [id=40451]
  0x0000000125106b00 GCTaskThread "GC Thread#0" [stack: 0x000000016d420000,0x000000016d623000] [id=12803]
  0x0000000123605c20 ConcurrentGCThread "G1 Main Marker" [stack: 0x000000016d62c000,0x000000016d82f000] [id=19971]
  0x00000001236065e0 ConcurrentGCThread "G1 Conc#0" [stack: 0x000000016d838000,0x000000016da3b000] [id=19715]
  0x0000000113604080 ConcurrentGCThread "G1 Refine#0" [stack: 0x000000016da44000,0x000000016dc47000] [id=14083]
  0x0000000113604920 ConcurrentGCThread "G1 Service" [stack: 0x000000016dc50000,0x000000016de53000] [id=18947]

Threads with active compile tasks:

VM state: not at safepoint (normal execution)

VM Mutex/Monitor currently owned by a thread: None

Heap address: 0x0000000780000000, size: 2048 MB, Compressed Oops mode: Zero based, Oop shift amount: 3

CDS archive(s) mapped at: [0x0000000800000000-0x0000000800bd4000-0x0000000800bd4000), size 12402688, SharedBaseAddress: 0x0000000800000000, ArchiveRelocationMode: 0.
Compressed class space mapped at: 0x0000000800c00000-0x0000000840c00000, reserved size: 1073741824
Narrow klass base: 0x0000000800000000, Narrow klass shift: 0, Narrow klass range: 0x100000000

GC Precious Log:
 CPUs: 8 total, 8 available
 Memory: 8192M
 Large Page Support: Disabled
 NUMA Support: Disabled
 Compressed Oops: Enabled (Zero based)
 Heap Region Size: 1M
 Heap Min Capacity: 8M
 Heap Initial Capacity: 128M
 Heap Max Capacity: 2G
 Pre-touch: Disabled
 Parallel Workers: 8
 Concurrent Workers: 2
 Concurrent Refinement Workers: 8
 Periodic GC: Disabled

Heap:
 garbage-first heap   total 133120K, used 13280K [0x0000000780000000, 0x0000000800000000)
  region size 1024K, 13 young (13312K), 0 survivors (0K)
 Metaspace       used 3338K, committed 3584K, reserved 1056768K
  class space    used 378K, committed 512K, reserved 1048576K

Heap Regions: E=young(eden), S=young(survivor), O=old, HS=humongous(starts), HC=humongous(continues), CS=collection set, F=free, OA=open archive, CA=closed archive, TAMS=top-at-mark-start (previous, next)
|   0|0x0000000780000000, 0x0000000780000000, 0x0000000780100000|  0%| F|  |TAMS 0x0000000780000000, 0x0000000780000000| Untracked 
|   1|0x0000000780100000, 0x0000000780100000, 0x0000000780200000|  0%| F|  |TAMS 0x0000000780100000, 0x0000000780100000| Untracked 
|   2|0x0000000780200000, 0x0000000780200000, 0x0000000780300000|  0%| F|  |TAMS 0x0000000780200000, 0x0000000780200000| Untracked 
|   3|0x0000000780300000, 0x0000000780300000, 0x0000000780400000|  0%| F|  |TAMS 0x0000000780300000, 0x0000000780300000| Untracked 
|   4|0x0000000780400000, 0x0000000780400000, 0x0000000780500000|  0%| F|  |TAMS 0x0000000780400000, 0x0000000780400000| Untracked 
|   5|0x0000000780500000, 0x0000000780500000, 0x0000000780600000|  0%| F|  |TAMS 0x0000000780500000, 0x0000000780500000| Untracked 
|   6|0x0000000780600000, 0x0000000780600000, 0x0000000780700000|  0%| F|  |TAMS 0x0000000780600000, 0x0000000780600000| Untracked 
|   7|0x0000000780700000, 0x0000000780700000, 0x0000000780800000|  0%| F|  |TAMS 0x0000000780700000, 0x0000000780700000| Untracked 
|   8|0x0000000780800000, 0x0000000780800000, 0x0000000780900000|  0%| F|  |TAMS 0x0000000780800000, 0x0000000780800000| Untracked 
|   9|0x0000000780900000, 0x0000000780900000, 0x0000000780a00000|  0%| F|  |TAMS 0x0000000780900000, 0x0000000780900000| Untracked 
|  10|0x0000000780a00000, 0x0000000780a00000, 0x0000000780b00000|  0%| F|  |TAMS 0x0000000780a00000, 0x0000000780a00000| Untracked 
|  11|0x0000000780b00000, 0x0000000780b00000, 0x0000000780c00000|  0%| F|  |TAMS 0x0000000780b00000, 0x0000000780b00000| Untracked 
|  12|0x0000000780c00000, 0x0000000780c00000, 0x0000000780d00000|  0%| F|  |TAMS 0x0000000780c00000, 0x0000000780c00000| Untracked 
|  13|0x0000000780d00000, 0x0000000780d00000, 0x0000000780e00000|  0%| F|  |TAMS 0x0000000780d00000, 0x0000000780d00000| Untracked 
|  14|0x0000000780e00000, 0x0000000780e00000, 0x0000000780f00000|  0%| F|  |TAMS 0x0000000780e00000, 0x0000000780e00000| Untracked 
|  15|0x0000000780f00000, 0x0000000780f00000, 0x0000000781000000|  0%| F|  |TAMS 0x0000000780f00000, 0x0000000780f00000| Untracked 
|  16|0x0000000781000000, 0x0000000781000000, 0x0000000781100000|  0%| F|  |TAMS 0x0000000781000000, 0x0000000781000000| Untracked 
|  17|0x0000000781100000, 0x0000000781100000, 0x0000000781200000|  0%| F|  |TAMS 0x0000000781100000, 0x0000000781100000| Untracked 
|  18|0x0000000781200000, 0x0000000781200000, 0x0000000781300000|  0%| F|  |TAMS 0x0000000781200000, 0x0000000781200000| Untracked 
|  19|0x0000000781300000, 0x0000000781300000, 0x0000000781400000|  0%| F|  |TAMS 0x0000000781300000, 0x0000000781300000| Untracked 
|  20|0x0000000781400000, 0x0000000781400000, 0x0000000781500000|  0%| F|  |TAMS 0x0000000781400000, 0x0000000781400000| Untracked 
|  21|0x0000000781500000, 0x0000000781500000, 0x0000000781600000|  0%| F|  |TAMS 0x0000000781500000, 0x0000000781500000| Untracked 
|  22|0x0000000781600000, 0x0000000781600000, 0x0000000781700000|  0%| F|  |TAMS 0x0000000781600000, 0x0000000781600000| Untracked 
|  23|0x0000000781700000, 0x0000000781700000, 0x0000000781800000|  0%| F|  |TAMS 0x0000000781700000, 0x0000000781700000| Untracked 
|  24|0x0000000781800000, 0x0000000781800000, 0x0000000781900000|  0%| F|  |TAMS 0x0000000781800000, 0x0000000781800000| Untracked 
|  25|0x0000000781900000, 0x0000000781900000, 0x0000000781a00000|  0%| F|  |TAMS 0x0000000781900000, 0x0000000781900000| Untracked 
|  26|0x0000000781a00000, 0x0000000781a00000, 0x0000000781b00000|  0%| F|  |TAMS 0x0000000781a00000, 0x0000000781a00000| Untracked 
|  27|0x0000000781b00000, 0x0000000781b00000, 0x0000000781c00000|  0%| F|  |TAMS 0x0000000781b00000, 0x0000000781b00000| Untracked 
|  28|0x0000000781c00000, 0x0000000781c00000, 0x0000000781d00000|  0%| F|  |TAMS 0x0000000781c00000, 0x0000000781c00000| Untracked 
|  29|0x0000000781d00000, 0x0000000781d00000, 0x0000000781e00000|  0%| F|  |TAMS 0x0000000781d00000, 0x0000000781d00000| Untracked 
|  30|0x0000000781e00000, 0x0000000781e00000, 0x0000000781f00000|  0%| F|  |TAMS 0x0000000781e00000, 0x0000000781e00000| Untracked 
|  31|0x0000000781f00000, 0x0000000781f00000, 0x0000000782000000|  0%| F|  |TAMS 0x0000000781f00000, 0x0000000781f00000| Untracked 
|  32|0x0000000782000000, 0x0000000782000000, 0x0000000782100000|  0%| F|  |TAMS 0x0000000782000000, 0x0000000782000000| Untracked 
|  33|0x0000000782100000, 0x0000000782100000, 0x0000000782200000|  0%| F|  |TAMS 0x0000000782100000, 0x0000000782100000| Untracked 
|  34|0x0000000782200000, 0x0000000782200000, 0x0000000782300000|  0%| F|  |TAMS 0x0000000782200000, 0x0000000782200000| Untracked 
|  35|0x0000000782300000, 0x0000000782300000, 0x0000000782400000|  0%| F|  |TAMS 0x0000000782300000, 0x0000000782300000| Untracked 
|  36|0x0000000782400000, 0x0000000782400000, 0x0000000782500000|  0%| F|  |TAMS 0x0000000782400000, 0x0000000782400000| Untracked 
|  37|0x0000000782500000, 0x0000000782500000, 0x0000000782600000|  0%| F|  |TAMS 0x0000000782500000, 0x0000000782500000| Untracked 
|  38|0x0000000782600000, 0x0000000782600000, 0x0000000782700000|  0%| F|  |TAMS 0x0000000782600000, 0x0000000782600000| Untracked 
|  39|0x0000000782700000, 0x0000000782700000, 0x0000000782800000|  0%| F|  |TAMS 0x0000000782700000, 0x0000000782700000| Untracked 
|  40|0x0000000782800000, 0x0000000782800000, 0x0000000782900000|  0%| F|  |TAMS 0x0000000782800000, 0x0000000782800000| Untracked 
|  41|0x0000000782900000, 0x0000000782900000, 0x0000000782a00000|  0%| F|  |TAMS 0x0000000782900000, 0x0000000782900000| Untracked 
|  42|0x0000000782a00000, 0x0000000782a00000, 0x0000000782b00000|  0%| F|  |TAMS 0x0000000782a00000, 0x0000000782a00000| Untracked 
|  43|0x0000000782b00000, 0x0000000782b00000, 0x0000000782c00000|  0%| F|  |TAMS 0x0000000782b00000, 0x0000000782b00000| Untracked 
|  44|0x0000000782c00000, 0x0000000782c00000, 0x0000000782d00000|  0%| F|  |TAMS 0x0000000782c00000, 0x0000000782c00000| Untracked 
|  45|0x0000000782d00000, 0x0000000782d00000, 0x0000000782e00000|  0%| F|  |TAMS 0x0000000782d00000, 0x0000000782d00000| Untracked 
|  46|0x0000000782e00000, 0x0000000782e00000, 0x0000000782f00000|  0%| F|  |TAMS 0x0000000782e00000, 0x0000000782e00000| Untracked 
|  47|0x0000000782f00000, 0x0000000782f00000, 0x0000000783000000|  0%| F|  |TAMS 0x0000000782f00000, 0x0000000782f00000| Untracked 
|  48|0x0000000783000000, 0x0000000783000000, 0x0000000783100000|  0%| F|  |TAMS 0x0000000783000000, 0x0000000783000000| Untracked 
|  49|0x0000000783100000, 0x0000000783100000, 0x0000000783200000|  0%| F|  |TAMS 0x0000000783100000, 0x0000000783100000| Untracked 
|  50|0x0000000783200000, 0x0000000783200000, 0x0000000783300000|  0%| F|  |TAMS 0x0000000783200000, 0x0000000783200000| Untracked 
|  51|0x0000000783300000, 0x0000000783300000, 0x0000000783400000|  0%| F|  |TAMS 0x0000000783300000, 0x0000000783300000| Untracked 
|  52|0x0000000783400000, 0x0000000783400000, 0x0000000783500000|  0%| F|  |TAMS 0x0000000783400000, 0x0000000783400000| Untracked 
|  53|0x0000000783500000, 0x0000000783500000, 0x0000000783600000|  0%| F|  |TAMS 0x0000000783500000, 0x0000000783500000| Untracked 
|  54|0x0000000783600000, 0x0000000783600000, 0x0000000783700000|  0%| F|  |TAMS 0x0000000783600000, 0x0000000783600000| Untracked 
|  55|0x0000000783700000, 0x0000000783700000, 0x0000000783800000|  0%| F|  |TAMS 0x0000000783700000, 0x0000000783700000| Untracked 
|  56|0x0000000783800000, 0x0000000783800000, 0x0000000783900000|  0%| F|  |TAMS 0x0000000783800000, 0x0000000783800000| Untracked 
|  57|0x0000000783900000, 0x0000000783900000, 0x0000000783a00000|  0%| F|  |TAMS 0x0000000783900000, 0x0000000783900000| Untracked 
|  58|0x0000000783a00000, 0x0000000783a00000, 0x0000000783b00000|  0%| F|  |TAMS 0x0000000783a00000, 0x0000000783a00000| Untracked 
|  59|0x0000000783b00000, 0x0000000783b00000, 0x0000000783c00000|  0%| F|  |TAMS 0x0000000783b00000, 0x0000000783b00000| Untracked 
|  60|0x0000000783c00000, 0x0000000783c00000, 0x0000000783d00000|  0%| F|  |TAMS 0x0000000783c00000, 0x0000000783c00000| Untracked 
|  61|0x0000000783d00000, 0x0000000783d00000, 0x0000000783e00000|  0%| F|  |TAMS 0x0000000783d00000, 0x0000000783d00000| Untracked 
|  62|0x0000000783e00000, 0x0000000783e00000, 0x0000000783f00000|  0%| F|  |TAMS 0x0000000783e00000, 0x0000000783e00000| Untracked 
|  63|0x0000000783f00000, 0x0000000783f00000, 0x0000000784000000|  0%| F|  |TAMS 0x0000000783f00000, 0x0000000783f00000| Untracked 
|  64|0x0000000784000000, 0x0000000784000000, 0x0000000784100000|  0%| F|  |TAMS 0x0000000784000000, 0x0000000784000000| Untracked 
|  65|0x0000000784100000, 0x0000000784100000, 0x0000000784200000|  0%| F|  |TAMS 0x0000000784100000, 0x0000000784100000| Untracked 
|  66|0x0000000784200000, 0x0000000784200000, 0x0000000784300000|  0%| F|  |TAMS 0x0000000784200000, 0x0000000784200000| Untracked 
|  67|0x0000000784300000, 0x0000000784300000, 0x0000000784400000|  0%| F|  |TAMS 0x0000000784300000, 0x0000000784300000| Untracked 
|  68|0x0000000784400000, 0x0000000784400000, 0x0000000784500000|  0%| F|  |TAMS 0x0000000784400000, 0x0000000784400000| Untracked 
|  69|0x0000000784500000, 0x0000000784500000, 0x0000000784600000|  0%| F|  |TAMS 0x0000000784500000, 0x0000000784500000| Untracked 
|  70|0x0000000784600000, 0x0000000784600000, 0x0000000784700000|  0%| F|  |TAMS 0x0000000784600000, 0x0000000784600000| Untracked 
|  71|0x0000000784700000, 0x0000000784700000, 0x0000000784800000|  0%| F|  |TAMS 0x0000000784700000, 0x0000000784700000| Untracked 
|  72|0x0000000784800000, 0x0000000784800000, 0x0000000784900000|  0%| F|  |TAMS 0x0000000784800000, 0x0000000784800000| Untracked 
|  73|0x0000000784900000, 0x0000000784900000, 0x0000000784a00000|  0%| F|  |TAMS 0x0000000784900000, 0x0000000784900000| Untracked 
|  74|0x0000000784a00000, 0x0000000784a00000, 0x0000000784b00000|  0%| F|  |TAMS 0x0000000784a00000, 0x0000000784a00000| Untracked 
|  75|0x0000000784b00000, 0x0000000784b00000, 0x0000000784c00000|  0%| F|  |TAMS 0x0000000784b00000, 0x0000000784b00000| Untracked 
|  76|0x0000000784c00000, 0x0000000784c00000, 0x0000000784d00000|  0%| F|  |TAMS 0x0000000784c00000, 0x0000000784c00000| Untracked 
|  77|0x0000000784d00000, 0x0000000784d00000, 0x0000000784e00000|  0%| F|  |TAMS 0x0000000784d00000, 0x0000000784d00000| Untracked 
|  78|0x0000000784e00000, 0x0000000784e00000, 0x0000000784f00000|  0%| F|  |TAMS 0x0000000784e00000, 0x0000000784e00000| Untracked 
|  79|0x0000000784f00000, 0x0000000784f00000, 0x0000000785000000|  0%| F|  |TAMS 0x0000000784f00000, 0x0000000784f00000| Untracked 
|  80|0x0000000785000000, 0x0000000785000000, 0x0000000785100000|  0%| F|  |TAMS 0x0000000785000000, 0x0000000785000000| Untracked 
|  81|0x0000000785100000, 0x0000000785100000, 0x0000000785200000|  0%| F|  |TAMS 0x0000000785100000, 0x0000000785100000| Untracked 
|  82|0x0000000785200000, 0x0000000785200000, 0x0000000785300000|  0%| F|  |TAMS 0x0000000785200000, 0x0000000785200000| Untracked 
|  83|0x0000000785300000, 0x0000000785300000, 0x0000000785400000|  0%| F|  |TAMS 0x0000000785300000, 0x0000000785300000| Untracked 
|  84|0x0000000785400000, 0x0000000785400000, 0x0000000785500000|  0%| F|  |TAMS 0x0000000785400000, 0x0000000785400000| Untracked 
|  85|0x0000000785500000, 0x0000000785500000, 0x0000000785600000|  0%| F|  |TAMS 0x0000000785500000, 0x0000000785500000| Untracked 
|  86|0x0000000785600000, 0x0000000785600000, 0x0000000785700000|  0%| F|  |TAMS 0x0000000785600000, 0x0000000785600000| Untracked 
|  87|0x0000000785700000, 0x0000000785700000, 0x0000000785800000|  0%| F|  |TAMS 0x0000000785700000, 0x0000000785700000| Untracked 
|  88|0x0000000785800000, 0x0000000785800000, 0x0000000785900000|  0%| F|  |TAMS 0x0000000785800000, 0x0000000785800000| Untracked 
|  89|0x0000000785900000, 0x0000000785900000, 0x0000000785a00000|  0%| F|  |TAMS 0x0000000785900000, 0x0000000785900000| Untracked 
|  90|0x0000000785a00000, 0x0000000785a00000, 0x0000000785b00000|  0%| F|  |TAMS 0x0000000785a00000, 0x0000000785a00000| Untracked 
|  91|0x0000000785b00000, 0x0000000785b00000, 0x0000000785c00000|  0%| F|  |TAMS 0x0000000785b00000, 0x0000000785b00000| Untracked 
|  92|0x0000000785c00000, 0x0000000785c00000, 0x0000000785d00000|  0%| F|  |TAMS 0x0000000785c00000, 0x0000000785c00000| Untracked 
|  93|0x0000000785d00000, 0x0000000785d00000, 0x0000000785e00000|  0%| F|  |TAMS 0x0000000785d00000, 0x0000000785d00000| Untracked 
|  94|0x0000000785e00000, 0x0000000785e00000, 0x0000000785f00000|  0%| F|  |TAMS 0x0000000785e00000, 0x0000000785e00000| Untracked 
|  95|0x0000000785f00000, 0x0000000785f00000, 0x0000000786000000|  0%| F|  |TAMS 0x0000000785f00000, 0x0000000785f00000| Untracked 
|  96|0x0000000786000000, 0x0000000786000000, 0x0000000786100000|  0%| F|  |TAMS 0x0000000786000000, 0x0000000786000000| Untracked 
|  97|0x0000000786100000, 0x0000000786100000, 0x0000000786200000|  0%| F|  |TAMS 0x0000000786100000, 0x0000000786100000| Untracked 
|  98|0x0000000786200000, 0x0000000786200000, 0x0000000786300000|  0%| F|  |TAMS 0x0000000786200000, 0x0000000786200000| Untracked 
|  99|0x0000000786300000, 0x0000000786300000, 0x0000000786400000|  0%| F|  |TAMS 0x0000000786300000, 0x0000000786300000| Untracked 
| 100|0x0000000786400000, 0x0000000786400000, 0x0000000786500000|  0%| F|  |TAMS 0x0000000786400000, 0x0000000786400000| Untracked 
| 101|0x0000000786500000, 0x0000000786500000, 0x0000000786600000|  0%| F|  |TAMS 0x0000000786500000, 0x0000000786500000| Untracked 
| 102|0x0000000786600000, 0x0000000786600000, 0x0000000786700000|  0%| F|  |TAMS 0x0000000786600000, 0x0000000786600000| Untracked 
| 103|0x0000000786700000, 0x0000000786700000, 0x0000000786800000|  0%| F|  |TAMS 0x0000000786700000, 0x0000000786700000| Untracked 
| 104|0x0000000786800000, 0x0000000786800000, 0x0000000786900000|  0%| F|  |TAMS 0x0000000786800000, 0x0000000786800000| Untracked 
| 105|0x0000000786900000, 0x0000000786900000, 0x0000000786a00000|  0%| F|  |TAMS 0x0000000786900000, 0x0000000786900000| Untracked 
| 106|0x0000000786a00000, 0x0000000786a00000, 0x0000000786b00000|  0%| F|  |TAMS 0x0000000786a00000, 0x0000000786a00000| Untracked 
| 107|0x0000000786b00000, 0x0000000786b00000, 0x0000000786c00000|  0%| F|  |TAMS 0x0000000786b00000, 0x0000000786b00000| Untracked 
| 108|0x0000000786c00000, 0x0000000786c00000, 0x0000000786d00000|  0%| F|  |TAMS 0x0000000786c00000, 0x0000000786c00000| Untracked 
| 109|0x0000000786d00000, 0x0000000786d00000, 0x0000000786e00000|  0%| F|  |TAMS 0x0000000786d00000, 0x0000000786d00000| Untracked 
| 110|0x0000000786e00000, 0x0000000786e00000, 0x0000000786f00000|  0%| F|  |TAMS 0x0000000786e00000, 0x0000000786e00000| Untracked 
| 111|0x0000000786f00000, 0x0000000786f00000, 0x0000000787000000|  0%| F|  |TAMS 0x0000000786f00000, 0x0000000786f00000| Untracked 
| 112|0x0000000787000000, 0x0000000787000000, 0x0000000787100000|  0%| F|  |TAMS 0x0000000787000000, 0x0000000787000000| Untracked 
| 113|0x0000000787100000, 0x0000000787100000, 0x0000000787200000|  0%| F|  |TAMS 0x0000000787100000, 0x0000000787100000| Untracked 
| 114|0x0000000787200000, 0x0000000787200000, 0x0000000787300000|  0%| F|  |TAMS 0x0000000787200000, 0x0000000787200000| Untracked 
| 115|0x0000000787300000, 0x00000007873ec080, 0x0000000787400000| 92%| E|  |TAMS 0x0000000787300000, 0x0000000787300000| Complete 
| 116|0x0000000787400000, 0x0000000787500000, 0x0000000787500000|100%| E|CS|TAMS 0x0000000787400000, 0x0000000787400000| Complete 
| 117|0x0000000787500000, 0x0000000787600000, 0x0000000787600000|100%| E|CS|TAMS 0x0000000787500000, 0x0000000787500000| Complete 
| 118|0x0000000787600000, 0x0000000787700000, 0x0000000787700000|100%| E|CS|TAMS 0x0000000787600000, 0x0000000787600000| Complete 
| 119|0x0000000787700000, 0x0000000787800000, 0x0000000787800000|100%| E|CS|TAMS 0x0000000787700000, 0x0000000787700000| Complete 
| 120|0x0000000787800000, 0x0000000787900000, 0x0000000787900000|100%| E|CS|TAMS 0x0000000787800000, 0x0000000787800000| Complete 
| 121|0x0000000787900000, 0x0000000787a00000, 0x0000000787a00000|100%| E|CS|TAMS 0x0000000787900000, 0x0000000787900000| Complete 
| 122|0x0000000787a00000, 0x0000000787b00000, 0x0000000787b00000|100%| E|CS|TAMS 0x0000000787a00000, 0x0000000787a00000| Complete 
| 123|0x0000000787b00000, 0x0000000787c00000, 0x0000000787c00000|100%| E|CS|TAMS 0x0000000787b00000, 0x0000000787b00000| Complete 
| 124|0x0000000787c00000, 0x0000000787d00000, 0x0000000787d00000|100%| E|CS|TAMS 0x0000000787c00000, 0x0000000787c00000| Complete 
| 125|0x0000000787d00000, 0x0000000787e00000, 0x0000000787e00000|100%| E|CS|TAMS 0x0000000787d00000, 0x0000000787d00000| Complete 
| 126|0x0000000787e00000, 0x0000000787f00000, 0x0000000787f00000|100%| E|CS|TAMS 0x0000000787e00000, 0x0000000787e00000| Complete 
| 127|0x0000000787f00000, 0x0000000788000000, 0x0000000788000000|100%| E|CS|TAMS 0x0000000787f00000, 0x0000000787f00000| Complete 
|2046|0x00000007ffe00000, 0x00000007ffe78000, 0x00000007fff00000| 46%|OA|  |TAMS 0x00000007ffe00000, 0x00000007ffe00000| Untracked 
|2047|0x00000007fff00000, 0x00000007fff80000, 0x0000000800000000| 50%|CA|  |TAMS 0x00000007fff00000, 0x00000007fff00000| Untracked 

Card table byte_map: [0x00000001035c0000,0x00000001039c0000] _byte_map_base: 0x00000000ff9c0000

Marking Bits (Prev, Next): (CMBitMap*) 0x000000012380d010, (CMBitMap*) 0x000000012380d050
 Prev Bits: [0x000000010c6d0000, 0x000000010e6d0000)
 Next Bits: [0x000000010e6d0000, 0x00000001106d0000)

Polling page: 0x0000000102dfc000

Metaspace:

Usage:
  Non-class:      2.89 MB used.
      Class:    378.63 KB used.
       Both:      3.26 MB used.

Virtual space:
  Non-class space:        8.00 MB reserved,       3.00 MB ( 38%) committed,  1 nodes.
      Class space:        1.00 GB reserved,     512.00 KB ( <1%) committed,  1 nodes.
             Both:        1.01 GB reserved,       3.50 MB ( <1%) committed. 

Chunk freelists:
   Non-Class:  2.86 MB
       Class:  3.55 MB
        Both:  6.41 MB

MaxMetaspaceSize: unlimited
CompressedClassSpaceSize: 1.00 GB
Initial GC threshold: 21.00 MB
Current GC threshold: 21.00 MB
CDS: on
MetaspaceReclaimPolicy: balanced
 - commit_granule_bytes: 65536.
 - commit_granule_words: 8192.
 - virtual_space_node_default_size: 1048576.
 - enlarge_chunks_in_place: 1.
 - new_chunks_are_fully_committed: 0.
 - uncommit_free_chunks: 1.
 - use_allocation_guard: 0.
 - handle_deallocations: 1.


Internal statistics:

num_allocs_failed_limit: 0.
num_arena_births: 82.
num_arena_deaths: 0.
num_vsnodes_births: 2.
num_vsnodes_deaths: 0.
num_space_committed: 56.
num_space_uncommitted: 0.
num_chunks_returned_to_freelist: 0.
num_chunks_taken_from_freelist: 160.
num_chunk_merges: 0.
num_chunk_splits: 102.
num_chunks_enlarged: 64.
num_purges: 0.
num_inconsistent_stats: 0.

CodeHeap 'non-profiled nmethods': size=120032Kb used=224Kb max_used=224Kb free=119807Kb
 bounds [0x0000000137ac8000, 0x0000000137d38000, 0x000000013f000000]
CodeHeap 'profiled nmethods': size=120016Kb used=1119Kb max_used=1119Kb free=118896Kb
 bounds [0x0000000130594000, 0x0000000130804000, 0x0000000137ac8000]
CodeHeap 'non-nmethods': size=5712Kb used=1151Kb max_used=1169Kb free=4560Kb
 bounds [0x0000000130000000, 0x0000000130270000, 0x0000000130594000]
 total_blobs=1185 nmethods=710 adapters=392
 compilation: enabled
              stopped_count=0, restarted_count=0
 full_count=0

Compilation events (20 events):
Event: 0.454 Thread 0x0000000113830400 nmethod 729 0x00000001306a7a10 code [0x00000001306a7bc0, 0x00000001306a7dd8]
Event: 0.454 Thread 0x0000000113830400  730       3       sun.security.provider.DigestBase::implCompressMultiBlock (15 bytes)
Event: 0.455 Thread 0x0000000113830400 nmethod 730 0x00000001306a7e90 code [0x00000001306a8080, 0x00000001306a8488]
Event: 0.462 Thread 0x000000011382fe00 nmethod 724 0x0000000137afec10 code [0x0000000137afedc0, 0x0000000137affb80]
Event: 0.464 Thread 0x0000000113830400  731       3       jdk.internal.org.objectweb.asm.Label::<init> (5 bytes)
Event: 0.464 Thread 0x0000000113830400 nmethod 731 0x00000001306a8610 code [0x00000001306a87c0, 0x00000001306a8968]
Event: 0.464 Thread 0x0000000113830400  732       3       java.util.concurrent.locks.ReentrantReadWriteLock$Sync::exclusiveCount (5 bytes)
Event: 0.464 Thread 0x0000000113830400 nmethod 732 0x00000001306a8a10 code [0x00000001306a8bc0, 0x00000001306a8ca8]
Event: 0.467 Thread 0x0000000113830400  733       3       java.lang.invoke.MemberName::isCallerSensitive (8 bytes)
Event: 0.467 Thread 0x0000000113830400 nmethod 733 0x00000001306a8d10 code [0x00000001306a8ec0, 0x00000001306a9128]
Event: 0.467 Thread 0x0000000113830400  734       3       java.lang.invoke.MethodHandleNatives::isCallerSensitive (29 bytes)
Event: 0.467 Thread 0x0000000113830400 nmethod 734 0x00000001306a9210 code [0x00000001306a9440, 0x00000001306a99d8]
Event: 0.467 Thread 0x0000000113830400  735       3       java.lang.invoke.MethodHandleNatives::canBeCalledVirtual (50 bytes)
Event: 0.468 Thread 0x0000000113830400 nmethod 735 0x00000001306a9c10 code [0x00000001306a9e40, 0x00000001306aa378]
Event: 0.948 Thread 0x0000000113830400  737       3       jdk.internal.org.objectweb.asm.SymbolTable::addConstantNameAndType (137 bytes)
Event: 0.951 Thread 0x0000000113830400 nmethod 737 0x00000001306aa590 code [0x00000001306aa840, 0x00000001306ab098]
Event: 0.951 Thread 0x0000000113830400  738       3       jdk.internal.org.objectweb.asm.SymbolTable$Entry::<init> (20 bytes)
Event: 0.951 Thread 0x0000000113830400 nmethod 738 0x00000001306ab510 code [0x00000001306ab6c0, 0x00000001306ab858]
Event: 1.119 Thread 0x0000000113830400  739       3       java.util.concurrent.locks.AbstractQueuedSynchronizer::signalNext (34 bytes)
Event: 1.120 Thread 0x0000000113830400 nmethod 739 0x00000001306ab910 code [0x00000001306abb00, 0x00000001306abe08]

GC Heap History (0 events):
No events

Deoptimization events (8 events):
Event: 0.155 Thread 0x0000000125808200 Uncommon trap: trap_request=0xfffffff4 fr.pc=0x0000000137adf398 relative=0x0000000000000158
Event: 0.155 Thread 0x0000000125808200 Uncommon trap: reason=null_check action=make_not_entrant pc=0x0000000137adf398 method=java.lang.String.equals(Ljava/lang/Object;)Z @ 8 c2
Event: 0.155 Thread 0x0000000125808200 DEOPT PACKING pc=0x0000000137adf398 sp=0x000000016d4153f0
Event: 0.155 Thread 0x0000000125808200 DEOPT UNPACKING pc=0x000000013003ed1c sp=0x000000016d415390 mode 2
Event: 0.252 Thread 0x0000000123828800 Uncommon trap: trap_request=0xffffff45 fr.pc=0x0000000137ad9fd4 relative=0x0000000000000514
Event: 0.252 Thread 0x0000000123828800 Uncommon trap: reason=unstable_if action=reinterpret pc=0x0000000137ad9fd4 method=jdk.internal.module.Checks.isJavaIdentifier(Ljava/lang/String;)Z @ 4 c2
Event: 0.252 Thread 0x0000000123828800 DEOPT PACKING pc=0x0000000137ad9fd4 sp=0x000000016fc11b00
Event: 0.252 Thread 0x0000000123828800 DEOPT UNPACKING pc=0x000000013003ed1c sp=0x000000016fc11aa0 mode 2

Classes unloaded (0 events):
No events

Classes redefined (0 events):
No events

Internal exceptions (13 events):
Event: 0.071 Thread 0x0000000125808200 Exception <a 'java/lang/NoSuchMethodError'{0x0000000787f63260}: 'void java.lang.invoke.DirectMethodHandle$Holder.invokeVirtual(java.lang.Object, java.lang.Object)'> (0x0000000787f63260) 
thrown [open/src/hotspot/share/interpreter/linkResolver.cpp, line 766]
Event: 0.115 Thread 0x0000000125808200 Exception <a 'java/lang/NoSuchMethodError'{0x0000000787ef0db0}: 'java.lang.Object java.lang.invoke.DirectMethodHandle$Holder.invokeVirtual(java.lang.Object, java.lang.Object, java.lang.Object)'> (0x0000000787ef0db0) 
thrown [open/src/hotspot/share/interpreter/linkResolver.cpp, line 766]
Event: 0.120 Thread 0x0000000125808200 Exception <a 'java/lang/NoSuchMethodError'{0x0000000787d570b8}: 'void java.lang.invoke.DirectMethodHandle$Holder.invokeSpecial(java.lang.Object, java.lang.Object, java.lang.Object)'> (0x0000000787d570b8) 
thrown [open/src/hotspot/share/interpreter/linkResolver.cpp, line 766]
Event: 0.139 Thread 0x0000000125808200 Exception <a 'java/lang/NoSuchMethodError'{0x0000000787beae68}: 'void java.lang.invoke.DirectMethodHandle$Holder.invokeSpecial(java.lang.Object, java.lang.Object, java.lang.Object, java.lang.Object, java.lang.Object)'> (0x0000000787beae68) 
thrown [open/src/hotspot/share/interpreter/linkResolver.cpp, line 766]
Event: 0.143 Thread 0x0000000125808200 Exception <a 'java/lang/NoSuchMethodError'{0x0000000787a008d0}: 'java.lang.Object java.lang.invoke.DirectMethodHandle$Holder.invokeInterface(java.lang.Object, java.lang.Object)'> (0x0000000787a008d0) 
thrown [open/src/hotspot/share/interpreter/linkResolver.cpp, line 766]
Event: 0.143 Thread 0x0000000125808200 Exception <a 'java/lang/IncompatibleClassChangeError'{0x0000000787a03f48}: Found class java.lang.Object, but interface was expected> (0x0000000787a03f48) 
thrown [open/src/hotspot/share/interpreter/linkResolver.cpp, line 833]
Event: 0.143 Thread 0x0000000125808200 Exception <a 'java/lang/NoSuchMethodError'{0x0000000787a06d10}: 'void java.lang.invoke.DirectMethodHandle$Holder.invokeStatic(java.lang.Object, java.lang.Object, java.lang.Object, java.lang.Object)'> (0x0000000787a06d10) 
thrown [open/src/hotspot/share/interpreter/linkResolver.cpp, line 766]
Event: 0.155 Thread 0x0000000125808200 Implicit null exception at 0x0000000137adf27c to 0x0000000137adf38c
Event: 0.164 Thread 0x00000001150ad400 Exception <a 'java/lang/NoSuchMethodError'{0x0000000787aeee88}: 'java.lang.Object java.lang.invoke.DirectMethodHandle$Holder.invokeStaticInit(java.lang.Object)'> (0x0000000787aeee88) 
thrown [open/src/hotspot/share/interpreter/linkResolver.cpp, line 766]
Event: 0.169 Thread 0x00000001150ad400 Exception <a 'java/lang/ClassNotFoundException'{0x0000000787af9e50}: jdk/net/ExtendedSocketOptions> (0x0000000787af9e50) 
thrown [open/src/hotspot/share/classfile/systemDictionary.cpp, line 256]
Event: 0.173 Thread 0x00000001150ad400 Exception <a 'java/lang/NoSuchMethodError'{0x0000000787afb6a8}: 'void java.lang.invoke.DirectMethodHandle$Holder.invokeStatic(java.lang.Object, java.lang.Object)'> (0x0000000787afb6a8) 
thrown [open/src/hotspot/share/interpreter/linkResolver.cpp, line 766]
Event: 0.228 Thread 0x0000000125808200 Exception <a 'java/lang/NoSuchMethodError'{0x000000078766ad20}: 'void java.lang.invoke.DirectMethodHandle$Holder.invokeStatic(java.lang.Object, java.lang.Object, java.lang.Object)'> (0x000000078766ad20) 
thrown [open/src/hotspot/share/interpreter/linkResolver.cpp, line 766]
Event: 0.428 Thread 0x0000000125808200 Exception <a 'java/lang/NoSuchMethodError'{0x0000000787406148}: 'int java.lang.invoke.DirectMethodHandle$Holder.invokeStaticInit(java.lang.Object, java.lang.Object, java.lang.Object)'> (0x0000000787406148) 
thrown [open/src/hotspot/share/interpreter/linkResolver.cpp, line 766]

VM Operations (6 events):
Event: 0.141 Executing VM operation: HandshakeAllThreads
Event: 0.141 Executing VM operation: HandshakeAllThreads done
Event: 0.162 Executing VM operation: HandshakeAllThreads
Event: 0.163 Executing VM operation: HandshakeAllThreads done
Event: 0.453 Executing VM operation: ICBufferFull
Event: 0.453 Executing VM operation: ICBufferFull done

Events (20 events):
Event: 0.427 loading class java/util/concurrent/locks/AbstractQueuedSynchronizer$ConditionNode
Event: 0.427 loading class java/util/concurrent/ForkJoinPool$ManagedBlocker
Event: 0.428 loading class java/util/concurrent/ForkJoinPool$ManagedBlocker done
Event: 0.428 loading class java/util/concurrent/locks/AbstractQueuedSynchronizer$ConditionNode done
Event: 0.440 Loading shared library /Users/youssefgeorge/.m2/repository/org/openjfx/javafx-graphics/17.0.1/libglass.dylib failed, dlopen(/Users/youssefgeorge/.m2/repository/org/openjfx/javafx-graphics/17.0.1/libglass.dylib, 0x0001): tried: '/Users/youssefgeorge/.m2/re
Event: 0.463 Loaded shared library /Users/youssefgeorge/.openjfx/cache/17.0.1/libglass.dylib
Event: 0.464 loading class java/util/concurrent/BlockingDeque
Event: 0.464 loading class java/util/concurrent/BlockingDeque done
Event: 0.464 loading class java/util/concurrent/LinkedBlockingDeque
Event: 0.466 loading class java/util/concurrent/LinkedBlockingDeque done
Event: 0.467 Thread 0x0000000124810400 Thread added: 0x0000000124810400
Event: 0.467 Protecting memory [0x000000016fc1c000,0x000000016fc28000] with protection modes 0
Event: 0.468 Protecting memory [0x000000016c98c000,0x000000016c998000] with protection modes 0
Event: 0.468 Thread 0x000000012485e200 Thread added: 0x000000012485e200
Event: 0.948 Thread 0x000000012610a200 Thread added: 0x000000012610a200
Event: 0.948 Protecting memory [0x0000000178004000,0x0000000178010000] with protection modes 0
Event: 1.120 loading class java/util/concurrent/LinkedBlockingDeque$Node
Event: 1.121 loading class java/util/concurrent/LinkedBlockingDeque$Node done
Event: 1.121 Protecting memory [0x0000000178004000,0x0000000178010000] with protection modes 3
Event: 1.121 Thread 0x000000012610a200 Thread exited: 0x000000012610a200


Dynamic libraries:
0x0000000102dac000 	/Users/youssefgeorge/Library/Java/JavaVirtualMachines/openjdk-17.0.2/Contents/Home/lib/libjli.dylib
0x00000001974e8000 	/usr/lib/libz.1.dylib
0x000000019759f000 	/usr/lib/libSystem.B.dylib
0x0000000197599000 	/usr/lib/system/libcache.dylib
0x0000000197557000 	/usr/lib/system/libcommonCrypto.dylib
0x0000000197580000 	/usr/lib/system/libcompiler_rt.dylib
0x0000000197577000 	/usr/lib/system/libcopyfile.dylib
0x000000018c7df000 	/usr/lib/system/libcorecrypto.dylib
0x000000018c892000 	/usr/lib/system/libdispatch.dylib
0x000000018ca60000 	/usr/lib/system/libdyld.dylib
0x000000019758f000 	/usr/lib/system/libkeymgr.dylib
0x0000000197532000 	/usr/lib/system/libmacho.dylib
0x0000000196c27000 	/usr/lib/system/libquarantine.dylib
0x000000019758c000 	/usr/lib/system/libremovefile.dylib
0x0000000191bc8000 	/usr/lib/system/libsystem_asl.dylib
0x000000018c781000 	/usr/lib/system/libsystem_blocks.dylib
0x000000018c91a000 	/usr/lib/system/libsystem_c.dylib
0x0000000197584000 	/usr/lib/system/libsystem_collections.dylib
0x00000001960b5000 	/usr/lib/system/libsystem_configuration.dylib
0x0000000195311000 	/usr/lib/system/libsystem_containermanager.dylib
0x0000000197294000 	/usr/lib/system/libsystem_coreservices.dylib
0x000000018f188000 	/usr/lib/system/libsystem_darwin.dylib
0x0000000197590000 	/usr/lib/system/libsystem_dnssd.dylib
0x000000018c917000 	/usr/lib/system/libsystem_featureflags.dylib
0x000000018ca75000 	/usr/lib/system/libsystem_info.dylib
0x00000001974fa000 	/usr/lib/system/libsystem_m.dylib
0x000000018c867000 	/usr/lib/system/libsystem_malloc.dylib
0x0000000191b57000 	/usr/lib/system/libsystem_networkextension.dylib
0x000000018f5e1000 	/usr/lib/system/libsystem_notify.dylib
0x000000019d8dd000 	/usr/lib/system/libsystem_product_info_filter.dylib
0x00000001960ba000 	/usr/lib/system/libsystem_sandbox.dylib
0x0000000197589000 	/usr/lib/system/libsystem_secinit.dylib
0x000000018ca1b000 	/usr/lib/system/libsystem_kernel.dylib
0x000000018ca6d000 	/usr/lib/system/libsystem_platform.dylib
0x000000018ca53000 	/usr/lib/system/libsystem_pthread.dylib
0x0000000193320000 	/usr/lib/system/libsystem_symptoms.dylib
0x000000018c7c5000 	/usr/lib/system/libsystem_trace.dylib
0x0000000197564000 	/usr/lib/system/libunwind.dylib
0x000000018c783000 	/usr/lib/system/libxpc.dylib
0x000000018ca03000 	/usr/lib/libc++abi.dylib
0x000000018c8d9000 	/usr/lib/libobjc.A.dylib
0x000000019756f000 	/usr/lib/liboah.dylib
0x000000018c99c000 	/usr/lib/libc++.1.dylib
0x00000001a33f6000 	/System/Library/Frameworks/Cocoa.framework/Versions/A/Cocoa
0x000000018f642000 	/System/Library/Frameworks/AppKit.framework/Versions/C/AppKit
0x0000000192b48000 	/System/Library/Frameworks/CoreData.framework/Versions/A/CoreData
0x000000018d99d000 	/System/Library/Frameworks/Foundation.framework/Versions/C/Foundation
0x00000001904fa000 	/System/Library/PrivateFrameworks/UIFoundation.framework/Versions/A/UIFoundation
0x000000019d5d7000 	/System/Library/PrivateFrameworks/RemoteViewServices.framework/Versions/A/RemoteViewServices
0x0000000195a5d000 	/System/Library/PrivateFrameworks/XCTTargetBootstrap.framework/Versions/A/XCTTargetBootstrap
0x00000001992db000 	/System/Library/PrivateFrameworks/InternationalSupport.framework/Versions/A/InternationalSupport
0x0000000199364000 	/System/Library/PrivateFrameworks/UserActivity.framework/Versions/A/UserActivity
0x00000001987d6000 	/usr/lib/libspindump.dylib
0x000000019076b000 	/System/Library/Frameworks/UniformTypeIdentifiers.framework/Versions/A/UniformTypeIdentifiers
0x0000000193fa8000 	/usr/lib/libapp_launch_measurement.dylib
0x00000001934d2000 	/System/Library/PrivateFrameworks/CoreAnalytics.framework/Versions/A/CoreAnalytics
0x0000000193fab000 	/System/Library/PrivateFrameworks/CoreAutoLayout.framework/Versions/A/CoreAutoLayout
0x000000019534e000 	/System/Library/Frameworks/Metal.framework/Versions/A/Metal
0x00000001960c5000 	/usr/lib/liblangid.dylib
0x0000000195a62000 	/System/Library/PrivateFrameworks/CoreSVG.framework/Versions/A/CoreSVG
0x0000000191bfc000 	/System/Library/PrivateFrameworks/SkyLight.framework/Versions/A/SkyLight
0x0000000191fd1000 	/System/Library/Frameworks/CoreGraphics.framework/Versions/A/CoreGraphics
0x000000019dca3000 	/System/Library/Frameworks/Accelerate.framework/Versions/A/Accelerate
0x000000019824d000 	/System/Library/PrivateFrameworks/IconServices.framework/Versions/A/IconServices
0x0000000195330000 	/System/Library/Frameworks/IOSurface.framework/Versions/A/IOSurface
0x0000000193503000 	/usr/lib/libDiagnosticMessagesClient.dylib
0x00000001a11a4000 	/System/Library/Frameworks/ApplicationServices.framework/Versions/A/ApplicationServices
0x0000000195a45000 	/System/Library/PrivateFrameworks/DFRFoundation.framework/Versions/A/DFRFoundation
0x000000018eed2000 	/usr/lib/libicucore.A.dylib
0x000000019a187000 	/System/Library/Frameworks/AudioToolbox.framework/Versions/A/AudioToolbox
0x00000001992e7000 	/System/Library/PrivateFrameworks/DataDetectorsCore.framework/Versions/A/DataDetectorsCore
0x00000001afc27000 	/System/Library/PrivateFrameworks/TextInput.framework/Versions/A/TextInput
0x0000000191b71000 	/usr/lib/libMobileGestalt.dylib
0x0000000195711000 	/System/Library/Frameworks/Carbon.framework/Versions/A/Frameworks/HIToolbox.framework/Versions/A/HIToolbox
0x0000000193984000 	/System/Library/Frameworks/QuartzCore.framework/Versions/A/QuartzCore
0x000000018eb55000 	/System/Library/Frameworks/Security.framework/Versions/A/Security
0x000000019d617000 	/System/Library/Frameworks/Carbon.framework/Versions/A/Frameworks/SpeechRecognition.framework/Versions/A/SpeechRecognition
0x0000000193cfe000 	/System/Library/PrivateFrameworks/CoreUI.framework/Versions/A/CoreUI
0x000000018e432000 	/System/Library/Frameworks/CoreAudio.framework/Versions/A/CoreAudio
0x00000001935f8000 	/System/Library/Frameworks/DiskArbitration.framework/Versions/A/DiskArbitration
0x0000000198be0000 	/System/Library/PrivateFrameworks/MultitouchSupport.framework/Versions/A/MultitouchSupport
0x0000000191b6f000 	/usr/lib/libenergytrace.dylib
0x000000018f50a000 	/System/Library/Frameworks/IOKit.framework/Versions/A/IOKit
0x000000019da06000 	/System/Library/Frameworks/CoreServices.framework/Versions/A/CoreServices
0x0000000193f38000 	/System/Library/PrivateFrameworks/PerformanceAnalysis.framework/Versions/A/PerformanceAnalysis
0x00000001edf0f000 	/System/Library/Frameworks/OpenGL.framework/Versions/A/OpenGL
0x0000000196b3f000 	/System/Library/PrivateFrameworks/MobileKeyBag.framework/Versions/A/MobileKeyBag
0x00000001925de000 	/System/Library/Frameworks/ColorSync.framework/Versions/A/ColorSync
0x000000018caa2000 	/System/Library/Frameworks/CoreFoundation.framework/Versions/A/CoreFoundation
0x0000000195ce1000 	/System/Library/Frameworks/CoreImage.framework/Versions/A/CoreImage
0x000000018e256000 	/System/Library/Frameworks/CoreText.framework/Versions/A/CoreText
0x0000000195a92000 	/System/Library/Frameworks/ImageIO.framework/Versions/A/ImageIO
0x00000001975a5000 	/System/Library/PrivateFrameworks/SoftLinking.framework/Versions/A/SoftLinking
0x0000000193ff6000 	/usr/lib/libxml2.2.dylib
0x000000019783e000 	/usr/lib/libcompression.dylib
0x0000000199237000 	/System/Library/PrivateFrameworks/TextureIO.framework/Versions/A/TextureIO
0x0000000197f66000 	/usr/lib/libate.dylib
0x0000000197e2b000 	/usr/lib/liblzma.5.dylib
0x000000018d691000 	/System/Library/Frameworks/SystemConfiguration.framework/Versions/A/SystemConfiguration
0x00000001975a1000 	/usr/lib/libfakelink.dylib
0x00000001916a3000 	/System/Library/Frameworks/CFNetwork.framework/Versions/A/CFNetwork
0x00000001976e7000 	/usr/lib/libarchive.2.dylib
0x00000001960c1000 	/System/Library/PrivateFrameworks/AppleSystemInfo.framework/Versions/A/AppleSystemInfo
0x0000000196c52000 	/usr/lib/libbsm.0.dylib
0x0000000190c14000 	/usr/lib/libnetwork.dylib
0x000000019753b000 	/usr/lib/system/libkxld.dylib
0x0000000196865000 	/System/Library/PrivateFrameworks/IOMobileFramebuffer.framework/Versions/A/IOMobileFramebuffer
0x000000020b83b000 	/usr/lib/libCoreEntitlements.dylib
0x0000000197276000 	/System/Library/PrivateFrameworks/AppleFSCompression.framework/Versions/A/AppleFSCompression
0x0000000196c3a000 	/usr/lib/libcoretls.dylib
0x0000000197e44000 	/usr/lib/libcoretls_cfhelpers.dylib
0x0000000197839000 	/usr/lib/libpam.2.dylib
0x0000000192f37000 	/usr/lib/libsqlite3.dylib
0x0000000197ead000 	/usr/lib/libxar.1.dylib
0x0000000197287000 	/usr/lib/libbz2.1.0.dylib
0x00000001975a6000 	/usr/lib/libpcap.A.dylib
0x0000000193317000 	/usr/lib/libdns_services.dylib
0x000000019780c000 	/usr/lib/libapple_nghttp2.dylib
0x00000001975e3000 	/usr/lib/libiconv.2.dylib
0x0000000197531000 	/usr/lib/libcharset.1.dylib
0x0000000193f74000 	/System/Library/Frameworks/CoreServices.framework/Versions/A/Frameworks/FSEvents.framework/Versions/A/FSEvents
0x000000018f193000 	/System/Library/Frameworks/CoreServices.framework/Versions/A/Frameworks/CarbonCore.framework/Versions/A/CarbonCore
0x0000000193558000 	/System/Library/Frameworks/CoreServices.framework/Versions/A/Frameworks/Metadata.framework/Versions/A/Metadata
0x000000019729a000 	/System/Library/Frameworks/CoreServices.framework/Versions/A/Frameworks/OSServices.framework/Versions/A/OSServices
0x000000019776d000 	/System/Library/Frameworks/CoreServices.framework/Versions/A/Frameworks/SearchKit.framework/Versions/A/SearchKit
0x00000001932a6000 	/System/Library/Frameworks/CoreServices.framework/Versions/A/Frameworks/AE.framework/Versions/A/AE
0x000000018cfe8000 	/System/Library/Frameworks/CoreServices.framework/Versions/A/Frameworks/LaunchServices.framework/Versions/A/LaunchServices
0x0000000197dd4000 	/System/Library/Frameworks/CoreServices.framework/Versions/A/Frameworks/DictionaryServices.framework/Versions/A/DictionaryServices
0x0000000193f81000 	/System/Library/Frameworks/CoreServices.framework/Versions/A/Frameworks/SharedFileList.framework/Versions/A/SharedFileList
0x0000000196c2a000 	/usr/lib/libCheckFix.dylib
0x0000000191be0000 	/System/Library/PrivateFrameworks/TCC.framework/Versions/A/TCC
0x00000001960c7000 	/System/Library/PrivateFrameworks/CoreNLP.framework/Versions/A/CoreNLP
0x0000000193506000 	/System/Library/PrivateFrameworks/MetadataUtilities.framework/Versions/A/MetadataUtilities
0x000000018d74a000 	/usr/lib/libmecabra.dylib
0x0000000196c63000 	/usr/lib/libmecab.dylib
0x000000018d716000 	/usr/lib/libCRFSuite.dylib
0x0000000196cc0000 	/usr/lib/libgermantok.dylib
0x00000001977e5000 	/usr/lib/libThaiTokenizer.dylib
0x0000000193600000 	/System/Library/Frameworks/Accelerate.framework/Versions/A/Frameworks/vImage.framework/Versions/A/vImage
0x000000019d9dd000 	/System/Library/Frameworks/Accelerate.framework/Versions/A/Frameworks/vecLib.framework/Versions/A/vecLib
0x0000000197ef2000 	/System/Library/Frameworks/Accelerate.framework/Versions/A/Frameworks/vecLib.framework/Versions/A/libvMisc.dylib
0x000000019676c000 	/System/Library/Frameworks/Accelerate.framework/Versions/A/Frameworks/vecLib.framework/Versions/A/libvDSP.dylib
0x000000018d371000 	/System/Library/Frameworks/Accelerate.framework/Versions/A/Frameworks/vecLib.framework/Versions/A/libBLAS.dylib
0x000000019790f000 	/System/Library/Frameworks/Accelerate.framework/Versions/A/Frameworks/vecLib.framework/Versions/A/libLAPACK.dylib
0x0000000196cc3000 	/System/Library/Frameworks/Accelerate.framework/Versions/A/Frameworks/vecLib.framework/Versions/A/libLinearAlgebra.dylib
0x0000000197824000 	/System/Library/Frameworks/Accelerate.framework/Versions/A/Frameworks/vecLib.framework/Versions/A/libSparseBLAS.dylib
0x000000019790a000 	/System/Library/Frameworks/Accelerate.framework/Versions/A/Frameworks/vecLib.framework/Versions/A/libQuadrature.dylib
0x00000001961c0000 	/System/Library/Frameworks/Accelerate.framework/Versions/A/Frameworks/vecLib.framework/Versions/A/libBNNS.dylib
0x000000018d62f000 	/System/Library/Frameworks/Accelerate.framework/Versions/A/Frameworks/vecLib.framework/Versions/A/libSparse.dylib
0x00000001961b8000 	/System/Library/PrivateFrameworks/LinguisticData.framework/Versions/A/LinguisticData
0x000000018d5e7000 	/System/Library/PrivateFrameworks/Lexicon.framework/Versions/A/Lexicon
0x0000000197eea000 	/usr/lib/libChineseTokenizer.dylib
0x000000018dd8e000 	/System/Library/PrivateFrameworks/LanguageModeling.framework/Versions/A/LanguageModeling
0x00000001977e7000 	/System/Library/PrivateFrameworks/AppleSauce.framework/Versions/A/AppleSauce
0x0000000196852000 	/System/Library/PrivateFrameworks/CoreEmoji.framework/Versions/A/CoreEmoji
0x00000001976d5000 	/usr/lib/libcmph.dylib
0x0000000193f54000 	/System/Library/Frameworks/OpenDirectory.framework/Versions/A/Frameworks/CFOpenDirectory.framework/Versions/A/CFOpenDirectory
0x0000000193f44000 	/System/Library/Frameworks/OpenDirectory.framework/Versions/A/OpenDirectory
0x0000000197e46000 	/System/Library/PrivateFrameworks/APFS.framework/Versions/A/APFS
0x0000000196b7a000 	/System/Library/Frameworks/SecurityFoundation.framework/Versions/A/SecurityFoundation
0x0000000197ebc000 	/usr/lib/libutil.dylib
0x000000018f4cc000 	/System/Library/PrivateFrameworks/CoreServicesStore.framework/Versions/A/CoreServicesStore
0x0000000197ec0000 	/usr/lib/libxslt.1.dylib
0x0000000196c0e000 	/System/Library/PrivateFrameworks/BackgroundTaskManagement.framework/Versions/A/BackgroundTaskManagement
0x0000000199158000 	/System/Library/Frameworks/ImageIO.framework/Versions/A/Resources/libRadiance.dylib
0x0000000199161000 	/System/Library/Frameworks/ImageIO.framework/Versions/A/Resources/libJPEG.dylib
0x00000001990b4000 	/System/Library/Frameworks/ImageIO.framework/Versions/A/Resources/libPng.dylib
0x00000001990d6000 	/System/Library/Frameworks/ImageIO.framework/Versions/A/Resources/libTIFF.dylib
0x00000001991bc000 	/System/Library/Frameworks/ImageIO.framework/Versions/A/Resources/libGIF.dylib
0x0000000198af0000 	/System/Library/Frameworks/ImageIO.framework/Versions/A/Resources/libJP2.dylib
0x0000000198212000 	/usr/lib/libexpat.1.dylib
0x0000000198aab000 	/System/Library/PrivateFrameworks/AppleJPEG.framework/Versions/A/AppleJPEG
0x00000001955cd000 	/System/Library/PrivateFrameworks/FontServices.framework/libFontParser.dylib
0x000000019324b000 	/System/Library/PrivateFrameworks/RunningBoardServices.framework/Versions/A/RunningBoardServices
0x00000001a3ac9000 	/System/Library/PrivateFrameworks/IOSurfaceAccelerator.framework/Versions/A/IOSurfaceAccelerator
0x0000000198bdc000 	/System/Library/PrivateFrameworks/WatchdogClient.framework/Versions/A/WatchdogClient
0x000000018de92000 	/System/Library/Frameworks/CoreDisplay.framework/Versions/A/CoreDisplay
0x00000001954b7000 	/System/Library/Frameworks/CoreMedia.framework/Versions/A/CoreMedia
0x0000000195344000 	/System/Library/PrivateFrameworks/IOAccelerator.framework/Versions/A/IOAccelerator
0x00000001940e4000 	/System/Library/Frameworks/CoreVideo.framework/Versions/A/CoreVideo
0x0000000197837000 	/System/Library/Frameworks/MetalPerformanceShaders.framework/Versions/A/MetalPerformanceShaders
0x0000000198c1b000 	/System/Library/Frameworks/VideoToolbox.framework/Versions/A/VideoToolbox
0x000000019318f000 	/System/Library/PrivateFrameworks/BaseBoard.framework/Versions/A/BaseBoard
0x0000000192f1d000 	/System/Library/PrivateFrameworks/ProtocolBuffer.framework/Versions/A/ProtocolBuffer
0x0000000199153000 	/System/Library/PrivateFrameworks/GPUWrangler.framework/Versions/A/GPUWrangler
0x0000000199133000 	/System/Library/PrivateFrameworks/IOPresentment.framework/Versions/A/IOPresentment
0x000000019915b000 	/System/Library/PrivateFrameworks/DSExternalDisplay.framework/Versions/A/DSExternalDisplay
0x00000001edf02000 	/System/Library/Frameworks/OpenGL.framework/Versions/A/Libraries/libCoreFSCache.dylib
0x00000001f83c1000 	/System/Library/PrivateFrameworks/GPUCompiler.framework/Versions/31001/Libraries/libGPUCompilerUtils.dylib
0x00000001991c1000 	/System/Library/PrivateFrameworks/CMCaptureCore.framework/Versions/A/CMCaptureCore
0x00000001987c3000 	/System/Library/PrivateFrameworks/AppServerSupport.framework/Versions/A/AppServerSupport
0x000000019aa44000 	/System/Library/PrivateFrameworks/perfdata.framework/Versions/A/perfdata
0x000000018dfb2000 	/System/Library/PrivateFrameworks/AudioToolboxCore.framework/Versions/A/AudioToolboxCore
0x0000000195490000 	/System/Library/PrivateFrameworks/caulk.framework/Versions/A/caulk
0x000000019a339000 	/usr/lib/libAudioStatistics.dylib
0x00000001ac28e000 	/System/Library/PrivateFrameworks/SystemPolicy.framework/Versions/A/SystemPolicy
0x000000019a5a5000 	/usr/lib/libSMC.dylib
0x00000001a32d8000 	/System/Library/Frameworks/CoreMIDI.framework/Versions/A/CoreMIDI
0x0000000199082000 	/usr/lib/libAudioToolboxUtility.dylib
0x00000001a835b000 	/System/Library/PrivateFrameworks/OSAServicesClient.framework/Versions/A/OSAServicesClient
0x000000019aa51000 	/usr/lib/libperfcheck.dylib
0x00000001acda6000 	/usr/lib/libmis.dylib
0x00000001edf64000 	/System/Library/Frameworks/OpenGL.framework/Versions/A/Libraries/libGLU.dylib
0x00000001edf23000 	/System/Library/Frameworks/OpenGL.framework/Versions/A/Libraries/libGFXShared.dylib
0x00000001ee110000 	/System/Library/Frameworks/OpenGL.framework/Versions/A/Libraries/libGL.dylib
0x00000001edf2c000 	/System/Library/Frameworks/OpenGL.framework/Versions/A/Libraries/libGLImage.dylib
0x00000001edf20000 	/System/Library/Frameworks/OpenGL.framework/Versions/A/Libraries/libCVMSPluginSupport.dylib
0x00000001edf09000 	/System/Library/Frameworks/OpenGL.framework/Versions/A/Libraries/libCoreVMClient.dylib
0x0000000196041000 	/System/Library/Frameworks/MetalPerformanceShaders.framework/Versions/A/Frameworks/MPSCore.framework/Versions/A/MPSCore
0x00000001971e9000 	/System/Library/Frameworks/MetalPerformanceShaders.framework/Versions/A/Frameworks/MPSImage.framework/Versions/A/MPSImage
0x0000000196cd8000 	/System/Library/Frameworks/MetalPerformanceShaders.framework/Versions/A/Frameworks/MPSNeuralNetwork.framework/Versions/A/MPSNeuralNetwork
0x0000000197111000 	/System/Library/Frameworks/MetalPerformanceShaders.framework/Versions/A/Frameworks/MPSMatrix.framework/Versions/A/MPSMatrix
0x0000000196eea000 	/System/Library/Frameworks/MetalPerformanceShaders.framework/Versions/A/Frameworks/MPSRayIntersector.framework/Versions/A/MPSRayIntersector
0x0000000197142000 	/System/Library/Frameworks/MetalPerformanceShaders.framework/Versions/A/Frameworks/MPSNDArray.framework/Versions/A/MPSNDArray
0x00000001f007b000 	/System/Library/Frameworks/MetalPerformanceShaders.framework/Versions/A/Frameworks/MPSFunctions.framework/Versions/A/MPSFunctions
0x000000018d248000 	/System/Library/PrivateFrameworks/MetalTools.framework/Versions/A/MetalTools
0x00000001960bf000 	/System/Library/PrivateFrameworks/AggregateDictionary.framework/Versions/A/AggregateDictionary
0x0000000197ff7000 	/usr/lib/libIOReport.dylib
0x00000001a22f6000 	/System/Library/PrivateFrameworks/ASEProcessing.framework/Versions/A/ASEProcessing
0x000000019836c000 	/System/Library/PrivateFrameworks/FaceCore.framework/Versions/A/FaceCore
0x000000019835e000 	/System/Library/PrivateFrameworks/GraphVisualizer.framework/Versions/A/GraphVisualizer
0x00000001f82d8000 	/System/Library/PrivateFrameworks/FontServices.framework/Versions/A/FontServices
0x000000019877f000 	/System/Library/PrivateFrameworks/OTSVG.framework/Versions/A/OTSVG
0x0000000193cae000 	/System/Library/Frameworks/ApplicationServices.framework/Versions/A/Frameworks/ATS.framework/Versions/A/Resources/libFontRegistry.dylib
0x00000001987cc000 	/System/Library/PrivateFrameworks/FontServices.framework/libhvf.dylib
0x00000001f82d9000 	/System/Library/PrivateFrameworks/FontServices.framework/libXTFontStaticRegistryData.dylib
0x00000001ee2b1000 	/System/Library/Frameworks/OpenCL.framework/Versions/A/OpenCL
0x00000001981c6000 	/System/Library/PrivateFrameworks/AppleVA.framework/Versions/A/AppleVA
0x000000019a361000 	/System/Library/Frameworks/ApplicationServices.framework/Versions/A/Frameworks/ATS.framework/Versions/A/ATS
0x00000001926db000 	/System/Library/Frameworks/ApplicationServices.framework/Versions/A/Frameworks/HIServices.framework/Versions/A/HIServices
0x00000001991cb000 	/System/Library/Frameworks/ApplicationServices.framework/Versions/A/Frameworks/PrintCore.framework/Versions/A/PrintCore
0x000000019a6f8000 	/System/Library/Frameworks/ApplicationServices.framework/Versions/A/Frameworks/QD.framework/Versions/A/QD
0x000000019a6f0000 	/System/Library/Frameworks/ApplicationServices.framework/Versions/A/Frameworks/ColorSyncLegacy.framework/Versions/A/ColorSyncLegacy
0x000000019a34d000 	/System/Library/Frameworks/ApplicationServices.framework/Versions/A/Frameworks/SpeechSynthesis.framework/Versions/A/SpeechSynthesis
0x000000019918c000 	/System/Library/Frameworks/ApplicationServices.framework/Versions/A/Frameworks/ATSUI.framework/Versions/A/ATSUI
0x000000019a685000 	/usr/lib/libcups.2.dylib
0x000000019aa5f000 	/System/Library/Frameworks/Kerberos.framework/Versions/A/Kerberos
0x000000019aa70000 	/System/Library/Frameworks/GSS.framework/Versions/A/GSS
0x000000019a3d1000 	/usr/lib/libresolv.9.dylib
0x00000001987db000 	/System/Library/PrivateFrameworks/Heimdal.framework/Versions/A/Heimdal
0x00000001a152b000 	/System/Library/Frameworks/Kerberos.framework/Versions/A/Libraries/libHeimdalProxy.dylib
0x0000000193329000 	/System/Library/Frameworks/Network.framework/Versions/A/Network
0x000000019822d000 	/usr/lib/libheimdal-asn1.dylib
0x000000019aac0000 	/System/Library/PrivateFrameworks/CommonAuth.framework/Versions/A/CommonAuth
0x000000019a2c7000 	/System/Library/PrivateFrameworks/AudioSession.framework/Versions/A/AudioSession
0x00000001982bf000 	/System/Library/PrivateFrameworks/MediaExperience.framework/Versions/A/MediaExperience
0x000000019a14d000 	/System/Library/PrivateFrameworks/AudioSession.framework/libSessionUtility.dylib
0x000000019a704000 	/System/Library/PrivateFrameworks/AudioResourceArbitration.framework/Versions/A/AudioResourceArbitration
0x000000019e8ba000 	/System/Library/PrivateFrameworks/PowerLog.framework/Versions/A/PowerLog
0x0000000198237000 	/System/Library/PrivateFrameworks/IconFoundation.framework/Versions/A/IconFoundation
0x000000019d603000 	/System/Library/PrivateFrameworks/SpeechRecognitionCore.framework/Versions/A/SpeechRecognitionCore
0x0000000103fe0000 	/Users/youssefgeorge/Library/Java/JavaVirtualMachines/openjdk-17.0.2/Contents/Home/lib/server/libjvm.dylib
0x0000000102e10000 	/Users/youssefgeorge/Library/Java/JavaVirtualMachines/openjdk-17.0.2/Contents/Home/lib/libjimage.dylib
0x0000000102e3c000 	/Users/youssefgeorge/Library/Java/JavaVirtualMachines/openjdk-17.0.2/Contents/Home/lib/libinstrument.dylib
0x0000000102e88000 	/Users/youssefgeorge/Library/Java/JavaVirtualMachines/openjdk-17.0.2/Contents/Home/lib/libjava.dylib
0x0000000102fe8000 	/Users/youssefgeorge/Library/Java/JavaVirtualMachines/openjdk-17.0.2/Contents/Home/lib/libnio.dylib
0x0000000103e28000 	/Users/youssefgeorge/Library/Java/JavaVirtualMachines/openjdk-17.0.2/Contents/Home/lib/libnet.dylib
0x0000000102e70000 	/Users/youssefgeorge/Library/Java/JavaVirtualMachines/openjdk-17.0.2/Contents/Home/lib/libzip.dylib
0x0000000103008000 	/Users/youssefgeorge/.openjfx/cache/17.0.1/libprism_es2.dylib
0x000000018f48f000 	/System/Library/PrivateFrameworks/CoreServicesInternal.framework/Versions/A/CoreServicesInternal
0x00000001ee11a000 	/System/Library/Frameworks/OpenGL.framework/Versions/A/Resources/GLEngine.bundle/GLEngine
0x00000001edfa2000 	/System/Library/Frameworks/OpenGL.framework/Versions/A/Libraries/libGLProgrammability.dylib
0x0000000103f00000 	/System/Library/Extensions/AppleMetalOpenGLRenderer.bundle/Contents/MacOS/AppleMetalOpenGLRenderer
0x00000001ee289000 	/System/Library/Frameworks/OpenGL.framework/Versions/A/Resources/GLRendererFloat.bundle/GLRendererFloat
0x00000001ee389000 	/System/Library/Extensions/AGXMetal13_3.bundle/Contents/MacOS/AGXMetal13_3
0x00000001acdc2000 	/System/Library/PrivateFrameworks/GPURawCounter.framework/Versions/A/GPURawCounter
0x00000001a74cc000 	/System/Library/PrivateFrameworks/IOGPU.framework/Versions/A/IOGPU
0x0000000113218000 	/Users/youssefgeorge/.openjfx/cache/17.0.1/libglass.dylib
0x000000019eb12000 	/System/Library/Frameworks/FileProvider.framework/Versions/A/FileProvider
0x00000001930f7000 	/System/Library/Frameworks/Accounts.framework/Versions/A/Accounts
0x000000019ec96000 	/System/Library/PrivateFrameworks/GenerationalStorage.framework/Versions/A/GenerationalStorage
0x000000019f859000 	/System/Library/PrivateFrameworks/CoreSymbolication.framework/Versions/A/CoreSymbolication
0x000000019e8ae000 	/System/Library/PrivateFrameworks/SymptomDiagnosticReporter.framework/Versions/A/SymptomDiagnosticReporter
0x000000019077f000 	/System/Library/PrivateFrameworks/DesktopServicesPriv.framework/Versions/A/DesktopServicesPriv
0x000000018f5f1000 	/usr/lib/libsandbox.1.dylib
0x0000000194172000 	/System/Library/PrivateFrameworks/UserManagement.framework/Versions/A/UserManagement
0x000000019f816000 	/System/Library/PrivateFrameworks/DebugSymbols.framework/Versions/A/DebugSymbols
0x000000019a6e3000 	/System/Library/PrivateFrameworks/NetAuth.framework/Versions/A/NetAuth
0x000000019b601000 	/System/Library/PrivateFrameworks/Sharing.framework/Versions/A/Sharing
0x0000000194142000 	/System/Library/PrivateFrameworks/login.framework/Versions/A/Frameworks/loginsupport.framework/Versions/A/loginsupport
0x00000001a0a4b000 	/System/Library/PrivateFrameworks/Apple80211.framework/Versions/A/Apple80211
0x00000001972cd000 	/System/Library/PrivateFrameworks/AuthKit.framework/Versions/A/AuthKit
0x000000019694e000 	/System/Library/PrivateFrameworks/CoreUtils.framework/Versions/A/CoreUtils
0x0000000196871000 	/System/Library/Frameworks/CoreWLAN.framework/Versions/A/CoreWLAN
0x000000019b771000 	/System/Library/Frameworks/IOBluetooth.framework/Versions/A/IOBluetooth
0x00000001a0aab000 	/System/Library/PrivateFrameworks/CoreWiFi.framework/Versions/A/CoreWiFi
0x000000019f3f6000 	/System/Library/PrivateFrameworks/FrontBoardServices.framework/Versions/A/FrontBoardServices
0x000000019f48e000 	/System/Library/PrivateFrameworks/BoardServices.framework/Versions/A/BoardServices
0x0000000196b68000 	/System/Library/PrivateFrameworks/AssertionServices.framework/Versions/A/AssertionServices
0x00000001a0c28000 	/System/Library/PrivateFrameworks/BackBoardServices.framework/Versions/A/BackBoardServices
0x000000019ab57000 	/System/Library/PrivateFrameworks/CorePhoneNumbers.framework/Versions/A/CorePhoneNumbers
0x000000019e9de000 	/System/Library/PrivateFrameworks/DiskManagement.framework/Versions/A/DiskManagement
0x000000019e8e1000 	/System/Library/PrivateFrameworks/AppleIDAuthSupport.framework/Versions/A/AppleIDAuthSupport
0x00000001f28a2000 	/System/Library/PrivateFrameworks/AAAFoundation.framework/Versions/A/AAAFoundation
0x000000019ab36000 	/System/Library/PrivateFrameworks/KeychainCircle.framework/Versions/A/KeychainCircle
0x000000019e9aa000 	/System/Library/PrivateFrameworks/MediaKit.framework/Versions/A/MediaKit
0x000000019e8ee000 	/System/Library/Frameworks/DiscRecording.framework/Versions/A/DiscRecording
0x0000000198142000 	/usr/lib/libCoreStorage.dylib
0x00000001a0f25000 	/usr/lib/libcsfde.dylib
0x000000019b846000 	/System/Library/PrivateFrameworks/ProtectedCloudStorage.framework/Versions/A/ProtectedCloudStorage
0x00000001a0f1d000 	/System/Library/PrivateFrameworks/EFILogin.framework/Versions/A/EFILogin
0x000000019ecbd000 	/System/Library/PrivateFrameworks/OctagonTrust.framework/Versions/A/OctagonTrust
0x00000001f7473000 	/System/Library/PrivateFrameworks/CoreUtilsExtras.framework/Versions/A/CoreUtilsExtras
0x000000019e813000 	/System/Library/Frameworks/CoreBluetooth.framework/Versions/A/CoreBluetooth
0x00000001a15b0000 	/System/Library/Frameworks/AudioUnit.framework/Versions/A/AudioUnit
0x000000019813a000 	/usr/lib/libMatch.1.dylib
0x00000001b126e000 	/System/Library/Frameworks/Accelerate.framework/Versions/A/Frameworks/vImage.framework/Versions/A/Libraries/libCGInterfaces.dylib
0x00000001135e4000 	/usr/lib/libobjc-trampolines.dylib
0x0000000193e3c000 	/System/Library/PrivateFrameworks/ViewBridge.framework/Versions/A/ViewBridge


VM Arguments:
jvm_args: -javaagent:/Applications/IntelliJ IDEA.app/Contents/lib/idea_rt.jar=52996:/Applications/IntelliJ IDEA.app/Contents/bin -Dfile.encoding=UTF-8 --module-path=/Volumes/D/Uni/Semester 6/CSE338 SW Testing VV/Project/CSE338Project/target/classes:/Users/youssefgeorge/.m2/repository/org/openjfx/javafx-fxml/17.0.1/javafx-fxml-17.0.1-mac-aarch64.jar:/Users/youssefgeorge/.m2/repository/org/json/json/20090211/json-20090211.jar:/Users/youssefgeorge/.m2/repository/org/openjfx/javafx-base/17.0.1/javafx-base-17.0.1-mac-aarch64.jar:/Users/youssefgeorge/.m2/repository/com/fasterxml/jackson/core/jackson-core/2.13.3/jackson-core-2.13.3.jar:/Users/youssefgeorge/.m2/repository/com/fasterxml/jackson/core/jackson-databind/2.13.3/jackson-databind-2.13.3.jar:/Users/youssefgeorge/.m2/repository/org/openjfx/javafx-graphics/17.0.1/javafx-graphics-17.0.1-mac-aarch64.jar:/Users/youssefgeorge/.m2/repository/org/openjfx/javafx-controls/17.0.1/javafx-controls-17.0.1-mac-aarch64.jar:/Users/youssefgeorge/.m2/repository/com/fasterxml/jackson/core/jackson-annotations/2.13.3/jackson-annotations-2.13.3.jar -Djdk.module.main=com.example.cse338project 
java_command: com.example.cse338project/com.example.cse338project.gui.Main
java_class_path (initial): /Users/youssefgeorge/.m2/repository/com/fasterxml/jackson/dataformat/jackson-dataformat-yaml/2.5.3/jackson-dataformat-yaml-2.5.3.jar:/Users/youssefgeorge/.m2/repository/com/fasterxml/jackson/core/jackson-core/2.5.3/jackson-core-2.5.3.jar:/Users/youssefgeorge/.m2/repository/com/fasterxml/jackson/core/jackson-databind/2.5.3/jackson-databind-2.5.3.jar:/Users/youssefgeorge/.m2/repository/com/fasterxml/jackson/core/jackson-annotations/2.5.0/jackson-annotations-2.5.0.jar:/Users/youssefgeorge/.m2/repository/org/yaml/snakeyaml/1.12/snakeyaml-1.12.jar:/Users/youssefgeorge/.m2/repository/org/openjfx/javafx-controls/17.0.1/javafx-controls-17.0.1.jar:/Users/youssefgeorge/.m2/repository/org/openjfx/javafx-graphics/17.0.1/javafx-graphics-17.0.1.jar:/Users/youssefgeorge/.m2/repository/org/openjfx/javafx-base/17.0.1/javafx-base-17.0.1.jar:/Users/youssefgeorge/.m2/repository/org/openjfx/javafx-fxml/17.0.1/javafx-fxml-17.0.1.jar
Launcher Type: SUN_STANDARD

[Global flags]
     intx CICompilerCount                          = 4                                         {product} {ergonomic}
     uint ConcGCThreads                            = 2                                         {product} {ergonomic}
     uint G1ConcRefinementThreads                  = 8                                         {product} {ergonomic}
   size_t G1HeapRegionSize                         = 1048576                                   {product} {ergonomic}
    uintx GCDrainStackTargetSize                   = 64                                        {product} {ergonomic}
   size_t InitialHeapSize                          = 134217728                                 {product} {ergonomic}
   size_t MarkStackSize                            = 4194304                                   {product} {ergonomic}
   size_t MaxHeapSize                              = 2147483648                                {product} {ergonomic}
   size_t MaxNewSize                               = 1287651328                                {product} {ergonomic}
   size_t MinHeapDeltaBytes                        = 1048576                                   {product} {ergonomic}
   size_t MinHeapSize                              = 8388608                                   {product} {ergonomic}
    uintx NonNMethodCodeHeapSize                   = 5839564                                {pd product} {ergonomic}
    uintx NonProfiledCodeHeapSize                  = 122909338                              {pd product} {ergonomic}
    uintx ProfiledCodeHeapSize                     = 122909338                              {pd product} {ergonomic}
    uintx ReservedCodeCacheSize                    = 251658240                              {pd product} {ergonomic}
     bool SegmentedCodeCache                       = true                                      {product} {ergonomic}
   size_t SoftMaxHeapSize                          = 2147483648                             {manageable} {ergonomic}
     bool UseCompressedClassPointers               = true                           {product lp64_product} {ergonomic}
     bool UseCompressedOops                        = true                           {product lp64_product} {ergonomic}
     bool UseG1GC                                  = true                                      {product} {ergonomic}
     bool UseNUMA                                  = false                                     {product} {ergonomic}
     bool UseNUMAInterleaving                      = false                                     {product} {ergonomic}

Logging:
Log output configuration:
 #0: stdout all=warning uptime,level,tags
 #1: stderr all=off uptime,level,tags

Environment Variables:
PATH=/opt/homebrew/bin:/usr/local/bin:/usr/bin:/bin:/usr/sbin:/sbin
SHELL=/bin/zsh
LC_CTYPE=en_US.UTF-8

Signal Handlers:
   SIGSEGV: _ZL13crash_handleriP9__siginfoPv in libjvm.dylib, mask=11100110000111110111111111111111, flags=SA_RESTART|SA_SIGINFO
    SIGBUS: _ZL13crash_handleriP9__siginfoPv in libjvm.dylib, mask=11100110000111110111111111111111, flags=SA_RESTART|SA_SIGINFO
    SIGFPE: _ZL13crash_handleriP9__siginfoPv in libjvm.dylib, mask=11100110000111110111111111111111, flags=SA_RESTART|SA_SIGINFO
   SIGPIPE: _ZL17javaSignalHandleriP9__siginfoPv in libjvm.dylib, mask=11100110000111110111111111111111, flags=SA_RESTART|SA_SIGINFO
   SIGXFSZ: _ZL17javaSignalHandleriP9__siginfoPv in libjvm.dylib, mask=11100110000111110111111111111111, flags=SA_RESTART|SA_SIGINFO
    SIGILL: _ZL13crash_handleriP9__siginfoPv in libjvm.dylib, mask=11100110000111110111111111111111, flags=SA_RESTART|SA_SIGINFO
   SIGUSR2: _ZL10SR_handleriP9__siginfoP17__darwin_ucontext in libjvm.dylib, mask=00100000000000000000000000000000, flags=SA_RESTART|SA_SIGINFO
    SIGHUP: _ZL11UserHandleriPvS_ in libjvm.dylib, mask=11100110000111110111111111111111, flags=SA_RESTART|SA_SIGINFO
    SIGINT: _ZL11UserHandleriPvS_ in libjvm.dylib, mask=11100110000111110111111111111111, flags=SA_RESTART|SA_SIGINFO
   SIGTERM: _ZL11UserHandleriPvS_ in libjvm.dylib, mask=11100110000111110111111111111111, flags=SA_RESTART|SA_SIGINFO
   SIGQUIT: _ZL11UserHandleriPvS_ in libjvm.dylib, mask=11100110000111110111111111111111, flags=SA_RESTART|SA_SIGINFO
   SIGTRAP: _ZL13crash_handleriP9__siginfoPv in libjvm.dylib, mask=11100110000111110111111111111111, flags=SA_RESTART|SA_SIGINFO


---------------  S Y S T E M  ---------------

OS:
uname: Darwin 21.4.0 Darwin Kernel Version 21.4.0: Mon Feb 21 20:36:53 PST 2022; root:xnu-8020.101.4~2/RELEASE_ARM64_T8101 arm64
OS uptime: 64 days 2:33 hours
rlimit (soft/hard): STACK 8176k/65520k , CORE 0k/infinity , NPROC 1333/2000 , NOFILE 10240/infinity , AS infinity/infinity , CPU infinity/infinity , DATA infinity/infinity , FSIZE infinity/infinity , MEMLOCK infinity/infinity , RSS infinity/infinity
load average: 2.40 2.28 2.35

CPU: total 8 (initial active 8) 0x61:0x0:0x1b588bb3:0, fp, simd, crc, lse

Memory: 16k page, physical 8388608k(100912k free), swap 8388608k(1353984k free)

vm_info: OpenJDK 64-Bit Server VM (17.0.2+8-86) for bsd-aarch64 JRE (17.0.2+8-86), built on Dec  7 2021 21:45:06 by "mach5one" with clang Apple LLVM 12.0.0 (clang-1200.0.32.29)

END.
