#
# A fatal error has been detected by the Java Runtime Environment:
#
#  SIGBUS (0xa) at pc=0x00000001381014f0, pid=4506, tid=29963
#
# JRE version: OpenJDK Runtime Environment (17.0.2+8) (build 17.0.2+8-86)
# Java VM: OpenJDK 64-Bit Server VM (17.0.2+8-86, mixed mode, sharing, tiered, compressed oops, compressed class ptrs, g1 gc, bsd-aarch64)
# Problematic frame:
# v  ~StubRoutines::SafeFetchN
#
# No core dump will be written. Core dumps have been disabled. To enable core dumping, try "ulimit -c unlimited" before starting Java again
#
# If you would like to submit a bug report, please visit:
#   https://bugreport.java.com/bugreport/crash.jsp
# The crash happened outside the Java Virtual Machine in native code.
# See problematic frame for where to report the bug.
#

---------------  S U M M A R Y ------------

Command Line: -javaagent:/Applications/IntelliJ IDEA.app/Contents/lib/idea_rt.jar=60363:/Applications/IntelliJ IDEA.app/Contents/bin -Dfile.encoding=UTF-8 --module-path=/Users/youssefgeorge/.m2/repository/com/fasterxml/jackson/core/jackson-core/2.13.3/jackson-core-2.13.3.jar:/Users/youssefgeorge/.m2/repository/com/fasterxml/jackson/core/jackson-databind/2.13.3/jackson-databind-2.13.3.jar:/Users/youssefgeorge/.m2/repository/com/fasterxml/jackson/core/jackson-annotations/2.13.3/jackson-annotations-2.13.3.jar:/Users/youssefgeorge/.m2/repository/org/openjfx/javafx-base/17.0.1/javafx-base-17.0.1-mac-aarch64.jar:/Users/youssefgeorge/.m2/repository/org/json/json/20090211/json-20090211.jar:/Users/youssefgeorge/.m2/repository/org/openjfx/javafx-controls/17.0.1/javafx-controls-17.0.1-mac-aarch64.jar:/Volumes/D/Uni/Semester 6/CSE338 SW Testing VV/Project/CSE338Project/target/classes:/Users/youssefgeorge/.m2/repository/org/openjfx/javafx-fxml/17.0.1/javafx-fxml-17.0.1-mac-aarch64.jar:/Users/youssefgeorge/.m2/repository/org/openjfx/javafx-graphics/17.0.1/javafx-graphics-17.0.1-mac-aarch64.jar -Djdk.module.main=com.example.cse338project com.example.cse338project/com.example.cse338project.gui.Main

Host: "MacBookPro17,1" arm64 1 MHz, 8 cores, 8G, Darwin 21.4.0, macOS 12.3 (21E230)
Time: Mon May 23 14:23:40 2022 EET elapsed time: 38.963404 seconds (0d 0h 0m 38s)

---------------  T H R E A D  ---------------

Current thread (0x0000000113885a00):  JavaThread "InvokeLaterDispatcher" daemon [_thread_in_native, id=29963, stack(0x000000017246c000,0x000000017266f000)]

Stack: [0x000000017246c000,0x000000017266f000],  sp=0x000000017266e780,  free space=2057k
Native frames: (J=compiled Java code, j=interpreted, Vv=VM code, C=native code)
v  ~StubRoutines::SafeFetchN
V  [libjvm.dylib+0x7a6bcc]  _ZN10OopStorage7releaseEPKP7oopDesc+0x20
V  [libjvm.dylib+0x4ba824]  jni_DeleteGlobalRef+0xd8
C  [libglass.dylib+0xab08]  -[GlassRunnable dealloc]+0x34
C  [Foundation+0x85618]  -[_NSThreadPerformInfo dealloc]+0x30
C  [Foundation+0x5198c]  -[NSObject(NSThreadPerformAdditions) performSelectorOnMainThread:withObject:waitUntilDone:]+0x88
C  0x85618001381098ac
j  com.sun.glass.ui.mac.MacApplication.submitForLaterInvocation(Ljava/lang/Runnable;)V+2 javafx.graphics
j  com.sun.glass.ui.InvokeLaterDispatcher.run()V+82 javafx.graphics
v  ~StubRoutines::call_stub
V  [libjvm.dylib+0x461d08]  _ZN9JavaCalls11call_helperEP9JavaValueRK12methodHandleP17JavaCallArgumentsP10JavaThread+0x38c
V  [libjvm.dylib+0x460d24]  _ZN9JavaCalls12call_virtualEP9JavaValueP5KlassP6SymbolS5_P17JavaCallArgumentsP10JavaThread+0x11c
V  [libjvm.dylib+0x460df0]  _ZN9JavaCalls12call_virtualEP9JavaValue6HandleP5KlassP6SymbolS6_P10JavaThread+0x64
V  [libjvm.dylib+0x515f04]  _ZL12thread_entryP10JavaThreadS0_+0xc4
V  [libjvm.dylib+0x9071ac]  _ZN10JavaThread17thread_main_innerEv+0x13c
V  [libjvm.dylib+0x9058c0]  _ZN6Thread8call_runEv+0x128
V  [libjvm.dylib+0x7ad7c8]  _ZL19thread_native_entryP6Thread+0x158
C  [libsystem_pthread.dylib+0x726c]  _pthread_start+0x94

Java frames: (J=compiled Java code, j=interpreted, Vv=VM code)
j  com.sun.glass.ui.mac.MacApplication._submitForLaterInvocation(Ljava/lang/Runnable;)V+0 javafx.graphics
j  com.sun.glass.ui.mac.MacApplication.submitForLaterInvocation(Ljava/lang/Runnable;)V+2 javafx.graphics
j  com.sun.glass.ui.InvokeLaterDispatcher.run()V+82 javafx.graphics
v  ~StubRoutines::call_stub

siginfo: si_signo: 10 (SIGBUS), si_code: 1 (BUS_ADRALN), si_addr: 0x00000001381014f0

Register to memory mapping:

 x0=0x0000000136f08c88 is a global jni handle
 x1=0x0 is NULL
 x2=0x0000000783480c48 is an oop: com.sun.glass.ui.InvokeLaterDispatcher$Future 
{0x0000000783480c48} - klass: 'com/sun/glass/ui/InvokeLaterDispatcher$Future'
 - ---- fields (total size 3 words):
 - private 'done' 'Z' @12  true
 - private final 'runnable' 'Ljava/lang/Runnable;' @16  a 'com/sun/javafx/application/PlatformImpl$$Lambda$118+0x0000000800c830a0'{0x00000007833540e0} (f066a81c)
 - final synthetic 'this$0' 'Lcom/sun/glass/ui/InvokeLaterDispatcher;' @20  a 'com/sun/glass/ui/InvokeLaterDispatcher'{0x0000000780c2f140} (f0185e28)
 x3=0x0 is NULL
 x4=0x00000000000130a8 is an unknown value
 x5=0x0 is NULL
 x6=0x0 is NULL
 x7=0x0 is NULL
 x8=0x00000001381014ec is at begin+0 in a stub
StubRoutines::SafeFetchN [0x00000001381014ec, 0x00000001381014f8] (12 bytes)
 x9=0x0 is NULL
x10=0x2010000030300000 is an unknown value
x11=0x0000000000000007 is an unknown value
x12=0x0000000000000004 is an unknown value
x13=0x00006000001fcab0 points into unknown readable memory: 0x3c4400011511a9e8 | e8 a9 11 15 01 00 44 3c
x14=0x0000120000000000 is an unknown value
x15=0x0000000115155f98: OBJC_CLASS_$_GlassRunnable+0 in /Users/youssefgeorge/.openjfx/cache/17.0.1/libglass.dylib at 0x0000000115110000
x16=0x000000018ca550fc: pthread_getspecific+0 in /usr/lib/system/libsystem_pthread.dylib at 0x000000018ca53000
x17=0x0000600000bbaa60 points into unknown readable memory: 0xfffffffffffffffe | fe ff ff ff ff ff ff ff
x18=0x0 is NULL
x19=0x00006000004ad260 points into unknown readable memory: 0x0000600002da83b0 | b0 83 da 02 00 60 00 00
x20=0x0000000136f08a80 points into unknown readable memory: 0xae65f07859f5bb50 | 50 bb f5 59 78 f0 65 ae
x21=0x0000000136f08c88 is a global jni handle
x22=0x0000000113885a00 is a thread
x23=0x0000000000000001 is an unknown value
x24=0x0000000136f08c40 is a global jni handle
x25=0x00000001021c15e8: _ZN12StubRoutines17_safefetchN_entryE+0 in /Users/youssefgeorge/Library/Java/JavaVirtualMachines/openjdk-17.0.2/Contents/Home/lib/server/libjvm.dylib at 0x0000000101610000
x26=0x000000011051a4e8 is pointing into metadata
x27=0x0 is NULL
x28=0x0000000113885a00 is a thread


Registers:
 x0=0x0000000136f08c88  x1=0x0000000000000000  x2=0x0000000783480c48  x3=0x0000000000000000
 x4=0x00000000000130a8  x5=0x0000000000000000  x6=0x0000000000000000  x7=0x0000000000000000
 x8=0x00000001381014ec  x9=0x0000000000000000 x10=0x2010000030300000 x11=0x0000000000000007
x12=0x0000000000000004 x13=0x00006000001fcab0 x14=0x0000120000000000 x15=0x0000000115155f98
x16=0x000000018ca550fc x17=0x0000600000bbaa60 x18=0x0000000000000000 x19=0x00006000004ad260
x20=0x0000000136f08a80 x21=0x0000000136f08c88 x22=0x0000000113885a00 x23=0x0000000000000001
x24=0x0000000136f08c40 x25=0x00000001021c15e8 x26=0x000000011051a4e8 x27=0x0000000000000000
x28=0x0000000113885a00  fp=0x000000017266e7c0  lr=0x0000000101db599c  sp=0x000000017266e780
pc=0x00000001381014f0 cpsr=0x0000000060001000
Top of Stack: (sp=0x000000017266e780)
0x000000017266e780:   000000011051a4e8 0000000000000001
0x000000017266e790:   000000017266e988 0000000000000000
0x000000017266e7a0:   0000000113a76aa8 0000000136f08c78
0x000000017266e7b0:   0000000136f08c78 00006000004ad260
0x000000017266e7c0:   000000017266e800 0000000101db6bcc
0x000000017266e7d0:   0000000000000001 0000000136f08c78
0x000000017266e7e0:   0000000113a76aa8 0000000136f08c78
0x000000017266e7f0:   0000000000000001 0000000113a76800
0x000000017266e800:   000000017266e840 0000000101aca824
0x000000017266e810:   000000017266e988 0000600002dbe850
0x000000017266e820:   0000600002dbe880 00000001d6b19be0
0x000000017266e830:   0000000000000000 0000600002dbe880
0x000000017266e840:   000000017266e870 000000011511ab08
0x000000017266e850:   00e5ce5f17f80061 0000000000000000
0x000000017266e860:   0000000000000000 0000600003a6e700
0x000000017266e870:   000000017266e8b0 000000018da22618
0x000000017266e880:   000000017266e988 0000600002dbe850
0x000000017266e890:   0000600002dbe880 00e5ce5f17f80061
0x000000017266e8a0:   0000000000000000 0000000000000000
0x000000017266e8b0:   000000017266e8f0 384d00018d9ee98c
0x000000017266e8c0:   000000017266e988 00000001381087c0
0x000000017266e8d0:   0000000000000000 00000001021c8fa8
0x000000017266e8e0:   000000017266e900 0000000138107730
0x000000017266e8f0:   000000017266e960 85618001381098ac
0x000000017266e900:   000000017266e968 00000001101cf128
0x000000017266e910:   000000017266e910 0000000000000000
0x000000017266e920:   000000017266e988 000000011051a4e8
0x000000017266e930:   0000000780c4ce80 0000000000000000
0x000000017266e940:   0000000000000000 00000001104f28e0
0x000000017266e950:   0000000000000000 000000017266e960
0x000000017266e960:   000000017266e9e0 0000000138105fc8
0x000000017266e970:   0000000000000000 0000000000000000 

Instructions: (pc=0x00000001381014f0)
0x00000001381013f0:   f2a04309 f2c00029 6d425935 1e640886
0x0000000138101400:   0c402d31 1e6408c7 1f5654d0 1e6c1017
0x0000000138101410:   1f5050d0 1f504cd0 1f5048d0 1e650af6
0x0000000138101420:   1f50d8f6 1f5694d6 1f5158f6 1e762880
0x0000000138101430:   36000501 1e614000 14000026 2e251ca5
0x0000000138101440:   d29c3009 f2a04309 f2c00029 6d425d36
0x0000000138101450:   1e600806 0c402d32 1f5758c7 1e6c101a
0x0000000138101460:   1f4754c7 1e650805 1f4750c7 d2866668
0x0000000138101470:   f2a7fa68 1f474cc7 1e6608c0 1f4748c7
0x0000000138101480:   1e6e1019 eb08007f 540000ac 1f479400
0x0000000138101490:   1f460340 1e603b20 1400000e d2a7fd29
0x00000001381014a0:   eb09007f 540000ac 51480069 d3607d29
0x00000001381014b0:   9e670121 14000002 1e6a5001 1f679417
0x00000001381014c0:   1f668742 1e613b23 1e773857 1e773860
0x00000001381014d0:   a8c17ff3 910003bf a8c17bfd d65f03c0
0x00000001381014e0:   b9400001 aa0103e0 d65f03c0 f9400001
0x00000001381014f0:   aa0103e0 d65f03c0 00000000 00000000
0x0000000138101500:   00000000 00000000 00000000 00000000
0x0000000138101510:   00000000 00000000 00000000 00000000
0x0000000138101520:   00000000 00000000 00000000 00000000
0x0000000138101530:   00000000 00000000 00000000 00000000
0x0000000138101540:   00000000 00000000 00000000 00000000
0x0000000138101550:   00000000 00000000 00000000 00000000
0x0000000138101560:   00000000 00000000 00000000 00000000
0x0000000138101570:   00000000 00000000 00000000 00000000
0x0000000138101580:   00000000 00000000 00000000 00000000
0x0000000138101590:   00000000 00000000 00000000 00000000
0x00000001381015a0:   00000000 00000000 00000000 00000000
0x00000001381015b0:   00000000 00000000 00000000 00000000
0x00000001381015c0:   00000000 00000000 00000000 00000000
0x00000001381015d0:   00000000 00000000 00000000 00000000
0x00000001381015e0:   00000000 00000000 00000000 00000000 


Stack slot to memory mapping:
stack at sp + 0 slots: 0x000000011051a4e8 is pointing into metadata
stack at sp + 1 slots: 0x0000000000000001 is an unknown value
stack at sp + 2 slots: 0x000000017266e988 is pointing into the stack for thread: 0x0000000113885a00
stack at sp + 3 slots: 0x0 is NULL
stack at sp + 4 slots: 0x0000000113a76aa8 points into unknown readable memory: 0x000000010217e738 | 38 e7 17 02 01 00 00 00
stack at sp + 5 slots: 0x0000000136f08c78 is a global jni handle
stack at sp + 6 slots: 0x0000000136f08c78 is a global jni handle
stack at sp + 7 slots: 0x00006000004ad260 points into unknown readable memory: 0x0000600002da83b0 | b0 83 da 02 00 60 00 00

StubRoutines::SafeFetchN [0x00000001381014ec, 0x00000001381014f8] (12 bytes)
[MachCode]
  0x00000001381014ec: 0100 40f9 | e003 01aa | c003 5fd6 
[/MachCode]

---------------  P R O C E S S  ---------------

Threads class SMR info:
_java_thread_list=0x0000600002fb9b20, length=20, elements={
0x0000000117808a00, 0x000000013700be00, 0x0000000137870400, 0x0000000117866800,
0x0000000137870a00, 0x0000000117866e00, 0x000000013786e800, 0x000000013786ee00,
0x000000013786f400, 0x0000000137019600, 0x0000000137013200, 0x0000000137012a00,
0x00000001370c2400, 0x0000000113885a00, 0x0000000113a76800, 0x000000013797e200,
0x0000000137182c00, 0x0000000137194000, 0x0000000137123e00, 0x0000000114012200
}

Java Threads: ( => current thread )
  0x0000000117808a00 JavaThread "main" [_thread_blocked, id=5891, stack(0x000000016fa64000,0x000000016fc67000)]
  0x000000013700be00 JavaThread "Reference Handler" daemon [_thread_blocked, id=15107, stack(0x00000001708b8000,0x0000000170abb000)]
  0x0000000137870400 JavaThread "Finalizer" daemon [_thread_blocked, id=15363, stack(0x0000000170ac4000,0x0000000170cc7000)]
  0x0000000117866800 JavaThread "Signal Dispatcher" daemon [_thread_blocked, id=42243, stack(0x0000000170de8000,0x0000000170feb000)]
  0x0000000137870a00 JavaThread "Service Thread" daemon [_thread_blocked, id=41731, stack(0x0000000170ff4000,0x00000001711f7000)]
  0x0000000117866e00 JavaThread "Monitor Deflation Thread" daemon [_thread_blocked, id=23043, stack(0x0000000171200000,0x0000000171403000)]
  0x000000013786e800 JavaThread "C2 CompilerThread0" daemon [_thread_blocked, id=23299, stack(0x000000017140c000,0x000000017160f000)]
  0x000000013786ee00 JavaThread "C1 CompilerThread0" daemon [_thread_blocked, id=23555, stack(0x0000000171618000,0x000000017181b000)]
  0x000000013786f400 JavaThread "Sweeper thread" daemon [_thread_blocked, id=40707, stack(0x0000000171824000,0x0000000171a27000)]
  0x0000000137019600 JavaThread "Common-Cleaner" daemon [_thread_blocked, id=24067, stack(0x0000000171a30000,0x0000000171c33000)]
  0x0000000137013200 JavaThread "Monitor Ctrl-Break" daemon [_thread_in_native, id=24579, stack(0x0000000171c3c000,0x0000000171e3f000)]
  0x0000000137012a00 JavaThread "Notification Thread" daemon [_thread_blocked, id=40451, stack(0x0000000171e48000,0x000000017204b000)]
  0x00000001370c2400 JavaThread "QuantumRenderer-0" daemon [_thread_blocked, id=25091, stack(0x0000000172260000,0x0000000172463000)]
=>0x0000000113885a00 JavaThread "InvokeLaterDispatcher" daemon [_thread_in_native, id=29963, stack(0x000000017246c000,0x000000017266f000)]
  0x0000000113a76800 JavaThread "JavaFX Application Thread" [_thread_in_native, id=259, stack(0x000000016f1dc000,0x000000016f9d8000)]
  0x000000013797e200 JavaThread "JavaFX-Launcher" [_thread_blocked, id=75015, stack(0x0000000172910000,0x0000000172b13000)]
  0x0000000137182c00 JavaThread "Attach Listener" daemon [_thread_blocked, id=50951, stack(0x0000000173558000,0x000000017375b000)]
  0x0000000137194000 JavaThread "Prism Font Disposer" daemon [_thread_blocked, id=66311, stack(0x00000001747c4000,0x00000001749c7000)]
  0x0000000137123e00 JavaThread "Cleaner-0" daemon [_thread_blocked, id=170515, stack(0x0000000174e0c000,0x000000017500f000)]
  0x0000000114012200 JavaThread "PulseTimer-CVDisplayLink thread" daemon [_thread_in_native, id=81159, stack(0x0000000170cd0000,0x0000000170d53000)]

Other Threads:
  0x0000000136e070d0 VMThread "VM Thread" [stack: 0x00000001706ac000,0x00000001708af000] [id=14851]
  0x0000000136e0c2e0 WatcherThread [stack: 0x0000000172054000,0x0000000172257000] [id=39939]
  0x0000000116e06530 GCTaskThread "GC Thread#0" [stack: 0x000000016fc70000,0x000000016fe73000] [id=12291]
  0x0000000136e32410 GCTaskThread "GC Thread#1" [stack: 0x0000000172b1c000,0x0000000172d1f000] [id=70915]
  0x0000000113504e40 GCTaskThread "GC Thread#2" [stack: 0x0000000172d28000,0x0000000172f2b000] [id=55811]
  0x0000000136e32890 GCTaskThread "GC Thread#3" [stack: 0x0000000172f34000,0x0000000173137000] [id=70147]
  0x0000000138007860 GCTaskThread "GC Thread#4" [stack: 0x0000000173140000,0x0000000173343000] [id=69891]
  0x0000000113505480 GCTaskThread "GC Thread#5" [stack: 0x000000017334c000,0x000000017354f000] [id=56323]
  0x0000000136e3f6f0 GCTaskThread "GC Thread#6" [stack: 0x0000000173970000,0x0000000173b73000] [id=57351]
  0x0000000136e3f9a0 GCTaskThread "GC Thread#7" [stack: 0x0000000173b7c000,0x0000000173d7f000] [id=57603]
  0x0000000116e06be0 ConcurrentGCThread "G1 Main Marker" [stack: 0x000000016fe7c000,0x000000017007f000] [id=12547]
  0x0000000116e07460 ConcurrentGCThread "G1 Conc#0" [stack: 0x0000000170088000,0x000000017028b000] [id=13059]
  0x0000000136e446a0 ConcurrentGCThread "G1 Conc#1" [stack: 0x00000001749d0000,0x0000000174bd3000] [id=60163]
  0x0000000136f059e0 ConcurrentGCThread "G1 Refine#0" [stack: 0x0000000170294000,0x0000000170497000] [id=13571]
  0x000000013800aba0 ConcurrentGCThread "G1 Refine#1" [stack: 0x0000000173d88000,0x0000000173f8b000] [id=68099]
  0x000000010ff09140 ConcurrentGCThread "G1 Refine#2" [stack: 0x0000000173f94000,0x0000000174197000] [id=58627]
  0x000000010fe0aa00 ConcurrentGCThread "G1 Refine#3" [stack: 0x00000001741a0000,0x00000001743a3000] [id=59139]
  0x0000000113509310 ConcurrentGCThread "G1 Refine#4" [stack: 0x00000001743ac000,0x00000001745af000] [id=67075]
  0x000000013800b580 ConcurrentGCThread "G1 Refine#5" [stack: 0x00000001745b8000,0x00000001747bb000] [id=66563]
  0x0000000116e092d0 ConcurrentGCThread "G1 Service" [stack: 0x00000001704a0000,0x00000001706a3000] [id=14083]

Threads with active compile tasks:

VM state: not at safepoint (normal execution)

VM Mutex/Monitor currently owned by a thread: None

Heap address: 0x0000000780000000, size: 2048 MB, Compressed Oops mode: Zero based, Oop shift amount: 3

CDS archive(s) mapped at: [0x0000000800000000-0x0000000800bd4000-0x0000000800bd4000), size 12402688, SharedBaseAddress: 0x0000000800000000, ArchiveRelocationMode: 0.
Compressed class space mapped at: 0x0000000800c00000-0x0000000840c00000, reserved size: 1073741824
Narrow klass base: 0x0000000800000000, Narrow klass shift: 0, Narrow klass range: 0x100000000

GC Precious Log:
 CPUs: 8 total, 8 available
 Memory: 8192M
 Large Page Support: Disabled
 NUMA Support: Disabled
 Compressed Oops: Enabled (Zero based)
 Heap Region Size: 1M
 Heap Min Capacity: 8M
 Heap Initial Capacity: 128M
 Heap Max Capacity: 2G
 Pre-touch: Disabled
 Parallel Workers: 8
 Concurrent Workers: 2
 Concurrent Refinement Workers: 8
 Periodic GC: Disabled

Heap:
 garbage-first heap   total 86016K, used 59200K [0x0000000780000000, 0x0000000800000000)
  region size 1024K, 32 young (32768K), 5 survivors (5120K)
 Metaspace       used 25429K, committed 25792K, reserved 1073152K
  class space    used 3605K, committed 3776K, reserved 1048576K

Heap Regions: E=young(eden), S=young(survivor), O=old, HS=humongous(starts), HC=humongous(continues), CS=collection set, F=free, OA=open archive, CA=closed archive, TAMS=top-at-mark-start (previous, next)
|   0|0x0000000780000000, 0x0000000780100000, 0x0000000780100000|100%| O|  |TAMS 0x0000000780100000, 0x0000000780000000| Untracked 
|   1|0x0000000780100000, 0x0000000780200000, 0x0000000780200000|100%|HS|  |TAMS 0x0000000780200000, 0x0000000780100000| Complete 
|   2|0x0000000780200000, 0x0000000780300000, 0x0000000780300000|100%|HC|  |TAMS 0x0000000780300000, 0x0000000780200000| Complete 
|   3|0x0000000780300000, 0x0000000780400000, 0x0000000780400000|100%|HC|  |TAMS 0x0000000780400000, 0x0000000780300000| Complete 
|   4|0x0000000780400000, 0x0000000780500000, 0x0000000780500000|100%|HC|  |TAMS 0x0000000780500000, 0x0000000780400000| Complete 
|   5|0x0000000780500000, 0x0000000780600000, 0x0000000780600000|100%|HC|  |TAMS 0x0000000780600000, 0x0000000780500000| Complete 
|   6|0x0000000780600000, 0x0000000780700000, 0x0000000780700000|100%|HC|  |TAMS 0x0000000780700000, 0x0000000780600000| Complete 
|   7|0x0000000780700000, 0x0000000780800000, 0x0000000780800000|100%|HC|  |TAMS 0x0000000780800000, 0x0000000780700000| Complete 
|   8|0x0000000780800000, 0x0000000780900000, 0x0000000780900000|100%|HC|  |TAMS 0x0000000780900000, 0x0000000780800000| Complete 
|   9|0x0000000780900000, 0x0000000780a00000, 0x0000000780a00000|100%|HC|  |TAMS 0x0000000780a00000, 0x0000000780900000| Complete 
|  10|0x0000000780a00000, 0x0000000780b00000, 0x0000000780b00000|100%| O|  |TAMS 0x0000000780b00000, 0x0000000780a00000| Untracked 
|  11|0x0000000780b00000, 0x0000000780c00000, 0x0000000780c00000|100%| O|  |TAMS 0x0000000780c00000, 0x0000000780b00000| Untracked 
|  12|0x0000000780c00000, 0x0000000780d00000, 0x0000000780d00000|100%| O|  |TAMS 0x0000000780c04200, 0x0000000780c00000| Untracked 
|  13|0x0000000780d00000, 0x0000000780e00000, 0x0000000780e00000|100%| O|  |TAMS 0x0000000780d00000, 0x0000000780d00000| Untracked 
|  14|0x0000000780e00000, 0x0000000780f00000, 0x0000000780f00000|100%| O|  |TAMS 0x0000000780e00000, 0x0000000780e00000| Untracked 
|  15|0x0000000780f00000, 0x0000000780f47a00, 0x0000000781000000| 27%| O|  |TAMS 0x0000000780f00000, 0x0000000780f00000| Complete 
|  16|0x0000000781000000, 0x0000000781100000, 0x0000000781100000|100%|HS|  |TAMS 0x0000000781000000, 0x0000000781000000| Complete 
|  17|0x0000000781100000, 0x0000000781200000, 0x0000000781200000|100%|HC|  |TAMS 0x0000000781100000, 0x0000000781100000| Complete 
|  18|0x0000000781200000, 0x0000000781300000, 0x0000000781300000|100%|HC|  |TAMS 0x0000000781200000, 0x0000000781200000| Complete 
|  19|0x0000000781300000, 0x0000000781400000, 0x0000000781400000|100%|HC|  |TAMS 0x0000000781300000, 0x0000000781300000| Complete 
|  20|0x0000000781400000, 0x0000000781500000, 0x0000000781500000|100%|HC|  |TAMS 0x0000000781400000, 0x0000000781400000| Complete 
|  21|0x0000000781500000, 0x0000000781600000, 0x0000000781600000|100%|HC|  |TAMS 0x0000000781500000, 0x0000000781500000| Complete 
|  22|0x0000000781600000, 0x0000000781700000, 0x0000000781700000|100%|HC|  |TAMS 0x0000000781600000, 0x0000000781600000| Complete 
|  23|0x0000000781700000, 0x0000000781800000, 0x0000000781800000|100%|HC|  |TAMS 0x0000000781700000, 0x0000000781700000| Complete 
|  24|0x0000000781800000, 0x0000000781900000, 0x0000000781900000|100%|HC|  |TAMS 0x0000000781800000, 0x0000000781800000| Complete 
|  25|0x0000000781900000, 0x0000000781a00000, 0x0000000781a00000|100%|HS|  |TAMS 0x0000000781900000, 0x0000000781900000| Complete 
|  26|0x0000000781a00000, 0x0000000781b00000, 0x0000000781b00000|100%|HC|  |TAMS 0x0000000781a00000, 0x0000000781a00000| Complete 
|  27|0x0000000781b00000, 0x0000000781b00000, 0x0000000781c00000|  0%| F|  |TAMS 0x0000000781b00000, 0x0000000781b00000| Untracked 
|  28|0x0000000781c00000, 0x0000000781c00000, 0x0000000781d00000|  0%| F|  |TAMS 0x0000000781c00000, 0x0000000781c00000| Untracked 
|  29|0x0000000781d00000, 0x0000000781d00000, 0x0000000781e00000|  0%| F|  |TAMS 0x0000000781d00000, 0x0000000781d00000| Untracked 
|  30|0x0000000781e00000, 0x0000000781e00000, 0x0000000781f00000|  0%| F|  |TAMS 0x0000000781e00000, 0x0000000781e00000| Untracked 
|  31|0x0000000781f00000, 0x0000000781f00000, 0x0000000782000000|  0%| F|  |TAMS 0x0000000781f00000, 0x0000000781f00000| Untracked 
|  32|0x0000000782000000, 0x0000000782000000, 0x0000000782100000|  0%| F|  |TAMS 0x0000000782000000, 0x0000000782000000| Untracked 
|  33|0x0000000782100000, 0x0000000782100000, 0x0000000782200000|  0%| F|  |TAMS 0x0000000782100000, 0x0000000782100000| Untracked 
|  34|0x0000000782200000, 0x0000000782200000, 0x0000000782300000|  0%| F|  |TAMS 0x0000000782200000, 0x0000000782200000| Untracked 
|  35|0x0000000782300000, 0x0000000782300000, 0x0000000782400000|  0%| F|  |TAMS 0x0000000782300000, 0x0000000782300000| Untracked 
|  36|0x0000000782400000, 0x0000000782400000, 0x0000000782500000|  0%| F|  |TAMS 0x0000000782400000, 0x0000000782400000| Untracked 
|  37|0x0000000782500000, 0x0000000782500000, 0x0000000782600000|  0%| F|  |TAMS 0x0000000782500000, 0x0000000782500000| Untracked 
|  38|0x0000000782600000, 0x0000000782600000, 0x0000000782700000|  0%| F|  |TAMS 0x0000000782600000, 0x0000000782600000| Untracked 
|  39|0x0000000782700000, 0x0000000782700000, 0x0000000782800000|  0%| F|  |TAMS 0x0000000782700000, 0x0000000782700000| Untracked 
|  40|0x0000000782800000, 0x0000000782800000, 0x0000000782900000|  0%| F|  |TAMS 0x0000000782800000, 0x0000000782800000| Untracked 
|  41|0x0000000782900000, 0x0000000782900000, 0x0000000782a00000|  0%| F|  |TAMS 0x0000000782900000, 0x0000000782900000| Untracked 
|  42|0x0000000782a00000, 0x0000000782a00000, 0x0000000782b00000|  0%| F|  |TAMS 0x0000000782a00000, 0x0000000782a00000| Untracked 
|  43|0x0000000782b00000, 0x0000000782b00000, 0x0000000782c00000|  0%| F|  |TAMS 0x0000000782b00000, 0x0000000782b00000| Untracked 
|  44|0x0000000782c00000, 0x0000000782c00000, 0x0000000782d00000|  0%| F|  |TAMS 0x0000000782c00000, 0x0000000782c00000| Untracked 
|  45|0x0000000782d00000, 0x0000000782d00000, 0x0000000782e00000|  0%| F|  |TAMS 0x0000000782d00000, 0x0000000782d00000| Untracked 
|  46|0x0000000782e00000, 0x0000000782e00000, 0x0000000782f00000|  0%| F|  |TAMS 0x0000000782e00000, 0x0000000782e00000| Untracked 
|  47|0x0000000782f00000, 0x0000000782f00000, 0x0000000783000000|  0%| F|  |TAMS 0x0000000782f00000, 0x0000000782f00000| Untracked 
|  48|0x0000000783000000, 0x0000000783000000, 0x0000000783100000|  0%| F|  |TAMS 0x0000000783000000, 0x0000000783000000| Untracked 
|  49|0x0000000783100000, 0x0000000783100000, 0x0000000783200000|  0%| F|  |TAMS 0x0000000783100000, 0x0000000783100000| Untracked 
|  50|0x0000000783200000, 0x000000078324d638, 0x0000000783300000| 30%| E|  |TAMS 0x0000000783200000, 0x0000000783200000| Complete 
|  51|0x0000000783300000, 0x0000000783400000, 0x0000000783400000|100%| E|CS|TAMS 0x0000000783300000, 0x0000000783300000| Complete 
|  52|0x0000000783400000, 0x0000000783500000, 0x0000000783500000|100%| E|CS|TAMS 0x0000000783400000, 0x0000000783400000| Complete 
|  53|0x0000000783500000, 0x0000000783600000, 0x0000000783600000|100%| E|CS|TAMS 0x0000000783500000, 0x0000000783500000| Complete 
|  54|0x0000000783600000, 0x0000000783700000, 0x0000000783700000|100%| E|CS|TAMS 0x0000000783600000, 0x0000000783600000| Complete 
|  55|0x0000000783700000, 0x0000000783800000, 0x0000000783800000|100%| E|CS|TAMS 0x0000000783700000, 0x0000000783700000| Complete 
|  56|0x0000000783800000, 0x0000000783900000, 0x0000000783900000|100%| E|CS|TAMS 0x0000000783800000, 0x0000000783800000| Complete 
|  57|0x0000000783900000, 0x0000000783a00000, 0x0000000783a00000|100%| E|CS|TAMS 0x0000000783900000, 0x0000000783900000| Complete 
|  58|0x0000000783a00000, 0x0000000783b00000, 0x0000000783b00000|100%| E|CS|TAMS 0x0000000783a00000, 0x0000000783a00000| Complete 
|  59|0x0000000783b00000, 0x0000000783c00000, 0x0000000783c00000|100%| E|CS|TAMS 0x0000000783b00000, 0x0000000783b00000| Complete 
|  60|0x0000000783c00000, 0x0000000783d00000, 0x0000000783d00000|100%| E|CS|TAMS 0x0000000783c00000, 0x0000000783c00000| Complete 
|  61|0x0000000783d00000, 0x0000000783e00000, 0x0000000783e00000|100%| E|CS|TAMS 0x0000000783d00000, 0x0000000783d00000| Complete 
|  62|0x0000000783e00000, 0x0000000783f00000, 0x0000000783f00000|100%| E|CS|TAMS 0x0000000783e00000, 0x0000000783e00000| Complete 
|  63|0x0000000783f00000, 0x0000000784000000, 0x0000000784000000|100%| E|CS|TAMS 0x0000000783f00000, 0x0000000783f00000| Complete 
|  64|0x0000000784000000, 0x0000000784100000, 0x0000000784100000|100%| E|CS|TAMS 0x0000000784000000, 0x0000000784000000| Complete 
|  65|0x0000000784100000, 0x0000000784200000, 0x0000000784200000|100%| E|CS|TAMS 0x0000000784100000, 0x0000000784100000| Complete 
|  66|0x0000000784200000, 0x0000000784300000, 0x0000000784300000|100%| E|CS|TAMS 0x0000000784200000, 0x0000000784200000| Complete 
|  67|0x0000000784300000, 0x0000000784400000, 0x0000000784400000|100%| E|CS|TAMS 0x0000000784300000, 0x0000000784300000| Complete 
|  68|0x0000000784400000, 0x0000000784500000, 0x0000000784500000|100%| E|CS|TAMS 0x0000000784400000, 0x0000000784400000| Complete 
|  69|0x0000000784500000, 0x0000000784600000, 0x0000000784600000|100%| E|CS|TAMS 0x0000000784500000, 0x0000000784500000| Complete 
|  70|0x0000000784600000, 0x0000000784700000, 0x0000000784700000|100%| E|CS|TAMS 0x0000000784600000, 0x0000000784600000| Complete 
|  71|0x0000000784700000, 0x0000000784800000, 0x0000000784800000|100%| E|CS|TAMS 0x0000000784700000, 0x0000000784700000| Complete 
|  72|0x0000000784800000, 0x0000000784900000, 0x0000000784900000|100%| E|CS|TAMS 0x0000000784800000, 0x0000000784800000| Complete 
|  73|0x0000000784900000, 0x0000000784a00000, 0x0000000784a00000|100%| E|CS|TAMS 0x0000000784900000, 0x0000000784900000| Complete 
|  74|0x0000000784a00000, 0x0000000784b00000, 0x0000000784b00000|100%| E|CS|TAMS 0x0000000784a00000, 0x0000000784a00000| Complete 
| 111|0x0000000786f00000, 0x0000000786f907e0, 0x0000000787000000| 56%| S|CS|TAMS 0x0000000786f00000, 0x0000000786f00000| Complete 
| 112|0x0000000787000000, 0x0000000787100000, 0x0000000787100000|100%| S|CS|TAMS 0x0000000787000000, 0x0000000787000000| Complete 
| 113|0x0000000787100000, 0x0000000787200000, 0x0000000787200000|100%| S|CS|TAMS 0x0000000787100000, 0x0000000787100000| Complete 
| 114|0x0000000787200000, 0x0000000787300000, 0x0000000787300000|100%| S|CS|TAMS 0x0000000787200000, 0x0000000787200000| Complete 
| 115|0x0000000787300000, 0x0000000787400000, 0x0000000787400000|100%| S|CS|TAMS 0x0000000787300000, 0x0000000787300000| Complete 
| 126|0x0000000787e00000, 0x0000000787f00000, 0x0000000787f00000|100%| E|CS|TAMS 0x0000000787e00000, 0x0000000787e00000| Complete 
| 127|0x0000000787f00000, 0x0000000788000000, 0x0000000788000000|100%| E|CS|TAMS 0x0000000787f00000, 0x0000000787f00000| Complete 
|2046|0x00000007ffe00000, 0x00000007ffe78000, 0x00000007fff00000| 46%|OA|  |TAMS 0x00000007ffe78000, 0x00000007ffe00000| Untracked 
|2047|0x00000007fff00000, 0x00000007fff80000, 0x0000000800000000| 50%|CA|  |TAMS 0x00000007fff80000, 0x00000007fff00000| Untracked 

Card table byte_map: [0x0000000100d10000,0x0000000101110000] _byte_map_base: 0x00000000fd110000

Marking Bits (Prev, Next): (CMBitMap*) 0x000000011782da50, (CMBitMap*) 0x000000011782da10
 Prev Bits: [0x000000010bd00000, 0x000000010dd00000)
 Next Bits: [0x0000000109d00000, 0x000000010bd00000)

Polling page: 0x00000001005ac000

Metaspace:

Usage:
  Non-class:     21.31 MB used.
      Class:      3.52 MB used.
       Both:     24.83 MB used.

Virtual space:
  Non-class space:       24.00 MB reserved,      21.50 MB ( 90%) committed,  3 nodes.
      Class space:        1.00 GB reserved,       3.69 MB ( <1%) committed,  1 nodes.
             Both:        1.02 GB reserved,      25.19 MB (  2%) committed. 

Chunk freelists:
   Non-Class:  2.11 MB
       Class:  303.00 KB
        Both:  2.41 MB

MaxMetaspaceSize: unlimited
CompressedClassSpaceSize: 1.00 GB
Initial GC threshold: 21.00 MB
Current GC threshold: 35.31 MB
CDS: on
MetaspaceReclaimPolicy: balanced
 - commit_granule_bytes: 65536.
 - commit_granule_words: 8192.
 - virtual_space_node_default_size: 1048576.
 - enlarge_chunks_in_place: 1.
 - new_chunks_are_fully_committed: 0.
 - uncommit_free_chunks: 1.
 - use_allocation_guard: 0.
 - handle_deallocations: 1.


Internal statistics:

num_allocs_failed_limit: 3.
num_arena_births: 252.
num_arena_deaths: 0.
num_vsnodes_births: 4.
num_vsnodes_deaths: 0.
num_space_committed: 403.
num_space_uncommitted: 0.
num_chunks_returned_to_freelist: 3.
num_chunks_taken_from_freelist: 931.
num_chunk_merges: 3.
num_chunk_splits: 629.
num_chunks_enlarged: 481.
num_purges: 0.
num_inconsistent_stats: 0.

CodeHeap 'non-profiled nmethods': size=120032Kb used=1752Kb max_used=1752Kb free=118279Kb
 bounds [0x000000013fbc8000, 0x000000013fe38000, 0x0000000147100000]
CodeHeap 'profiled nmethods': size=120016Kb used=9044Kb max_used=9044Kb free=110971Kb
 bounds [0x0000000138694000, 0x0000000138f74000, 0x000000013fbc8000]
CodeHeap 'non-nmethods': size=5712Kb used=1433Kb max_used=1494Kb free=4279Kb
 bounds [0x0000000138100000, 0x0000000138370000, 0x0000000138694000]
 total_blobs=5087 nmethods=4251 adapters=751
 compilation: enabled
              stopped_count=0, restarted_count=0
 full_count=0

Compilation events (20 events):
Event: 38.404 Thread 0x000000013786ee00 nmethod 4331 0x000000013fd7af10 code [0x000000013fd7b080, 0x000000013fd7b168]
Event: 38.404 Thread 0x000000013786ee00 4332       1       com.sun.glass.ui.Screen::getPlatformY (5 bytes)
Event: 38.404 Thread 0x000000013786ee00 nmethod 4332 0x000000013fd7b210 code [0x000000013fd7b380, 0x000000013fd7b468]
Event: 38.412 Thread 0x000000013786ee00 4333       3       javafx.scene.Scene$TargetWrapper::set (11 bytes)
Event: 38.412 Thread 0x000000013786ee00 nmethod 4333 0x0000000138f56a10 code [0x0000000138f56bc0, 0x0000000138f56da8]
Event: 38.421 Thread 0x000000013786ee00 4334       1       javafx.scene.input.MouseEvent::getPickResult (5 bytes)
Event: 38.421 Thread 0x000000013786ee00 nmethod 4334 0x000000013fd7b510 code [0x000000013fd7b680, 0x000000013fd7b768]
Event: 38.421 Thread 0x000000013786ee00 4335       3       com.sun.javafx.event.CompositeEventHandler::dispatchBubblingEvent (57 bytes)
Event: 38.422 Thread 0x000000013786ee00 nmethod 4335 0x0000000138f56e90 code [0x0000000138f570c0, 0x0000000138f57668]
Event: 38.428 Thread 0x000000013786ee00 4336       1       com.sun.javafx.tk.quantum.GlassScene::getStage (5 bytes)
Event: 38.429 Thread 0x000000013786ee00 nmethod 4336 0x000000013fd7b810 code [0x000000013fd7b980, 0x000000013fd7ba68]
Event: 38.445 Thread 0x000000013786e800 4337       4       com.sun.javafx.event.EventHandlerManager::dispatchCapturingEvent (41 bytes)
Event: 38.445 Thread 0x000000013786ee00 4338       3       com.sun.javafx.geom.transform.Affine3D::restoreTransform (75 bytes)
Event: 38.447 Thread 0x000000013786ee00 nmethod 4338 0x0000000138f57810 code [0x0000000138f579c0, 0x0000000138f57b98]
Event: 38.448 Thread 0x000000013786ee00 4339       3       com.sun.scenario.effect.impl.prism.PrEffectHelper::getGraphicsClipNoClone (40 bytes)
Event: 38.448 Thread 0x000000013786ee00 nmethod 4339 0x0000000138f57d10 code [0x0000000138f57f00, 0x0000000138f584b8]
Event: 38.450 Thread 0x000000013786ee00 4340       1       com.sun.prism.impl.ManagedResource::isPermanent (5 bytes)
Event: 38.450 Thread 0x000000013786ee00 nmethod 4340 0x000000013fd7bb10 code [0x000000013fd7bc80, 0x000000013fd7bd68]
Event: 38.454 Thread 0x000000013786e800 nmethod 4337 0x000000013fd7be10 code [0x000000013fd7c040, 0x000000013fd7c4a0]
Event: 38.961 Thread 0x000000013786ee00 4343       3       com.sun.javafx.tk.quantum.QuantumRenderer::checkRendererIdle (147 bytes)

GC Heap History (6 events):
Event: 0.603 GC heap before
{Heap before GC invocations=0 (full 0):
 garbage-first heap   total 133120K, used 23520K [0x0000000780000000, 0x0000000800000000)
  region size 1024K, 23 young (23552K), 0 survivors (0K)
 Metaspace       used 7407K, committed 7552K, reserved 1056768K
  class space    used 901K, committed 960K, reserved 1048576K
}
Event: 0.607 GC heap after
{Heap after GC invocations=1 (full 0):
 garbage-first heap   total 133120K, used 4653K [0x0000000780000000, 0x0000000800000000)
  region size 1024K, 3 young (3072K), 3 survivors (3072K)
 Metaspace       used 7407K, committed 7552K, reserved 1056768K
  class space    used 901K, committed 960K, reserved 1048576K
}
Event: 23.503 GC heap before
{Heap before GC invocations=1 (full 0):
 garbage-first heap   total 133120K, used 53805K [0x0000000780000000, 0x0000000800000000)
  region size 1024K, 42 young (43008K), 3 survivors (3072K)
 Metaspace       used 18734K, committed 18944K, reserved 1073152K
  class space    used 2460K, committed 2560K, reserved 1048576K
}
Event: 23.512 GC heap after
{Heap after GC invocations=2 (full 0):
 garbage-first heap   total 133120K, used 19440K [0x0000000780000000, 0x0000000800000000)
  region size 1024K, 6 young (6144K), 6 survivors (6144K)
 Metaspace       used 18734K, committed 18944K, reserved 1073152K
  class space    used 2460K, committed 2560K, reserved 1048576K
}
Event: 23.816 GC heap before
{Heap before GC invocations=2 (full 0):
 garbage-first heap   total 133120K, used 30704K [0x0000000780000000, 0x0000000800000000)
  region size 1024K, 18 young (18432K), 6 survivors (6144K)
 Metaspace       used 21279K, committed 21504K, reserved 1073152K
  class space    used 2994K, committed 3136K, reserved 1048576K
}
Event: 23.821 GC heap after
{Heap after GC invocations=3 (full 0):
 garbage-first heap   total 133120K, used 21312K [0x0000000780000000, 0x0000000800000000)
  region size 1024K, 5 young (5120K), 5 survivors (5120K)
 Metaspace       used 21279K, committed 21504K, reserved 1073152K
  class space    used 2994K, committed 3136K, reserved 1048576K
}

Deoptimization events (20 events):
Event: 24.388 Thread 0x00000001370c2400 Uncommon trap: trap_request=0xffffff45 fr.pc=0x000000013fcfe534 relative=0x0000000000000174
Event: 24.388 Thread 0x00000001370c2400 Uncommon trap: reason=unstable_if action=reinterpret pc=0x000000013fcfe534 method=java.util.WeakHashMap.matchesKey(Ljava/util/WeakHashMap$Entry;Ljava/lang/Object;)Z @ 5 c2
Event: 24.388 Thread 0x00000001370c2400 DEOPT PACKING pc=0x000000013fcfe534 sp=0x00000001724606f0
Event: 24.388 Thread 0x00000001370c2400 DEOPT UNPACKING pc=0x000000013813ed1c sp=0x00000001724605f0 mode 2
Event: 24.388 Thread 0x00000001370c2400 DEOPT PACKING pc=0x0000000138e05038 sp=0x00000001724601e0
Event: 24.388 Thread 0x00000001370c2400 DEOPT UNPACKING pc=0x000000013813eb7c sp=0x000000017245fe40 mode 0
Event: 24.388 Thread 0x00000001370c2400 DEOPT PACKING pc=0x0000000138e05038 sp=0x00000001724601e0
Event: 24.388 Thread 0x00000001370c2400 DEOPT UNPACKING pc=0x000000013813eb7c sp=0x000000017245fe40 mode 0
Event: 24.389 Thread 0x00000001370c2400 DEOPT PACKING pc=0x0000000138e05038 sp=0x00000001724601e0
Event: 24.389 Thread 0x00000001370c2400 DEOPT UNPACKING pc=0x000000013813eb7c sp=0x000000017245fe40 mode 0
Event: 35.147 Thread 0x00000001370c2400 DEOPT PACKING pc=0x0000000138e32654 sp=0x000000017245fd40
Event: 35.147 Thread 0x00000001370c2400 DEOPT UNPACKING pc=0x000000013813eb7c sp=0x000000017245f960 mode 0
Event: 35.152 Thread 0x00000001370c2400 DEOPT PACKING pc=0x0000000138e0dce0 sp=0x000000017245fd00
Event: 35.152 Thread 0x00000001370c2400 DEOPT UNPACKING pc=0x000000013813eb7c sp=0x000000017245f9a0 mode 0
Event: 35.170 Thread 0x00000001370c2400 DEOPT PACKING pc=0x0000000138e0dce0 sp=0x000000017245fd00
Event: 35.170 Thread 0x00000001370c2400 DEOPT UNPACKING pc=0x000000013813eb7c sp=0x000000017245f9a0 mode 0
Event: 35.172 Thread 0x00000001370c2400 DEOPT PACKING pc=0x0000000138e0dce0 sp=0x0000000172460200
Event: 35.172 Thread 0x00000001370c2400 DEOPT UNPACKING pc=0x000000013813eb7c sp=0x000000017245fea0 mode 0
Event: 38.080 Thread 0x00000001370c2400 DEOPT PACKING pc=0x0000000138e9aba4 sp=0x0000000172460120
Event: 38.080 Thread 0x00000001370c2400 DEOPT UNPACKING pc=0x000000013813eb7c sp=0x000000017245fd20 mode 0

Classes unloaded (0 events):
No events

Classes redefined (0 events):
No events

Internal exceptions (20 events):
Event: 23.489 Thread 0x0000000113a76800 Implicit null exception at 0x000000013fc315d4 to 0x000000013fc318e4
Event: 23.489 Thread 0x0000000113a76800 Implicit null exception at 0x000000013fc30bd4 to 0x000000013fc30ed8
Event: 23.522 Thread 0x0000000113a76800 Exception <a 'java/lang/NoSuchMethodError'{0x0000000787ffc4a8}: 'java.lang.Object java.lang.invoke.DirectMethodHandle$Holder.invokeInterface(java.lang.Object, java.lang.Object, java.lang.Object)'> (0x0000000787ffc4a8) 
thrown [open/src/hotspot/share/interpreter/linkResolver.cpp, line 766]
Event: 23.523 Thread 0x0000000113a76800 Exception <a 'java/lang/IncompatibleClassChangeError'{0x0000000787fffb70}: Found class java.lang.Object, but interface was expected> (0x0000000787fffb70) 
thrown [open/src/hotspot/share/interpreter/linkResolver.cpp, line 833]
Event: 23.525 Thread 0x0000000113a76800 Exception <a 'java/lang/ClassNotFoundException'{0x0000000787e2b278}: com/sun/javafx/scene/control/skin/resources/controls> (0x0000000787e2b278) 
thrown [open/src/hotspot/share/prims/jni.cpp, line 535]
Event: 23.525 Thread 0x0000000113a76800 Exception <a 'java/lang/ClassNotFoundException'{0x0000000787e39218}: com/sun/javafx/scene/control/skin/resources/controls_en> (0x0000000787e39218) 
thrown [open/src/hotspot/share/prims/jni.cpp, line 535]
Event: 23.526 Thread 0x0000000113a76800 Exception <a 'java/lang/ClassNotFoundException'{0x0000000787e3a1b0}: com/sun/javafx/scene/control/skin/resources/controls_en_EG> (0x0000000787e3a1b0) 
thrown [open/src/hotspot/share/prims/jni.cpp, line 535]
Event: 23.572 Thread 0x0000000113a76800 Exception <a 'java/lang/NoSuchMethodError'{0x0000000787a34238}: 'void java.lang.invoke.DirectMethodHandle$Holder.invokeSpecial(java.lang.Object, java.lang.Object, java.lang.Object, java.lang.Object, java.lang.Object, java.lang.Object)'> (0x0000000787a34238) 
thrown [open/src/hotspot/share/interpreter/linkResolver.cpp, line 766]
Event: 23.813 Thread 0x0000000113a76800 Exception <a 'java/lang/NoSuchMethodError'{0x0000000787433500}: 'void java.lang.invoke.DirectMethodHandle$Holder.invokeSpecialIFC(java.lang.Object, java.lang.Object, java.lang.Object, java.lang.Object)'> (0x0000000787433500) 
thrown [open/src/hotspot/share/interpreter/linkResolver.cpp, line 766]
Event: 23.833 Thread 0x0000000113a76800 Exception <a 'java/lang/NoSuchMethodError'{0x0000000787e42a58}: 'int java.lang.invoke.DirectMethodHandle$Holder.invokeSpecial(java.lang.Object, java.lang.Object, int)'> (0x0000000787e42a58) 
thrown [open/src/hotspot/share/interpreter/linkResolver.cpp, line 766]
Event: 23.876 Thread 0x0000000113a76800 Implicit null exception at 0x000000013fcdadf0 to 0x000000013fcdb454
Event: 23.908 Thread 0x0000000113a76800 Exception <a 'java/lang/NoSuchMethodError'{0x000000078452efa0}: 'void java.lang.invoke.DirectMethodHandle$Holder.invokeSpecial(java.lang.Object, java.lang.Object, int, int)'> (0x000000078452efa0) 
thrown [open/src/hotspot/share/interpreter/linkResolver.cpp, line 766]
Event: 23.908 Thread 0x0000000113a76800 Exception <a 'java/lang/NoSuchMethodError'{0x0000000784535788}: 'java.lang.Object java.lang.invoke.DirectMethodHandle$Holder.newInvokeSpecial(java.lang.Object, java.lang.Object, int, int)'> (0x0000000784535788) 
thrown [open/src/hotspot/share/interpreter/linkResolver.cpp, line 766]
Event: 23.983 Thread 0x0000000113a76800 Exception <a 'java/lang/NoSuchMethodError'{0x0000000783f08de0}: 'java.lang.Object java.lang.invoke.DirectMethodHandle$Holder.newInvokeSpecial(java.lang.Object, java.lang.Object, int)'> (0x0000000783f08de0) 
thrown [open/src/hotspot/share/interpreter/linkResolver.cpp, line 766]
Event: 24.413 Thread 0x00000001370c2400 Exception <a 'java/lang/NoSuchMethodError'{0x00000007837d6068}: 'java.lang.Object java.lang.invoke.DirectMethodHandle$Holder.invokeStaticInit(java.lang.Object, int)'> (0x00000007837d6068) 
thrown [open/src/hotspot/share/interpreter/linkResolver.cpp, line 766]
Event: 31.992 Thread 0x0000000113a76800 Exception <a 'java/lang/NoSuchMethodError'{0x000000078351ebd8}: 'long java.lang.invoke.DirectMethodHandle$Holder.invokeStatic(java.lang.Object, java.lang.Object, java.lang.Object)'> (0x000000078351ebd8) 
thrown [open/src/hotspot/share/interpreter/linkResolver.cpp, line 766]
Event: 31.992 Thread 0x0000000113a76800 Exception <a 'java/lang/NoSuchMethodError'{0x0000000783522380}: 'long java.lang.invoke.DirectMethodHandle$Holder.invokeStaticInit(java.lang.Object, java.lang.Object, java.lang.Object)'> (0x0000000783522380) 
thrown [open/src/hotspot/share/interpreter/linkResolver.cpp, line 766]
Event: 31.993 Thread 0x0000000113a76800 Exception <a 'java/lang/NoSuchMethodError'{0x0000000783539f88}: 'java.lang.Object java.lang.invoke.DirectMethodHandle$Holder.newInvokeSpecial(java.lang.Object, java.lang.Object, long)'> (0x0000000783539f88) 
thrown [open/src/hotspot/share/interpreter/linkResolver.cpp, line 766]
Event: 31.993 Thread 0x0000000113a76800 Exception <a 'java/lang/NoSuchMethodError'{0x000000078353d850}: 'java.lang.Object java.lang.invoke.Invokers$Holder.linkToTargetMethod(java.lang.Object, long, java.lang.Object)'> (0x000000078353d850) 
thrown [open/src/hotspot/share/interpreter/linkResolver.cpp, line 766]
Event: 32.069 Thread 0x0000000113a76800 Exception <a 'java/lang/NoSuchMethodError'{0x0000000783455820}: 'long java.lang.invoke.DirectMethodHandle$Holder.invokeStatic(java.lang.Object, java.lang.Object)'> (0x0000000783455820) 
thrown [open/src/hotspot/share/interpreter/linkResolver.cpp, line 766]

VM Operations (20 events):
Event: 24.028 Executing VM operation: HandshakeAllThreads
Event: 24.028 Executing VM operation: HandshakeAllThreads done
Event: 24.184 Executing VM operation: HandshakeAllThreads
Event: 24.184 Executing VM operation: HandshakeAllThreads done
Event: 24.194 Executing VM operation: HandshakeAllThreads
Event: 24.195 Executing VM operation: HandshakeAllThreads done
Event: 24.200 Executing VM operation: ICBufferFull
Event: 24.200 Executing VM operation: ICBufferFull done
Event: 25.205 Executing VM operation: Cleanup
Event: 25.205 Executing VM operation: Cleanup done
Event: 32.231 Executing VM operation: Cleanup
Event: 32.232 Executing VM operation: Cleanup done
Event: 33.237 Executing VM operation: Cleanup
Event: 33.237 Executing VM operation: Cleanup done
Event: 35.247 Executing VM operation: Cleanup
Event: 35.247 Executing VM operation: Cleanup done
Event: 37.253 Executing VM operation: Cleanup
Event: 37.254 Executing VM operation: Cleanup done
Event: 38.259 Executing VM operation: Cleanup
Event: 38.259 Executing VM operation: Cleanup done

Events (20 events):
Event: 32.071 loading class java/util/stream/Nodes$LongArrayNode done
Event: 32.071 loading class java/util/stream/Nodes$LongFixedNodeBuilder done
Event: 32.071 loading class java/util/stream/ReferencePipeline$5$1
Event: 32.071 loading class java/util/stream/ReferencePipeline$5$1 done
Event: 32.593 Protecting memory [0x0000000170cd0000,0x0000000170cdc000] with protection modes 3
Event: 32.593 Thread 0x0000000110832c00 Thread exited: 0x0000000110832c00
Event: 35.141 Protecting memory [0x0000000170cd0000,0x0000000170cdc000] with protection modes 0
Event: 35.141 Thread 0x0000000117008200 Thread added: 0x0000000117008200
Event: 35.426 Protecting memory [0x0000000170cd0000,0x0000000170cdc000] with protection modes 3
Event: 35.426 Thread 0x0000000117008200 Thread exited: 0x0000000117008200
Event: 37.508 Protecting memory [0x0000000170cd0000,0x0000000170cdc000] with protection modes 0
Event: 37.508 Thread 0x0000000110832c00 Thread added: 0x0000000110832c00
Event: 37.826 Protecting memory [0x0000000170cd0000,0x0000000170cdc000] with protection modes 3
Event: 37.826 Thread 0x0000000110832c00 Thread exited: 0x0000000110832c00
Event: 38.075 Protecting memory [0x0000000170cd0000,0x0000000170cdc000] with protection modes 0
Event: 38.075 Thread 0x0000000110832c00 Thread added: 0x0000000110832c00
Event: 38.726 Protecting memory [0x0000000170cd0000,0x0000000170cdc000] with protection modes 3
Event: 38.726 Thread 0x0000000110832c00 Thread exited: 0x0000000110832c00
Event: 38.959 Protecting memory [0x0000000170cd0000,0x0000000170cdc000] with protection modes 0
Event: 38.959 Thread 0x0000000114012200 Thread added: 0x0000000114012200


Dynamic libraries:
0x000000010055c000 	/Users/youssefgeorge/Library/Java/JavaVirtualMachines/openjdk-17.0.2/Contents/Home/lib/libjli.dylib
0x00000001974e8000 	/usr/lib/libz.1.dylib
0x000000019759f000 	/usr/lib/libSystem.B.dylib
0x0000000197599000 	/usr/lib/system/libcache.dylib
0x0000000197557000 	/usr/lib/system/libcommonCrypto.dylib
0x0000000197580000 	/usr/lib/system/libcompiler_rt.dylib
0x0000000197577000 	/usr/lib/system/libcopyfile.dylib
0x000000018c7df000 	/usr/lib/system/libcorecrypto.dylib
0x000000018c892000 	/usr/lib/system/libdispatch.dylib
0x000000018ca60000 	/usr/lib/system/libdyld.dylib
0x000000019758f000 	/usr/lib/system/libkeymgr.dylib
0x0000000197532000 	/usr/lib/system/libmacho.dylib
0x0000000196c27000 	/usr/lib/system/libquarantine.dylib
0x000000019758c000 	/usr/lib/system/libremovefile.dylib
0x0000000191bc8000 	/usr/lib/system/libsystem_asl.dylib
0x000000018c781000 	/usr/lib/system/libsystem_blocks.dylib
0x000000018c91a000 	/usr/lib/system/libsystem_c.dylib
0x0000000197584000 	/usr/lib/system/libsystem_collections.dylib
0x00000001960b5000 	/usr/lib/system/libsystem_configuration.dylib
0x0000000195311000 	/usr/lib/system/libsystem_containermanager.dylib
0x0000000197294000 	/usr/lib/system/libsystem_coreservices.dylib
0x000000018f188000 	/usr/lib/system/libsystem_darwin.dylib
0x0000000197590000 	/usr/lib/system/libsystem_dnssd.dylib
0x000000018c917000 	/usr/lib/system/libsystem_featureflags.dylib
0x000000018ca75000 	/usr/lib/system/libsystem_info.dylib
0x00000001974fa000 	/usr/lib/system/libsystem_m.dylib
0x000000018c867000 	/usr/lib/system/libsystem_malloc.dylib
0x0000000191b57000 	/usr/lib/system/libsystem_networkextension.dylib
0x000000018f5e1000 	/usr/lib/system/libsystem_notify.dylib
0x000000019d8dd000 	/usr/lib/system/libsystem_product_info_filter.dylib
0x00000001960ba000 	/usr/lib/system/libsystem_sandbox.dylib
0x0000000197589000 	/usr/lib/system/libsystem_secinit.dylib
0x000000018ca1b000 	/usr/lib/system/libsystem_kernel.dylib
0x000000018ca6d000 	/usr/lib/system/libsystem_platform.dylib
0x000000018ca53000 	/usr/lib/system/libsystem_pthread.dylib
0x0000000193320000 	/usr/lib/system/libsystem_symptoms.dylib
0x000000018c7c5000 	/usr/lib/system/libsystem_trace.dylib
0x0000000197564000 	/usr/lib/system/libunwind.dylib
0x000000018c783000 	/usr/lib/system/libxpc.dylib
0x000000018ca03000 	/usr/lib/libc++abi.dylib
0x000000018c8d9000 	/usr/lib/libobjc.A.dylib
0x000000019756f000 	/usr/lib/liboah.dylib
0x000000018c99c000 	/usr/lib/libc++.1.dylib
0x00000001a33f6000 	/System/Library/Frameworks/Cocoa.framework/Versions/A/Cocoa
0x000000018f642000 	/System/Library/Frameworks/AppKit.framework/Versions/C/AppKit
0x0000000192b48000 	/System/Library/Frameworks/CoreData.framework/Versions/A/CoreData
0x000000018d99d000 	/System/Library/Frameworks/Foundation.framework/Versions/C/Foundation
0x00000001904fa000 	/System/Library/PrivateFrameworks/UIFoundation.framework/Versions/A/UIFoundation
0x000000019d5d7000 	/System/Library/PrivateFrameworks/RemoteViewServices.framework/Versions/A/RemoteViewServices
0x0000000195a5d000 	/System/Library/PrivateFrameworks/XCTTargetBootstrap.framework/Versions/A/XCTTargetBootstrap
0x00000001992db000 	/System/Library/PrivateFrameworks/InternationalSupport.framework/Versions/A/InternationalSupport
0x0000000199364000 	/System/Library/PrivateFrameworks/UserActivity.framework/Versions/A/UserActivity
0x00000001987d6000 	/usr/lib/libspindump.dylib
0x000000019076b000 	/System/Library/Frameworks/UniformTypeIdentifiers.framework/Versions/A/UniformTypeIdentifiers
0x0000000193fa8000 	/usr/lib/libapp_launch_measurement.dylib
0x00000001934d2000 	/System/Library/PrivateFrameworks/CoreAnalytics.framework/Versions/A/CoreAnalytics
0x0000000193fab000 	/System/Library/PrivateFrameworks/CoreAutoLayout.framework/Versions/A/CoreAutoLayout
0x000000019534e000 	/System/Library/Frameworks/Metal.framework/Versions/A/Metal
0x00000001960c5000 	/usr/lib/liblangid.dylib
0x0000000195a62000 	/System/Library/PrivateFrameworks/CoreSVG.framework/Versions/A/CoreSVG
0x0000000191bfc000 	/System/Library/PrivateFrameworks/SkyLight.framework/Versions/A/SkyLight
0x0000000191fd1000 	/System/Library/Frameworks/CoreGraphics.framework/Versions/A/CoreGraphics
0x000000019dca3000 	/System/Library/Frameworks/Accelerate.framework/Versions/A/Accelerate
0x000000019824d000 	/System/Library/PrivateFrameworks/IconServices.framework/Versions/A/IconServices
0x0000000195330000 	/System/Library/Frameworks/IOSurface.framework/Versions/A/IOSurface
0x0000000193503000 	/usr/lib/libDiagnosticMessagesClient.dylib
0x00000001a11a4000 	/System/Library/Frameworks/ApplicationServices.framework/Versions/A/ApplicationServices
0x0000000195a45000 	/System/Library/PrivateFrameworks/DFRFoundation.framework/Versions/A/DFRFoundation
0x000000018eed2000 	/usr/lib/libicucore.A.dylib
0x000000019a187000 	/System/Library/Frameworks/AudioToolbox.framework/Versions/A/AudioToolbox
0x00000001992e7000 	/System/Library/PrivateFrameworks/DataDetectorsCore.framework/Versions/A/DataDetectorsCore
0x00000001afc27000 	/System/Library/PrivateFrameworks/TextInput.framework/Versions/A/TextInput
0x0000000191b71000 	/usr/lib/libMobileGestalt.dylib
0x0000000195711000 	/System/Library/Frameworks/Carbon.framework/Versions/A/Frameworks/HIToolbox.framework/Versions/A/HIToolbox
0x0000000193984000 	/System/Library/Frameworks/QuartzCore.framework/Versions/A/QuartzCore
0x000000018eb55000 	/System/Library/Frameworks/Security.framework/Versions/A/Security
0x000000019d617000 	/System/Library/Frameworks/Carbon.framework/Versions/A/Frameworks/SpeechRecognition.framework/Versions/A/SpeechRecognition
0x0000000193cfe000 	/System/Library/PrivateFrameworks/CoreUI.framework/Versions/A/CoreUI
0x000000018e432000 	/System/Library/Frameworks/CoreAudio.framework/Versions/A/CoreAudio
0x00000001935f8000 	/System/Library/Frameworks/DiskArbitration.framework/Versions/A/DiskArbitration
0x0000000198be0000 	/System/Library/PrivateFrameworks/MultitouchSupport.framework/Versions/A/MultitouchSupport
0x0000000191b6f000 	/usr/lib/libenergytrace.dylib
0x000000018f50a000 	/System/Library/Frameworks/IOKit.framework/Versions/A/IOKit
0x000000019da06000 	/System/Library/Frameworks/CoreServices.framework/Versions/A/CoreServices
0x0000000193f38000 	/System/Library/PrivateFrameworks/PerformanceAnalysis.framework/Versions/A/PerformanceAnalysis
0x00000001edf0f000 	/System/Library/Frameworks/OpenGL.framework/Versions/A/OpenGL
0x0000000196b3f000 	/System/Library/PrivateFrameworks/MobileKeyBag.framework/Versions/A/MobileKeyBag
0x00000001925de000 	/System/Library/Frameworks/ColorSync.framework/Versions/A/ColorSync
0x000000018caa2000 	/System/Library/Frameworks/CoreFoundation.framework/Versions/A/CoreFoundation
0x0000000195ce1000 	/System/Library/Frameworks/CoreImage.framework/Versions/A/CoreImage
0x000000018e256000 	/System/Library/Frameworks/CoreText.framework/Versions/A/CoreText
0x0000000195a92000 	/System/Library/Frameworks/ImageIO.framework/Versions/A/ImageIO
0x00000001975a5000 	/System/Library/PrivateFrameworks/SoftLinking.framework/Versions/A/SoftLinking
0x0000000193ff6000 	/usr/lib/libxml2.2.dylib
0x000000019783e000 	/usr/lib/libcompression.dylib
0x0000000199237000 	/System/Library/PrivateFrameworks/TextureIO.framework/Versions/A/TextureIO
0x0000000197f66000 	/usr/lib/libate.dylib
0x0000000197e2b000 	/usr/lib/liblzma.5.dylib
0x000000018d691000 	/System/Library/Frameworks/SystemConfiguration.framework/Versions/A/SystemConfiguration
0x00000001975a1000 	/usr/lib/libfakelink.dylib
0x00000001916a3000 	/System/Library/Frameworks/CFNetwork.framework/Versions/A/CFNetwork
0x00000001976e7000 	/usr/lib/libarchive.2.dylib
0x00000001960c1000 	/System/Library/PrivateFrameworks/AppleSystemInfo.framework/Versions/A/AppleSystemInfo
0x0000000196c52000 	/usr/lib/libbsm.0.dylib
0x0000000190c14000 	/usr/lib/libnetwork.dylib
0x000000019753b000 	/usr/lib/system/libkxld.dylib
0x0000000196865000 	/System/Library/PrivateFrameworks/IOMobileFramebuffer.framework/Versions/A/IOMobileFramebuffer
0x000000020b83b000 	/usr/lib/libCoreEntitlements.dylib
0x0000000197276000 	/System/Library/PrivateFrameworks/AppleFSCompression.framework/Versions/A/AppleFSCompression
0x0000000196c3a000 	/usr/lib/libcoretls.dylib
0x0000000197e44000 	/usr/lib/libcoretls_cfhelpers.dylib
0x0000000197839000 	/usr/lib/libpam.2.dylib
0x0000000192f37000 	/usr/lib/libsqlite3.dylib
0x0000000197ead000 	/usr/lib/libxar.1.dylib
0x0000000197287000 	/usr/lib/libbz2.1.0.dylib
0x00000001975a6000 	/usr/lib/libpcap.A.dylib
0x0000000193317000 	/usr/lib/libdns_services.dylib
0x000000019780c000 	/usr/lib/libapple_nghttp2.dylib
0x00000001975e3000 	/usr/lib/libiconv.2.dylib
0x0000000197531000 	/usr/lib/libcharset.1.dylib
0x0000000193f74000 	/System/Library/Frameworks/CoreServices.framework/Versions/A/Frameworks/FSEvents.framework/Versions/A/FSEvents
0x000000018f193000 	/System/Library/Frameworks/CoreServices.framework/Versions/A/Frameworks/CarbonCore.framework/Versions/A/CarbonCore
0x0000000193558000 	/System/Library/Frameworks/CoreServices.framework/Versions/A/Frameworks/Metadata.framework/Versions/A/Metadata
0x000000019729a000 	/System/Library/Frameworks/CoreServices.framework/Versions/A/Frameworks/OSServices.framework/Versions/A/OSServices
0x000000019776d000 	/System/Library/Frameworks/CoreServices.framework/Versions/A/Frameworks/SearchKit.framework/Versions/A/SearchKit
0x00000001932a6000 	/System/Library/Frameworks/CoreServices.framework/Versions/A/Frameworks/AE.framework/Versions/A/AE
0x000000018cfe8000 	/System/Library/Frameworks/CoreServices.framework/Versions/A/Frameworks/LaunchServices.framework/Versions/A/LaunchServices
0x0000000197dd4000 	/System/Library/Frameworks/CoreServices.framework/Versions/A/Frameworks/DictionaryServices.framework/Versions/A/DictionaryServices
0x0000000193f81000 	/System/Library/Frameworks/CoreServices.framework/Versions/A/Frameworks/SharedFileList.framework/Versions/A/SharedFileList
0x0000000196c2a000 	/usr/lib/libCheckFix.dylib
0x0000000191be0000 	/System/Library/PrivateFrameworks/TCC.framework/Versions/A/TCC
0x00000001960c7000 	/System/Library/PrivateFrameworks/CoreNLP.framework/Versions/A/CoreNLP
0x0000000193506000 	/System/Library/PrivateFrameworks/MetadataUtilities.framework/Versions/A/MetadataUtilities
0x000000018d74a000 	/usr/lib/libmecabra.dylib
0x0000000196c63000 	/usr/lib/libmecab.dylib
0x000000018d716000 	/usr/lib/libCRFSuite.dylib
0x0000000196cc0000 	/usr/lib/libgermantok.dylib
0x00000001977e5000 	/usr/lib/libThaiTokenizer.dylib
0x0000000193600000 	/System/Library/Frameworks/Accelerate.framework/Versions/A/Frameworks/vImage.framework/Versions/A/vImage
0x000000019d9dd000 	/System/Library/Frameworks/Accelerate.framework/Versions/A/Frameworks/vecLib.framework/Versions/A/vecLib
0x0000000197ef2000 	/System/Library/Frameworks/Accelerate.framework/Versions/A/Frameworks/vecLib.framework/Versions/A/libvMisc.dylib
0x000000019676c000 	/System/Library/Frameworks/Accelerate.framework/Versions/A/Frameworks/vecLib.framework/Versions/A/libvDSP.dylib
0x000000018d371000 	/System/Library/Frameworks/Accelerate.framework/Versions/A/Frameworks/vecLib.framework/Versions/A/libBLAS.dylib
0x000000019790f000 	/System/Library/Frameworks/Accelerate.framework/Versions/A/Frameworks/vecLib.framework/Versions/A/libLAPACK.dylib
0x0000000196cc3000 	/System/Library/Frameworks/Accelerate.framework/Versions/A/Frameworks/vecLib.framework/Versions/A/libLinearAlgebra.dylib
0x0000000197824000 	/System/Library/Frameworks/Accelerate.framework/Versions/A/Frameworks/vecLib.framework/Versions/A/libSparseBLAS.dylib
0x000000019790a000 	/System/Library/Frameworks/Accelerate.framework/Versions/A/Frameworks/vecLib.framework/Versions/A/libQuadrature.dylib
0x00000001961c0000 	/System/Library/Frameworks/Accelerate.framework/Versions/A/Frameworks/vecLib.framework/Versions/A/libBNNS.dylib
0x000000018d62f000 	/System/Library/Frameworks/Accelerate.framework/Versions/A/Frameworks/vecLib.framework/Versions/A/libSparse.dylib
0x00000001961b8000 	/System/Library/PrivateFrameworks/LinguisticData.framework/Versions/A/LinguisticData
0x000000018d5e7000 	/System/Library/PrivateFrameworks/Lexicon.framework/Versions/A/Lexicon
0x0000000197eea000 	/usr/lib/libChineseTokenizer.dylib
0x000000018dd8e000 	/System/Library/PrivateFrameworks/LanguageModeling.framework/Versions/A/LanguageModeling
0x00000001977e7000 	/System/Library/PrivateFrameworks/AppleSauce.framework/Versions/A/AppleSauce
0x0000000196852000 	/System/Library/PrivateFrameworks/CoreEmoji.framework/Versions/A/CoreEmoji
0x00000001976d5000 	/usr/lib/libcmph.dylib
0x0000000193f54000 	/System/Library/Frameworks/OpenDirectory.framework/Versions/A/Frameworks/CFOpenDirectory.framework/Versions/A/CFOpenDirectory
0x0000000193f44000 	/System/Library/Frameworks/OpenDirectory.framework/Versions/A/OpenDirectory
0x0000000197e46000 	/System/Library/PrivateFrameworks/APFS.framework/Versions/A/APFS
0x0000000196b7a000 	/System/Library/Frameworks/SecurityFoundation.framework/Versions/A/SecurityFoundation
0x0000000197ebc000 	/usr/lib/libutil.dylib
0x000000018f4cc000 	/System/Library/PrivateFrameworks/CoreServicesStore.framework/Versions/A/CoreServicesStore
0x0000000197ec0000 	/usr/lib/libxslt.1.dylib
0x0000000196c0e000 	/System/Library/PrivateFrameworks/BackgroundTaskManagement.framework/Versions/A/BackgroundTaskManagement
0x0000000199158000 	/System/Library/Frameworks/ImageIO.framework/Versions/A/Resources/libRadiance.dylib
0x0000000199161000 	/System/Library/Frameworks/ImageIO.framework/Versions/A/Resources/libJPEG.dylib
0x00000001990b4000 	/System/Library/Frameworks/ImageIO.framework/Versions/A/Resources/libPng.dylib
0x00000001990d6000 	/System/Library/Frameworks/ImageIO.framework/Versions/A/Resources/libTIFF.dylib
0x00000001991bc000 	/System/Library/Frameworks/ImageIO.framework/Versions/A/Resources/libGIF.dylib
0x0000000198af0000 	/System/Library/Frameworks/ImageIO.framework/Versions/A/Resources/libJP2.dylib
0x0000000198212000 	/usr/lib/libexpat.1.dylib
0x0000000198aab000 	/System/Library/PrivateFrameworks/AppleJPEG.framework/Versions/A/AppleJPEG
0x00000001955cd000 	/System/Library/PrivateFrameworks/FontServices.framework/libFontParser.dylib
0x000000019324b000 	/System/Library/PrivateFrameworks/RunningBoardServices.framework/Versions/A/RunningBoardServices
0x00000001a3ac9000 	/System/Library/PrivateFrameworks/IOSurfaceAccelerator.framework/Versions/A/IOSurfaceAccelerator
0x0000000198bdc000 	/System/Library/PrivateFrameworks/WatchdogClient.framework/Versions/A/WatchdogClient
0x000000018de92000 	/System/Library/Frameworks/CoreDisplay.framework/Versions/A/CoreDisplay
0x00000001954b7000 	/System/Library/Frameworks/CoreMedia.framework/Versions/A/CoreMedia
0x0000000195344000 	/System/Library/PrivateFrameworks/IOAccelerator.framework/Versions/A/IOAccelerator
0x00000001940e4000 	/System/Library/Frameworks/CoreVideo.framework/Versions/A/CoreVideo
0x0000000197837000 	/System/Library/Frameworks/MetalPerformanceShaders.framework/Versions/A/MetalPerformanceShaders
0x0000000198c1b000 	/System/Library/Frameworks/VideoToolbox.framework/Versions/A/VideoToolbox
0x000000019318f000 	/System/Library/PrivateFrameworks/BaseBoard.framework/Versions/A/BaseBoard
0x0000000192f1d000 	/System/Library/PrivateFrameworks/ProtocolBuffer.framework/Versions/A/ProtocolBuffer
0x0000000199153000 	/System/Library/PrivateFrameworks/GPUWrangler.framework/Versions/A/GPUWrangler
0x0000000199133000 	/System/Library/PrivateFrameworks/IOPresentment.framework/Versions/A/IOPresentment
0x000000019915b000 	/System/Library/PrivateFrameworks/DSExternalDisplay.framework/Versions/A/DSExternalDisplay
0x00000001edf02000 	/System/Library/Frameworks/OpenGL.framework/Versions/A/Libraries/libCoreFSCache.dylib
0x00000001f83c1000 	/System/Library/PrivateFrameworks/GPUCompiler.framework/Versions/31001/Libraries/libGPUCompilerUtils.dylib
0x00000001991c1000 	/System/Library/PrivateFrameworks/CMCaptureCore.framework/Versions/A/CMCaptureCore
0x00000001987c3000 	/System/Library/PrivateFrameworks/AppServerSupport.framework/Versions/A/AppServerSupport
0x000000019aa44000 	/System/Library/PrivateFrameworks/perfdata.framework/Versions/A/perfdata
0x000000018dfb2000 	/System/Library/PrivateFrameworks/AudioToolboxCore.framework/Versions/A/AudioToolboxCore
0x0000000195490000 	/System/Library/PrivateFrameworks/caulk.framework/Versions/A/caulk
0x000000019a339000 	/usr/lib/libAudioStatistics.dylib
0x00000001ac28e000 	/System/Library/PrivateFrameworks/SystemPolicy.framework/Versions/A/SystemPolicy
0x000000019a5a5000 	/usr/lib/libSMC.dylib
0x00000001a32d8000 	/System/Library/Frameworks/CoreMIDI.framework/Versions/A/CoreMIDI
0x0000000199082000 	/usr/lib/libAudioToolboxUtility.dylib
0x00000001a835b000 	/System/Library/PrivateFrameworks/OSAServicesClient.framework/Versions/A/OSAServicesClient
0x000000019aa51000 	/usr/lib/libperfcheck.dylib
0x00000001acda6000 	/usr/lib/libmis.dylib
0x00000001edf64000 	/System/Library/Frameworks/OpenGL.framework/Versions/A/Libraries/libGLU.dylib
0x00000001edf23000 	/System/Library/Frameworks/OpenGL.framework/Versions/A/Libraries/libGFXShared.dylib
0x00000001ee110000 	/System/Library/Frameworks/OpenGL.framework/Versions/A/Libraries/libGL.dylib
0x00000001edf2c000 	/System/Library/Frameworks/OpenGL.framework/Versions/A/Libraries/libGLImage.dylib
0x00000001edf20000 	/System/Library/Frameworks/OpenGL.framework/Versions/A/Libraries/libCVMSPluginSupport.dylib
0x00000001edf09000 	/System/Library/Frameworks/OpenGL.framework/Versions/A/Libraries/libCoreVMClient.dylib
0x0000000196041000 	/System/Library/Frameworks/MetalPerformanceShaders.framework/Versions/A/Frameworks/MPSCore.framework/Versions/A/MPSCore
0x00000001971e9000 	/System/Library/Frameworks/MetalPerformanceShaders.framework/Versions/A/Frameworks/MPSImage.framework/Versions/A/MPSImage
0x0000000196cd8000 	/System/Library/Frameworks/MetalPerformanceShaders.framework/Versions/A/Frameworks/MPSNeuralNetwork.framework/Versions/A/MPSNeuralNetwork
0x0000000197111000 	/System/Library/Frameworks/MetalPerformanceShaders.framework/Versions/A/Frameworks/MPSMatrix.framework/Versions/A/MPSMatrix
0x0000000196eea000 	/System/Library/Frameworks/MetalPerformanceShaders.framework/Versions/A/Frameworks/MPSRayIntersector.framework/Versions/A/MPSRayIntersector
0x0000000197142000 	/System/Library/Frameworks/MetalPerformanceShaders.framework/Versions/A/Frameworks/MPSNDArray.framework/Versions/A/MPSNDArray
0x00000001f007b000 	/System/Library/Frameworks/MetalPerformanceShaders.framework/Versions/A/Frameworks/MPSFunctions.framework/Versions/A/MPSFunctions
0x000000018d248000 	/System/Library/PrivateFrameworks/MetalTools.framework/Versions/A/MetalTools
0x00000001960bf000 	/System/Library/PrivateFrameworks/AggregateDictionary.framework/Versions/A/AggregateDictionary
0x0000000197ff7000 	/usr/lib/libIOReport.dylib
0x00000001a22f6000 	/System/Library/PrivateFrameworks/ASEProcessing.framework/Versions/A/ASEProcessing
0x000000019836c000 	/System/Library/PrivateFrameworks/FaceCore.framework/Versions/A/FaceCore
0x000000019835e000 	/System/Library/PrivateFrameworks/GraphVisualizer.framework/Versions/A/GraphVisualizer
0x00000001f82d8000 	/System/Library/PrivateFrameworks/FontServices.framework/Versions/A/FontServices
0x000000019877f000 	/System/Library/PrivateFrameworks/OTSVG.framework/Versions/A/OTSVG
0x0000000193cae000 	/System/Library/Frameworks/ApplicationServices.framework/Versions/A/Frameworks/ATS.framework/Versions/A/Resources/libFontRegistry.dylib
0x00000001987cc000 	/System/Library/PrivateFrameworks/FontServices.framework/libhvf.dylib
0x00000001f82d9000 	/System/Library/PrivateFrameworks/FontServices.framework/libXTFontStaticRegistryData.dylib
0x00000001ee2b1000 	/System/Library/Frameworks/OpenCL.framework/Versions/A/OpenCL
0x00000001981c6000 	/System/Library/PrivateFrameworks/AppleVA.framework/Versions/A/AppleVA
0x000000019a361000 	/System/Library/Frameworks/ApplicationServices.framework/Versions/A/Frameworks/ATS.framework/Versions/A/ATS
0x00000001926db000 	/System/Library/Frameworks/ApplicationServices.framework/Versions/A/Frameworks/HIServices.framework/Versions/A/HIServices
0x00000001991cb000 	/System/Library/Frameworks/ApplicationServices.framework/Versions/A/Frameworks/PrintCore.framework/Versions/A/PrintCore
0x000000019a6f8000 	/System/Library/Frameworks/ApplicationServices.framework/Versions/A/Frameworks/QD.framework/Versions/A/QD
0x000000019a6f0000 	/System/Library/Frameworks/ApplicationServices.framework/Versions/A/Frameworks/ColorSyncLegacy.framework/Versions/A/ColorSyncLegacy
0x000000019a34d000 	/System/Library/Frameworks/ApplicationServices.framework/Versions/A/Frameworks/SpeechSynthesis.framework/Versions/A/SpeechSynthesis
0x000000019918c000 	/System/Library/Frameworks/ApplicationServices.framework/Versions/A/Frameworks/ATSUI.framework/Versions/A/ATSUI
0x000000019a685000 	/usr/lib/libcups.2.dylib
0x000000019aa5f000 	/System/Library/Frameworks/Kerberos.framework/Versions/A/Kerberos
0x000000019aa70000 	/System/Library/Frameworks/GSS.framework/Versions/A/GSS
0x000000019a3d1000 	/usr/lib/libresolv.9.dylib
0x00000001987db000 	/System/Library/PrivateFrameworks/Heimdal.framework/Versions/A/Heimdal
0x00000001a152b000 	/System/Library/Frameworks/Kerberos.framework/Versions/A/Libraries/libHeimdalProxy.dylib
0x0000000193329000 	/System/Library/Frameworks/Network.framework/Versions/A/Network
0x000000019822d000 	/usr/lib/libheimdal-asn1.dylib
0x000000019aac0000 	/System/Library/PrivateFrameworks/CommonAuth.framework/Versions/A/CommonAuth
0x000000019a2c7000 	/System/Library/PrivateFrameworks/AudioSession.framework/Versions/A/AudioSession
0x00000001982bf000 	/System/Library/PrivateFrameworks/MediaExperience.framework/Versions/A/MediaExperience
0x000000019a14d000 	/System/Library/PrivateFrameworks/AudioSession.framework/libSessionUtility.dylib
0x000000019a704000 	/System/Library/PrivateFrameworks/AudioResourceArbitration.framework/Versions/A/AudioResourceArbitration
0x000000019e8ba000 	/System/Library/PrivateFrameworks/PowerLog.framework/Versions/A/PowerLog
0x0000000198237000 	/System/Library/PrivateFrameworks/IconFoundation.framework/Versions/A/IconFoundation
0x000000019d603000 	/System/Library/PrivateFrameworks/SpeechRecognitionCore.framework/Versions/A/SpeechRecognitionCore
0x0000000101610000 	/Users/youssefgeorge/Library/Java/JavaVirtualMachines/openjdk-17.0.2/Contents/Home/lib/server/libjvm.dylib
0x00000001005c0000 	/Users/youssefgeorge/Library/Java/JavaVirtualMachines/openjdk-17.0.2/Contents/Home/lib/libjimage.dylib
0x00000001005ec000 	/Users/youssefgeorge/Library/Java/JavaVirtualMachines/openjdk-17.0.2/Contents/Home/lib/libinstrument.dylib
0x0000000100704000 	/Users/youssefgeorge/Library/Java/JavaVirtualMachines/openjdk-17.0.2/Contents/Home/lib/libjava.dylib
0x0000000101598000 	/Users/youssefgeorge/Library/Java/JavaVirtualMachines/openjdk-17.0.2/Contents/Home/lib/libnio.dylib
0x00000001015dc000 	/Users/youssefgeorge/Library/Java/JavaVirtualMachines/openjdk-17.0.2/Contents/Home/lib/libnet.dylib
0x00000001015b8000 	/Users/youssefgeorge/Library/Java/JavaVirtualMachines/openjdk-17.0.2/Contents/Home/lib/libzip.dylib
0x0000000113600000 	/Users/youssefgeorge/.openjfx/cache/17.0.1/libprism_es2.dylib
0x000000018f48f000 	/System/Library/PrivateFrameworks/CoreServicesInternal.framework/Versions/A/CoreServicesInternal
0x00000001ee11a000 	/System/Library/Frameworks/OpenGL.framework/Versions/A/Resources/GLEngine.bundle/GLEngine
0x00000001edfa2000 	/System/Library/Frameworks/OpenGL.framework/Versions/A/Libraries/libGLProgrammability.dylib
0x0000000114efc000 	/System/Library/Extensions/AppleMetalOpenGLRenderer.bundle/Contents/MacOS/AppleMetalOpenGLRenderer
0x00000001ee289000 	/System/Library/Frameworks/OpenGL.framework/Versions/A/Resources/GLRendererFloat.bundle/GLRendererFloat
0x00000001ee389000 	/System/Library/Extensions/AGXMetal13_3.bundle/Contents/MacOS/AGXMetal13_3
0x00000001acdc2000 	/System/Library/PrivateFrameworks/GPURawCounter.framework/Versions/A/GPURawCounter
0x00000001a74cc000 	/System/Library/PrivateFrameworks/IOGPU.framework/Versions/A/IOGPU
0x0000000115110000 	/Users/youssefgeorge/.openjfx/cache/17.0.1/libglass.dylib
0x000000019eb12000 	/System/Library/Frameworks/FileProvider.framework/Versions/A/FileProvider
0x00000001930f7000 	/System/Library/Frameworks/Accounts.framework/Versions/A/Accounts
0x000000019ec96000 	/System/Library/PrivateFrameworks/GenerationalStorage.framework/Versions/A/GenerationalStorage
0x000000019f859000 	/System/Library/PrivateFrameworks/CoreSymbolication.framework/Versions/A/CoreSymbolication
0x000000019e8ae000 	/System/Library/PrivateFrameworks/SymptomDiagnosticReporter.framework/Versions/A/SymptomDiagnosticReporter
0x000000019077f000 	/System/Library/PrivateFrameworks/DesktopServicesPriv.framework/Versions/A/DesktopServicesPriv
0x000000018f5f1000 	/usr/lib/libsandbox.1.dylib
0x0000000194172000 	/System/Library/PrivateFrameworks/UserManagement.framework/Versions/A/UserManagement
0x000000019f816000 	/System/Library/PrivateFrameworks/DebugSymbols.framework/Versions/A/DebugSymbols
0x000000019a6e3000 	/System/Library/PrivateFrameworks/NetAuth.framework/Versions/A/NetAuth
0x000000019b601000 	/System/Library/PrivateFrameworks/Sharing.framework/Versions/A/Sharing
0x0000000194142000 	/System/Library/PrivateFrameworks/login.framework/Versions/A/Frameworks/loginsupport.framework/Versions/A/loginsupport
0x00000001a0a4b000 	/System/Library/PrivateFrameworks/Apple80211.framework/Versions/A/Apple80211
0x00000001972cd000 	/System/Library/PrivateFrameworks/AuthKit.framework/Versions/A/AuthKit
0x000000019694e000 	/System/Library/PrivateFrameworks/CoreUtils.framework/Versions/A/CoreUtils
0x0000000196871000 	/System/Library/Frameworks/CoreWLAN.framework/Versions/A/CoreWLAN
0x000000019b771000 	/System/Library/Frameworks/IOBluetooth.framework/Versions/A/IOBluetooth
0x00000001a0aab000 	/System/Library/PrivateFrameworks/CoreWiFi.framework/Versions/A/CoreWiFi
0x000000019f3f6000 	/System/Library/PrivateFrameworks/FrontBoardServices.framework/Versions/A/FrontBoardServices
0x000000019f48e000 	/System/Library/PrivateFrameworks/BoardServices.framework/Versions/A/BoardServices
0x0000000196b68000 	/System/Library/PrivateFrameworks/AssertionServices.framework/Versions/A/AssertionServices
0x00000001a0c28000 	/System/Library/PrivateFrameworks/BackBoardServices.framework/Versions/A/BackBoardServices
0x000000019ab57000 	/System/Library/PrivateFrameworks/CorePhoneNumbers.framework/Versions/A/CorePhoneNumbers
0x000000019e9de000 	/System/Library/PrivateFrameworks/DiskManagement.framework/Versions/A/DiskManagement
0x000000019e8e1000 	/System/Library/PrivateFrameworks/AppleIDAuthSupport.framework/Versions/A/AppleIDAuthSupport
0x00000001f28a2000 	/System/Library/PrivateFrameworks/AAAFoundation.framework/Versions/A/AAAFoundation
0x000000019ab36000 	/System/Library/PrivateFrameworks/KeychainCircle.framework/Versions/A/KeychainCircle
0x000000019e9aa000 	/System/Library/PrivateFrameworks/MediaKit.framework/Versions/A/MediaKit
0x000000019e8ee000 	/System/Library/Frameworks/DiscRecording.framework/Versions/A/DiscRecording
0x0000000198142000 	/usr/lib/libCoreStorage.dylib
0x00000001a0f25000 	/usr/lib/libcsfde.dylib
0x000000019b846000 	/System/Library/PrivateFrameworks/ProtectedCloudStorage.framework/Versions/A/ProtectedCloudStorage
0x00000001a0f1d000 	/System/Library/PrivateFrameworks/EFILogin.framework/Versions/A/EFILogin
0x000000019ecbd000 	/System/Library/PrivateFrameworks/OctagonTrust.framework/Versions/A/OctagonTrust
0x00000001f7473000 	/System/Library/PrivateFrameworks/CoreUtilsExtras.framework/Versions/A/CoreUtilsExtras
0x000000019e813000 	/System/Library/Frameworks/CoreBluetooth.framework/Versions/A/CoreBluetooth
0x00000001a15b0000 	/System/Library/Frameworks/AudioUnit.framework/Versions/A/AudioUnit
0x000000019813a000 	/usr/lib/libMatch.1.dylib
0x00000001b126e000 	/System/Library/Frameworks/Accelerate.framework/Versions/A/Frameworks/vImage.framework/Versions/A/Libraries/libCGInterfaces.dylib
0x00000001164c4000 	/usr/lib/libobjc-trampolines.dylib
0x0000000193e3c000 	/System/Library/PrivateFrameworks/ViewBridge.framework/Versions/A/ViewBridge
0x000000019889e000 	/System/Library/PrivateFrameworks/login.framework/Versions/A/login
0x0000000131c80000 	/Users/youssefgeorge/.openjfx/cache/17.0.1/libjavafx_font.dylib
0x000000020b9b9000 	/usr/lib/libRosetta.dylib
0x0000000131cd0000 	/System/Library/Frameworks/FileProvider.framework/OverrideBundles/CloudDocsFileProvider.bundle/Contents/MacOS/CloudDocsFileProvider
0x0000000194397000 	/System/Library/PrivateFrameworks/CloudDocs.framework/Versions/A/CloudDocs
0x00000001a125a000 	/System/Library/PrivateFrameworks/AppleAccount.framework/Versions/A/AppleAccount
0x000000019b82d000 	/System/Library/PrivateFrameworks/AppContainer.framework/Versions/A/AppContainer
0x000000019b2db000 	/System/Library/PrivateFrameworks/IDS.framework/Versions/A/IDS
0x00000001a13a4000 	/System/Library/PrivateFrameworks/AppleIDSSOAuthentication.framework/Versions/A/AppleIDSSOAuthentication
0x0000000194145000 	/System/Library/PrivateFrameworks/ApplePushService.framework/Versions/A/ApplePushService
0x00000001a0fa3000 	/System/Library/PrivateFrameworks/AppSupport.framework/Versions/A/AppSupport
0x000000019a0ac000 	/System/Library/PrivateFrameworks/IMFoundation.framework/Versions/A/IMFoundation
0x00000001a7b6f000 	/System/Library/PrivateFrameworks/Marco.framework/Versions/A/Marco
0x000000019b455000 	/System/Library/PrivateFrameworks/IDSFoundation.framework/Versions/A/IDSFoundation
0x0000000193175000 	/System/Library/PrivateFrameworks/CommonUtilities.framework/Versions/A/CommonUtilities
0x00000001ac98e000 	/System/Library/PrivateFrameworks/FTServices.framework/Versions/A/FTServices
0x00000001a4eb7000 	/System/Library/PrivateFrameworks/Engram.framework/Versions/A/Engram
0x00000001a4e59000 	/usr/lib/libtidy.A.dylib
0x0000000198a58000 	/System/Library/PrivateFrameworks/Bom.framework/Versions/A/Bom
0x000000019a40e000 	/usr/lib/libParallelCompression.dylib
0x0000000198000000 	/System/Library/PrivateFrameworks/CrashReporterSupport.framework/Versions/A/CrashReporterSupport
0x00000001b6c2d000 	/System/Library/PrivateFrameworks/FTAWD.framework/Versions/A/FTAWD
0x00000001b8ce7000 	/System/Library/PrivateFrameworks/OSAnalytics.framework/Versions/A/OSAnalytics
0x00000001c3fe5000 	/System/Library/PrivateFrameworks/Symbolication.framework/Versions/A/Symbolication
0x00000001acd83000 	/System/Library/PrivateFrameworks/MallocStackLogging.framework/Versions/A/MallocStackLogging
0x000000019dd21000 	/System/Library/PrivateFrameworks/CoreDaemon.framework/Versions/B/CoreDaemon
0x000000019dd1b000 	/System/Library/PrivateFrameworks/AppleSRP.framework/Versions/A/AppleSRP
0x0000000196c19000 	/System/Library/Frameworks/ServiceManagement.framework/Versions/A/ServiceManagement
0x000000019b842000 	/System/Library/PrivateFrameworks/SecCodeWrapper.framework/Versions/A/SecCodeWrapper
0x00000001307e8000 	/System/Library/Frameworks/FileProvider.framework/OverrideBundles/FileProviderOverride.bundle/Contents/MacOS/FileProviderOverride
0x0000000131f84000 	/System/Library/Frameworks/FileProvider.framework/OverrideBundles/FinderSyncCollaborationFileProviderOverride.bundle/Contents/MacOS/FinderSyncCollaborationFileProviderOverride
0x00000001bd4b8000 	/System/Library/PrivateFrameworks/FinderSyncPriv.framework/Versions/A/FinderSyncPriv
0x00000001aab6e000 	/usr/lib/libFosl_dynamic.dylib
0x00000001b0b46000 	/usr/lib/libncurses.5.4.dylib
0x00000001f2f55000 	/System/Library/PrivateFrameworks/AccessibilityBundles.framework/Versions/A/AccessibilityBundles


VM Arguments:
jvm_args: -javaagent:/Applications/IntelliJ IDEA.app/Contents/lib/idea_rt.jar=60363:/Applications/IntelliJ IDEA.app/Contents/bin -Dfile.encoding=UTF-8 --module-path=/Users/youssefgeorge/.m2/repository/com/fasterxml/jackson/core/jackson-core/2.13.3/jackson-core-2.13.3.jar:/Users/youssefgeorge/.m2/repository/com/fasterxml/jackson/core/jackson-databind/2.13.3/jackson-databind-2.13.3.jar:/Users/youssefgeorge/.m2/repository/com/fasterxml/jackson/core/jackson-annotations/2.13.3/jackson-annotations-2.13.3.jar:/Users/youssefgeorge/.m2/repository/org/openjfx/javafx-base/17.0.1/javafx-base-17.0.1-mac-aarch64.jar:/Users/youssefgeorge/.m2/repository/org/json/json/20090211/json-20090211.jar:/Users/youssefgeorge/.m2/repository/org/openjfx/javafx-controls/17.0.1/javafx-controls-17.0.1-mac-aarch64.jar:/Volumes/D/Uni/Semester 6/CSE338 SW Testing VV/Project/CSE338Project/target/classes:/Users/youssefgeorge/.m2/repository/org/openjfx/javafx-fxml/17.0.1/javafx-fxml-17.0.1-mac-aarch64.jar:/Users/youssefgeorge/.m2/repository/org/openjfx/javafx-graphics/17.0.1/javafx-graphics-17.0.1-mac-aarch64.jar -Djdk.module.main=com.example.cse338project 
java_command: com.example.cse338project/com.example.cse338project.gui.Main
java_class_path (initial): /Users/youssefgeorge/.m2/repository/com/fasterxml/jackson/dataformat/jackson-dataformat-yaml/2.5.3/jackson-dataformat-yaml-2.5.3.jar:/Users/youssefgeorge/.m2/repository/com/fasterxml/jackson/core/jackson-core/2.5.3/jackson-core-2.5.3.jar:/Users/youssefgeorge/.m2/repository/com/fasterxml/jackson/core/jackson-databind/2.5.3/jackson-databind-2.5.3.jar:/Users/youssefgeorge/.m2/repository/com/fasterxml/jackson/core/jackson-annotations/2.5.0/jackson-annotations-2.5.0.jar:/Users/youssefgeorge/.m2/repository/org/yaml/snakeyaml/1.12/snakeyaml-1.12.jar:/Users/youssefgeorge/.m2/repository/org/openjfx/javafx-controls/17.0.1/javafx-controls-17.0.1.jar:/Users/youssefgeorge/.m2/repository/org/openjfx/javafx-graphics/17.0.1/javafx-graphics-17.0.1.jar:/Users/youssefgeorge/.m2/repository/org/openjfx/javafx-base/17.0.1/javafx-base-17.0.1.jar:/Users/youssefgeorge/.m2/repository/org/openjfx/javafx-fxml/17.0.1/javafx-fxml-17.0.1.jar
Launcher Type: SUN_STANDARD

[Global flags]
     intx CICompilerCount                          = 4                                         {product} {ergonomic}
     uint ConcGCThreads                            = 2                                         {product} {ergonomic}
     uint G1ConcRefinementThreads                  = 8                                         {product} {ergonomic}
   size_t G1HeapRegionSize                         = 1048576                                   {product} {ergonomic}
    uintx GCDrainStackTargetSize                   = 64                                        {product} {ergonomic}
   size_t InitialHeapSize                          = 134217728                                 {product} {ergonomic}
   size_t MarkStackSize                            = 4194304                                   {product} {ergonomic}
   size_t MaxHeapSize                              = 2147483648                                {product} {ergonomic}
   size_t MaxNewSize                               = 1287651328                                {product} {ergonomic}
   size_t MinHeapDeltaBytes                        = 1048576                                   {product} {ergonomic}
   size_t MinHeapSize                              = 8388608                                   {product} {ergonomic}
    uintx NonNMethodCodeHeapSize                   = 5839564                                {pd product} {ergonomic}
    uintx NonProfiledCodeHeapSize                  = 122909338                              {pd product} {ergonomic}
    uintx ProfiledCodeHeapSize                     = 122909338                              {pd product} {ergonomic}
    uintx ReservedCodeCacheSize                    = 251658240                              {pd product} {ergonomic}
     bool SegmentedCodeCache                       = true                                      {product} {ergonomic}
   size_t SoftMaxHeapSize                          = 2147483648                             {manageable} {ergonomic}
     bool UseCompressedClassPointers               = true                           {product lp64_product} {ergonomic}
     bool UseCompressedOops                        = true                           {product lp64_product} {ergonomic}
     bool UseG1GC                                  = true                                      {product} {ergonomic}
     bool UseNUMA                                  = false                                     {product} {ergonomic}
     bool UseNUMAInterleaving                      = false                                     {product} {ergonomic}

Logging:
Log output configuration:
 #0: stdout all=warning uptime,level,tags
 #1: stderr all=off uptime,level,tags

Environment Variables:
PATH=/opt/homebrew/bin:/usr/local/bin:/usr/bin:/bin:/usr/sbin:/sbin
SHELL=/bin/zsh
LC_CTYPE=en_US.UTF-8

Signal Handlers:
   SIGSEGV: _ZL13crash_handleriP9__siginfoPv in libjvm.dylib, mask=11100110000111110111111111111111, flags=SA_RESTART|SA_SIGINFO
    SIGBUS: _ZL13crash_handleriP9__siginfoPv in libjvm.dylib, mask=11100110000111110111111111111111, flags=SA_RESTART|SA_SIGINFO
    SIGFPE: _ZL13crash_handleriP9__siginfoPv in libjvm.dylib, mask=11100110000111110111111111111111, flags=SA_RESTART|SA_SIGINFO
   SIGPIPE: _ZL17javaSignalHandleriP9__siginfoPv in libjvm.dylib, mask=11100110000111110111111111111111, flags=SA_RESTART|SA_SIGINFO
   SIGXFSZ: _ZL17javaSignalHandleriP9__siginfoPv in libjvm.dylib, mask=11100110000111110111111111111111, flags=SA_RESTART|SA_SIGINFO
    SIGILL: _ZL13crash_handleriP9__siginfoPv in libjvm.dylib, mask=11100110000111110111111111111111, flags=SA_RESTART|SA_SIGINFO
   SIGUSR2: _ZL10SR_handleriP9__siginfoP17__darwin_ucontext in libjvm.dylib, mask=00100000000000000000000000000000, flags=SA_RESTART|SA_SIGINFO
    SIGHUP: _ZL11UserHandleriPvS_ in libjvm.dylib, mask=11100110000111110111111111111111, flags=SA_RESTART|SA_SIGINFO
    SIGINT: _ZL11UserHandleriPvS_ in libjvm.dylib, mask=11100110000111110111111111111111, flags=SA_RESTART|SA_SIGINFO
   SIGTERM: _ZL11UserHandleriPvS_ in libjvm.dylib, mask=11100110000111110111111111111111, flags=SA_RESTART|SA_SIGINFO
   SIGQUIT: _ZL11UserHandleriPvS_ in libjvm.dylib, mask=11100110000111110111111111111111, flags=SA_RESTART|SA_SIGINFO
   SIGTRAP: _ZL13crash_handleriP9__siginfoPv in libjvm.dylib, mask=11100110000111110111111111111111, flags=SA_RESTART|SA_SIGINFO


---------------  S Y S T E M  ---------------

OS:
uname: Darwin 21.4.0 Darwin Kernel Version 21.4.0: Mon Feb 21 20:36:53 PST 2022; root:xnu-8020.101.4~2/RELEASE_ARM64_T8101 arm64
OS uptime: 67 days 17:44 hours
rlimit (soft/hard): STACK 8176k/65520k , CORE 0k/infinity , NPROC 1333/2000 , NOFILE 10240/infinity , AS infinity/infinity , CPU infinity/infinity , DATA infinity/infinity , FSIZE infinity/infinity , MEMLOCK infinity/infinity , RSS infinity/infinity
load average: 2.07 2.04 2.10

CPU: total 8 (initial active 8) 0x61:0x0:0x1b588bb3:0, fp, simd, crc, lse

Memory: 16k page, physical 8388608k(226080k free), swap 6291456k(405504k free)

vm_info: OpenJDK 64-Bit Server VM (17.0.2+8-86) for bsd-aarch64 JRE (17.0.2+8-86), built on Dec  7 2021 21:45:06 by "mach5one" with clang Apple LLVM 12.0.0 (clang-1200.0.32.29)

END.
