#
# A fatal error has been detected by the Java Runtime Environment:
#
#  SIGBUS (0xa) at pc=0x000000010be294f0, pid=31641, tid=33291
#
# JRE version: OpenJDK Runtime Environment (17.0.2+8) (build 17.0.2+8-86)
# Java VM: OpenJDK 64-Bit Server VM (17.0.2+8-86, mixed mode, tiered, compressed oops, compressed class ptrs, g1 gc, bsd-aarch64)
# Problematic frame:
# v  ~StubRoutines::SafeFetchN
#
# No core dump will be written. Core dumps have been disabled. To enable core dumping, try "ulimit -c unlimited" before starting Java again
#
# If you would like to submit a bug report, please visit:
#   https://bugreport.java.com/bugreport/crash.jsp
# The crash happened outside the Java Virtual Machine in native code.
# See problematic frame for where to report the bug.
#

---------------  S U M M A R Y ------------

Command Line: -ea --add-exports=javafx.graphics/com.sun.javafx.application=ALL-UNNAMED -Didea.test.cyclic.buffer.size=1048576 -javaagent:/Applications/IntelliJ IDEA.app/Contents/lib/idea_rt.jar=64521:/Applications/IntelliJ IDEA.app/Contents/bin --patch-module=com.example.cse338project=/Volumes/D/Uni/Semester 6/CSE338 SW Testing VV/Project/CSE338Project/target/test-classes --add-reads=com.example.cse338project=ALL-UNNAMED --add-opens=com.example.cse338project/GUI=ALL-UNNAMED --add-modules=com.example.cse338project -Dfile.encoding=UTF-8 --module-path=/Users/youssefgeorge/.m2/repository/org/openjfx/javafx-fxml/17.0.1/javafx-fxml-17.0.1-mac-aarch64.jar:/Users/youssefgeorge/.m2/repository/com/fasterxml/jackson/core/jackson-databind/2.13.3/jackson-databind-2.13.3.jar:/Users/youssefgeorge/.m2/repository/org/openjfx/javafx-base/17.0.1/javafx-base-17.0.1-mac-aarch64.jar:/Users/youssefgeorge/.m2/repository/com/fasterxml/jackson/core/jackson-annotations/2.13.3/jackson-annotations-2.13.3.jar:/Users/youssefgeorge/.m2/repository/org/json/json/20090211/json-20090211.jar:/Volumes/D/Uni/Semester 6/CSE338 SW Testing VV/Project/CSE338Project/target/classes:/Users/youssefgeorge/.m2/repository/org/openjfx/javafx-controls/17.0.1/javafx-controls-17.0.1-mac-aarch64.jar:/Users/youssefgeorge/.m2/repository/org/jsoup/jsoup/1.15.1/jsoup-1.15.1.jar:/Users/youssefgeorge/.m2/repository/com/fasterxml/jackson/core/jackson-core/2.13.3/jackson-core-2.13.3.jar:/Users/youssefgeorge/.m2/repository/org/openjfx/javafx-graphics/17.0.1/javafx-graphics-17.0.1-mac-aarch64.jar com.intellij.rt.junit.JUnitStarter -ideVersion5 -junit5 GUI.RankTableUefGuiTesting

Host: "MacBookPro17,1" arm64 1 MHz, 8 cores, 8G, Darwin 21.4.0, macOS 12.3 (21E230)
Time: Sat May 28 19:05:13 2022 EET elapsed time: 9.567903 seconds (0d 0h 0m 9s)

---------------  T H R E A D  ---------------

Current thread (0x0000000139240600):  JavaThread "InvokeLaterDispatcher" daemon [_thread_in_native, id=33291, stack(0x000000017113c000,0x000000017133f000)]

Stack: [0x000000017113c000,0x000000017133f000],  sp=0x000000017133e7a0,  free space=2057k
Native frames: (J=compiled Java code, j=interpreted, Vv=VM code, C=native code)
v  ~StubRoutines::SafeFetchN
V  [libjvm.dylib+0x7a6bcc]  _ZN10OopStorage7releaseEPKP7oopDesc+0x20
V  [libjvm.dylib+0x4ba824]  jni_DeleteGlobalRef+0xd8
C  [libglass.dylib+0xab08]  -[GlassRunnable dealloc]+0x34
C  [Foundation+0x85618]  -[_NSThreadPerformInfo dealloc]+0x30
C  [Foundation+0x5198c]  -[NSObject(NSThreadPerformAdditions) performSelectorOnMainThread:withObject:waitUntilDone:]+0x88
C  0x3a6c000113ad3e4c
J 4926 c1 com.sun.glass.ui.mac.MacApplication.submitForLaterInvocation(Ljava/lang/Runnable;)V javafx.graphics (6 bytes) @ 0x000000010cd79e58 [0x000000010cd79dc0+0x0000000000000098]
C  0x0000000740422f80

Java frames: (J=compiled Java code, j=interpreted, Vv=VM code)
J 4927  com.sun.glass.ui.mac.MacApplication._submitForLaterInvocation(Ljava/lang/Runnable;)V javafx.graphics (0 bytes) @ 0x0000000113ad3e4c [0x0000000113ad3dc0+0x000000000000008c]
J 4926 c1 com.sun.glass.ui.mac.MacApplication.submitForLaterInvocation(Ljava/lang/Runnable;)V javafx.graphics (6 bytes) @ 0x000000010cd79e58 [0x000000010cd79dc0+0x0000000000000098]
j  com.sun.glass.ui.InvokeLaterDispatcher.run()V+82 javafx.graphics
v  ~StubRoutines::call_stub

siginfo: si_signo: 10 (SIGBUS), si_code: 1 (BUS_ADRALN), si_addr: 0x000000010be294f0

Register to memory mapping:

 x0=0x000000011ef04ac8 points into unknown readable memory: 0x0000000000000000 | 00 00 00 00 00 00 00 00
 x1=0x0 is NULL
 x2=0x0000000747f232e8 is an oop: com.sun.glass.ui.InvokeLaterDispatcher$Future 
{0x0000000747f232e8} - klass: 'com/sun/glass/ui/InvokeLaterDispatcher$Future'
 - ---- fields (total size 3 words):
 - private 'done' 'Z' @12  true
 - private final 'runnable' 'Ljava/lang/Runnable;' @16  a 'com/sun/javafx/tk/quantum/QuantumToolkit$$Lambda$448+0x00000003001cd6d0'{0x0000000740482d60} (e80905ac)
 - final synthetic 'this$0' 'Lcom/sun/glass/ui/InvokeLaterDispatcher;' @20  a 'com/sun/glass/ui/InvokeLaterDispatcher'{0x0000000740422f80} (e80845f0)
 x3=0x0 is NULL
 x4=0x00000000000130a8 is an unknown value
 x5=0x0 is NULL
 x6=0x0 is NULL
 x7=0x0 is NULL
 x8=0x000000010be294ec is at begin+0 in a stub
StubRoutines::SafeFetchN [0x000000010be294ec, 0x000000010be294f8] (12 bytes)
 x9=0x0 is NULL
x10=0x2010000030300000 is an unknown value
x11=0x0000000000000007 is an unknown value
x12=0x0000000000000004 is an unknown value
x13=0x0000600000347a10 points into unknown readable memory: 0x995b0001a2a67c40 | 40 7c a6 a2 01 00 5b 99
x14=0x00001c0000000000 is an unknown value
x15=0x0000000128399f98: OBJC_CLASS_$_GlassRunnable+0 in /Users/youssefgeorge/.openjfx/cache/17.0.1/libglass.dylib at 0x0000000128354000
x16=0x00000001a2bd10fc: pthread_getspecific+0 in /usr/lib/system/libsystem_pthread.dylib at 0x00000001a2bcf000
x17=0x0000600000960060 points into unknown readable memory: 0xfffffffffffffffe | fe ff ff ff ff ff ff ff
x18=0x0 is NULL
x19=0x0000600000655500 points into unknown readable memory: 0x0000600002f53d40 | 40 3d f5 02 00 60 00 00
x20=0x000000011ef048c0 points into unknown readable memory: 0x0000000000000000 | 00 00 00 00 00 00 00 00
x21=0x000000011ef04ac8 points into unknown readable memory: 0x0000000000000000 | 00 00 00 00 00 00 00 00
x22=0x0000000139240600 is a thread
x23=0x0000000000000001 is an unknown value
x24=0x000000011ef04a80 is a global jni handle
x25=0x00000001042e95e8: _ZN12StubRoutines17_safefetchN_entryE+0 in /Users/youssefgeorge/Library/Java/JavaVirtualMachines/openjdk-17.0.2/Contents/Home/lib/server/libjvm.dylib at 0x0000000103738000
x26=0x0000000128a02a18 is pointing into metadata
x27=0x0 is NULL
x28=0x0000000139240600 is a thread


Registers:
 x0=0x000000011ef04ac8  x1=0x0000000000000000  x2=0x0000000747f232e8  x3=0x0000000000000000
 x4=0x00000000000130a8  x5=0x0000000000000000  x6=0x0000000000000000  x7=0x0000000000000000
 x8=0x000000010be294ec  x9=0x0000000000000000 x10=0x2010000030300000 x11=0x0000000000000007
x12=0x0000000000000004 x13=0x0000600000347a10 x14=0x00001c0000000000 x15=0x0000000128399f98
x16=0x00000001a2bd10fc x17=0x0000600000960060 x18=0x0000000000000000 x19=0x0000600000655500
x20=0x000000011ef048c0 x21=0x000000011ef04ac8 x22=0x0000000139240600 x23=0x0000000000000001
x24=0x000000011ef04a80 x25=0x00000001042e95e8 x26=0x0000000128a02a18 x27=0x0000000000000000
x28=0x0000000139240600  fp=0x000000017133e7e0  lr=0x0000000103edd99c  sp=0x000000017133e7a0
pc=0x000000010be294f0 cpsr=0x0000000060001000
Top of Stack: (sp=0x000000017133e7a0)
0x000000017133e7a0:   0000000128a02a18 0000000000000001
0x000000017133e7b0:   00000003001c0000 0000000000000000
0x000000017133e7c0:   000000013b1d1ea8 000000011ef04a90
0x000000017133e7d0:   000000011ef04a90 0000600000655500
0x000000017133e7e0:   000000017133e820 0000000103edebcc
0x000000017133e7f0:   0000000000000001 000000011ef04a90
0x000000017133e800:   000000013b1d1ea8 000000011ef04a90
0x000000017133e810:   0000000000000001 000000013b1d1c00
0x000000017133e820:   000000017133e860 0000000103bf2824
0x000000017133e830:   00000003001c0000 0000600002ffe5e0
0x000000017133e840:   0000600002ffe5f0 00000001ecc95be0
0x000000017133e850:   0000000000000000 0000600002ffe5f0
0x000000017133e860:   000000017133e890 000000012835eb08
0x000000017133e870:   56ed171efc4b0088 0000000000000000
0x000000017133e880:   0000000000000000 00006000038ff640
0x000000017133e890:   000000017133e8d0 00000001a3b9e618
0x000000017133e8a0:   00000003001c0000 0000600002ffe5e0
0x000000017133e8b0:   0000600002ffe5f0 56ed171efc4b0088
0x000000017133e8c0:   0000000000000000 0000000000000000
0x000000017133e8d0:   000000017133e910 c4240001a3b6a98c
0x000000017133e8e0:   00000003001c0000 000000010be307c0
0x000000017133e8f0:   0000000128a02452 00000001042f0fa8
0x000000017133e900:   000000017133e9f0 00000000000000b9
0x000000017133e910:   000000017133e970 3a6c000113ad3e4c
0x000000017133e920:   000000074041a5a0 0000000747f232e8
0x000000017133e930:   000000017133ea98 00000001a2bdd630
0x000000017133e940:   0000000139240600 00000001042cddb0
0x000000017133e950:   000000017133ea00 0000000000000001
0x000000017133e960:   000000017133e9a0 00000007406302d8
0x000000017133e970:   000000017133ea60 000000010cd79e58
0x000000017133e980:   0000000747f232e8 0000000740482d60
0x000000017133e990:   000000017133e9f8 00000000000000b6 

Instructions: (pc=0x000000010be294f0)
0x000000010be293f0:   f2a08569 f2c00029 6d425935 1e640886
0x000000010be29400:   0c402d31 1e6408c7 1f5654d0 1e6c1017
0x000000010be29410:   1f5050d0 1f504cd0 1f5048d0 1e650af6
0x000000010be29420:   1f50d8f6 1f5694d6 1f5158f6 1e762880
0x000000010be29430:   36000501 1e614000 14000026 2e251ca5
0x000000010be29440:   d28c3009 f2a08569 f2c00029 6d425d36
0x000000010be29450:   1e600806 0c402d32 1f5758c7 1e6c101a
0x000000010be29460:   1f4754c7 1e650805 1f4750c7 d2866668
0x000000010be29470:   f2a7fa68 1f474cc7 1e6608c0 1f4748c7
0x000000010be29480:   1e6e1019 eb08007f 540000ac 1f479400
0x000000010be29490:   1f460340 1e603b20 1400000e d2a7fd29
0x000000010be294a0:   eb09007f 540000ac 51480069 d3607d29
0x000000010be294b0:   9e670121 14000002 1e6a5001 1f679417
0x000000010be294c0:   1f668742 1e613b23 1e773857 1e773860
0x000000010be294d0:   a8c17ff3 910003bf a8c17bfd d65f03c0
0x000000010be294e0:   b9400001 aa0103e0 d65f03c0 f9400001
0x000000010be294f0:   aa0103e0 d65f03c0 00000000 00000000
0x000000010be29500:   00000000 00000000 00000000 00000000
0x000000010be29510:   00000000 00000000 00000000 00000000
0x000000010be29520:   00000000 00000000 00000000 00000000
0x000000010be29530:   00000000 00000000 00000000 00000000
0x000000010be29540:   00000000 00000000 00000000 00000000
0x000000010be29550:   00000000 00000000 00000000 00000000
0x000000010be29560:   00000000 00000000 00000000 00000000
0x000000010be29570:   00000000 00000000 00000000 00000000
0x000000010be29580:   00000000 00000000 00000000 00000000
0x000000010be29590:   00000000 00000000 00000000 00000000
0x000000010be295a0:   00000000 00000000 00000000 00000000
0x000000010be295b0:   00000000 00000000 00000000 00000000
0x000000010be295c0:   00000000 00000000 00000000 00000000
0x000000010be295d0:   00000000 00000000 00000000 00000000
0x000000010be295e0:   00000000 00000000 00000000 00000000 


Stack slot to memory mapping:
stack at sp + 0 slots: 0x0000000128a02a18 is pointing into metadata
stack at sp + 1 slots: 0x0000000000000001 is an unknown value
stack at sp + 2 slots: 0x00000003001c0000 is a pointer to class: 
com.sun.glass.ui.mac.MacApplication {0x00000003001c0000}
 - instance size:     5
 - klass size:        136
 - access:            final synchronized 
 - state:             fully_initialized
 - name:              'com/sun/glass/ui/mac/MacApplication'
 - super:             'com/sun/glass/ui/Application'
 - sub:               
 - arrays:            NULL
 - methods:           Array<T>(0x00000001289d7538)
 - method ordering:   Array<T>(0x000000011f000018)
 - default_methods:   Array<T>(0x0000000000000000)
 - local interfaces:  Array<T>(0x00000001289dd168)
 - trans. interfaces: Array<T>(0x00000001289dd168)
 - constants:         constant pool [548]/operands[69] {0x00000001289dc000} for 'com/sun/glass/ui/mac/MacApplication' cache=0x0000000128a003b0
 - class loader data:  loader data: 0x0000600001c54fa0 for instance a 'jdk/internal/loader/ClassLoaders$AppClassLoader'{0x0000000740072a28}
 - source file:       'MacApplication.java'
 - class annotations:       Array<T>(0x0000000000000000)
 - class type annotations:  Array<T>(0x0000000000000000)
 - field annotations:       Array<T>(0x0000000000000000)
 - field type annotations:  Array<T>(0x0000000000000000)
 - inner classes:     Array<T>(0x00000001289dffa0)
 - nest members:     Array<T>(0x00000001289da090)
 - permitted subclasses:     Array<T>(0x000000011f000028)
 - java mirror:       a 'java/lang/Class'{0x000000074041a528} = 'com/sun/glass/ui/mac/MacApplication'
 - vtable length      72  (start addr: 0x00000003001c01d0)
 - itable length      5 (start addr: 0x00000003001c0410)
 - ---- static fields (1 words):
 - static final 'BROWSER_PARENT_ID' 'J' @112 
 - ---- non-static fields (7 words):
 - private 'initialActiveEventReceived' 'Z' @12 
 - private 'terminateWhenLastWindowClosed' 'Z' @13 
 - protected 'name' 'Ljava/lang/String;' @16 
 - private 'eventHandler' 'Lcom/sun/glass/ui/Application$EventHandler;' @20 
 - private 'initialOpenedFiles' '[Ljava/lang/String;' @24 
 - private 'isTaskbarApplication' 'Z' @14 
 - private 'firstDidResignActive' 'Z' @15 
 - private final 'invokeLaterDispatcher' 'Lcom/sun/glass/ui/InvokeLaterDispatcher;' @28 
 - private 'appleMenu' 'Lcom/sun/glass/ui/Menu;' @32 
 - private final 'reactivationLatch' 'Ljava/util/concurrent/CountDownLatch;' @36 
 - non-static oop maps: 16-36 
stack at sp + 3 slots: 0x0 is NULL
stack at sp + 4 slots: 0x000000013b1d1ea8 points into unknown readable memory: 0x00000001042a6738 | 38 67 2a 04 01 00 00 00
stack at sp + 5 slots: 0x000000011ef04a90 is a global jni handle
stack at sp + 6 slots: 0x000000011ef04a90 is a global jni handle
stack at sp + 7 slots: 0x0000600000655500 points into unknown readable memory: 0x0000600002f53d40 | 40 3d f5 02 00 60 00 00

StubRoutines::SafeFetchN [0x000000010be294ec, 0x000000010be294f8] (12 bytes)
[MachCode]
  0x000000010be294ec: 0100 40f9 | e003 01aa | c003 5fd6 
[/MachCode]

---------------  P R O C E S S  ---------------

Threads class SMR info:
_java_thread_list=0x0000600002dee700, length=26, elements={
0x000000013b009800, 0x000000013980ac00, 0x0000000139809c00, 0x0000000139028a00,
0x0000000139029000, 0x000000011f80c800, 0x0000000139023800, 0x0000000139015c00,
0x0000000139016200, 0x000000013980a200, 0x000000013b839c00, 0x000000013b836200,
0x000000013b166a00, 0x000000013b83ae00, 0x000000013b163600, 0x0000000139240600,
0x000000013b1d1c00, 0x000000013b244000, 0x0000000139ade800, 0x000000013b7c0000,
0x000000013b1c0c00, 0x000000013b1c1c00, 0x0000000139247e00, 0x000000013b1ff200,
0x000000013b9ea800, 0x000000013968fc00
}

Java Threads: ( => current thread )
  0x000000013b009800 JavaThread "main" [_thread_blocked, id=9731, stack(0x000000016d8e0000,0x000000016dae3000)]
  0x000000013980ac00 JavaThread "Reference Handler" daemon [_thread_blocked, id=15619, stack(0x000000016e734000,0x000000016e937000)]
  0x0000000139809c00 JavaThread "Finalizer" daemon [_thread_blocked, id=16131, stack(0x000000016e940000,0x000000016eb43000)]
  0x0000000139028a00 JavaThread "Signal Dispatcher" daemon [_thread_blocked, id=42499, stack(0x000000016ec64000,0x000000016ee67000)]
  0x0000000139029000 JavaThread "Service Thread" daemon [_thread_blocked, id=41987, stack(0x000000016ee70000,0x000000016f073000)]
  0x000000011f80c800 JavaThread "Monitor Deflation Thread" daemon [_thread_blocked, id=41475, stack(0x000000016f07c000,0x000000016f27f000)]
  0x0000000139023800 JavaThread "C2 CompilerThread0" daemon [_thread_blocked, id=23043, stack(0x000000016f288000,0x000000016f48b000)]
  0x0000000139015c00 JavaThread "C1 CompilerThread0" daemon [_thread_blocked, id=40963, stack(0x000000016f494000,0x000000016f697000)]
  0x0000000139016200 JavaThread "Sweeper thread" daemon [_thread_blocked, id=23811, stack(0x000000016f6a0000,0x000000016f8a3000)]
  0x000000013980a200 JavaThread "Common-Cleaner" daemon [_thread_blocked, id=24067, stack(0x000000016f8ac000,0x000000016faaf000)]
  0x000000013b839c00 JavaThread "Monitor Ctrl-Break" daemon [_thread_in_native, id=40451, stack(0x000000016fab8000,0x000000016fcbb000)]
  0x000000013b836200 JavaThread "Notification Thread" daemon [_thread_blocked, id=39939, stack(0x000000016fcc4000,0x000000016fec7000)]
  0x000000013b166a00 JavaThread "testfx-async-pool-thread-1" daemon [_thread_blocked, id=26627, stack(0x0000000170b18000,0x0000000170d1b000)]
  0x000000013b83ae00 JavaThread "JavaFX-Launcher" daemon [_thread_blocked, id=38147, stack(0x0000000170d24000,0x0000000170f27000)]
  0x000000013b163600 JavaThread "QuantumRenderer-0" daemon [_thread_blocked, id=37891, stack(0x0000000170f30000,0x0000000171133000)]
=>0x0000000139240600 JavaThread "InvokeLaterDispatcher" daemon [_thread_in_native, id=33291, stack(0x000000017113c000,0x000000017133f000)]
  0x000000013b1d1c00 JavaThread "JavaFX Application Thread" [_thread_in_vm, id=259, stack(0x000000016d058000,0x000000016d854000)]
  0x000000013b244000 JavaThread "testfx-async-pool-thread-2" daemon [_thread_blocked, id=72711, stack(0x00000001715e0000,0x00000001717e3000)]
  0x0000000139ade800 JavaThread "Attach Listener" daemon [_thread_blocked, id=54535, stack(0x0000000171e10000,0x0000000172013000)]
  0x000000013b7c0000 JavaThread "Keep-Alive-Timer" daemon [_thread_blocked, id=70407, stack(0x000000017201c000,0x000000017221f000)]
  0x000000013b1c0c00 JavaThread "Thread-6" [_thread_in_native, id=60675, stack(0x0000000172228000,0x000000017242b000)]
  0x000000013b1c1c00 JavaThread "Thread-7" [_thread_in_native, id=61187, stack(0x0000000172434000,0x0000000172637000)]
  0x0000000139247e00 JavaThread "PulseTimer-CVDisplayLink thread" daemon [_thread_in_native, id=68611, stack(0x00000001713d4000,0x0000000171457000)]
  0x000000013b1ff200 JavaThread "Prism Font Disposer" daemon [_thread_blocked, id=67599, stack(0x00000001772b8000,0x00000001774bb000)]
  0x000000013b9ea800 JavaThread "Cleaner-0" daemon [_thread_blocked, id=92931, stack(0x0000000177968000,0x0000000177b6b000)]
  0x000000013968fc00 JavaThread "awaitility-thread" [_thread_blocked, id=1323, stack(0x0000000177b74000,0x0000000177d77000)]

Other Threads:
  0x0000000138e063c0 VMThread "VM Thread" [stack: 0x000000016e528000,0x000000016e72b000] [id=17155]
  0x0000000138e17160 WatcherThread [stack: 0x000000016fed0000,0x00000001700d3000] [id=39683]
  0x000000013a906a30 GCTaskThread "GC Thread#0" [stack: 0x000000016daec000,0x000000016dcef000] [id=12035]
  0x0000000138e1fab0 GCTaskThread "GC Thread#1" [stack: 0x00000001700dc000,0x00000001702df000] [id=39427]
  0x000000011ef0d130 GCTaskThread "GC Thread#2" [stack: 0x00000001702e8000,0x00000001704eb000] [id=25091]
  0x0000000138f1b5c0 GCTaskThread "GC Thread#3" [stack: 0x00000001704f4000,0x00000001706f7000] [id=25603]
  0x0000000138f1bf70 GCTaskThread "GC Thread#4" [stack: 0x0000000170700000,0x0000000170903000] [id=25859]
  0x0000000138f1c7e0 GCTaskThread "GC Thread#5" [stack: 0x000000017090c000,0x0000000170b0f000] [id=26371]
  0x0000000138e38120 GCTaskThread "GC Thread#6" [stack: 0x00000001717ec000,0x00000001719ef000] [id=72195]
  0x0000000138e38640 GCTaskThread "GC Thread#7" [stack: 0x00000001719f8000,0x0000000171bfb000] [id=71683]
  0x000000013a9070e0 ConcurrentGCThread "G1 Main Marker" [stack: 0x000000016dcf8000,0x000000016defb000] [id=12547]
  0x000000013a907960 ConcurrentGCThread "G1 Conc#0" [stack: 0x000000016df04000,0x000000016e107000] [id=19203]
  0x000000013a93a9a0 ConcurrentGCThread "G1 Conc#1" [stack: 0x0000000171c04000,0x0000000171e07000] [id=71171]
  0x000000013a9097d0 ConcurrentGCThread "G1 Refine#0" [stack: 0x000000016e110000,0x000000016e313000] [id=18435]
  0x0000000138e49650 ConcurrentGCThread "G1 Refine#1" [stack: 0x0000000172640000,0x0000000172843000] [id=69635]
  0x0000000138e49ca0 ConcurrentGCThread "G1 Refine#2" [stack: 0x000000017284c000,0x0000000172a4f000] [id=69379]
  0x0000000128009b90 ConcurrentGCThread "G1 Refine#3" [stack: 0x0000000177550000,0x0000000177753000] [id=90131]
  0x000000013a80b4e0 ConcurrentGCThread "G1 Refine#4" [stack: 0x000000017775c000,0x000000017795f000] [id=171011]
  0x000000013a90a070 ConcurrentGCThread "G1 Service" [stack: 0x000000016e31c000,0x000000016e51f000] [id=13571]

Threads with active compile tasks:

VM state: not at safepoint (normal execution)

VM Mutex/Monitor currently owned by a thread: None

Heap address: 0x0000000740000000, size: 2048 MB, Compressed Oops mode: Zero based, Oop shift amount: 3

CDS archive(s) not mapped
Compressed class space mapped at: 0x0000000300000000-0x0000000340000000, reserved size: 1073741824
Narrow klass base: 0x0000000000000000, Narrow klass shift: 3, Narrow klass range: 0x340000000

GC Precious Log:
 CPUs: 8 total, 8 available
 Memory: 8192M
 Large Page Support: Disabled
 NUMA Support: Disabled
 Compressed Oops: Enabled (Zero based)
 Heap Region Size: 1M
 Heap Min Capacity: 8M
 Heap Initial Capacity: 128M
 Heap Max Capacity: 2G
 Pre-touch: Disabled
 Parallel Workers: 8
 Concurrent Workers: 2
 Concurrent Refinement Workers: 8
 Periodic GC: Disabled

Heap:
 garbage-first heap   total 59392K, used 31420K [0x0000000740000000, 0x00000007c0000000)
  region size 1024K, 9 young (9216K), 2 survivors (2048K)
 Metaspace       used 38672K, committed 38912K, reserved 1089536K
  class space    used 5011K, committed 5120K, reserved 1048576K

Heap Regions: E=young(eden), S=young(survivor), O=old, HS=humongous(starts), HC=humongous(continues), CS=collection set, F=free, OA=open archive, CA=closed archive, TAMS=top-at-mark-start (previous, next)
|   0|0x0000000740000000, 0x0000000740100000, 0x0000000740100000|100%| O|  |TAMS 0x0000000740100000, 0x0000000740000000| Untracked 
|   1|0x0000000740100000, 0x0000000740200000, 0x0000000740200000|100%| O|  |TAMS 0x0000000740200000, 0x0000000740100000| Untracked 
|   2|0x0000000740200000, 0x0000000740300000, 0x0000000740300000|100%| O|  |TAMS 0x0000000740300000, 0x0000000740200000| Untracked 
|   3|0x0000000740300000, 0x0000000740400000, 0x0000000740400000|100%| O|  |TAMS 0x0000000740300000, 0x0000000740300000| Untracked 
|   4|0x0000000740400000, 0x0000000740500000, 0x0000000740500000|100%| O|  |TAMS 0x0000000740500000, 0x0000000740400000| Untracked 
|   5|0x0000000740500000, 0x0000000740600000, 0x0000000740600000|100%| O|  |TAMS 0x0000000740600000, 0x0000000740500000| Untracked 
|   6|0x0000000740600000, 0x0000000740700000, 0x0000000740700000|100%| O|  |TAMS 0x0000000740700000, 0x0000000740600000| Untracked 
|   7|0x0000000740700000, 0x0000000740800000, 0x0000000740800000|100%| O|  |TAMS 0x0000000740800000, 0x0000000740700000| Untracked 
|   8|0x0000000740800000, 0x0000000740900000, 0x0000000740900000|100%| O|  |TAMS 0x0000000740900000, 0x0000000740800000| Untracked 
|   9|0x0000000740900000, 0x0000000740900000, 0x0000000740a00000|  0%| F|  |TAMS 0x0000000740900000, 0x0000000740900000| Untracked 
|  10|0x0000000740a00000, 0x0000000740b00000, 0x0000000740b00000|100%| O|  |TAMS 0x0000000740b00000, 0x0000000740a00000| Untracked 
|  11|0x0000000740b00000, 0x0000000740b00000, 0x0000000740c00000|  0%| F|  |TAMS 0x0000000740b00000, 0x0000000740b00000| Untracked 
|  12|0x0000000740c00000, 0x0000000740d00000, 0x0000000740d00000|100%| O|  |TAMS 0x0000000740d00000, 0x0000000740c00000| Untracked 
|  13|0x0000000740d00000, 0x0000000740e00000, 0x0000000740e00000|100%| O|  |TAMS 0x0000000740e00000, 0x0000000740d00000| Untracked 
|  14|0x0000000740e00000, 0x0000000740f00000, 0x0000000740f00000|100%| O|  |TAMS 0x0000000740f00000, 0x0000000740e00000| Untracked 
|  15|0x0000000740f00000, 0x0000000740f50600, 0x0000000741000000| 31%| O|  |TAMS 0x0000000740f00000, 0x0000000740f00000| Untracked 
|  16|0x0000000741000000, 0x0000000741100000, 0x0000000741100000|100%| O|  |TAMS 0x0000000741000000, 0x0000000741000000| Untracked 
|  17|0x0000000741100000, 0x0000000741200000, 0x0000000741200000|100%| O|  |TAMS 0x0000000741100000, 0x0000000741100000| Untracked 
|  18|0x0000000741200000, 0x0000000741300000, 0x0000000741300000|100%|HS|  |TAMS 0x0000000741200000, 0x0000000741200000| Complete 
|  19|0x0000000741300000, 0x0000000741400000, 0x0000000741400000|100%|HC|  |TAMS 0x0000000741300000, 0x0000000741300000| Complete 
|  20|0x0000000741400000, 0x0000000741400000, 0x0000000741500000|  0%| F|  |TAMS 0x0000000741400000, 0x0000000741400000| Untracked 
|  21|0x0000000741500000, 0x0000000741500000, 0x0000000741600000|  0%| F|  |TAMS 0x0000000741500000, 0x0000000741500000| Untracked 
|  22|0x0000000741600000, 0x0000000741700000, 0x0000000741700000|100%| O|  |TAMS 0x0000000741600000, 0x0000000741600000| Untracked 
|  23|0x0000000741700000, 0x0000000741700000, 0x0000000741800000|  0%| F|  |TAMS 0x0000000741700000, 0x0000000741700000| Untracked 
|  24|0x0000000741800000, 0x0000000741900000, 0x0000000741900000|100%| O|  |TAMS 0x0000000741800000, 0x0000000741800000| Untracked 
|  25|0x0000000741900000, 0x0000000741a00000, 0x0000000741a00000|100%| O|  |TAMS 0x0000000741900000, 0x0000000741900000| Untracked 
|  26|0x0000000741a00000, 0x0000000741b00000, 0x0000000741b00000|100%| O|  |TAMS 0x0000000741a00000, 0x0000000741a00000| Untracked 
|  27|0x0000000741b00000, 0x0000000741b8e600, 0x0000000741c00000| 55%| O|  |TAMS 0x0000000741b00000, 0x0000000741b00000| Untracked 
|  28|0x0000000741c00000, 0x0000000741c00000, 0x0000000741d00000|  0%| F|  |TAMS 0x0000000741c00000, 0x0000000741c00000| Untracked 
|  29|0x0000000741d00000, 0x0000000741d00000, 0x0000000741e00000|  0%| F|  |TAMS 0x0000000741d00000, 0x0000000741d00000| Untracked 
|  30|0x0000000741e00000, 0x0000000741e00000, 0x0000000741f00000|  0%| F|  |TAMS 0x0000000741e00000, 0x0000000741e00000| Untracked 
|  31|0x0000000741f00000, 0x0000000741f00000, 0x0000000742000000|  0%| F|  |TAMS 0x0000000741f00000, 0x0000000741f00000| Untracked 
|  32|0x0000000742000000, 0x0000000742000000, 0x0000000742100000|  0%| F|  |TAMS 0x0000000742000000, 0x0000000742000000| Untracked 
|  33|0x0000000742100000, 0x0000000742100000, 0x0000000742200000|  0%| F|  |TAMS 0x0000000742100000, 0x0000000742100000| Untracked 
|  34|0x0000000742200000, 0x00000007422d0518, 0x0000000742300000| 81%| S|CS|TAMS 0x0000000742200000, 0x0000000742200000| Complete 
|  35|0x0000000742300000, 0x0000000742400000, 0x0000000742400000|100%| S|CS|TAMS 0x0000000742300000, 0x0000000742300000| Complete 
|  36|0x0000000742400000, 0x0000000742400000, 0x0000000742500000|  0%| F|  |TAMS 0x0000000742400000, 0x0000000742400000| Untracked 
|  37|0x0000000742500000, 0x0000000742500000, 0x0000000742600000|  0%| F|  |TAMS 0x0000000742500000, 0x0000000742500000| Untracked 
|  38|0x0000000742600000, 0x0000000742600000, 0x0000000742700000|  0%| F|  |TAMS 0x0000000742600000, 0x0000000742600000| Untracked 
|  39|0x0000000742700000, 0x0000000742700000, 0x0000000742800000|  0%| F|  |TAMS 0x0000000742700000, 0x0000000742700000| Untracked 
|  40|0x0000000742800000, 0x0000000742800000, 0x0000000742900000|  0%| F|  |TAMS 0x0000000742800000, 0x0000000742800000| Untracked 
|  41|0x0000000742900000, 0x0000000742900000, 0x0000000742a00000|  0%| F|  |TAMS 0x0000000742900000, 0x0000000742900000| Untracked 
|  42|0x0000000742a00000, 0x0000000742a00000, 0x0000000742b00000|  0%| F|  |TAMS 0x0000000742a00000, 0x0000000742a00000| Untracked 
|  43|0x0000000742b00000, 0x0000000742b00000, 0x0000000742c00000|  0%| F|  |TAMS 0x0000000742b00000, 0x0000000742b00000| Untracked 
|  44|0x0000000742c00000, 0x0000000742c00000, 0x0000000742d00000|  0%| F|  |TAMS 0x0000000742c00000, 0x0000000742c00000| Untracked 
|  45|0x0000000742d00000, 0x0000000742d00000, 0x0000000742e00000|  0%| F|  |TAMS 0x0000000742d00000, 0x0000000742d00000| Untracked 
|  46|0x0000000742e00000, 0x0000000742e00000, 0x0000000742f00000|  0%| F|  |TAMS 0x0000000742e00000, 0x0000000742e00000| Untracked 
|  47|0x0000000742f00000, 0x0000000742f00000, 0x0000000743000000|  0%| F|  |TAMS 0x0000000742f00000, 0x0000000742f00000| Untracked 
|  48|0x0000000743000000, 0x0000000743000000, 0x0000000743100000|  0%| F|  |TAMS 0x0000000743000000, 0x0000000743000000| Untracked 
|  49|0x0000000743100000, 0x0000000743100000, 0x0000000743200000|  0%| F|  |TAMS 0x0000000743100000, 0x0000000743100000| Untracked 
|  50|0x0000000743200000, 0x00000007432d71f8, 0x0000000743300000| 84%| E|  |TAMS 0x0000000743200000, 0x0000000743200000| Complete 
|  51|0x0000000743300000, 0x0000000743400000, 0x0000000743400000|100%| E|CS|TAMS 0x0000000743300000, 0x0000000743300000| Complete 
|  52|0x0000000743400000, 0x0000000743500000, 0x0000000743500000|100%| E|CS|TAMS 0x0000000743400000, 0x0000000743400000| Complete 
|  53|0x0000000743500000, 0x0000000743600000, 0x0000000743600000|100%| E|CS|TAMS 0x0000000743500000, 0x0000000743500000| Complete 
|  54|0x0000000743600000, 0x0000000743700000, 0x0000000743700000|100%| E|CS|TAMS 0x0000000743600000, 0x0000000743600000| Complete 
|  55|0x0000000743700000, 0x0000000743800000, 0x0000000743800000|100%| E|CS|TAMS 0x0000000743700000, 0x0000000743700000| Complete 
| 127|0x0000000747f00000, 0x0000000748000000, 0x0000000748000000|100%| E|CS|TAMS 0x0000000747f00000, 0x0000000747f00000| Complete 
|2047|0x00000007bff00000, 0x00000007c0000000, 0x00000007c0000000|100%| O|  |TAMS 0x00000007bff00000, 0x00000007bff00000| Untracked 

Card table byte_map: [0x0000000102ec4000,0x00000001032c4000] _byte_map_base: 0x00000000ff4c4000

Marking Bits (Prev, Next): (CMBitMap*) 0x000000013b00b610, (CMBitMap*) 0x000000013b00b650
 Prev Bits: [0x000000011ae28000, 0x000000011ce28000)
 Next Bits: [0x000000011ce28000, 0x000000011ee28000)

Polling page: 0x0000000102630000

Metaspace:

Usage:
  Non-class:     32.87 MB used.
      Class:      4.89 MB used.
       Both:     37.77 MB used.

Virtual space:
  Non-class space:       40.00 MB reserved,      33.00 MB ( 82%) committed,  5 nodes.
      Class space:        1.00 GB reserved,       5.00 MB ( <1%) committed,  1 nodes.
             Both:        1.04 GB reserved,      38.00 MB (  4%) committed. 

Chunk freelists:
   Non-Class:  2.25 MB
       Class:  2.82 MB
        Both:  5.07 MB

MaxMetaspaceSize: unlimited
CompressedClassSpaceSize: 1.00 GB
Initial GC threshold: 21.00 MB
Current GC threshold: 53.38 MB
CDS: off
MetaspaceReclaimPolicy: balanced
 - commit_granule_bytes: 65536.
 - commit_granule_words: 8192.
 - virtual_space_node_default_size: 1048576.
 - enlarge_chunks_in_place: 1.
 - new_chunks_are_fully_committed: 0.
 - uncommit_free_chunks: 1.
 - use_allocation_guard: 0.
 - handle_deallocations: 1.


Internal statistics:

num_allocs_failed_limit: 3.
num_arena_births: 320.
num_arena_deaths: 0.
num_vsnodes_births: 6.
num_vsnodes_deaths: 0.
num_space_committed: 608.
num_space_uncommitted: 0.
num_chunks_returned_to_freelist: 3.
num_chunks_taken_from_freelist: 1207.
num_chunk_merges: 3.
num_chunk_splits: 808.
num_chunks_enlarged: 618.
num_purges: 0.
num_inconsistent_stats: 0.

CodeHeap 'non-profiled nmethods': size=120032Kb used=2114Kb max_used=2114Kb free=117917Kb
 bounds [0x00000001138f0000, 0x0000000113b60000, 0x000000011ae28000]
CodeHeap 'profiled nmethods': size=120016Kb used=11333Kb max_used=11333Kb free=108682Kb
 bounds [0x000000010c3bc000, 0x000000010cedc000, 0x00000001138f0000]
CodeHeap 'non-nmethods': size=5712Kb used=1442Kb max_used=1558Kb free=4269Kb
 bounds [0x000000010be28000, 0x000000010c098000, 0x000000010c3bc000]
 total_blobs=6071 nmethods=5223 adapters=763
 compilation: enabled
              stopped_count=0, restarted_count=0
 full_count=0

Compilation events (20 events):
Event: 9.466 Thread 0x0000000139015c00 5361       3       com.sun.scenario.effect.impl.prism.PrEffectHelper::getGraphicsClipNoClone (40 bytes)
Event: 9.467 Thread 0x0000000139015c00 nmethod 5361 0x000000010cec5a10 code [0x000000010cec5c00, 0x000000010cec61b8]
Event: 9.467 Thread 0x0000000139015c00 5362   !   3       com.sun.prism.impl.shape.DMarlinRasterizer::getMaskData (336 bytes)
Event: 9.470 Thread 0x0000000139015c00 nmethod 5362 0x000000010cec6390 code [0x000000010cec6940, 0x000000010cec8788]
Event: 9.470 Thread 0x0000000139015c00 5363       3       com.sun.marlin.DMarlinRenderingEngine::getRendererContext (12 bytes)
Event: 9.470 Thread 0x0000000139015c00 nmethod 5363 0x000000010cec9890 code [0x000000010cec9a40, 0x000000010cec9c98]
Event: 9.470 Thread 0x0000000139015c00 5364       3       com.sun.prism.impl.shape.DMarlinPrismUtils::setupRenderer (119 bytes)
Event: 9.471 Thread 0x0000000139015c00 nmethod 5364 0x000000010cec9d90 code [0x000000010ceca040, 0x000000010cecab38]
Event: 9.471 Thread 0x0000000139015c00 5365       3       com.sun.prism.impl.shape.DMarlinPrismUtils::initRenderer (253 bytes)
Event: 9.471 Thread 0x0000000139015c00 nmethod 5365 0x000000010cecaf90 code [0x000000010cecb280, 0x000000010cecbb28]
Event: 9.472 Thread 0x0000000139015c00 5366       3       com.sun.marlin.Renderer::getOffsetX (4 bytes)
Event: 9.472 Thread 0x0000000139015c00 nmethod 5366 0x000000010cecbf90 code [0x000000010cecc180, 0x000000010cecc2a8]
Event: 9.472 Thread 0x0000000139015c00 5367       3       com.sun.marlin.Renderer::getOffsetY (4 bytes)
Event: 9.472 Thread 0x0000000139015c00 nmethod 5367 0x000000010cecc390 code [0x000000010cecc580, 0x000000010cecc6a8]
Event: 9.472 Thread 0x0000000139015c00 5368       3       com.sun.javafx.geom.transform.AffineBase::<init> (5 bytes)
Event: 9.472 Thread 0x0000000139015c00 nmethod 5368 0x000000010cecc790 code [0x000000010cecc940, 0x000000010ceccb68]
Event: 9.472 Thread 0x0000000139023800 5369       4       com.sun.javafx.geom.transform.GeneralTransform3D::isInfOrNaN (40 bytes)
Event: 9.472 Thread 0x0000000139015c00 5370       3       com.sun.prism.impl.BaseGraphics::setClipRect (44 bytes)
Event: 9.473 Thread 0x0000000139015c00 nmethod 5370 0x000000010ceccc90 code [0x000000010cecce80, 0x000000010cecd308]
Event: 9.474 Thread 0x0000000139023800 nmethod 5369 0x0000000113b00610 code [0x0000000113b007c0, 0x0000000113b00990]

GC Heap History (20 events):
Event: 0.450 GC heap before
{Heap before GC invocations=0 (full 0):
 garbage-first heap   total 131072K, used 22528K [0x0000000740000000, 0x00000007c0000000)
  region size 1024K, 23 young (23552K), 0 survivors (0K)
 Metaspace       used 13061K, committed 13248K, reserved 1064960K
  class space    used 1410K, committed 1472K, reserved 1048576K
}
Event: 0.454 GC heap after
{Heap after GC invocations=1 (full 0):
 garbage-first heap   total 131072K, used 3477K [0x0000000740000000, 0x00000007c0000000)
  region size 1024K, 3 young (3072K), 3 survivors (3072K)
 Metaspace       used 13061K, committed 13248K, reserved 1064960K
  class space    used 1410K, committed 1472K, reserved 1048576K
}
Event: 0.901 GC heap before
{Heap before GC invocations=1 (full 0):
 garbage-first heap   total 131072K, used 29077K [0x0000000740000000, 0x00000007c0000000)
  region size 1024K, 30 young (30720K), 3 survivors (3072K)
 Metaspace       used 21312K, committed 21504K, reserved 1073152K
  class space    used 2625K, committed 2688K, reserved 1048576K
}
Event: 0.907 GC heap after
{Heap after GC invocations=2 (full 0):
 garbage-first heap   total 131072K, used 7663K [0x0000000740000000, 0x00000007c0000000)
  region size 1024K, 4 young (4096K), 4 survivors (4096K)
 Metaspace       used 21312K, committed 21504K, reserved 1073152K
  class space    used 2625K, committed 2688K, reserved 1048576K
}
Event: 1.327 GC heap before
{Heap before GC invocations=3 (full 0):
 garbage-first heap   total 30720K, used 20975K [0x0000000740000000, 0x00000007c0000000)
  region size 1024K, 18 young (18432K), 4 survivors (4096K)
 Metaspace       used 28563K, committed 28864K, reserved 1081344K
  class space    used 3457K, committed 3584K, reserved 1048576K
}
Event: 1.331 GC heap after
{Heap after GC invocations=4 (full 0):
 garbage-first heap   total 30720K, used 10696K [0x0000000740000000, 0x00000007c0000000)
  region size 1024K, 3 young (3072K), 3 survivors (3072K)
 Metaspace       used 28563K, committed 28864K, reserved 1081344K
  class space    used 3457K, committed 3584K, reserved 1048576K
}
Event: 1.426 GC heap before
{Heap before GC invocations=4 (full 0):
 garbage-first heap   total 30720K, used 11720K [0x0000000740000000, 0x00000007c0000000)
  region size 1024K, 4 young (4096K), 3 survivors (3072K)
 Metaspace       used 28801K, committed 29056K, reserved 1081344K
  class space    used 3481K, committed 3584K, reserved 1048576K
}
Event: 1.430 GC heap after
{Heap after GC invocations=5 (full 0):
 garbage-first heap   total 30720K, used 11329K [0x0000000740000000, 0x00000007c0000000)
  region size 1024K, 1 young (1024K), 1 survivors (1024K)
 Metaspace       used 28801K, committed 29056K, reserved 1081344K
  class space    used 3481K, committed 3584K, reserved 1048576K
}
Event: 1.575 GC heap before
{Heap before GC invocations=5 (full 0):
 garbage-first heap   total 30720K, used 20545K [0x0000000740000000, 0x00000007c0000000)
  region size 1024K, 10 young (10240K), 1 survivors (1024K)
 Metaspace       used 29849K, committed 30208K, reserved 1081344K
  class space    used 3602K, committed 3776K, reserved 1048576K
}
Event: 1.582 GC heap after
{Heap after GC invocations=6 (full 0):
 garbage-first heap   total 30720K, used 15164K [0x0000000740000000, 0x00000007c0000000)
  region size 1024K, 2 young (2048K), 2 survivors (2048K)
 Metaspace       used 29849K, committed 30208K, reserved 1081344K
  class space    used 3602K, committed 3776K, reserved 1048576K
}
Event: 1.649 GC heap before
{Heap before GC invocations=6 (full 0):
 garbage-first heap   total 30720K, used 21308K [0x0000000740000000, 0x00000007c0000000)
  region size 1024K, 8 young (8192K), 2 survivors (2048K)
 Metaspace       used 31348K, committed 31680K, reserved 1081344K
  class space    used 3856K, committed 4032K, reserved 1048576K
}
Event: 1.653 GC heap after
{Heap after GC invocations=7 (full 0):
 garbage-first heap   total 30720K, used 15921K [0x0000000740000000, 0x00000007c0000000)
  region size 1024K, 1 young (1024K), 1 survivors (1024K)
 Metaspace       used 31348K, committed 31680K, reserved 1081344K
  class space    used 3856K, committed 4032K, reserved 1048576K
}
Event: 1.699 GC heap before
{Heap before GC invocations=7 (full 0):
 garbage-first heap   total 30720K, used 21041K [0x0000000740000000, 0x00000007c0000000)
  region size 1024K, 7 young (7168K), 1 survivors (1024K)
 Metaspace       used 32488K, committed 32768K, reserved 1081344K
  class space    used 4114K, committed 4288K, reserved 1048576K
}
Event: 1.706 GC heap after
{Heap after GC invocations=8 (full 0):
 garbage-first heap   total 80896K, used 16705K [0x0000000740000000, 0x00000007c0000000)
  region size 1024K, 1 young (1024K), 1 survivors (1024K)
 Metaspace       used 32488K, committed 32768K, reserved 1081344K
  class space    used 4114K, committed 4288K, reserved 1048576K
}
Event: 1.979 GC heap before
{Heap before GC invocations=9 (full 0):
 garbage-first heap   total 58368K, used 48449K [0x0000000740000000, 0x00000007c0000000)
  region size 1024K, 34 young (34816K), 1 survivors (1024K)
 Metaspace       used 36346K, committed 36672K, reserved 1081344K
  class space    used 4801K, committed 4928K, reserved 1048576K
}
Event: 1.983 GC heap after
{Heap after GC invocations=10 (full 0):
 garbage-first heap   total 59392K, used 23048K [0x0000000740000000, 0x00000007c0000000)
  region size 1024K, 5 young (5120K), 5 survivors (5120K)
 Metaspace       used 36346K, committed 36672K, reserved 1081344K
  class space    used 4801K, committed 4928K, reserved 1048576K
}
Event: 1.993 GC heap before
{Heap before GC invocations=10 (full 0):
 garbage-first heap   total 59392K, used 23048K [0x0000000740000000, 0x00000007c0000000)
  region size 1024K, 6 young (6144K), 5 survivors (5120K)
 Metaspace       used 36535K, committed 36864K, reserved 1081344K
  class space    used 4835K, committed 4992K, reserved 1048576K
}
Event: 1.995 GC heap after
{Heap after GC invocations=11 (full 0):
 garbage-first heap   total 59392K, used 22160K [0x0000000740000000, 0x00000007c0000000)
  region size 1024K, 1 young (1024K), 1 survivors (1024K)
 Metaspace       used 36535K, committed 36864K, reserved 1081344K
  class space    used 4835K, committed 4992K, reserved 1048576K
}
Event: 6.775 GC heap before
{Heap before GC invocations=11 (full 0):
 garbage-first heap   total 59392K, used 44688K [0x0000000740000000, 0x00000007c0000000)
  region size 1024K, 21 young (21504K), 1 survivors (1024K)
 Metaspace       used 38447K, committed 38720K, reserved 1089536K
  class space    used 5008K, committed 5120K, reserved 1048576K
}
Event: 6.779 GC heap after
{Heap after GC invocations=12 (full 0):
 garbage-first heap   total 59392K, used 25276K [0x0000000740000000, 0x00000007c0000000)
  region size 1024K, 2 young (2048K), 2 survivors (2048K)
 Metaspace       used 38447K, committed 38720K, reserved 1089536K
  class space    used 5008K, committed 5120K, reserved 1048576K
}

Deoptimization events (20 events):
Event: 3.965 Thread 0x000000013b163600 DEOPT PACKING pc=0x000000010cd4fd60 sp=0x0000000171130580
Event: 3.965 Thread 0x000000013b163600 DEOPT UNPACKING pc=0x000000010be66b7c sp=0x0000000171130220 mode 0
Event: 3.970 Thread 0x000000013b163600 DEOPT PACKING pc=0x000000010cd4fd60 sp=0x0000000171130880
Event: 3.970 Thread 0x000000013b163600 DEOPT UNPACKING pc=0x000000010be66b7c sp=0x0000000171130520 mode 0
Event: 6.275 Thread 0x000000013b1c0c00 DEOPT PACKING pc=0x000000010cc9f870 sp=0x0000000172429270
Event: 6.275 Thread 0x000000013b1c0c00 DEOPT UNPACKING pc=0x000000010be66b7c sp=0x0000000172428f20 mode 0
Event: 6.918 Thread 0x000000013b1c0c00 DEOPT PACKING pc=0x000000010cd22318 sp=0x0000000172429e20
Event: 6.918 Thread 0x000000013b1c0c00 DEOPT UNPACKING pc=0x000000010be66b7c sp=0x0000000172429ab0 mode 0
Event: 8.637 Thread 0x000000013b1c0c00 Uncommon trap: trap_request=0xffffffcc fr.pc=0x0000000113af13d8 relative=0x0000000000001798
Event: 8.637 Thread 0x000000013b1c0c00 Uncommon trap: reason=intrinsic_or_type_checked_inlining action=make_not_entrant pc=0x0000000113af13d8 method=java.util.ArrayList$SubList.toArray([Ljava/lang/Object;)[Ljava/lang/Object; @ 58 c2
Event: 8.637 Thread 0x000000013b1c0c00 DEOPT PACKING pc=0x0000000113af13d8 sp=0x0000000172429310
Event: 8.637 Thread 0x000000013b1c0c00 DEOPT UNPACKING pc=0x000000010be66d1c sp=0x0000000172429220 mode 2
Event: 9.280 Thread 0x000000013b1c0c00 DEOPT PACKING pc=0x000000010cc1725c sp=0x0000000172428fc0
Event: 9.280 Thread 0x000000013b1c0c00 DEOPT UNPACKING pc=0x000000010be66b7c sp=0x0000000172428cf0 mode 0
Event: 9.340 Thread 0x000000013b1c0c00 Uncommon trap: trap_request=0xffffffbe fr.pc=0x0000000113afe984 relative=0x0000000000000444
Event: 9.340 Thread 0x000000013b1c0c00 Uncommon trap: reason=profile_predicate action=maybe_recompile pc=0x0000000113afe984 method=com.sun.crypto.provider.HmacCore.engineInit(Ljava/security/Key;Ljava/security/spec/AlgorithmParameterSpec;)V @ 88 c2
Event: 9.340 Thread 0x000000013b1c0c00 DEOPT PACKING pc=0x0000000113afe984 sp=0x0000000172429090
Event: 9.340 Thread 0x000000013b1c0c00 DEOPT UNPACKING pc=0x000000010be66d1c sp=0x0000000172429000 mode 2
Event: 9.345 Thread 0x000000013b1c0c00 DEOPT PACKING pc=0x000000010cd633a4 sp=0x0000000172429df0
Event: 9.345 Thread 0x000000013b1c0c00 DEOPT UNPACKING pc=0x000000010be66b7c sp=0x0000000172429a90 mode 0

Classes unloaded (0 events):
No events

Classes redefined (0 events):
No events

Internal exceptions (20 events):
Event: 0.965 Thread 0x000000013b1d1c00 Exception <a 'java/lang/IncompatibleClassChangeError'{0x000000074159b698}: Found class java.lang.Object, but interface was expected> (0x000000074159b698) 
thrown [open/src/hotspot/share/interpreter/linkResolver.cpp, line 833]
Event: 1.281 Thread 0x000000013b1d1c00 Implicit null exception at 0x00000001139987d4 to 0x0000000113998900
Event: 1.567 Thread 0x000000013b1d1c00 Exception <a 'sun/nio/fs/UnixException'{0x0000000741493630}> (0x0000000741493630) 
thrown [open/src/hotspot/share/prims/jni.cpp, line 516]
Event: 1.569 Thread 0x000000013b1d1c00 Exception <a 'sun/nio/fs/UnixException'{0x00000007414aff80}> (0x00000007414aff80) 
thrown [open/src/hotspot/share/prims/jni.cpp, line 516]
Event: 1.587 Thread 0x000000013b1d1c00 Implicit null exception at 0x0000000113914bf8 to 0x0000000113914c88
Event: 1.629 Thread 0x000000013b1d1c00 Implicit null exception at 0x00000001139c6f54 to 0x00000001139c7120
Event: 1.641 Thread 0x000000013b1d1c00 Implicit null exception at 0x00000001139b34d4 to 0x00000001139b3690
Event: 1.643 Thread 0x000000013b1d1c00 Implicit null exception at 0x00000001139130d4 to 0x0000000113913140
Event: 1.661 Thread 0x000000013b1d1c00 Exception <a 'java/lang/IncompatibleClassChangeError'{0x0000000747f8e780}: Found class java.lang.Object, but interface was expected> (0x0000000747f8e780) 
thrown [open/src/hotspot/share/interpreter/linkResolver.cpp, line 833]
Event: 1.662 Thread 0x000000013b1d1c00 Exception <a 'java/lang/ClassNotFoundException'{0x0000000747fb9dc8}: com/sun/javafx/scene/control/skin/resources/controls> (0x0000000747fb9dc8) 
thrown [open/src/hotspot/share/prims/jni.cpp, line 535]
Event: 1.663 Thread 0x000000013b1d1c00 Exception <a 'java/lang/ClassNotFoundException'{0x0000000747fc7dc0}: com/sun/javafx/scene/control/skin/resources/controls_en> (0x0000000747fc7dc0) 
thrown [open/src/hotspot/share/prims/jni.cpp, line 535]
Event: 1.663 Thread 0x000000013b1d1c00 Exception <a 'java/lang/ClassNotFoundException'{0x0000000747fc9698}: com/sun/javafx/scene/control/skin/resources/controls_en_EG> (0x0000000747fc9698) 
thrown [open/src/hotspot/share/prims/jni.cpp, line 535]
Event: 1.793 Thread 0x000000013b1d1c00 Exception <a 'java/lang/NoSuchMethodError'{0x0000000742efc0a8}: 'void java.lang.invoke.DirectMethodHandle$Holder.invokeSpecialIFC(java.lang.Object, java.lang.Object, java.lang.Object, java.lang.Object)'> (0x0000000742efc0a8) 
thrown [open/src/hotspot/share/interpreter/linkResolver.cpp, line 766]
Event: 1.803 Thread 0x000000013b1d1c00 Exception <a 'java/lang/NoSuchMethodError'{0x0000000742c94350}: 'int java.lang.invoke.DirectMethodHandle$Holder.invokeSpecial(java.lang.Object, java.lang.Object, int)'> (0x0000000742c94350) 
thrown [open/src/hotspot/share/interpreter/linkResolver.cpp, line 766]
Event: 1.875 Thread 0x000000013b1d1c00 Exception <a 'java/lang/NoSuchMethodError'{0x0000000741f22ed0}: 'void java.lang.invoke.DirectMethodHandle$Holder.invokeSpecial(java.lang.Object, java.lang.Object, int, int)'> (0x0000000741f22ed0) 
thrown [open/src/hotspot/share/interpreter/linkResolver.cpp, line 766]
Event: 1.875 Thread 0x000000013b1d1c00 Exception <a 'java/lang/NoSuchMethodError'{0x0000000741f296c8}: 'java.lang.Object java.lang.invoke.DirectMethodHandle$Holder.newInvokeSpecial(java.lang.Object, java.lang.Object, int, int)'> (0x0000000741f296c8) 
thrown [open/src/hotspot/share/interpreter/linkResolver.cpp, line 766]
Event: 1.983 Thread 0x000000013b1d1c00 Exception <a 'java/lang/NoSuchMethodError'{0x0000000747f02370}: 'long java.lang.invoke.DirectMethodHandle$Holder.invokeStatic(java.lang.Object, java.lang.Object, java.lang.Object)'> (0x0000000747f02370) 
thrown [open/src/hotspot/share/interpreter/linkResolver.cpp, line 766]
Event: 1.983 Thread 0x000000013b1d1c00 Exception <a 'java/lang/NoSuchMethodError'{0x0000000747f05b18}: 'long java.lang.invoke.DirectMethodHandle$Holder.invokeStaticInit(java.lang.Object, java.lang.Object, java.lang.Object)'> (0x0000000747f05b18) 
thrown [open/src/hotspot/share/interpreter/linkResolver.cpp, line 766]
Event: 1.984 Thread 0x000000013b1d1c00 Exception <a 'java/lang/NoSuchMethodError'{0x0000000747f2f968}: 'java.lang.Object java.lang.invoke.DirectMethodHandle$Holder.newInvokeSpecial(java.lang.Object, java.lang.Object, long)'> (0x0000000747f2f968) 
thrown [open/src/hotspot/share/interpreter/linkResolver.cpp, line 766]
Event: 1.984 Thread 0x000000013b1d1c00 Exception <a 'java/lang/NoSuchMethodError'{0x0000000747f361f0}: 'java.lang.Object java.lang.invoke.Invokers$Holder.linkToTargetMethod(java.lang.Object, long, java.lang.Object)'> (0x0000000747f361f0) 
thrown [open/src/hotspot/share/interpreter/linkResolver.cpp, line 766]

VM Operations (20 events):
Event: 1.979 Executing VM operation: G1CollectForAllocation
Event: 1.983 Executing VM operation: G1CollectForAllocation done
Event: 1.993 Executing VM operation: G1CollectForAllocation
Event: 1.995 Executing VM operation: G1CollectForAllocation done
Event: 2.476 Executing VM operation: ICBufferFull
Event: 2.476 Executing VM operation: ICBufferFull done
Event: 3.468 Executing VM operation: ICBufferFull
Event: 3.468 Executing VM operation: ICBufferFull done
Event: 4.473 Executing VM operation: Cleanup
Event: 4.473 Executing VM operation: Cleanup done
Event: 5.478 Executing VM operation: Cleanup
Event: 5.478 Executing VM operation: Cleanup done
Event: 6.483 Executing VM operation: Cleanup
Event: 6.483 Executing VM operation: Cleanup done
Event: 6.775 Executing VM operation: G1CollectForAllocation
Event: 6.779 Executing VM operation: G1CollectForAllocation done
Event: 7.779 Executing VM operation: Cleanup
Event: 7.779 Executing VM operation: Cleanup done
Event: 8.784 Executing VM operation: Cleanup
Event: 8.784 Executing VM operation: Cleanup done

Events (20 events):
Event: 7.046 Thread 0x0000000139935800 Thread added: 0x0000000139935800
Event: 7.046 Protecting memory [0x0000000177d80000,0x0000000177d8c000] with protection modes 0
Event: 7.046 Protecting memory [0x0000000177d80000,0x0000000177d8c000] with protection modes 3
Event: 7.046 Thread 0x0000000139935800 Thread exited: 0x0000000139935800
Event: 7.553 Thread 0x0000000139d75400 Thread added: 0x0000000139d75400
Event: 7.553 Protecting memory [0x0000000177d80000,0x0000000177d8c000] with protection modes 0
Event: 7.553 Protecting memory [0x0000000177d80000,0x0000000177d8c000] with protection modes 3
Event: 7.553 Thread 0x0000000139d75400 Thread exited: 0x0000000139d75400
Event: 8.125 Thread 0x0000000139d78000 Thread added: 0x0000000139d78000
Event: 8.125 Protecting memory [0x0000000177d80000,0x0000000177d8c000] with protection modes 0
Event: 8.125 Protecting memory [0x0000000177d80000,0x0000000177d8c000] with protection modes 3
Event: 8.125 Thread 0x0000000139d78000 Thread exited: 0x0000000139d78000
Event: 8.711 Thread 0x0000000139d75400 Thread added: 0x0000000139d75400
Event: 8.711 Protecting memory [0x0000000177d80000,0x0000000177d8c000] with protection modes 0
Event: 8.711 Protecting memory [0x0000000177d80000,0x0000000177d8c000] with protection modes 3
Event: 8.712 Thread 0x0000000139d75400 Thread exited: 0x0000000139d75400
Event: 9.284 Thread 0x000000012d841400 Thread added: 0x000000012d841400
Event: 9.284 Protecting memory [0x0000000177d80000,0x0000000177d8c000] with protection modes 0
Event: 9.284 Protecting memory [0x0000000177d80000,0x0000000177d8c000] with protection modes 3
Event: 9.284 Thread 0x000000012d841400 Thread exited: 0x000000012d841400


Dynamic libraries:
0x00000001025e0000 	/Users/youssefgeorge/Library/Java/JavaVirtualMachines/openjdk-17.0.2/Contents/Home/lib/libjli.dylib
0x00000001ad664000 	/usr/lib/libz.1.dylib
0x00000001ad71b000 	/usr/lib/libSystem.B.dylib
0x00000001ad715000 	/usr/lib/system/libcache.dylib
0x00000001ad6d3000 	/usr/lib/system/libcommonCrypto.dylib
0x00000001ad6fc000 	/usr/lib/system/libcompiler_rt.dylib
0x00000001ad6f3000 	/usr/lib/system/libcopyfile.dylib
0x00000001a295b000 	/usr/lib/system/libcorecrypto.dylib
0x00000001a2a0e000 	/usr/lib/system/libdispatch.dylib
0x00000001a2bdc000 	/usr/lib/system/libdyld.dylib
0x00000001ad70b000 	/usr/lib/system/libkeymgr.dylib
0x00000001ad6ae000 	/usr/lib/system/libmacho.dylib
0x00000001acda3000 	/usr/lib/system/libquarantine.dylib
0x00000001ad708000 	/usr/lib/system/libremovefile.dylib
0x00000001a7d44000 	/usr/lib/system/libsystem_asl.dylib
0x00000001a28fd000 	/usr/lib/system/libsystem_blocks.dylib
0x00000001a2a96000 	/usr/lib/system/libsystem_c.dylib
0x00000001ad700000 	/usr/lib/system/libsystem_collections.dylib
0x00000001ac231000 	/usr/lib/system/libsystem_configuration.dylib
0x00000001ab48d000 	/usr/lib/system/libsystem_containermanager.dylib
0x00000001ad410000 	/usr/lib/system/libsystem_coreservices.dylib
0x00000001a5304000 	/usr/lib/system/libsystem_darwin.dylib
0x00000001ad70c000 	/usr/lib/system/libsystem_dnssd.dylib
0x00000001a2a93000 	/usr/lib/system/libsystem_featureflags.dylib
0x00000001a2bf1000 	/usr/lib/system/libsystem_info.dylib
0x00000001ad676000 	/usr/lib/system/libsystem_m.dylib
0x00000001a29e3000 	/usr/lib/system/libsystem_malloc.dylib
0x00000001a7cd3000 	/usr/lib/system/libsystem_networkextension.dylib
0x00000001a575d000 	/usr/lib/system/libsystem_notify.dylib
0x00000001b3a59000 	/usr/lib/system/libsystem_product_info_filter.dylib
0x00000001ac236000 	/usr/lib/system/libsystem_sandbox.dylib
0x00000001ad705000 	/usr/lib/system/libsystem_secinit.dylib
0x00000001a2b97000 	/usr/lib/system/libsystem_kernel.dylib
0x00000001a2be9000 	/usr/lib/system/libsystem_platform.dylib
0x00000001a2bcf000 	/usr/lib/system/libsystem_pthread.dylib
0x00000001a949c000 	/usr/lib/system/libsystem_symptoms.dylib
0x00000001a2941000 	/usr/lib/system/libsystem_trace.dylib
0x00000001ad6e0000 	/usr/lib/system/libunwind.dylib
0x00000001a28ff000 	/usr/lib/system/libxpc.dylib
0x00000001a2b7f000 	/usr/lib/libc++abi.dylib
0x00000001a2a55000 	/usr/lib/libobjc.A.dylib
0x00000001ad6eb000 	/usr/lib/liboah.dylib
0x00000001a2b18000 	/usr/lib/libc++.1.dylib
0x00000001b9572000 	/System/Library/Frameworks/Cocoa.framework/Versions/A/Cocoa
0x00000001a57be000 	/System/Library/Frameworks/AppKit.framework/Versions/C/AppKit
0x00000001a8cc4000 	/System/Library/Frameworks/CoreData.framework/Versions/A/CoreData
0x00000001a3b19000 	/System/Library/Frameworks/Foundation.framework/Versions/C/Foundation
0x00000001a6676000 	/System/Library/PrivateFrameworks/UIFoundation.framework/Versions/A/UIFoundation
0x00000001b3753000 	/System/Library/PrivateFrameworks/RemoteViewServices.framework/Versions/A/RemoteViewServices
0x00000001abbd9000 	/System/Library/PrivateFrameworks/XCTTargetBootstrap.framework/Versions/A/XCTTargetBootstrap
0x00000001af457000 	/System/Library/PrivateFrameworks/InternationalSupport.framework/Versions/A/InternationalSupport
0x00000001af4e0000 	/System/Library/PrivateFrameworks/UserActivity.framework/Versions/A/UserActivity
0x00000001ae952000 	/usr/lib/libspindump.dylib
0x00000001a68e7000 	/System/Library/Frameworks/UniformTypeIdentifiers.framework/Versions/A/UniformTypeIdentifiers
0x00000001aa124000 	/usr/lib/libapp_launch_measurement.dylib
0x00000001a964e000 	/System/Library/PrivateFrameworks/CoreAnalytics.framework/Versions/A/CoreAnalytics
0x00000001aa127000 	/System/Library/PrivateFrameworks/CoreAutoLayout.framework/Versions/A/CoreAutoLayout
0x00000001ab4ca000 	/System/Library/Frameworks/Metal.framework/Versions/A/Metal
0x00000001ac241000 	/usr/lib/liblangid.dylib
0x00000001abbde000 	/System/Library/PrivateFrameworks/CoreSVG.framework/Versions/A/CoreSVG
0x00000001a7d78000 	/System/Library/PrivateFrameworks/SkyLight.framework/Versions/A/SkyLight
0x00000001a814d000 	/System/Library/Frameworks/CoreGraphics.framework/Versions/A/CoreGraphics
0x00000001b3e1f000 	/System/Library/Frameworks/Accelerate.framework/Versions/A/Accelerate
0x00000001ae3c9000 	/System/Library/PrivateFrameworks/IconServices.framework/Versions/A/IconServices
0x00000001ab4ac000 	/System/Library/Frameworks/IOSurface.framework/Versions/A/IOSurface
0x00000001a967f000 	/usr/lib/libDiagnosticMessagesClient.dylib
0x00000001b7320000 	/System/Library/Frameworks/ApplicationServices.framework/Versions/A/ApplicationServices
0x00000001abbc1000 	/System/Library/PrivateFrameworks/DFRFoundation.framework/Versions/A/DFRFoundation
0x00000001a504e000 	/usr/lib/libicucore.A.dylib
0x00000001b0303000 	/System/Library/Frameworks/AudioToolbox.framework/Versions/A/AudioToolbox
0x00000001af463000 	/System/Library/PrivateFrameworks/DataDetectorsCore.framework/Versions/A/DataDetectorsCore
0x00000001c5da3000 	/System/Library/PrivateFrameworks/TextInput.framework/Versions/A/TextInput
0x00000001a7ced000 	/usr/lib/libMobileGestalt.dylib
0x00000001ab88d000 	/System/Library/Frameworks/Carbon.framework/Versions/A/Frameworks/HIToolbox.framework/Versions/A/HIToolbox
0x00000001a9b00000 	/System/Library/Frameworks/QuartzCore.framework/Versions/A/QuartzCore
0x00000001a4cd1000 	/System/Library/Frameworks/Security.framework/Versions/A/Security
0x00000001b3793000 	/System/Library/Frameworks/Carbon.framework/Versions/A/Frameworks/SpeechRecognition.framework/Versions/A/SpeechRecognition
0x00000001a9e7a000 	/System/Library/PrivateFrameworks/CoreUI.framework/Versions/A/CoreUI
0x00000001a45ae000 	/System/Library/Frameworks/CoreAudio.framework/Versions/A/CoreAudio
0x00000001a9774000 	/System/Library/Frameworks/DiskArbitration.framework/Versions/A/DiskArbitration
0x00000001aed5c000 	/System/Library/PrivateFrameworks/MultitouchSupport.framework/Versions/A/MultitouchSupport
0x00000001a7ceb000 	/usr/lib/libenergytrace.dylib
0x00000001a5686000 	/System/Library/Frameworks/IOKit.framework/Versions/A/IOKit
0x00000001b3b82000 	/System/Library/Frameworks/CoreServices.framework/Versions/A/CoreServices
0x00000001aa0b4000 	/System/Library/PrivateFrameworks/PerformanceAnalysis.framework/Versions/A/PerformanceAnalysis
0x000000020408b000 	/System/Library/Frameworks/OpenGL.framework/Versions/A/OpenGL
0x00000001accbb000 	/System/Library/PrivateFrameworks/MobileKeyBag.framework/Versions/A/MobileKeyBag
0x00000001a875a000 	/System/Library/Frameworks/ColorSync.framework/Versions/A/ColorSync
0x00000001a2c1e000 	/System/Library/Frameworks/CoreFoundation.framework/Versions/A/CoreFoundation
0x00000001abe5d000 	/System/Library/Frameworks/CoreImage.framework/Versions/A/CoreImage
0x00000001a43d2000 	/System/Library/Frameworks/CoreText.framework/Versions/A/CoreText
0x00000001abc0e000 	/System/Library/Frameworks/ImageIO.framework/Versions/A/ImageIO
0x00000001ad721000 	/System/Library/PrivateFrameworks/SoftLinking.framework/Versions/A/SoftLinking
0x00000001aa172000 	/usr/lib/libxml2.2.dylib
0x00000001ad9ba000 	/usr/lib/libcompression.dylib
0x00000001af3b3000 	/System/Library/PrivateFrameworks/TextureIO.framework/Versions/A/TextureIO
0x00000001ae0e2000 	/usr/lib/libate.dylib
0x00000001adfa7000 	/usr/lib/liblzma.5.dylib
0x00000001a380d000 	/System/Library/Frameworks/SystemConfiguration.framework/Versions/A/SystemConfiguration
0x00000001ad71d000 	/usr/lib/libfakelink.dylib
0x00000001a781f000 	/System/Library/Frameworks/CFNetwork.framework/Versions/A/CFNetwork
0x00000001ad863000 	/usr/lib/libarchive.2.dylib
0x00000001ac23d000 	/System/Library/PrivateFrameworks/AppleSystemInfo.framework/Versions/A/AppleSystemInfo
0x00000001acdce000 	/usr/lib/libbsm.0.dylib
0x00000001a6d90000 	/usr/lib/libnetwork.dylib
0x00000001ad6b7000 	/usr/lib/system/libkxld.dylib
0x00000001ac9e1000 	/System/Library/PrivateFrameworks/IOMobileFramebuffer.framework/Versions/A/IOMobileFramebuffer
0x00000002219b7000 	/usr/lib/libCoreEntitlements.dylib
0x00000001ad3f2000 	/System/Library/PrivateFrameworks/AppleFSCompression.framework/Versions/A/AppleFSCompression
0x00000001acdb6000 	/usr/lib/libcoretls.dylib
0x00000001adfc0000 	/usr/lib/libcoretls_cfhelpers.dylib
0x00000001ad9b5000 	/usr/lib/libpam.2.dylib
0x00000001a90b3000 	/usr/lib/libsqlite3.dylib
0x00000001ae029000 	/usr/lib/libxar.1.dylib
0x00000001ad403000 	/usr/lib/libbz2.1.0.dylib
0x00000001ad722000 	/usr/lib/libpcap.A.dylib
0x00000001a9493000 	/usr/lib/libdns_services.dylib
0x00000001ad988000 	/usr/lib/libapple_nghttp2.dylib
0x00000001ad75f000 	/usr/lib/libiconv.2.dylib
0x00000001ad6ad000 	/usr/lib/libcharset.1.dylib
0x00000001aa0f0000 	/System/Library/Frameworks/CoreServices.framework/Versions/A/Frameworks/FSEvents.framework/Versions/A/FSEvents
0x00000001a530f000 	/System/Library/Frameworks/CoreServices.framework/Versions/A/Frameworks/CarbonCore.framework/Versions/A/CarbonCore
0x00000001a96d4000 	/System/Library/Frameworks/CoreServices.framework/Versions/A/Frameworks/Metadata.framework/Versions/A/Metadata
0x00000001ad416000 	/System/Library/Frameworks/CoreServices.framework/Versions/A/Frameworks/OSServices.framework/Versions/A/OSServices
0x00000001ad8e9000 	/System/Library/Frameworks/CoreServices.framework/Versions/A/Frameworks/SearchKit.framework/Versions/A/SearchKit
0x00000001a9422000 	/System/Library/Frameworks/CoreServices.framework/Versions/A/Frameworks/AE.framework/Versions/A/AE
0x00000001a3164000 	/System/Library/Frameworks/CoreServices.framework/Versions/A/Frameworks/LaunchServices.framework/Versions/A/LaunchServices
0x00000001adf50000 	/System/Library/Frameworks/CoreServices.framework/Versions/A/Frameworks/DictionaryServices.framework/Versions/A/DictionaryServices
0x00000001aa0fd000 	/System/Library/Frameworks/CoreServices.framework/Versions/A/Frameworks/SharedFileList.framework/Versions/A/SharedFileList
0x00000001acda6000 	/usr/lib/libCheckFix.dylib
0x00000001a7d5c000 	/System/Library/PrivateFrameworks/TCC.framework/Versions/A/TCC
0x00000001ac243000 	/System/Library/PrivateFrameworks/CoreNLP.framework/Versions/A/CoreNLP
0x00000001a9682000 	/System/Library/PrivateFrameworks/MetadataUtilities.framework/Versions/A/MetadataUtilities
0x00000001a38c6000 	/usr/lib/libmecabra.dylib
0x00000001acddf000 	/usr/lib/libmecab.dylib
0x00000001a3892000 	/usr/lib/libCRFSuite.dylib
0x00000001ace3c000 	/usr/lib/libgermantok.dylib
0x00000001ad961000 	/usr/lib/libThaiTokenizer.dylib
0x00000001a977c000 	/System/Library/Frameworks/Accelerate.framework/Versions/A/Frameworks/vImage.framework/Versions/A/vImage
0x00000001b3b59000 	/System/Library/Frameworks/Accelerate.framework/Versions/A/Frameworks/vecLib.framework/Versions/A/vecLib
0x00000001ae06e000 	/System/Library/Frameworks/Accelerate.framework/Versions/A/Frameworks/vecLib.framework/Versions/A/libvMisc.dylib
0x00000001ac8e8000 	/System/Library/Frameworks/Accelerate.framework/Versions/A/Frameworks/vecLib.framework/Versions/A/libvDSP.dylib
0x00000001a34ed000 	/System/Library/Frameworks/Accelerate.framework/Versions/A/Frameworks/vecLib.framework/Versions/A/libBLAS.dylib
0x00000001ada8b000 	/System/Library/Frameworks/Accelerate.framework/Versions/A/Frameworks/vecLib.framework/Versions/A/libLAPACK.dylib
0x00000001ace3f000 	/System/Library/Frameworks/Accelerate.framework/Versions/A/Frameworks/vecLib.framework/Versions/A/libLinearAlgebra.dylib
0x00000001ad9a0000 	/System/Library/Frameworks/Accelerate.framework/Versions/A/Frameworks/vecLib.framework/Versions/A/libSparseBLAS.dylib
0x00000001ada86000 	/System/Library/Frameworks/Accelerate.framework/Versions/A/Frameworks/vecLib.framework/Versions/A/libQuadrature.dylib
0x00000001ac33c000 	/System/Library/Frameworks/Accelerate.framework/Versions/A/Frameworks/vecLib.framework/Versions/A/libBNNS.dylib
0x00000001a37ab000 	/System/Library/Frameworks/Accelerate.framework/Versions/A/Frameworks/vecLib.framework/Versions/A/libSparse.dylib
0x00000001ac334000 	/System/Library/PrivateFrameworks/LinguisticData.framework/Versions/A/LinguisticData
0x00000001a3763000 	/System/Library/PrivateFrameworks/Lexicon.framework/Versions/A/Lexicon
0x00000001ae066000 	/usr/lib/libChineseTokenizer.dylib
0x00000001a3f0a000 	/System/Library/PrivateFrameworks/LanguageModeling.framework/Versions/A/LanguageModeling
0x00000001ad963000 	/System/Library/PrivateFrameworks/AppleSauce.framework/Versions/A/AppleSauce
0x00000001ac9ce000 	/System/Library/PrivateFrameworks/CoreEmoji.framework/Versions/A/CoreEmoji
0x00000001ad851000 	/usr/lib/libcmph.dylib
0x00000001aa0d0000 	/System/Library/Frameworks/OpenDirectory.framework/Versions/A/Frameworks/CFOpenDirectory.framework/Versions/A/CFOpenDirectory
0x00000001aa0c0000 	/System/Library/Frameworks/OpenDirectory.framework/Versions/A/OpenDirectory
0x00000001adfc2000 	/System/Library/PrivateFrameworks/APFS.framework/Versions/A/APFS
0x00000001accf6000 	/System/Library/Frameworks/SecurityFoundation.framework/Versions/A/SecurityFoundation
0x00000001ae038000 	/usr/lib/libutil.dylib
0x00000001a5648000 	/System/Library/PrivateFrameworks/CoreServicesStore.framework/Versions/A/CoreServicesStore
0x00000001ae03c000 	/usr/lib/libxslt.1.dylib
0x00000001acd8a000 	/System/Library/PrivateFrameworks/BackgroundTaskManagement.framework/Versions/A/BackgroundTaskManagement
0x00000001af2d4000 	/System/Library/Frameworks/ImageIO.framework/Versions/A/Resources/libRadiance.dylib
0x00000001af2dd000 	/System/Library/Frameworks/ImageIO.framework/Versions/A/Resources/libJPEG.dylib
0x00000001af230000 	/System/Library/Frameworks/ImageIO.framework/Versions/A/Resources/libPng.dylib
0x00000001af252000 	/System/Library/Frameworks/ImageIO.framework/Versions/A/Resources/libTIFF.dylib
0x00000001af338000 	/System/Library/Frameworks/ImageIO.framework/Versions/A/Resources/libGIF.dylib
0x00000001aec6c000 	/System/Library/Frameworks/ImageIO.framework/Versions/A/Resources/libJP2.dylib
0x00000001ae38e000 	/usr/lib/libexpat.1.dylib
0x00000001aec27000 	/System/Library/PrivateFrameworks/AppleJPEG.framework/Versions/A/AppleJPEG
0x00000001ab749000 	/System/Library/PrivateFrameworks/FontServices.framework/libFontParser.dylib
0x00000001a93c7000 	/System/Library/PrivateFrameworks/RunningBoardServices.framework/Versions/A/RunningBoardServices
0x00000001b9c45000 	/System/Library/PrivateFrameworks/IOSurfaceAccelerator.framework/Versions/A/IOSurfaceAccelerator
0x00000001aed58000 	/System/Library/PrivateFrameworks/WatchdogClient.framework/Versions/A/WatchdogClient
0x00000001a400e000 	/System/Library/Frameworks/CoreDisplay.framework/Versions/A/CoreDisplay
0x00000001ab633000 	/System/Library/Frameworks/CoreMedia.framework/Versions/A/CoreMedia
0x00000001ab4c0000 	/System/Library/PrivateFrameworks/IOAccelerator.framework/Versions/A/IOAccelerator
0x00000001aa260000 	/System/Library/Frameworks/CoreVideo.framework/Versions/A/CoreVideo
0x00000001ad9b3000 	/System/Library/Frameworks/MetalPerformanceShaders.framework/Versions/A/MetalPerformanceShaders
0x00000001aed97000 	/System/Library/Frameworks/VideoToolbox.framework/Versions/A/VideoToolbox
0x00000001a930b000 	/System/Library/PrivateFrameworks/BaseBoard.framework/Versions/A/BaseBoard
0x00000001a9099000 	/System/Library/PrivateFrameworks/ProtocolBuffer.framework/Versions/A/ProtocolBuffer
0x00000001af2cf000 	/System/Library/PrivateFrameworks/GPUWrangler.framework/Versions/A/GPUWrangler
0x00000001af2af000 	/System/Library/PrivateFrameworks/IOPresentment.framework/Versions/A/IOPresentment
0x00000001af2d7000 	/System/Library/PrivateFrameworks/DSExternalDisplay.framework/Versions/A/DSExternalDisplay
0x000000020407e000 	/System/Library/Frameworks/OpenGL.framework/Versions/A/Libraries/libCoreFSCache.dylib
0x000000020e53d000 	/System/Library/PrivateFrameworks/GPUCompiler.framework/Versions/31001/Libraries/libGPUCompilerUtils.dylib
0x00000001af33d000 	/System/Library/PrivateFrameworks/CMCaptureCore.framework/Versions/A/CMCaptureCore
0x00000001ae93f000 	/System/Library/PrivateFrameworks/AppServerSupport.framework/Versions/A/AppServerSupport
0x00000001b0bc0000 	/System/Library/PrivateFrameworks/perfdata.framework/Versions/A/perfdata
0x00000001a412e000 	/System/Library/PrivateFrameworks/AudioToolboxCore.framework/Versions/A/AudioToolboxCore
0x00000001ab60c000 	/System/Library/PrivateFrameworks/caulk.framework/Versions/A/caulk
0x00000001b04b5000 	/usr/lib/libAudioStatistics.dylib
0x00000001c240a000 	/System/Library/PrivateFrameworks/SystemPolicy.framework/Versions/A/SystemPolicy
0x00000001b0721000 	/usr/lib/libSMC.dylib
0x00000001b9454000 	/System/Library/Frameworks/CoreMIDI.framework/Versions/A/CoreMIDI
0x00000001af1fe000 	/usr/lib/libAudioToolboxUtility.dylib
0x00000001be4d7000 	/System/Library/PrivateFrameworks/OSAServicesClient.framework/Versions/A/OSAServicesClient
0x00000001b0bcd000 	/usr/lib/libperfcheck.dylib
0x00000001c2f22000 	/usr/lib/libmis.dylib
0x00000002040e0000 	/System/Library/Frameworks/OpenGL.framework/Versions/A/Libraries/libGLU.dylib
0x000000020409f000 	/System/Library/Frameworks/OpenGL.framework/Versions/A/Libraries/libGFXShared.dylib
0x000000020428c000 	/System/Library/Frameworks/OpenGL.framework/Versions/A/Libraries/libGL.dylib
0x00000002040a8000 	/System/Library/Frameworks/OpenGL.framework/Versions/A/Libraries/libGLImage.dylib
0x000000020409c000 	/System/Library/Frameworks/OpenGL.framework/Versions/A/Libraries/libCVMSPluginSupport.dylib
0x0000000204085000 	/System/Library/Frameworks/OpenGL.framework/Versions/A/Libraries/libCoreVMClient.dylib
0x00000001ac1bd000 	/System/Library/Frameworks/MetalPerformanceShaders.framework/Versions/A/Frameworks/MPSCore.framework/Versions/A/MPSCore
0x00000001ad365000 	/System/Library/Frameworks/MetalPerformanceShaders.framework/Versions/A/Frameworks/MPSImage.framework/Versions/A/MPSImage
0x00000001ace54000 	/System/Library/Frameworks/MetalPerformanceShaders.framework/Versions/A/Frameworks/MPSNeuralNetwork.framework/Versions/A/MPSNeuralNetwork
0x00000001ad28d000 	/System/Library/Frameworks/MetalPerformanceShaders.framework/Versions/A/Frameworks/MPSMatrix.framework/Versions/A/MPSMatrix
0x00000001ad066000 	/System/Library/Frameworks/MetalPerformanceShaders.framework/Versions/A/Frameworks/MPSRayIntersector.framework/Versions/A/MPSRayIntersector
0x00000001ad2be000 	/System/Library/Frameworks/MetalPerformanceShaders.framework/Versions/A/Frameworks/MPSNDArray.framework/Versions/A/MPSNDArray
0x00000002061f7000 	/System/Library/Frameworks/MetalPerformanceShaders.framework/Versions/A/Frameworks/MPSFunctions.framework/Versions/A/MPSFunctions
0x00000001a33c4000 	/System/Library/PrivateFrameworks/MetalTools.framework/Versions/A/MetalTools
0x00000001ac23b000 	/System/Library/PrivateFrameworks/AggregateDictionary.framework/Versions/A/AggregateDictionary
0x00000001ae173000 	/usr/lib/libIOReport.dylib
0x00000001b8472000 	/System/Library/PrivateFrameworks/ASEProcessing.framework/Versions/A/ASEProcessing
0x00000001ae4e8000 	/System/Library/PrivateFrameworks/FaceCore.framework/Versions/A/FaceCore
0x00000001ae4da000 	/System/Library/PrivateFrameworks/GraphVisualizer.framework/Versions/A/GraphVisualizer
0x000000020e454000 	/System/Library/PrivateFrameworks/FontServices.framework/Versions/A/FontServices
0x00000001ae8fb000 	/System/Library/PrivateFrameworks/OTSVG.framework/Versions/A/OTSVG
0x00000001a9e2a000 	/System/Library/Frameworks/ApplicationServices.framework/Versions/A/Frameworks/ATS.framework/Versions/A/Resources/libFontRegistry.dylib
0x00000001ae948000 	/System/Library/PrivateFrameworks/FontServices.framework/libhvf.dylib
0x000000020e455000 	/System/Library/PrivateFrameworks/FontServices.framework/libXTFontStaticRegistryData.dylib
0x000000020442d000 	/System/Library/Frameworks/OpenCL.framework/Versions/A/OpenCL
0x00000001ae342000 	/System/Library/PrivateFrameworks/AppleVA.framework/Versions/A/AppleVA
0x00000001b04dd000 	/System/Library/Frameworks/ApplicationServices.framework/Versions/A/Frameworks/ATS.framework/Versions/A/ATS
0x00000001a8857000 	/System/Library/Frameworks/ApplicationServices.framework/Versions/A/Frameworks/HIServices.framework/Versions/A/HIServices
0x00000001af347000 	/System/Library/Frameworks/ApplicationServices.framework/Versions/A/Frameworks/PrintCore.framework/Versions/A/PrintCore
0x00000001b0874000 	/System/Library/Frameworks/ApplicationServices.framework/Versions/A/Frameworks/QD.framework/Versions/A/QD
0x00000001b086c000 	/System/Library/Frameworks/ApplicationServices.framework/Versions/A/Frameworks/ColorSyncLegacy.framework/Versions/A/ColorSyncLegacy
0x00000001b04c9000 	/System/Library/Frameworks/ApplicationServices.framework/Versions/A/Frameworks/SpeechSynthesis.framework/Versions/A/SpeechSynthesis
0x00000001af308000 	/System/Library/Frameworks/ApplicationServices.framework/Versions/A/Frameworks/ATSUI.framework/Versions/A/ATSUI
0x00000001b0801000 	/usr/lib/libcups.2.dylib
0x00000001b0bdb000 	/System/Library/Frameworks/Kerberos.framework/Versions/A/Kerberos
0x00000001b0bec000 	/System/Library/Frameworks/GSS.framework/Versions/A/GSS
0x00000001b054d000 	/usr/lib/libresolv.9.dylib
0x00000001ae957000 	/System/Library/PrivateFrameworks/Heimdal.framework/Versions/A/Heimdal
0x00000001b76a7000 	/System/Library/Frameworks/Kerberos.framework/Versions/A/Libraries/libHeimdalProxy.dylib
0x00000001a94a5000 	/System/Library/Frameworks/Network.framework/Versions/A/Network
0x00000001ae3a9000 	/usr/lib/libheimdal-asn1.dylib
0x00000001b0c3c000 	/System/Library/PrivateFrameworks/CommonAuth.framework/Versions/A/CommonAuth
0x00000001b0443000 	/System/Library/PrivateFrameworks/AudioSession.framework/Versions/A/AudioSession
0x00000001ae43b000 	/System/Library/PrivateFrameworks/MediaExperience.framework/Versions/A/MediaExperience
0x00000001b02c9000 	/System/Library/PrivateFrameworks/AudioSession.framework/libSessionUtility.dylib
0x00000001b0880000 	/System/Library/PrivateFrameworks/AudioResourceArbitration.framework/Versions/A/AudioResourceArbitration
0x00000001b4a36000 	/System/Library/PrivateFrameworks/PowerLog.framework/Versions/A/PowerLog
0x00000001ae3b3000 	/System/Library/PrivateFrameworks/IconFoundation.framework/Versions/A/IconFoundation
0x00000001b377f000 	/System/Library/PrivateFrameworks/SpeechRecognitionCore.framework/Versions/A/SpeechRecognitionCore
0x0000000103738000 	/Users/youssefgeorge/Library/Java/JavaVirtualMachines/openjdk-17.0.2/Contents/Home/lib/server/libjvm.dylib
0x0000000102644000 	/Users/youssefgeorge/Library/Java/JavaVirtualMachines/openjdk-17.0.2/Contents/Home/lib/libjimage.dylib
0x000000010282c000 	/Users/youssefgeorge/Library/Java/JavaVirtualMachines/openjdk-17.0.2/Contents/Home/lib/libinstrument.dylib
0x0000000102878000 	/Users/youssefgeorge/Library/Java/JavaVirtualMachines/openjdk-17.0.2/Contents/Home/lib/libjava.dylib
0x000000011ee28000 	/Users/youssefgeorge/Library/Java/JavaVirtualMachines/openjdk-17.0.2/Contents/Home/lib/libnio.dylib
0x000000011ee48000 	/Users/youssefgeorge/Library/Java/JavaVirtualMachines/openjdk-17.0.2/Contents/Home/lib/libnet.dylib
0x000000010285c000 	/Users/youssefgeorge/Library/Java/JavaVirtualMachines/openjdk-17.0.2/Contents/Home/lib/libzip.dylib
0x000000011ee6c000 	/Users/youssefgeorge/Library/Java/JavaVirtualMachines/openjdk-17.0.2/Contents/Home/lib/libextnet.dylib
0x000000011ee80000 	/Users/youssefgeorge/.openjfx/cache/17.0.1/libprism_es2.dylib
0x00000001a560b000 	/System/Library/PrivateFrameworks/CoreServicesInternal.framework/Versions/A/CoreServicesInternal
0x0000000204296000 	/System/Library/Frameworks/OpenGL.framework/Versions/A/Resources/GLEngine.bundle/GLEngine
0x000000020411e000 	/System/Library/Frameworks/OpenGL.framework/Versions/A/Libraries/libGLProgrammability.dylib
0x00000001282bc000 	/System/Library/Extensions/AppleMetalOpenGLRenderer.bundle/Contents/MacOS/AppleMetalOpenGLRenderer
0x0000000204405000 	/System/Library/Frameworks/OpenGL.framework/Versions/A/Resources/GLRendererFloat.bundle/GLRendererFloat
0x0000000204505000 	/System/Library/Extensions/AGXMetal13_3.bundle/Contents/MacOS/AGXMetal13_3
0x00000001c2f3e000 	/System/Library/PrivateFrameworks/GPURawCounter.framework/Versions/A/GPURawCounter
0x00000001bd648000 	/System/Library/PrivateFrameworks/IOGPU.framework/Versions/A/IOGPU
0x0000000128354000 	/Users/youssefgeorge/.openjfx/cache/17.0.1/libglass.dylib
0x00000001b4c8e000 	/System/Library/Frameworks/FileProvider.framework/Versions/A/FileProvider
0x00000001a9273000 	/System/Library/Frameworks/Accounts.framework/Versions/A/Accounts
0x00000001b4e12000 	/System/Library/PrivateFrameworks/GenerationalStorage.framework/Versions/A/GenerationalStorage
0x00000001b59d5000 	/System/Library/PrivateFrameworks/CoreSymbolication.framework/Versions/A/CoreSymbolication
0x00000001b4a2a000 	/System/Library/PrivateFrameworks/SymptomDiagnosticReporter.framework/Versions/A/SymptomDiagnosticReporter
0x00000001a68fb000 	/System/Library/PrivateFrameworks/DesktopServicesPriv.framework/Versions/A/DesktopServicesPriv
0x00000001a576d000 	/usr/lib/libsandbox.1.dylib
0x00000001aa2ee000 	/System/Library/PrivateFrameworks/UserManagement.framework/Versions/A/UserManagement
0x00000001b5992000 	/System/Library/PrivateFrameworks/DebugSymbols.framework/Versions/A/DebugSymbols
0x00000001b085f000 	/System/Library/PrivateFrameworks/NetAuth.framework/Versions/A/NetAuth
0x00000001b177d000 	/System/Library/PrivateFrameworks/Sharing.framework/Versions/A/Sharing
0x00000001aa2be000 	/System/Library/PrivateFrameworks/login.framework/Versions/A/Frameworks/loginsupport.framework/Versions/A/loginsupport
0x00000001b6bc7000 	/System/Library/PrivateFrameworks/Apple80211.framework/Versions/A/Apple80211
0x00000001ad449000 	/System/Library/PrivateFrameworks/AuthKit.framework/Versions/A/AuthKit
0x00000001acaca000 	/System/Library/PrivateFrameworks/CoreUtils.framework/Versions/A/CoreUtils
0x00000001ac9ed000 	/System/Library/Frameworks/CoreWLAN.framework/Versions/A/CoreWLAN
0x00000001b18ed000 	/System/Library/Frameworks/IOBluetooth.framework/Versions/A/IOBluetooth
0x00000001b6c27000 	/System/Library/PrivateFrameworks/CoreWiFi.framework/Versions/A/CoreWiFi
0x00000001b5572000 	/System/Library/PrivateFrameworks/FrontBoardServices.framework/Versions/A/FrontBoardServices
0x00000001b560a000 	/System/Library/PrivateFrameworks/BoardServices.framework/Versions/A/BoardServices
0x00000001acce4000 	/System/Library/PrivateFrameworks/AssertionServices.framework/Versions/A/AssertionServices
0x00000001b6da4000 	/System/Library/PrivateFrameworks/BackBoardServices.framework/Versions/A/BackBoardServices
0x00000001b0cd3000 	/System/Library/PrivateFrameworks/CorePhoneNumbers.framework/Versions/A/CorePhoneNumbers
0x00000001b4b5a000 	/System/Library/PrivateFrameworks/DiskManagement.framework/Versions/A/DiskManagement
0x00000001b4a5d000 	/System/Library/PrivateFrameworks/AppleIDAuthSupport.framework/Versions/A/AppleIDAuthSupport
0x0000000208a1e000 	/System/Library/PrivateFrameworks/AAAFoundation.framework/Versions/A/AAAFoundation
0x00000001b0cb2000 	/System/Library/PrivateFrameworks/KeychainCircle.framework/Versions/A/KeychainCircle
0x00000001b4b26000 	/System/Library/PrivateFrameworks/MediaKit.framework/Versions/A/MediaKit
0x00000001b4a6a000 	/System/Library/Frameworks/DiscRecording.framework/Versions/A/DiscRecording
0x00000001ae2be000 	/usr/lib/libCoreStorage.dylib
0x00000001b70a1000 	/usr/lib/libcsfde.dylib
0x00000001b19c2000 	/System/Library/PrivateFrameworks/ProtectedCloudStorage.framework/Versions/A/ProtectedCloudStorage
0x00000001b7099000 	/System/Library/PrivateFrameworks/EFILogin.framework/Versions/A/EFILogin
0x00000001b4e39000 	/System/Library/PrivateFrameworks/OctagonTrust.framework/Versions/A/OctagonTrust
0x000000020d5ef000 	/System/Library/PrivateFrameworks/CoreUtilsExtras.framework/Versions/A/CoreUtilsExtras
0x00000001b498f000 	/System/Library/Frameworks/CoreBluetooth.framework/Versions/A/CoreBluetooth
0x00000001b772c000 	/System/Library/Frameworks/AudioUnit.framework/Versions/A/AudioUnit
0x00000001ae2b6000 	/usr/lib/libMatch.1.dylib
0x00000001c73ea000 	/System/Library/Frameworks/Accelerate.framework/Versions/A/Frameworks/vImage.framework/Versions/A/Libraries/libCGInterfaces.dylib
0x0000000128fc8000 	/usr/lib/libobjc-trampolines.dylib
0x00000001a9fb8000 	/System/Library/PrivateFrameworks/ViewBridge.framework/Versions/A/ViewBridge
0x00000001aea1a000 	/System/Library/PrivateFrameworks/login.framework/Versions/A/login
0x00000001ae17c000 	/System/Library/PrivateFrameworks/CrashReporterSupport.framework/Versions/A/CrashReporterSupport
0x00000001cee63000 	/System/Library/PrivateFrameworks/OSAnalytics.framework/Versions/A/OSAnalytics
0x00000001da161000 	/System/Library/PrivateFrameworks/Symbolication.framework/Versions/A/Symbolication
0x00000001c2eff000 	/System/Library/PrivateFrameworks/MallocStackLogging.framework/Versions/A/MallocStackLogging
0x0000000138d88000 	/Users/youssefgeorge/.openjfx/cache/17.0.1/libjavafx_font.dylib
0x00000001c2cd9000 	/System/Library/PrivateFrameworks/HIDAnalytics.framework/Versions/A/HIDAnalytics


VM Arguments:
jvm_args: -ea --add-exports=javafx.graphics/com.sun.javafx.application=ALL-UNNAMED -Didea.test.cyclic.buffer.size=1048576 -javaagent:/Applications/IntelliJ IDEA.app/Contents/lib/idea_rt.jar=64521:/Applications/IntelliJ IDEA.app/Contents/bin --patch-module=com.example.cse338project=/Volumes/D/Uni/Semester 6/CSE338 SW Testing VV/Project/CSE338Project/target/test-classes --add-reads=com.example.cse338project=ALL-UNNAMED --add-opens=com.example.cse338project/GUI=ALL-UNNAMED --add-modules=com.example.cse338project -Dfile.encoding=UTF-8 --module-path=/Users/youssefgeorge/.m2/repository/org/openjfx/javafx-fxml/17.0.1/javafx-fxml-17.0.1-mac-aarch64.jar:/Users/youssefgeorge/.m2/repository/com/fasterxml/jackson/core/jackson-databind/2.13.3/jackson-databind-2.13.3.jar:/Users/youssefgeorge/.m2/repository/org/openjfx/javafx-base/17.0.1/javafx-base-17.0.1-mac-aarch64.jar:/Users/youssefgeorge/.m2/repository/com/fasterxml/jackson/core/jackson-annotations/2.13.3/jackson-annotations-2.13.3.jar:/Users/youssefgeorge/.m2/repository/org/json/json/20090211/json-20090211.jar:/Volumes/D/Uni/Semester 6/CSE338 SW Testing VV/Project/CSE338Project/target/classes:/Users/youssefgeorge/.m2/repository/org/openjfx/javafx-controls/17.0.1/javafx-controls-17.0.1-mac-aarch64.jar:/Users/youssefgeorge/.m2/repository/org/jsoup/jsoup/1.15.1/jsoup-1.15.1.jar:/Users/youssefgeorge/.m2/repository/com/fasterxml/jackson/core/jackson-core/2.13.3/jackson-core-2.13.3.jar:/Users/youssefgeorge/.m2/repository/org/openjfx/javafx-graphics/17.0.1/javafx-graphics-17.0.1-mac-aarch64.jar 
java_command: com.intellij.rt.junit.JUnitStarter -ideVersion5 -junit5 GUI.RankTableUefGuiTesting
java_class_path (initial): /Users/youssefgeorge/.m2/repository/org/junit/platform/junit-platform-launcher/1.8.2/junit-platform-launcher-1.8.2.jar:/Applications/IntelliJ IDEA.app/Contents/lib/idea_rt.jar:/Applications/IntelliJ IDEA.app/Contents/plugins/junit/lib/junit5-rt.jar:/Applications/IntelliJ IDEA.app/Contents/plugins/junit/lib/junit-rt.jar:/Volumes/D/Uni/Semester 6/CSE338 SW Testing VV/Project/CSE338Project/target/test-classes:/Users/youssefgeorge/.m2/repository/com/fasterxml/jackson/dataformat/jackson-dataformat-yaml/2.5.3/jackson-dataformat-yaml-2.5.3.jar:/Users/youssefgeorge/.m2/repository/com/fasterxml/jackson/core/jackson-core/2.5.3/jackson-core-2.5.3.jar:/Users/youssefgeorge/.m2/repository/com/fasterxml/jackson/core/jackson-databind/2.5.3/jackson-databind-2.5.3.jar:/Users/youssefgeorge/.m2/repository/com/fasterxml/jackson/core/jackson-annotations/2.5.0/jackson-annotations-2.5.0.jar:/Users/youssefgeorge/.m2/repository/org/yaml/snakeyaml/1.12/snakeyaml-1.12.jar:/Users/youssefgeorge/.m2/repository/org/openjfx/javafx-controls/17.0.1/javafx-controls-17.0.1.jar:/Users/youssefgeorge/.m2/repository/org/openjfx/javafx-graphics/17.0.1/javafx-graphics-17.0.1.jar:/Users/youssefgeorge/.m2/repository/org/openjfx/javafx-base/17.0.1/javafx-base-17.0.1.jar:/Users/youssefgeorge/.m2/repository/org/openjfx/javafx-fxml/17.0.1/javafx-fxml-17.0.1.jar:/Users/youssefgeorge/.m2/repository/org/junit/jupiter/junit-jupiter-api/5.8.2/junit-jupiter-api-5.8.2.jar:/Users/youssefgeorge/.m2/repository/org/opentest4j/opentest4j/1.2.0/opentest4j-1.2.0.jar:/Users/youssefgeorge/.m2/repository/org/junit/platform/junit-platform-commons/1.8.2/junit-platform-commons-1.8.2.jar:/Users/youssefgeorge/.m2/repository/org/apiguardian/apiguardian-api/1.1.2/apiguardian-api-1.1.2.jar:/Users/youssefgeorge/.m2/repository/org/junit/jupiter/junit-jupiter-engine/5.8.2/junit-jupiter-engine-5.8.2.jar:/Users/youssefgeorge/.m2/repository/org/junit/platform/junit-platform-engine/1.8.2/junit-platform-engine-1.8.2.j
Launcher Type: SUN_STANDARD

[Global flags]
     intx CICompilerCount                          = 4                                         {product} {ergonomic}
     uint ConcGCThreads                            = 2                                         {product} {ergonomic}
     uint G1ConcRefinementThreads                  = 8                                         {product} {ergonomic}
   size_t G1HeapRegionSize                         = 1048576                                   {product} {ergonomic}
    uintx GCDrainStackTargetSize                   = 64                                        {product} {ergonomic}
   size_t InitialHeapSize                          = 134217728                                 {product} {ergonomic}
   size_t MarkStackSize                            = 4194304                                   {product} {ergonomic}
   size_t MaxHeapSize                              = 2147483648                                {product} {ergonomic}
   size_t MaxNewSize                               = 1287651328                                {product} {ergonomic}
   size_t MinHeapDeltaBytes                        = 1048576                                   {product} {ergonomic}
   size_t MinHeapSize                              = 8388608                                   {product} {ergonomic}
    uintx NonNMethodCodeHeapSize                   = 5839564                                {pd product} {ergonomic}
    uintx NonProfiledCodeHeapSize                  = 122909338                              {pd product} {ergonomic}
    uintx ProfiledCodeHeapSize                     = 122909338                              {pd product} {ergonomic}
    uintx ReservedCodeCacheSize                    = 251658240                              {pd product} {ergonomic}
     bool SegmentedCodeCache                       = true                                      {product} {ergonomic}
   size_t SoftMaxHeapSize                          = 2147483648                             {manageable} {ergonomic}
     bool UseCompressedClassPointers               = true                           {product lp64_product} {ergonomic}
     bool UseCompressedOops                        = true                           {product lp64_product} {ergonomic}
     bool UseG1GC                                  = true                                      {product} {ergonomic}
     bool UseNUMA                                  = false                                     {product} {ergonomic}
     bool UseNUMAInterleaving                      = false                                     {product} {ergonomic}

Logging:
Log output configuration:
 #0: stdout all=warning uptime,level,tags
 #1: stderr all=off uptime,level,tags

Environment Variables:
PATH=/opt/homebrew/bin:/usr/local/bin:/usr/bin:/bin:/usr/sbin:/sbin
SHELL=/bin/zsh
LC_CTYPE=en_US.UTF-8

Signal Handlers:
   SIGSEGV: _ZL13crash_handleriP9__siginfoPv in libjvm.dylib, mask=11100110000111110111111111111111, flags=SA_RESTART|SA_SIGINFO
    SIGBUS: _ZL13crash_handleriP9__siginfoPv in libjvm.dylib, mask=11100110000111110111111111111111, flags=SA_RESTART|SA_SIGINFO
    SIGFPE: _ZL13crash_handleriP9__siginfoPv in libjvm.dylib, mask=11100110000111110111111111111111, flags=SA_RESTART|SA_SIGINFO
   SIGPIPE: _ZL17javaSignalHandleriP9__siginfoPv in libjvm.dylib, mask=11100110000111110111111111111111, flags=SA_RESTART|SA_SIGINFO
   SIGXFSZ: _ZL17javaSignalHandleriP9__siginfoPv in libjvm.dylib, mask=11100110000111110111111111111111, flags=SA_RESTART|SA_SIGINFO
    SIGILL: _ZL13crash_handleriP9__siginfoPv in libjvm.dylib, mask=11100110000111110111111111111111, flags=SA_RESTART|SA_SIGINFO
   SIGUSR2: _ZL10SR_handleriP9__siginfoP17__darwin_ucontext in libjvm.dylib, mask=00100000000000000000000000000000, flags=SA_RESTART|SA_SIGINFO
    SIGHUP: _ZL11UserHandleriPvS_ in libjvm.dylib, mask=11100110000111110111111111111111, flags=SA_RESTART|SA_SIGINFO
    SIGINT: _ZL11UserHandleriPvS_ in libjvm.dylib, mask=11100110000111110111111111111111, flags=SA_RESTART|SA_SIGINFO
   SIGTERM: _ZL11UserHandleriPvS_ in libjvm.dylib, mask=11100110000111110111111111111111, flags=SA_RESTART|SA_SIGINFO
   SIGQUIT: _ZL11UserHandleriPvS_ in libjvm.dylib, mask=11100110000111110111111111111111, flags=SA_RESTART|SA_SIGINFO
   SIGTRAP: _ZL13crash_handleriP9__siginfoPv in libjvm.dylib, mask=11100110000111110111111111111111, flags=SA_RESTART|SA_SIGINFO


---------------  S Y S T E M  ---------------

OS:
uname: Darwin 21.4.0 Darwin Kernel Version 21.4.0: Mon Feb 21 20:36:53 PST 2022; root:xnu-8020.101.4~2/RELEASE_ARM64_T8101 arm64
OS uptime: 5 days 0:43 hours
rlimit (soft/hard): STACK 8176k/65520k , CORE 0k/infinity , NPROC 1333/2000 , NOFILE 10240/infinity , AS infinity/infinity , CPU infinity/infinity , DATA infinity/infinity , FSIZE infinity/infinity , MEMLOCK infinity/infinity , RSS infinity/infinity
load average: 2.25 1.72 1.71

CPU: total 8 (initial active 8) 0x61:0x0:0x1b588bb3:0, fp, simd, crc, lse

Memory: 16k page, physical 8388608k(67072k free), swap 5242880k(1168128k free)

vm_info: OpenJDK 64-Bit Server VM (17.0.2+8-86) for bsd-aarch64 JRE (17.0.2+8-86), built on Dec  7 2021 21:45:06 by "mach5one" with clang Apple LLVM 12.0.0 (clang-1200.0.32.29)

END.
