#
# A fatal error has been detected by the Java Runtime Environment:
#
#  SIGBUS (0xa) at pc=0x000000010c3b14f0, pid=17391, tid=29959
#
# JRE version: OpenJDK Runtime Environment (17.0.2+8) (build 17.0.2+8-86)
# Java VM: OpenJDK 64-Bit Server VM (17.0.2+8-86, mixed mode, sharing, tiered, compressed oops, compressed class ptrs, g1 gc, bsd-aarch64)
# Problematic frame:
# v  ~StubRoutines::SafeFetchN
#
# No core dump will be written. Core dumps have been disabled. To enable core dumping, try "ulimit -c unlimited" before starting Java again
#
# If you would like to submit a bug report, please visit:
#   https://bugreport.java.com/bugreport/crash.jsp
# The crash happened outside the Java Virtual Machine in native code.
# See problematic frame for where to report the bug.
#

---------------  S U M M A R Y ------------

Command Line: -javaagent:/Applications/IntelliJ IDEA.app/Contents/lib/idea_rt.jar=50332:/Applications/IntelliJ IDEA.app/Contents/bin -Dfile.encoding=UTF-8 --module-path=/Users/youssefgeorge/.m2/repository/org/openjfx/javafx-fxml/17.0.1/javafx-fxml-17.0.1-mac-aarch64.jar:/Users/youssefgeorge/.m2/repository/com/fasterxml/jackson/core/jackson-annotations/2.13.3/jackson-annotations-2.13.3.jar:/Users/youssefgeorge/.m2/repository/org/openjfx/javafx-controls/17.0.1/javafx-controls-17.0.1-mac-aarch64.jar:/Users/youssefgeorge/.m2/repository/com/fasterxml/jackson/core/jackson-core/2.13.3/jackson-core-2.13.3.jar:/Volumes/D/Uni/Semester 6/CSE338 SW Testing VV/Project/CSE338Project/target/classes:/Users/youssefgeorge/.m2/repository/org/json/json/20090211/json-20090211.jar:/Users/youssefgeorge/.m2/repository/com/fasterxml/jackson/core/jackson-databind/2.13.3/jackson-databind-2.13.3.jar:/Users/youssefgeorge/.m2/repository/org/jsoup/jsoup/1.15.1/jsoup-1.15.1.jar:/Users/youssefgeorge/.m2/repository/org/openjfx/javafx-graphics/17.0.1/javafx-graphics-17.0.1-mac-aarch64.jar:/Users/youssefgeorge/.m2/repository/org/openjfx/javafx-base/17.0.1/javafx-base-17.0.1-mac-aarch64.jar -Djdk.module.main=com.example.cse338project com.example.cse338project/com.example.cse338project.gui.Main

Host: "MacBookPro17,1" arm64 1 MHz, 8 cores, 8G, Darwin 21.4.0, macOS 12.3 (21E230)
Time: Tue May 24 23:05:40 2022 EET elapsed time: 7.553831 seconds (0d 0h 0m 7s)

---------------  T H R E A D  ---------------

Current thread (0x0000000144931400):  JavaThread "InvokeLaterDispatcher" daemon [_thread_in_native, id=29959, stack(0x0000000280004000,0x0000000280207000)]

Stack: [0x0000000280004000,0x0000000280207000],  sp=0x0000000280206780,  free space=2057k
Native frames: (J=compiled Java code, j=interpreted, Vv=VM code, C=native code)
v  ~StubRoutines::SafeFetchN
V  [libjvm.dylib+0x7a6bcc]  _ZN10OopStorage7releaseEPKP7oopDesc+0x20
V  [libjvm.dylib+0x4ba824]  jni_DeleteGlobalRef+0xd8
C  [libglass.dylib+0xab08]  -[GlassRunnable dealloc]+0x34
C  [Foundation+0x85618]  -[_NSThreadPerformInfo dealloc]+0x30
C  [Foundation+0x5198c]  -[NSObject(NSThreadPerformAdditions) performSelectorOnMainThread:withObject:waitUntilDone:]+0x88
C  0xfe7c00010c3b98ac
j  com.sun.glass.ui.mac.MacApplication.submitForLaterInvocation(Ljava/lang/Runnable;)V+2 javafx.graphics
j  com.sun.glass.ui.InvokeLaterDispatcher.run()V+82 javafx.graphics
v  ~StubRoutines::call_stub
V  [libjvm.dylib+0x461d08]  _ZN9JavaCalls11call_helperEP9JavaValueRK12methodHandleP17JavaCallArgumentsP10JavaThread+0x38c
V  [libjvm.dylib+0x460d24]  _ZN9JavaCalls12call_virtualEP9JavaValueP5KlassP6SymbolS5_P17JavaCallArgumentsP10JavaThread+0x11c
V  [libjvm.dylib+0x460df0]  _ZN9JavaCalls12call_virtualEP9JavaValue6HandleP5KlassP6SymbolS6_P10JavaThread+0x64
V  [libjvm.dylib+0x515f04]  _ZL12thread_entryP10JavaThreadS0_+0xc4
V  [libjvm.dylib+0x9071ac]  _ZN10JavaThread17thread_main_innerEv+0x13c
V  [libjvm.dylib+0x9058c0]  _ZN6Thread8call_runEv+0x128
V  [libjvm.dylib+0x7ad7c8]  _ZL19thread_native_entryP6Thread+0x158
C  [libsystem_pthread.dylib+0x726c]  _pthread_start+0x94

Java frames: (J=compiled Java code, j=interpreted, Vv=VM code)
j  com.sun.glass.ui.mac.MacApplication._submitForLaterInvocation(Ljava/lang/Runnable;)V+0 javafx.graphics
j  com.sun.glass.ui.mac.MacApplication.submitForLaterInvocation(Ljava/lang/Runnable;)V+2 javafx.graphics
j  com.sun.glass.ui.InvokeLaterDispatcher.run()V+82 javafx.graphics
v  ~StubRoutines::call_stub

siginfo: si_signo: 10 (SIGBUS), si_code: 1 (BUS_ADRALN), si_addr: 0x000000010c3b14f0

Register to memory mapping:

 x0=0x000000014460afc8 points into unknown readable memory: 0x0000000000000000 | 00 00 00 00 00 00 00 00
 x1=0x0 is NULL
 x2=0x0000000787f19488 is an oop: com.sun.glass.ui.InvokeLaterDispatcher$Future 
{0x0000000787f19488} - klass: 'com/sun/glass/ui/InvokeLaterDispatcher$Future'
 - ---- fields (total size 3 words):
 - private 'done' 'Z' @12  true
 - private final 'runnable' 'Ljava/lang/Runnable;' @16  a 'com/sun/javafx/tk/quantum/QuantumToolkit$$Lambda$111+0x0000000800c3aa98'{0x00000007802f2a80} (f005e550)
 - final synthetic 'this$0' 'Lcom/sun/glass/ui/InvokeLaterDispatcher;' @20  a 'com/sun/glass/ui/InvokeLaterDispatcher'{0x00000007802eda40} (f005db48)
 x3=0x0 is NULL
 x4=0x00000000000130a8 is an unknown value
 x5=0x0 is NULL
 x6=0x0 is NULL
 x7=0x0 is NULL
 x8=0x000000010c3b14ec is at begin+0 in a stub
StubRoutines::SafeFetchN [0x000000010c3b14ec, 0x000000010c3b14f8] (12 bytes)
 x9=0x0 is NULL
x10=0x2010000030300000 is an unknown value
x11=0x0000000000000007 is an unknown value
x12=0x0000000000000004 is an unknown value
x13=0x00006000019c8030 points into unknown readable memory: 0xc30f80012410a9e8 | e8 a9 10 24 01 80 0f c3
x14=0x0000130000000000 is an unknown value
x15=0x0000000124145f98: OBJC_CLASS_$_GlassRunnable+0 in /Users/youssefgeorge/.openjfx/cache/17.0.1/libglass.dylib at 0x0000000124100000
x16=0x00000001a2bd10fc: pthread_getspecific+0 in /usr/lib/system/libsystem_pthread.dylib at 0x00000001a2bcf000
x17=0x00006000013829a0 points into unknown readable memory: 0xfffffffffffffffe | fe ff ff ff ff ff ff ff
x18=0x0 is NULL
x19=0x0000600001c8d490 points into unknown readable memory: 0x00006000035887f0 | f0 87 58 03 00 60 00 00
x20=0x000000014460adc0 points into unknown readable memory: 0x0000000000000000 | 00 00 00 00 00 00 00 00
x21=0x000000014460afc8 points into unknown readable memory: 0x0000000000000000 | 00 00 00 00 00 00 00 00
x22=0x0000000144931400 is a thread
x23=0x0000000000000001 is an unknown value
x24=0x000000014460af80 is a global jni handle
x25=0x00000001048715e8: _ZN12StubRoutines17_safefetchN_entryE+0 in /Users/youssefgeorge/Library/Java/JavaVirtualMachines/openjdk-17.0.2/Contents/Home/lib/server/libjvm.dylib at 0x0000000103cc0000
x26=0x000000012191abd8 is pointing into metadata
x27=0x0 is NULL
x28=0x0000000144931400 is a thread


Registers:
 x0=0x000000014460afc8  x1=0x0000000000000000  x2=0x0000000787f19488  x3=0x0000000000000000
 x4=0x00000000000130a8  x5=0x0000000000000000  x6=0x0000000000000000  x7=0x0000000000000000
 x8=0x000000010c3b14ec  x9=0x0000000000000000 x10=0x2010000030300000 x11=0x0000000000000007
x12=0x0000000000000004 x13=0x00006000019c8030 x14=0x0000130000000000 x15=0x0000000124145f98
x16=0x00000001a2bd10fc x17=0x00006000013829a0 x18=0x0000000000000000 x19=0x0000600001c8d490
x20=0x000000014460adc0 x21=0x000000014460afc8 x22=0x0000000144931400 x23=0x0000000000000001
x24=0x000000014460af80 x25=0x00000001048715e8 x26=0x000000012191abd8 x27=0x0000000000000000
x28=0x0000000144931400  fp=0x00000002802067c0  lr=0x000000010446599c  sp=0x0000000280206780
pc=0x000000010c3b14f0 cpsr=0x0000000060001000
Top of Stack: (sp=0x0000000280206780)
0x0000000280206780:   000000012191abd8 0000000000000001
0x0000000280206790:   0000000280206988 0000000000000000
0x00000002802067a0:   00000001349488a8 000000014460af90
0x00000002802067b0:   000000014460af90 0000600001c8d490
0x00000002802067c0:   0000000280206800 0000000104466bcc
0x00000002802067d0:   0000000000000001 000000014460af90
0x00000002802067e0:   00000001349488a8 000000014460af90
0x00000002802067f0:   0000000000000001 0000000134948600
0x0000000280206800:   0000000280206840 000000010417a824
0x0000000280206810:   0000000280206988 00006000035aeee0
0x0000000280206820:   00006000035aef00 00000001ecc95be0
0x0000000280206830:   0000000000000000 00006000035aef00
0x0000000280206840:   0000000280206870 000000012410ab08
0x0000000280206850:   7dc084e1144b00e4 0000000000000000
0x0000000280206860:   0000000000000000 0000600002222880
0x0000000280206870:   00000002802068b0 00000001a3b9e618
0x0000000280206880:   0000000280206988 00006000035aeee0
0x0000000280206890:   00006000035aef00 7dc084e1144b00e4
0x00000002802068a0:   0000000000000000 0000000000000000
0x00000002802068b0:   00000002802068f0 33270001a3b6a98c
0x00000002802068c0:   0000000280206988 000000010c3b87c0
0x00000002802068d0:   0000000000000000 0000000104878fa8
0x00000002802068e0:   0000000280206900 000000010c3b7730
0x00000002802068f0:   0000000280206960 fe7c00010c3b98ac
0x0000000280206900:   000000012191d240 0000000000000001
0x0000000280206910:   0000000280206910 0000000000000000
0x0000000280206920:   0000000280206988 000000012191abd8
0x0000000280206930:   0000000780345e08 0000000000000000
0x0000000280206940:   0000000000000000 00000001218f10c8
0x0000000280206950:   0000000000000000 0000000280206960
0x0000000280206960:   00000002802069e0 000000010c3b5fc8
0x0000000280206970:   0000000000000000 0000000000000000 

Instructions: (pc=0x000000010c3b14f0)
0x000000010c3b13f0:   f2a09069 f2c00029 6d425935 1e640886
0x000000010c3b1400:   0c402d31 1e6408c7 1f5654d0 1e6c1017
0x000000010c3b1410:   1f5050d0 1f504cd0 1f5048d0 1e650af6
0x000000010c3b1420:   1f50d8f6 1f5694d6 1f5158f6 1e762880
0x000000010c3b1430:   36000501 1e614000 14000026 2e251ca5
0x000000010c3b1440:   d29c3009 f2a09069 f2c00029 6d425d36
0x000000010c3b1450:   1e600806 0c402d32 1f5758c7 1e6c101a
0x000000010c3b1460:   1f4754c7 1e650805 1f4750c7 d2866668
0x000000010c3b1470:   f2a7fa68 1f474cc7 1e6608c0 1f4748c7
0x000000010c3b1480:   1e6e1019 eb08007f 540000ac 1f479400
0x000000010c3b1490:   1f460340 1e603b20 1400000e d2a7fd29
0x000000010c3b14a0:   eb09007f 540000ac 51480069 d3607d29
0x000000010c3b14b0:   9e670121 14000002 1e6a5001 1f679417
0x000000010c3b14c0:   1f668742 1e613b23 1e773857 1e773860
0x000000010c3b14d0:   a8c17ff3 910003bf a8c17bfd d65f03c0
0x000000010c3b14e0:   b9400001 aa0103e0 d65f03c0 f9400001
0x000000010c3b14f0:   aa0103e0 d65f03c0 00000000 00000000
0x000000010c3b1500:   00000000 00000000 00000000 00000000
0x000000010c3b1510:   00000000 00000000 00000000 00000000
0x000000010c3b1520:   00000000 00000000 00000000 00000000
0x000000010c3b1530:   00000000 00000000 00000000 00000000
0x000000010c3b1540:   00000000 00000000 00000000 00000000
0x000000010c3b1550:   00000000 00000000 00000000 00000000
0x000000010c3b1560:   00000000 00000000 00000000 00000000
0x000000010c3b1570:   00000000 00000000 00000000 00000000
0x000000010c3b1580:   00000000 00000000 00000000 00000000
0x000000010c3b1590:   00000000 00000000 00000000 00000000
0x000000010c3b15a0:   00000000 00000000 00000000 00000000
0x000000010c3b15b0:   00000000 00000000 00000000 00000000
0x000000010c3b15c0:   00000000 00000000 00000000 00000000
0x000000010c3b15d0:   00000000 00000000 00000000 00000000
0x000000010c3b15e0:   00000000 00000000 00000000 00000000 


Stack slot to memory mapping:
stack at sp + 0 slots: 0x000000012191abd8 is pointing into metadata
stack at sp + 1 slots: 0x0000000000000001 is an unknown value
stack at sp + 2 slots: 0x0000000280206988 is pointing into the stack for thread: 0x0000000144931400
stack at sp + 3 slots: 0x0 is NULL
stack at sp + 4 slots: 0x00000001349488a8 points into unknown readable memory: 0x000000010482e738 | 38 e7 82 04 01 00 00 00
stack at sp + 5 slots: 0x000000014460af90 is a global jni handle
stack at sp + 6 slots: 0x000000014460af90 is a global jni handle
stack at sp + 7 slots: 0x0000600001c8d490 points into unknown readable memory: 0x00006000035887f0 | f0 87 58 03 00 60 00 00

StubRoutines::SafeFetchN [0x000000010c3b14ec, 0x000000010c3b14f8] (12 bytes)
[MachCode]
  0x000000010c3b14ec: 0100 40f9 | e003 01aa | c003 5fd6 
[/MachCode]

---------------  P R O C E S S  ---------------

Threads class SMR info:
_java_thread_list=0x00006000036b2620, length=23, elements={
0x0000000134808600, 0x0000000146079000, 0x0000000146079600, 0x000000014483aa00,
0x000000014483d200, 0x0000000145008600, 0x0000000145008c00, 0x0000000145009200,
0x0000000125012400, 0x000000014607d600, 0x0000000134833000, 0x000000014607c600,
0x00000001460a8600, 0x0000000144931400, 0x0000000134948600, 0x0000000146180e00,
0x0000000125a04800, 0x00000001349a3000, 0x00000001349a9200, 0x000000013497c200,
0x00000001449aea00, 0x0000000134ac5600, 0x00000001461aee00
}

Java Threads: ( => current thread )
  0x0000000134808600 JavaThread "main" [_thread_blocked, id=6403, stack(0x000000016d4b4000,0x000000016d6b7000)]
  0x0000000146079000 JavaThread "Reference Handler" daemon [_thread_blocked, id=14851, stack(0x000000016e308000,0x000000016e50b000)]
  0x0000000146079600 JavaThread "Finalizer" daemon [_thread_blocked, id=15363, stack(0x000000016e514000,0x000000016e717000)]
  0x000000014483aa00 JavaThread "Signal Dispatcher" daemon [_thread_blocked, id=42755, stack(0x000000016e838000,0x000000016ea3b000)]
  0x000000014483d200 JavaThread "Service Thread" daemon [_thread_blocked, id=23555, stack(0x000000016ea44000,0x000000016ec47000)]
  0x0000000145008600 JavaThread "Monitor Deflation Thread" daemon [_thread_blocked, id=23811, stack(0x000000016ec50000,0x000000016ee53000)]
  0x0000000145008c00 JavaThread "C2 CompilerThread0" daemon [_thread_blocked, id=24323, stack(0x000000016ee5c000,0x000000016f05f000)]
  0x0000000145009200 JavaThread "C1 CompilerThread0" daemon [_thread_blocked, id=24579, stack(0x000000016f068000,0x000000016f26b000)]
  0x0000000125012400 JavaThread "Sweeper thread" daemon [_thread_blocked, id=41987, stack(0x000000016f274000,0x000000016f477000)]
  0x000000014607d600 JavaThread "Common-Cleaner" daemon [_thread_blocked, id=41731, stack(0x000000016f480000,0x000000016f683000)]
  0x0000000134833000 JavaThread "Monitor Ctrl-Break" daemon [_thread_in_native, id=41219, stack(0x000000016f68c000,0x000000016f88f000)]
  0x000000014607c600 JavaThread "Notification Thread" daemon [_thread_blocked, id=40963, stack(0x000000016f898000,0x000000016fa9b000)]
  0x00000001460a8600 JavaThread "QuantumRenderer-0" daemon [_thread_blocked, id=26371, stack(0x000000016fcb0000,0x000000016feb3000)]
=>0x0000000144931400 JavaThread "InvokeLaterDispatcher" daemon [_thread_in_native, id=29959, stack(0x0000000280004000,0x0000000280207000)]
  0x0000000134948600 JavaThread "JavaFX Application Thread" [_thread_in_vm, id=259, stack(0x000000016cc2c000,0x000000016d428000)]
  0x0000000146180e00 JavaThread "JavaFX-Launcher" [_thread_blocked, id=54535, stack(0x000000028029c000,0x000000028049f000)]
  0x0000000125a04800 JavaThread "Attach Listener" daemon [_thread_blocked, id=79627, stack(0x0000000280f70000,0x0000000281173000)]
  0x00000001349a3000 JavaThread "Keep-Alive-Timer" daemon [_thread_blocked, id=71939, stack(0x000000028117c000,0x000000028137f000)]
  0x00000001349a9200 JavaThread "Thread-4" [_thread_in_native, id=71683, stack(0x0000000281388000,0x000000028158b000)]
  0x000000013497c200 JavaThread "Thread-5" [_thread_in_native, id=71171, stack(0x0000000281594000,0x0000000281797000)]
  0x00000001449aea00 JavaThread "Prism Font Disposer" daemon [_thread_blocked, id=66575, stack(0x0000000286e54000,0x0000000287057000)]
  0x0000000134ac5600 JavaThread "Cleaner-0" daemon [_thread_blocked, id=48907, stack(0x00000002872f8000,0x00000002874fb000)]
  0x00000001461aee00 JavaThread "PulseTimer-CVDisplayLink thread" daemon [_thread_in_native, id=171563, stack(0x0000000280210000,0x0000000280293000)]

Other Threads:
  0x000000014460a860 VMThread "VM Thread" [stack: 0x000000016e0fc000,0x000000016e2ff000] [id=16899]
  0x000000014580cfb0 WatcherThread [stack: 0x000000016faa4000,0x000000016fca7000] [id=25859]
  0x0000000134606640 GCTaskThread "GC Thread#0" [stack: 0x000000016d6c0000,0x000000016d8c3000] [id=11779]
  0x000000012460a580 GCTaskThread "GC Thread#1" [stack: 0x0000000280534000,0x0000000280737000] [id=73475]
  0x000000012460a830 GCTaskThread "GC Thread#2" [stack: 0x0000000280740000,0x0000000280943000] [id=57859]
  0x000000014470d530 GCTaskThread "GC Thread#3" [stack: 0x000000028094c000,0x0000000280b4f000] [id=58115]
  0x000000014470d7e0 GCTaskThread "GC Thread#4" [stack: 0x0000000280b58000,0x0000000280d5b000] [id=72707]
  0x0000000144624f60 GCTaskThread "GC Thread#5" [stack: 0x0000000280d64000,0x0000000280f67000] [id=72451]
  0x0000000134642200 GCTaskThread "GC Thread#6" [stack: 0x00000002817a0000,0x00000002819a3000] [id=70403]
  0x0000000134642680 GCTaskThread "GC Thread#7" [stack: 0x00000002819ac000,0x0000000281baf000] [id=70147]
  0x0000000145804460 ConcurrentGCThread "G1 Main Marker" [stack: 0x000000016d8cc000,0x000000016dacf000] [id=19203]
  0x0000000145804ce0 ConcurrentGCThread "G1 Conc#0" [stack: 0x000000016dad8000,0x000000016dcdb000] [id=18435]
  0x000000013464d440 ConcurrentGCThread "G1 Conc#1" [stack: 0x0000000287060000,0x0000000287263000] [id=61443]
  0x0000000145806b50 ConcurrentGCThread "G1 Refine#0" [stack: 0x000000016dce4000,0x000000016dee7000] [id=17923]
  0x000000014583adb0 ConcurrentGCThread "G1 Refine#1" [stack: 0x0000000281bb8000,0x0000000281dbb000] [id=59395]
  0x000000014583b790 ConcurrentGCThread "G1 Refine#2" [stack: 0x0000000281dc4000,0x0000000281fc7000] [id=69123]
  0x000000013470c810 ConcurrentGCThread "G1 Refine#3" [stack: 0x0000000281fd0000,0x00000002821d3000] [id=68355]
  0x000000012460d150 ConcurrentGCThread "G1 Refine#4" [stack: 0x00000002821dc000,0x00000002823df000] [id=60163]
  0x00000001260306e0 ConcurrentGCThread "G1 Refine#5" [stack: 0x00000002823e8000,0x00000002825eb000] [id=60419]
  0x0000000144606d60 ConcurrentGCThread "G1 Service" [stack: 0x000000016def0000,0x000000016e0f3000] [id=13059]

Threads with active compile tasks:

VM state: not at safepoint (normal execution)

VM Mutex/Monitor currently owned by a thread: None

Heap address: 0x0000000780000000, size: 2048 MB, Compressed Oops mode: Zero based, Oop shift amount: 3

CDS archive(s) mapped at: [0x0000000800000000-0x0000000800bd4000-0x0000000800bd4000), size 12402688, SharedBaseAddress: 0x0000000800000000, ArchiveRelocationMode: 0.
Compressed class space mapped at: 0x0000000800c00000-0x0000000840c00000, reserved size: 1073741824
Narrow klass base: 0x0000000800000000, Narrow klass shift: 0, Narrow klass range: 0x100000000

GC Precious Log:
 CPUs: 8 total, 8 available
 Memory: 8192M
 Large Page Support: Disabled
 NUMA Support: Disabled
 Compressed Oops: Enabled (Zero based)
 Heap Region Size: 1M
 Heap Min Capacity: 8M
 Heap Initial Capacity: 128M
 Heap Max Capacity: 2G
 Pre-touch: Disabled
 Parallel Workers: 8
 Concurrent Workers: 2
 Concurrent Refinement Workers: 8
 Periodic GC: Disabled

Heap:
 garbage-first heap   total 65536K, used 33779K [0x0000000780000000, 0x0000000800000000)
  region size 1024K, 22 young (22528K), 10 survivors (10240K)
 Metaspace       used 26331K, committed 26624K, reserved 1073152K
  class space    used 3676K, committed 3840K, reserved 1048576K

Heap Regions: E=young(eden), S=young(survivor), O=old, HS=humongous(starts), HC=humongous(continues), CS=collection set, F=free, OA=open archive, CA=closed archive, TAMS=top-at-mark-start (previous, next)
|   0|0x0000000780000000, 0x0000000780100000, 0x0000000780100000|100%| O|  |TAMS 0x0000000780100000, 0x0000000780000000| Untracked 
|   1|0x0000000780100000, 0x0000000780200000, 0x0000000780200000|100%| O|  |TAMS 0x0000000780200000, 0x0000000780100000| Untracked 
|   2|0x0000000780200000, 0x0000000780300000, 0x0000000780300000|100%| O|  |TAMS 0x00000007802e1400, 0x0000000780200000| Untracked 
|   3|0x0000000780300000, 0x0000000780400000, 0x0000000780400000|100%| O|  |TAMS 0x0000000780300000, 0x0000000780300000| Untracked 
|   4|0x0000000780400000, 0x0000000780500000, 0x0000000780500000|100%| O|  |TAMS 0x0000000780400000, 0x0000000780400000| Untracked 
|   5|0x0000000780500000, 0x00000007805f4a00, 0x0000000780600000| 95%| O|  |TAMS 0x0000000780500000, 0x0000000780500000| Untracked 
|   6|0x0000000780600000, 0x0000000780700000, 0x0000000780700000|100%|HS|  |TAMS 0x0000000780600000, 0x0000000780600000| Complete 
|   7|0x0000000780700000, 0x0000000780800000, 0x0000000780800000|100%|HC|  |TAMS 0x0000000780700000, 0x0000000780700000| Complete 
|   8|0x0000000780800000, 0x0000000780900000, 0x0000000780900000|100%| O|  |TAMS 0x0000000780800000, 0x0000000780800000| Untracked 
|   9|0x0000000780900000, 0x0000000780a00000, 0x0000000780a00000|100%| O|  |TAMS 0x0000000780900000, 0x0000000780900000| Untracked 
|  10|0x0000000780a00000, 0x0000000780b00000, 0x0000000780b00000|100%| O|  |TAMS 0x0000000780a00000, 0x0000000780a00000| Untracked 
|  11|0x0000000780b00000, 0x0000000780b8da00, 0x0000000780c00000| 55%| O|  |TAMS 0x0000000780b00000, 0x0000000780b00000| Untracked 
|  12|0x0000000780c00000, 0x0000000780c82920, 0x0000000780d00000| 51%| S|CS|TAMS 0x0000000780c00000, 0x0000000780c00000| Complete 
|  13|0x0000000780d00000, 0x0000000780e00000, 0x0000000780e00000|100%| S|CS|TAMS 0x0000000780d00000, 0x0000000780d00000| Complete 
|  14|0x0000000780e00000, 0x0000000780f00000, 0x0000000780f00000|100%| S|CS|TAMS 0x0000000780e00000, 0x0000000780e00000| Complete 
|  15|0x0000000780f00000, 0x0000000781000000, 0x0000000781000000|100%| S|CS|TAMS 0x0000000780f00000, 0x0000000780f00000| Complete 
|  16|0x0000000781000000, 0x0000000781100000, 0x0000000781100000|100%| S|CS|TAMS 0x0000000781000000, 0x0000000781000000| Complete 
|  17|0x0000000781100000, 0x0000000781200000, 0x0000000781200000|100%| S|CS|TAMS 0x0000000781100000, 0x0000000781100000| Complete 
|  18|0x0000000781200000, 0x0000000781300000, 0x0000000781300000|100%| S|CS|TAMS 0x0000000781200000, 0x0000000781200000| Complete 
|  19|0x0000000781300000, 0x0000000781400000, 0x0000000781400000|100%| S|CS|TAMS 0x0000000781300000, 0x0000000781300000| Complete 
|  20|0x0000000781400000, 0x0000000781500000, 0x0000000781500000|100%| S|CS|TAMS 0x0000000781400000, 0x0000000781400000| Complete 
|  21|0x0000000781500000, 0x0000000781600000, 0x0000000781600000|100%| S|CS|TAMS 0x0000000781500000, 0x0000000781500000| Complete 
|  22|0x0000000781600000, 0x0000000781600000, 0x0000000781700000|  0%| F|  |TAMS 0x0000000781600000, 0x0000000781600000| Untracked 
|  23|0x0000000781700000, 0x0000000781700000, 0x0000000781800000|  0%| F|  |TAMS 0x0000000781700000, 0x0000000781700000| Untracked 
|  24|0x0000000781800000, 0x0000000781800000, 0x0000000781900000|  0%| F|  |TAMS 0x0000000781800000, 0x0000000781800000| Untracked 
|  25|0x0000000781900000, 0x0000000781900000, 0x0000000781a00000|  0%| F|  |TAMS 0x0000000781900000, 0x0000000781900000| Untracked 
|  26|0x0000000781a00000, 0x0000000781a00000, 0x0000000781b00000|  0%| F|  |TAMS 0x0000000781a00000, 0x0000000781a00000| Untracked 
|  27|0x0000000781b00000, 0x0000000781b00000, 0x0000000781c00000|  0%| F|  |TAMS 0x0000000781b00000, 0x0000000781b00000| Untracked 
|  28|0x0000000781c00000, 0x0000000781c00000, 0x0000000781d00000|  0%| F|  |TAMS 0x0000000781c00000, 0x0000000781c00000| Untracked 
|  29|0x0000000781d00000, 0x0000000781d00000, 0x0000000781e00000|  0%| F|  |TAMS 0x0000000781d00000, 0x0000000781d00000| Untracked 
|  30|0x0000000781e00000, 0x0000000781e00000, 0x0000000781f00000|  0%| F|  |TAMS 0x0000000781e00000, 0x0000000781e00000| Untracked 
|  31|0x0000000781f00000, 0x0000000781f00000, 0x0000000782000000|  0%| F|  |TAMS 0x0000000781f00000, 0x0000000781f00000| Untracked 
|  32|0x0000000782000000, 0x0000000782000000, 0x0000000782100000|  0%| F|  |TAMS 0x0000000782000000, 0x0000000782000000| Untracked 
|  33|0x0000000782100000, 0x0000000782100000, 0x0000000782200000|  0%| F|  |TAMS 0x0000000782100000, 0x0000000782100000| Untracked 
|  34|0x0000000782200000, 0x0000000782200000, 0x0000000782300000|  0%| F|  |TAMS 0x0000000782200000, 0x0000000782200000| Untracked 
|  35|0x0000000782300000, 0x0000000782300000, 0x0000000782400000|  0%| F|  |TAMS 0x0000000782300000, 0x0000000782300000| Untracked 
|  36|0x0000000782400000, 0x0000000782400000, 0x0000000782500000|  0%| F|  |TAMS 0x0000000782400000, 0x0000000782400000| Untracked 
|  37|0x0000000782500000, 0x0000000782500000, 0x0000000782600000|  0%| F|  |TAMS 0x0000000782500000, 0x0000000782500000| Untracked 
|  38|0x0000000782600000, 0x0000000782600000, 0x0000000782700000|  0%| F|  |TAMS 0x0000000782600000, 0x0000000782600000| Untracked 
|  39|0x0000000782700000, 0x0000000782700000, 0x0000000782800000|  0%| F|  |TAMS 0x0000000782700000, 0x0000000782700000| Untracked 
|  40|0x0000000782800000, 0x0000000782800000, 0x0000000782900000|  0%| F|  |TAMS 0x0000000782800000, 0x0000000782800000| Untracked 
|  41|0x0000000782900000, 0x0000000782900000, 0x0000000782a00000|  0%| F|  |TAMS 0x0000000782900000, 0x0000000782900000| Untracked 
|  42|0x0000000782a00000, 0x0000000782a00000, 0x0000000782b00000|  0%| F|  |TAMS 0x0000000782a00000, 0x0000000782a00000| Untracked 
|  43|0x0000000782b00000, 0x0000000782b00000, 0x0000000782c00000|  0%| F|  |TAMS 0x0000000782b00000, 0x0000000782b00000| Untracked 
|  44|0x0000000782c00000, 0x0000000782c00000, 0x0000000782d00000|  0%| F|  |TAMS 0x0000000782c00000, 0x0000000782c00000| Untracked 
|  45|0x0000000782d00000, 0x0000000782d00000, 0x0000000782e00000|  0%| F|  |TAMS 0x0000000782d00000, 0x0000000782d00000| Untracked 
|  46|0x0000000782e00000, 0x0000000782e00000, 0x0000000782f00000|  0%| F|  |TAMS 0x0000000782e00000, 0x0000000782e00000| Untracked 
|  47|0x0000000782f00000, 0x0000000782f00000, 0x0000000783000000|  0%| F|  |TAMS 0x0000000782f00000, 0x0000000782f00000| Untracked 
|  48|0x0000000783000000, 0x0000000783000000, 0x0000000783100000|  0%| F|  |TAMS 0x0000000783000000, 0x0000000783000000| Untracked 
|  49|0x0000000783100000, 0x0000000783100000, 0x0000000783200000|  0%| F|  |TAMS 0x0000000783100000, 0x0000000783100000| Untracked 
|  50|0x0000000783200000, 0x00000007832846d8, 0x0000000783300000| 51%| E|  |TAMS 0x0000000783200000, 0x0000000783200000| Complete 
| 100|0x0000000786400000, 0x0000000786500000, 0x0000000786500000|100%| E|CS|TAMS 0x0000000786400000, 0x0000000786400000| Complete 
| 101|0x0000000786500000, 0x0000000786600000, 0x0000000786600000|100%| E|CS|TAMS 0x0000000786500000, 0x0000000786500000| Complete 
| 102|0x0000000786600000, 0x0000000786700000, 0x0000000786700000|100%| E|CS|TAMS 0x0000000786600000, 0x0000000786600000| Complete 
| 103|0x0000000786700000, 0x0000000786800000, 0x0000000786800000|100%| E|CS|TAMS 0x0000000786700000, 0x0000000786700000| Complete 
| 104|0x0000000786800000, 0x0000000786900000, 0x0000000786900000|100%| E|CS|TAMS 0x0000000786800000, 0x0000000786800000| Complete 
| 105|0x0000000786900000, 0x0000000786a00000, 0x0000000786a00000|100%| E|CS|TAMS 0x0000000786900000, 0x0000000786900000| Complete 
| 106|0x0000000786a00000, 0x0000000786b00000, 0x0000000786b00000|100%| E|CS|TAMS 0x0000000786a00000, 0x0000000786a00000| Complete 
| 107|0x0000000786b00000, 0x0000000786c00000, 0x0000000786c00000|100%| E|CS|TAMS 0x0000000786b00000, 0x0000000786b00000| Complete 
| 108|0x0000000786c00000, 0x0000000786d00000, 0x0000000786d00000|100%| E|CS|TAMS 0x0000000786c00000, 0x0000000786c00000| Complete 
| 126|0x0000000787e00000, 0x0000000787f00000, 0x0000000787f00000|100%| E|CS|TAMS 0x0000000787e00000, 0x0000000787e00000| Complete 
| 127|0x0000000787f00000, 0x0000000788000000, 0x0000000788000000|100%| E|CS|TAMS 0x0000000787f00000, 0x0000000787f00000| Complete 
|2046|0x00000007ffe00000, 0x00000007ffe78000, 0x00000007fff00000| 46%|OA|  |TAMS 0x00000007ffe78000, 0x00000007ffe00000| Untracked 
|2047|0x00000007fff00000, 0x00000007fff80000, 0x0000000800000000| 50%|CA|  |TAMS 0x00000007fff80000, 0x00000007fff00000| Untracked 

Card table byte_map: [0x000000010338c000,0x000000010378c000] _byte_map_base: 0x00000000ff78c000

Marking Bits (Prev, Next): (CMBitMap*) 0x0000000146009050, (CMBitMap*) 0x0000000146009010
 Prev Bits: [0x000000011d3b0000, 0x000000011f3b0000)
 Next Bits: [0x000000011b3b0000, 0x000000011d3b0000)

Polling page: 0x0000000102b5c000

Metaspace:

Usage:
  Non-class:     22.12 MB used.
      Class:      3.59 MB used.
       Both:     25.71 MB used.

Virtual space:
  Non-class space:       24.00 MB reserved,      22.25 MB ( 93%) committed,  3 nodes.
      Class space:        1.00 GB reserved,       3.75 MB ( <1%) committed,  1 nodes.
             Both:        1.02 GB reserved,      26.00 MB (  2%) committed. 

Chunk freelists:
   Non-Class:  1.23 MB
       Class:  288.00 KB
        Both:  1.51 MB

MaxMetaspaceSize: unlimited
CompressedClassSpaceSize: 1.00 GB
Initial GC threshold: 21.00 MB
Current GC threshold: 35.31 MB
CDS: on
MetaspaceReclaimPolicy: balanced
 - commit_granule_bytes: 65536.
 - commit_granule_words: 8192.
 - virtual_space_node_default_size: 1048576.
 - enlarge_chunks_in_place: 1.
 - new_chunks_are_fully_committed: 0.
 - uncommit_free_chunks: 1.
 - use_allocation_guard: 0.
 - handle_deallocations: 1.


Internal statistics:

num_allocs_failed_limit: 3.
num_arena_births: 274.
num_arena_deaths: 0.
num_vsnodes_births: 4.
num_vsnodes_deaths: 0.
num_space_committed: 416.
num_space_uncommitted: 0.
num_chunks_returned_to_freelist: 3.
num_chunks_taken_from_freelist: 991.
num_chunk_merges: 3.
num_chunk_splits: 687.
num_chunks_enlarged: 517.
num_purges: 0.
num_inconsistent_stats: 0.

CodeHeap 'non-profiled nmethods': size=120032Kb used=1832Kb max_used=1832Kb free=118199Kb
 bounds [0x0000000113e78000, 0x00000001140e8000, 0x000000011b3b0000]
CodeHeap 'profiled nmethods': size=120016Kb used=9431Kb max_used=9431Kb free=110584Kb
 bounds [0x000000010c944000, 0x000000010d284000, 0x0000000113e78000]
CodeHeap 'non-nmethods': size=5712Kb used=1443Kb max_used=1516Kb free=4268Kb
 bounds [0x000000010c3b0000, 0x000000010c620000, 0x000000010c944000]
 total_blobs=5457 nmethods=4614 adapters=758
 compilation: enabled
              stopped_count=0, restarted_count=0
 full_count=0

Compilation events (20 events):
Event: 7.340 Thread 0x0000000145009200 4719       3       java.util.concurrent.locks.AbstractQueuedSynchronizer$ConditionNode::<init> (5 bytes)
Event: 7.340 Thread 0x0000000145009200 nmethod 4719 0x000000010d272410 code [0x000000010d2725c0, 0x000000010d2727e8]
Event: 7.353 Thread 0x0000000145009200 4724   !   3       java.util.concurrent.LinkedBlockingDeque::takeFirst (47 bytes)
Event: 7.354 Thread 0x0000000145009200 nmethod 4724 0x000000010d272910 code [0x000000010d272c00, 0x000000010d273868]
Event: 7.369 Thread 0x0000000145009200 4725       3       java.util.concurrent.LinkedBlockingDeque$Node::<init> (10 bytes)
Event: 7.369 Thread 0x0000000145009200 nmethod 4725 0x000000010d273d10 code [0x000000010d273ec0, 0x000000010d2740a8]
Event: 7.369 Thread 0x0000000145009200 4726       3       java.util.concurrent.LinkedBlockingDeque::linkLast (69 bytes)
Event: 7.370 Thread 0x0000000145009200 nmethod 4726 0x000000010d274190 code [0x000000010d2743c0, 0x000000010d274ab8]
Event: 7.370 Thread 0x0000000145009200 4727       3       java.util.concurrent.locks.ReentrantLock$NonfairSync::tryAcquire (27 bytes)
Event: 7.370 Thread 0x0000000145009200 nmethod 4727 0x000000010d274d10 code [0x000000010d274ec0, 0x000000010d275198]
Event: 7.402 Thread 0x0000000145009200 4728   !   3       java.util.concurrent.locks.AbstractQueuedSynchronizer::acquire (407 bytes)
Event: 7.406 Thread 0x0000000145009200 nmethod 4728 0x000000010d275290 code [0x000000010d275740, 0x000000010d2773b8]
Event: 7.453 Thread 0x0000000145009200 4729       3       javafx.animation.Animation::setCurrentTicks (20 bytes)
Event: 7.453 Thread 0x0000000145009200 nmethod 4729 0x000000010d277e10 code [0x000000010d277fc0, 0x000000010d278218]
Event: 7.469 Thread 0x0000000145009200 4730       3       com.sun.scenario.animation.shared.GeneralClipInterpolator::interpolate (143 bytes)
Event: 7.470 Thread 0x0000000145009200 nmethod 4730 0x000000010d278310 code [0x000000010d278540, 0x000000010d278b78]
Event: 7.519 Thread 0x0000000145009200 4731       3       com.sun.scenario.animation.shared.TimelineClipCore::setTime (17 bytes)
Event: 7.520 Thread 0x0000000145009200 nmethod 4731 0x000000010d278e90 code [0x000000010d279080, 0x000000010d2794c8]
Event: 7.520 Thread 0x0000000145009200 4732       3       javafx.animation.AnimationAccessorImpl::setCurrentTicks (6 bytes)
Event: 7.520 Thread 0x0000000145009200 nmethod 4732 0x000000010d279690 code [0x000000010d279840, 0x000000010d279b98]

GC Heap History (8 events):
Event: 0.557 GC heap before
{Heap before GC invocations=0 (full 0):
 garbage-first heap   total 133120K, used 23520K [0x0000000780000000, 0x0000000800000000)
  region size 1024K, 23 young (23552K), 0 survivors (0K)
 Metaspace       used 7047K, committed 7168K, reserved 1056768K
  class space    used 853K, committed 896K, reserved 1048576K
}
Event: 0.562 GC heap after
{Heap after GC invocations=1 (full 0):
 garbage-first heap   total 133120K, used 4085K [0x0000000780000000, 0x0000000800000000)
  region size 1024K, 3 young (3072K), 3 survivors (3072K)
 Metaspace       used 7047K, committed 7168K, reserved 1056768K
  class space    used 853K, committed 896K, reserved 1048576K
}
Event: 1.311 GC heap before
{Heap before GC invocations=1 (full 0):
 garbage-first heap   total 133120K, used 44021K [0x0000000780000000, 0x0000000800000000)
  region size 1024K, 42 young (43008K), 3 survivors (3072K)
 Metaspace       used 18364K, committed 18624K, reserved 1073152K
  class space    used 2383K, committed 2496K, reserved 1048576K
}
Event: 1.316 GC heap after
{Heap after GC invocations=2 (full 0):
 garbage-first heap   total 133120K, used 10085K [0x0000000780000000, 0x0000000800000000)
  region size 1024K, 6 young (6144K), 6 survivors (6144K)
 Metaspace       used 18364K, committed 18624K, reserved 1073152K
  class space    used 2383K, committed 2496K, reserved 1048576K
}
Event: 1.505 GC heap before
{Heap before GC invocations=2 (full 0):
 garbage-first heap   total 133120K, used 28517K [0x0000000780000000, 0x0000000800000000)
  region size 1024K, 25 young (25600K), 6 survivors (6144K)
 Metaspace       used 21244K, committed 21504K, reserved 1073152K
  class space    used 2940K, committed 3072K, reserved 1048576K
}
Event: 1.512 GC heap after
{Heap after GC invocations=3 (full 0):
 garbage-first heap   total 133120K, used 15733K [0x0000000780000000, 0x0000000800000000)
  region size 1024K, 9 young (9216K), 9 survivors (9216K)
 Metaspace       used 21244K, committed 21504K, reserved 1073152K
  class space    used 2940K, committed 3072K, reserved 1048576K
}
Event: 2.080 GC heap before
{Heap before GC invocations=4 (full 0):
 garbage-first heap   total 65536K, used 48501K [0x0000000780000000, 0x0000000800000000)
  region size 1024K, 40 young (40960K), 9 survivors (9216K)
 Metaspace       used 25621K, committed 25920K, reserved 1073152K
  class space    used 3655K, committed 3840K, reserved 1048576K
}
Event: 2.089 GC heap after
{Heap after GC invocations=5 (full 0):
 garbage-first heap   total 65536K, used 22515K [0x0000000780000000, 0x0000000800000000)
  region size 1024K, 10 young (10240K), 10 survivors (10240K)
 Metaspace       used 25621K, committed 25920K, reserved 1073152K
  class space    used 3655K, committed 3840K, reserved 1048576K
}

Deoptimization events (20 events):
Event: 4.522 Thread 0x00000001460a8600 DEOPT PACKING pc=0x000000010d0d5314 sp=0x000000016feb08c0
Event: 4.522 Thread 0x00000001460a8600 DEOPT UNPACKING pc=0x000000010c3eeb7c sp=0x000000016feb04c0 mode 0
Event: 4.688 Thread 0x00000001460a8600 DEOPT PACKING pc=0x000000010d0d4c80 sp=0x000000016feb0140
Event: 4.688 Thread 0x00000001460a8600 DEOPT UNPACKING pc=0x000000010c3eeb7c sp=0x000000016feafd40 mode 0
Event: 4.692 Thread 0x00000001460a8600 DEOPT PACKING pc=0x000000010d0d4c80 sp=0x000000016feb0890
Event: 4.692 Thread 0x00000001460a8600 DEOPT UNPACKING pc=0x000000010c3eeb7c sp=0x000000016feb0490 mode 0
Event: 4.903 Thread 0x00000001349a9200 Uncommon trap: trap_request=0xffffffcc fr.pc=0x0000000113ff7d80 relative=0x0000000000002140
Event: 4.903 Thread 0x00000001349a9200 Uncommon trap: reason=intrinsic_or_type_checked_inlining action=make_not_entrant pc=0x0000000113ff7d80 method=java.util.ArrayList$SubList.toArray([Ljava/lang/Object;)[Ljava/lang/Object; @ 58 c2
Event: 4.903 Thread 0x00000001349a9200 DEOPT PACKING pc=0x0000000113ff7d80 sp=0x0000000281589700
Event: 4.903 Thread 0x00000001349a9200 DEOPT UNPACKING pc=0x000000010c3eed1c sp=0x0000000281589530 mode 2
Event: 5.187 Thread 0x00000001460a8600 DEOPT PACKING pc=0x000000010d0d4c80 sp=0x000000016feb08b0
Event: 5.187 Thread 0x00000001460a8600 DEOPT UNPACKING pc=0x000000010c3eeb7c sp=0x000000016feb04b0 mode 0
Event: 5.190 Thread 0x00000001460a8600 DEOPT PACKING pc=0x000000010d0d53a4 sp=0x000000016feb0400
Event: 5.190 Thread 0x00000001460a8600 DEOPT UNPACKING pc=0x000000010c3eeb7c sp=0x000000016feb0000 mode 0
Event: 5.192 Thread 0x00000001460a8600 DEOPT PACKING pc=0x000000010d0d4c80 sp=0x000000016feb0400
Event: 5.193 Thread 0x00000001460a8600 DEOPT UNPACKING pc=0x000000010c3eeb7c sp=0x000000016feb0000 mode 0
Event: 5.193 Thread 0x00000001460a8600 DEOPT PACKING pc=0x000000010d0ec458 sp=0x000000016feb02e0
Event: 5.193 Thread 0x00000001460a8600 DEOPT UNPACKING pc=0x000000010c3eeb7c sp=0x000000016feaff80 mode 0
Event: 5.198 Thread 0x00000001460a8600 DEOPT PACKING pc=0x000000010d0d4c80 sp=0x000000016feb0760
Event: 5.198 Thread 0x00000001460a8600 DEOPT UNPACKING pc=0x000000010c3eeb7c sp=0x000000016feb0360 mode 0

Classes unloaded (0 events):
No events

Classes redefined (0 events):
No events

Internal exceptions (20 events):
Event: 1.308 Thread 0x0000000134948600 Implicit null exception at 0x0000000113e9ca78 to 0x0000000113e9cb08
Event: 1.348 Thread 0x0000000134948600 Implicit null exception at 0x0000000113ee07d4 to 0x0000000113ee0ae4
Event: 1.358 Thread 0x0000000134948600 Implicit null exception at 0x0000000113ede154 to 0x0000000113ede458
Event: 1.360 Thread 0x0000000134948600 Implicit null exception at 0x0000000113e9bc54 to 0x0000000113e9bcc0
Event: 1.364 Thread 0x0000000134948600 Exception <a 'java/lang/NoSuchMethodError'{0x0000000787a83358}: 'java.lang.Object java.lang.invoke.DirectMethodHandle$Holder.invokeInterface(java.lang.Object, java.lang.Object, java.lang.Object)'> (0x0000000787a83358) 
thrown [open/src/hotspot/share/interpreter/linkResolver.cpp, line 766]
Event: 1.364 Thread 0x0000000134948600 Exception <a 'java/lang/IncompatibleClassChangeError'{0x0000000787a86a20}: Found class java.lang.Object, but interface was expected> (0x0000000787a86a20) 
thrown [open/src/hotspot/share/interpreter/linkResolver.cpp, line 833]
Event: 1.365 Thread 0x0000000134948600 Exception <a 'java/lang/ClassNotFoundException'{0x0000000787ab1870}: com/sun/javafx/scene/control/skin/resources/controls> (0x0000000787ab1870) 
thrown [open/src/hotspot/share/prims/jni.cpp, line 535]
Event: 1.366 Thread 0x0000000134948600 Exception <a 'java/lang/ClassNotFoundException'{0x0000000787abf810}: com/sun/javafx/scene/control/skin/resources/controls_en> (0x0000000787abf810) 
thrown [open/src/hotspot/share/prims/jni.cpp, line 535]
Event: 1.366 Thread 0x0000000134948600 Exception <a 'java/lang/ClassNotFoundException'{0x0000000787ac07a8}: com/sun/javafx/scene/control/skin/resources/controls_en_EG> (0x0000000787ac07a8) 
thrown [open/src/hotspot/share/prims/jni.cpp, line 535]
Event: 1.394 Thread 0x0000000134948600 Exception <a 'java/lang/NoSuchMethodError'{0x00000007876e44e8}: 'void java.lang.invoke.DirectMethodHandle$Holder.invokeSpecial(java.lang.Object, java.lang.Object, java.lang.Object, java.lang.Object, java.lang.Object, java.lang.Object)'> (0x00000007876e44e8) 
thrown [open/src/hotspot/share/interpreter/linkResolver.cpp, line 766]
Event: 1.551 Thread 0x0000000134948600 Exception <a 'java/lang/NoSuchMethodError'{0x0000000782f52290}: 'void java.lang.invoke.DirectMethodHandle$Holder.invokeSpecialIFC(java.lang.Object, java.lang.Object, java.lang.Object, java.lang.Object)'> (0x0000000782f52290) 
thrown [open/src/hotspot/share/interpreter/linkResolver.cpp, line 766]
Event: 1.560 Thread 0x0000000134948600 Exception <a 'java/lang/NoSuchMethodError'{0x0000000782ee0da8}: 'int java.lang.invoke.DirectMethodHandle$Holder.invokeSpecial(java.lang.Object, java.lang.Object, int)'> (0x0000000782ee0da8) 
thrown [open/src/hotspot/share/interpreter/linkResolver.cpp, line 766]
Event: 1.639 Thread 0x0000000134948600 Exception <a 'java/lang/NoSuchMethodError'{0x00000007822c8a58}: 'void java.lang.invoke.DirectMethodHandle$Holder.invokeSpecial(java.lang.Object, java.lang.Object, int, int)'> (0x00000007822c8a58) 
thrown [open/src/hotspot/share/interpreter/linkResolver.cpp, line 766]
Event: 1.639 Thread 0x0000000134948600 Exception <a 'java/lang/NoSuchMethodError'{0x00000007822cf240}: 'java.lang.Object java.lang.invoke.DirectMethodHandle$Holder.newInvokeSpecial(java.lang.Object, java.lang.Object, int, int)'> (0x00000007822cf240) 
thrown [open/src/hotspot/share/interpreter/linkResolver.cpp, line 766]
Event: 1.676 Thread 0x0000000134948600 Exception <a 'java/lang/NoSuchMethodError'{0x0000000781e4df98}: 'java.lang.Object java.lang.invoke.DirectMethodHandle$Holder.newInvokeSpecial(java.lang.Object, java.lang.Object, int)'> (0x0000000781e4df98) 
thrown [open/src/hotspot/share/interpreter/linkResolver.cpp, line 766]
Event: 1.786 Thread 0x0000000134948600 Exception <a 'java/lang/NoSuchMethodError'{0x00000007819c8a78}: 'long java.lang.invoke.DirectMethodHandle$Holder.invokeStatic(java.lang.Object, java.lang.Object, java.lang.Object)'> (0x00000007819c8a78) 
thrown [open/src/hotspot/share/interpreter/linkResolver.cpp, line 766]
Event: 1.786 Thread 0x0000000134948600 Exception <a 'java/lang/NoSuchMethodError'{0x00000007819cc220}: 'long java.lang.invoke.DirectMethodHandle$Holder.invokeStaticInit(java.lang.Object, java.lang.Object, java.lang.Object)'> (0x00000007819cc220) 
thrown [open/src/hotspot/share/interpreter/linkResolver.cpp, line 766]
Event: 1.787 Thread 0x0000000134948600 Exception <a 'java/lang/NoSuchMethodError'{0x00000007819e3e28}: 'java.lang.Object java.lang.invoke.DirectMethodHandle$Holder.newInvokeSpecial(java.lang.Object, java.lang.Object, long)'> (0x00000007819e3e28) 
thrown [open/src/hotspot/share/interpreter/linkResolver.cpp, line 766]
Event: 1.787 Thread 0x0000000134948600 Exception <a 'java/lang/NoSuchMethodError'{0x00000007819e76f0}: 'java.lang.Object java.lang.invoke.Invokers$Holder.linkToTargetMethod(java.lang.Object, long, java.lang.Object)'> (0x00000007819e76f0) 
thrown [open/src/hotspot/share/interpreter/linkResolver.cpp, line 766]
Event: 4.487 Thread 0x0000000134948600 Implicit null exception at 0x0000000113faaa7c to 0x0000000113faaf28

VM Operations (20 events):
Event: 1.667 Executing VM operation: ICBufferFull
Event: 1.667 Executing VM operation: ICBufferFull done
Event: 1.762 Executing VM operation: ICBufferFull
Event: 1.762 Executing VM operation: ICBufferFull done
Event: 2.080 Executing VM operation: G1CollectForAllocation
Event: 2.089 Executing VM operation: G1CollectForAllocation done
Event: 3.093 Executing VM operation: Cleanup
Event: 3.095 Executing VM operation: Cleanup done
Event: 3.162 Executing VM operation: HandshakeAllThreads
Event: 3.162 Executing VM operation: HandshakeAllThreads done
Event: 3.400 Executing VM operation: ICBufferFull
Event: 3.401 Executing VM operation: ICBufferFull done
Event: 4.403 Executing VM operation: Cleanup
Event: 4.405 Executing VM operation: Cleanup done
Event: 5.197 Executing VM operation: ICBufferFull
Event: 5.197 Executing VM operation: ICBufferFull done
Event: 6.197 Executing VM operation: Cleanup
Event: 6.197 Executing VM operation: Cleanup done
Event: 7.202 Executing VM operation: Cleanup
Event: 7.202 Executing VM operation: Cleanup done

Events (20 events):
Event: 3.941 Thread 0x0000000125b58e00 Thread added: 0x0000000125b58e00
Event: 3.941 Protecting memory [0x0000000287590000,0x000000028759c000] with protection modes 0
Event: 3.941 Protecting memory [0x0000000287590000,0x000000028759c000] with protection modes 3
Event: 3.941 Thread 0x0000000125b58e00 Thread exited: 0x0000000125b58e00
Event: 4.971 Thread 0x000000013494a200 Thread added: 0x000000013494a200
Event: 4.971 Protecting memory [0x0000000287590000,0x000000028759c000] with protection modes 0
Event: 4.971 Protecting memory [0x0000000287590000,0x000000028759c000] with protection modes 3
Event: 4.971 Thread 0x000000013494a200 Thread exited: 0x000000013494a200
Event: 5.952 Thread 0x0000000125b58e00 Thread added: 0x0000000125b58e00
Event: 5.952 Protecting memory [0x0000000287590000,0x000000028759c000] with protection modes 0
Event: 5.952 Protecting memory [0x0000000287590000,0x000000028759c000] with protection modes 3
Event: 5.952 Thread 0x0000000125b58e00 Thread exited: 0x0000000125b58e00
Event: 6.605 Thread 0x0000000125014c00 Thread added: 0x0000000125014c00
Event: 6.605 Protecting memory [0x0000000287590000,0x000000028759c000] with protection modes 0
Event: 6.605 Protecting memory [0x0000000287590000,0x000000028759c000] with protection modes 3
Event: 6.605 Thread 0x0000000125014c00 Thread exited: 0x0000000125014c00
Event: 7.203 Thread 0x0000000146215c00 Thread added: 0x0000000146215c00
Event: 7.203 Protecting memory [0x0000000287590000,0x000000028759c000] with protection modes 0
Event: 7.203 Protecting memory [0x0000000287590000,0x000000028759c000] with protection modes 3
Event: 7.203 Thread 0x0000000146215c00 Thread exited: 0x0000000146215c00


Dynamic libraries:
0x0000000102b0c000 	/Users/youssefgeorge/Library/Java/JavaVirtualMachines/openjdk-17.0.2/Contents/Home/lib/libjli.dylib
0x00000001ad664000 	/usr/lib/libz.1.dylib
0x00000001ad71b000 	/usr/lib/libSystem.B.dylib
0x00000001ad715000 	/usr/lib/system/libcache.dylib
0x00000001ad6d3000 	/usr/lib/system/libcommonCrypto.dylib
0x00000001ad6fc000 	/usr/lib/system/libcompiler_rt.dylib
0x00000001ad6f3000 	/usr/lib/system/libcopyfile.dylib
0x00000001a295b000 	/usr/lib/system/libcorecrypto.dylib
0x00000001a2a0e000 	/usr/lib/system/libdispatch.dylib
0x00000001a2bdc000 	/usr/lib/system/libdyld.dylib
0x00000001ad70b000 	/usr/lib/system/libkeymgr.dylib
0x00000001ad6ae000 	/usr/lib/system/libmacho.dylib
0x00000001acda3000 	/usr/lib/system/libquarantine.dylib
0x00000001ad708000 	/usr/lib/system/libremovefile.dylib
0x00000001a7d44000 	/usr/lib/system/libsystem_asl.dylib
0x00000001a28fd000 	/usr/lib/system/libsystem_blocks.dylib
0x00000001a2a96000 	/usr/lib/system/libsystem_c.dylib
0x00000001ad700000 	/usr/lib/system/libsystem_collections.dylib
0x00000001ac231000 	/usr/lib/system/libsystem_configuration.dylib
0x00000001ab48d000 	/usr/lib/system/libsystem_containermanager.dylib
0x00000001ad410000 	/usr/lib/system/libsystem_coreservices.dylib
0x00000001a5304000 	/usr/lib/system/libsystem_darwin.dylib
0x00000001ad70c000 	/usr/lib/system/libsystem_dnssd.dylib
0x00000001a2a93000 	/usr/lib/system/libsystem_featureflags.dylib
0x00000001a2bf1000 	/usr/lib/system/libsystem_info.dylib
0x00000001ad676000 	/usr/lib/system/libsystem_m.dylib
0x00000001a29e3000 	/usr/lib/system/libsystem_malloc.dylib
0x00000001a7cd3000 	/usr/lib/system/libsystem_networkextension.dylib
0x00000001a575d000 	/usr/lib/system/libsystem_notify.dylib
0x00000001b3a59000 	/usr/lib/system/libsystem_product_info_filter.dylib
0x00000001ac236000 	/usr/lib/system/libsystem_sandbox.dylib
0x00000001ad705000 	/usr/lib/system/libsystem_secinit.dylib
0x00000001a2b97000 	/usr/lib/system/libsystem_kernel.dylib
0x00000001a2be9000 	/usr/lib/system/libsystem_platform.dylib
0x00000001a2bcf000 	/usr/lib/system/libsystem_pthread.dylib
0x00000001a949c000 	/usr/lib/system/libsystem_symptoms.dylib
0x00000001a2941000 	/usr/lib/system/libsystem_trace.dylib
0x00000001ad6e0000 	/usr/lib/system/libunwind.dylib
0x00000001a28ff000 	/usr/lib/system/libxpc.dylib
0x00000001a2b7f000 	/usr/lib/libc++abi.dylib
0x00000001a2a55000 	/usr/lib/libobjc.A.dylib
0x00000001ad6eb000 	/usr/lib/liboah.dylib
0x00000001a2b18000 	/usr/lib/libc++.1.dylib
0x00000001b9572000 	/System/Library/Frameworks/Cocoa.framework/Versions/A/Cocoa
0x00000001a57be000 	/System/Library/Frameworks/AppKit.framework/Versions/C/AppKit
0x00000001a8cc4000 	/System/Library/Frameworks/CoreData.framework/Versions/A/CoreData
0x00000001a3b19000 	/System/Library/Frameworks/Foundation.framework/Versions/C/Foundation
0x00000001a6676000 	/System/Library/PrivateFrameworks/UIFoundation.framework/Versions/A/UIFoundation
0x00000001b3753000 	/System/Library/PrivateFrameworks/RemoteViewServices.framework/Versions/A/RemoteViewServices
0x00000001abbd9000 	/System/Library/PrivateFrameworks/XCTTargetBootstrap.framework/Versions/A/XCTTargetBootstrap
0x00000001af457000 	/System/Library/PrivateFrameworks/InternationalSupport.framework/Versions/A/InternationalSupport
0x00000001af4e0000 	/System/Library/PrivateFrameworks/UserActivity.framework/Versions/A/UserActivity
0x00000001ae952000 	/usr/lib/libspindump.dylib
0x00000001a68e7000 	/System/Library/Frameworks/UniformTypeIdentifiers.framework/Versions/A/UniformTypeIdentifiers
0x00000001aa124000 	/usr/lib/libapp_launch_measurement.dylib
0x00000001a964e000 	/System/Library/PrivateFrameworks/CoreAnalytics.framework/Versions/A/CoreAnalytics
0x00000001aa127000 	/System/Library/PrivateFrameworks/CoreAutoLayout.framework/Versions/A/CoreAutoLayout
0x00000001ab4ca000 	/System/Library/Frameworks/Metal.framework/Versions/A/Metal
0x00000001ac241000 	/usr/lib/liblangid.dylib
0x00000001abbde000 	/System/Library/PrivateFrameworks/CoreSVG.framework/Versions/A/CoreSVG
0x00000001a7d78000 	/System/Library/PrivateFrameworks/SkyLight.framework/Versions/A/SkyLight
0x00000001a814d000 	/System/Library/Frameworks/CoreGraphics.framework/Versions/A/CoreGraphics
0x00000001b3e1f000 	/System/Library/Frameworks/Accelerate.framework/Versions/A/Accelerate
0x00000001ae3c9000 	/System/Library/PrivateFrameworks/IconServices.framework/Versions/A/IconServices
0x00000001ab4ac000 	/System/Library/Frameworks/IOSurface.framework/Versions/A/IOSurface
0x00000001a967f000 	/usr/lib/libDiagnosticMessagesClient.dylib
0x00000001b7320000 	/System/Library/Frameworks/ApplicationServices.framework/Versions/A/ApplicationServices
0x00000001abbc1000 	/System/Library/PrivateFrameworks/DFRFoundation.framework/Versions/A/DFRFoundation
0x00000001a504e000 	/usr/lib/libicucore.A.dylib
0x00000001b0303000 	/System/Library/Frameworks/AudioToolbox.framework/Versions/A/AudioToolbox
0x00000001af463000 	/System/Library/PrivateFrameworks/DataDetectorsCore.framework/Versions/A/DataDetectorsCore
0x00000001c5da3000 	/System/Library/PrivateFrameworks/TextInput.framework/Versions/A/TextInput
0x00000001a7ced000 	/usr/lib/libMobileGestalt.dylib
0x00000001ab88d000 	/System/Library/Frameworks/Carbon.framework/Versions/A/Frameworks/HIToolbox.framework/Versions/A/HIToolbox
0x00000001a9b00000 	/System/Library/Frameworks/QuartzCore.framework/Versions/A/QuartzCore
0x00000001a4cd1000 	/System/Library/Frameworks/Security.framework/Versions/A/Security
0x00000001b3793000 	/System/Library/Frameworks/Carbon.framework/Versions/A/Frameworks/SpeechRecognition.framework/Versions/A/SpeechRecognition
0x00000001a9e7a000 	/System/Library/PrivateFrameworks/CoreUI.framework/Versions/A/CoreUI
0x00000001a45ae000 	/System/Library/Frameworks/CoreAudio.framework/Versions/A/CoreAudio
0x00000001a9774000 	/System/Library/Frameworks/DiskArbitration.framework/Versions/A/DiskArbitration
0x00000001aed5c000 	/System/Library/PrivateFrameworks/MultitouchSupport.framework/Versions/A/MultitouchSupport
0x00000001a7ceb000 	/usr/lib/libenergytrace.dylib
0x00000001a5686000 	/System/Library/Frameworks/IOKit.framework/Versions/A/IOKit
0x00000001b3b82000 	/System/Library/Frameworks/CoreServices.framework/Versions/A/CoreServices
0x00000001aa0b4000 	/System/Library/PrivateFrameworks/PerformanceAnalysis.framework/Versions/A/PerformanceAnalysis
0x000000020408b000 	/System/Library/Frameworks/OpenGL.framework/Versions/A/OpenGL
0x00000001accbb000 	/System/Library/PrivateFrameworks/MobileKeyBag.framework/Versions/A/MobileKeyBag
0x00000001a875a000 	/System/Library/Frameworks/ColorSync.framework/Versions/A/ColorSync
0x00000001a2c1e000 	/System/Library/Frameworks/CoreFoundation.framework/Versions/A/CoreFoundation
0x00000001abe5d000 	/System/Library/Frameworks/CoreImage.framework/Versions/A/CoreImage
0x00000001a43d2000 	/System/Library/Frameworks/CoreText.framework/Versions/A/CoreText
0x00000001abc0e000 	/System/Library/Frameworks/ImageIO.framework/Versions/A/ImageIO
0x00000001ad721000 	/System/Library/PrivateFrameworks/SoftLinking.framework/Versions/A/SoftLinking
0x00000001aa172000 	/usr/lib/libxml2.2.dylib
0x00000001ad9ba000 	/usr/lib/libcompression.dylib
0x00000001af3b3000 	/System/Library/PrivateFrameworks/TextureIO.framework/Versions/A/TextureIO
0x00000001ae0e2000 	/usr/lib/libate.dylib
0x00000001adfa7000 	/usr/lib/liblzma.5.dylib
0x00000001a380d000 	/System/Library/Frameworks/SystemConfiguration.framework/Versions/A/SystemConfiguration
0x00000001ad71d000 	/usr/lib/libfakelink.dylib
0x00000001a781f000 	/System/Library/Frameworks/CFNetwork.framework/Versions/A/CFNetwork
0x00000001ad863000 	/usr/lib/libarchive.2.dylib
0x00000001ac23d000 	/System/Library/PrivateFrameworks/AppleSystemInfo.framework/Versions/A/AppleSystemInfo
0x00000001acdce000 	/usr/lib/libbsm.0.dylib
0x00000001a6d90000 	/usr/lib/libnetwork.dylib
0x00000001ad6b7000 	/usr/lib/system/libkxld.dylib
0x00000001ac9e1000 	/System/Library/PrivateFrameworks/IOMobileFramebuffer.framework/Versions/A/IOMobileFramebuffer
0x00000002219b7000 	/usr/lib/libCoreEntitlements.dylib
0x00000001ad3f2000 	/System/Library/PrivateFrameworks/AppleFSCompression.framework/Versions/A/AppleFSCompression
0x00000001acdb6000 	/usr/lib/libcoretls.dylib
0x00000001adfc0000 	/usr/lib/libcoretls_cfhelpers.dylib
0x00000001ad9b5000 	/usr/lib/libpam.2.dylib
0x00000001a90b3000 	/usr/lib/libsqlite3.dylib
0x00000001ae029000 	/usr/lib/libxar.1.dylib
0x00000001ad403000 	/usr/lib/libbz2.1.0.dylib
0x00000001ad722000 	/usr/lib/libpcap.A.dylib
0x00000001a9493000 	/usr/lib/libdns_services.dylib
0x00000001ad988000 	/usr/lib/libapple_nghttp2.dylib
0x00000001ad75f000 	/usr/lib/libiconv.2.dylib
0x00000001ad6ad000 	/usr/lib/libcharset.1.dylib
0x00000001aa0f0000 	/System/Library/Frameworks/CoreServices.framework/Versions/A/Frameworks/FSEvents.framework/Versions/A/FSEvents
0x00000001a530f000 	/System/Library/Frameworks/CoreServices.framework/Versions/A/Frameworks/CarbonCore.framework/Versions/A/CarbonCore
0x00000001a96d4000 	/System/Library/Frameworks/CoreServices.framework/Versions/A/Frameworks/Metadata.framework/Versions/A/Metadata
0x00000001ad416000 	/System/Library/Frameworks/CoreServices.framework/Versions/A/Frameworks/OSServices.framework/Versions/A/OSServices
0x00000001ad8e9000 	/System/Library/Frameworks/CoreServices.framework/Versions/A/Frameworks/SearchKit.framework/Versions/A/SearchKit
0x00000001a9422000 	/System/Library/Frameworks/CoreServices.framework/Versions/A/Frameworks/AE.framework/Versions/A/AE
0x00000001a3164000 	/System/Library/Frameworks/CoreServices.framework/Versions/A/Frameworks/LaunchServices.framework/Versions/A/LaunchServices
0x00000001adf50000 	/System/Library/Frameworks/CoreServices.framework/Versions/A/Frameworks/DictionaryServices.framework/Versions/A/DictionaryServices
0x00000001aa0fd000 	/System/Library/Frameworks/CoreServices.framework/Versions/A/Frameworks/SharedFileList.framework/Versions/A/SharedFileList
0x00000001acda6000 	/usr/lib/libCheckFix.dylib
0x00000001a7d5c000 	/System/Library/PrivateFrameworks/TCC.framework/Versions/A/TCC
0x00000001ac243000 	/System/Library/PrivateFrameworks/CoreNLP.framework/Versions/A/CoreNLP
0x00000001a9682000 	/System/Library/PrivateFrameworks/MetadataUtilities.framework/Versions/A/MetadataUtilities
0x00000001a38c6000 	/usr/lib/libmecabra.dylib
0x00000001acddf000 	/usr/lib/libmecab.dylib
0x00000001a3892000 	/usr/lib/libCRFSuite.dylib
0x00000001ace3c000 	/usr/lib/libgermantok.dylib
0x00000001ad961000 	/usr/lib/libThaiTokenizer.dylib
0x00000001a977c000 	/System/Library/Frameworks/Accelerate.framework/Versions/A/Frameworks/vImage.framework/Versions/A/vImage
0x00000001b3b59000 	/System/Library/Frameworks/Accelerate.framework/Versions/A/Frameworks/vecLib.framework/Versions/A/vecLib
0x00000001ae06e000 	/System/Library/Frameworks/Accelerate.framework/Versions/A/Frameworks/vecLib.framework/Versions/A/libvMisc.dylib
0x00000001ac8e8000 	/System/Library/Frameworks/Accelerate.framework/Versions/A/Frameworks/vecLib.framework/Versions/A/libvDSP.dylib
0x00000001a34ed000 	/System/Library/Frameworks/Accelerate.framework/Versions/A/Frameworks/vecLib.framework/Versions/A/libBLAS.dylib
0x00000001ada8b000 	/System/Library/Frameworks/Accelerate.framework/Versions/A/Frameworks/vecLib.framework/Versions/A/libLAPACK.dylib
0x00000001ace3f000 	/System/Library/Frameworks/Accelerate.framework/Versions/A/Frameworks/vecLib.framework/Versions/A/libLinearAlgebra.dylib
0x00000001ad9a0000 	/System/Library/Frameworks/Accelerate.framework/Versions/A/Frameworks/vecLib.framework/Versions/A/libSparseBLAS.dylib
0x00000001ada86000 	/System/Library/Frameworks/Accelerate.framework/Versions/A/Frameworks/vecLib.framework/Versions/A/libQuadrature.dylib
0x00000001ac33c000 	/System/Library/Frameworks/Accelerate.framework/Versions/A/Frameworks/vecLib.framework/Versions/A/libBNNS.dylib
0x00000001a37ab000 	/System/Library/Frameworks/Accelerate.framework/Versions/A/Frameworks/vecLib.framework/Versions/A/libSparse.dylib
0x00000001ac334000 	/System/Library/PrivateFrameworks/LinguisticData.framework/Versions/A/LinguisticData
0x00000001a3763000 	/System/Library/PrivateFrameworks/Lexicon.framework/Versions/A/Lexicon
0x00000001ae066000 	/usr/lib/libChineseTokenizer.dylib
0x00000001a3f0a000 	/System/Library/PrivateFrameworks/LanguageModeling.framework/Versions/A/LanguageModeling
0x00000001ad963000 	/System/Library/PrivateFrameworks/AppleSauce.framework/Versions/A/AppleSauce
0x00000001ac9ce000 	/System/Library/PrivateFrameworks/CoreEmoji.framework/Versions/A/CoreEmoji
0x00000001ad851000 	/usr/lib/libcmph.dylib
0x00000001aa0d0000 	/System/Library/Frameworks/OpenDirectory.framework/Versions/A/Frameworks/CFOpenDirectory.framework/Versions/A/CFOpenDirectory
0x00000001aa0c0000 	/System/Library/Frameworks/OpenDirectory.framework/Versions/A/OpenDirectory
0x00000001adfc2000 	/System/Library/PrivateFrameworks/APFS.framework/Versions/A/APFS
0x00000001accf6000 	/System/Library/Frameworks/SecurityFoundation.framework/Versions/A/SecurityFoundation
0x00000001ae038000 	/usr/lib/libutil.dylib
0x00000001a5648000 	/System/Library/PrivateFrameworks/CoreServicesStore.framework/Versions/A/CoreServicesStore
0x00000001ae03c000 	/usr/lib/libxslt.1.dylib
0x00000001acd8a000 	/System/Library/PrivateFrameworks/BackgroundTaskManagement.framework/Versions/A/BackgroundTaskManagement
0x00000001af2d4000 	/System/Library/Frameworks/ImageIO.framework/Versions/A/Resources/libRadiance.dylib
0x00000001af2dd000 	/System/Library/Frameworks/ImageIO.framework/Versions/A/Resources/libJPEG.dylib
0x00000001af230000 	/System/Library/Frameworks/ImageIO.framework/Versions/A/Resources/libPng.dylib
0x00000001af252000 	/System/Library/Frameworks/ImageIO.framework/Versions/A/Resources/libTIFF.dylib
0x00000001af338000 	/System/Library/Frameworks/ImageIO.framework/Versions/A/Resources/libGIF.dylib
0x00000001aec6c000 	/System/Library/Frameworks/ImageIO.framework/Versions/A/Resources/libJP2.dylib
0x00000001ae38e000 	/usr/lib/libexpat.1.dylib
0x00000001aec27000 	/System/Library/PrivateFrameworks/AppleJPEG.framework/Versions/A/AppleJPEG
0x00000001ab749000 	/System/Library/PrivateFrameworks/FontServices.framework/libFontParser.dylib
0x00000001a93c7000 	/System/Library/PrivateFrameworks/RunningBoardServices.framework/Versions/A/RunningBoardServices
0x00000001b9c45000 	/System/Library/PrivateFrameworks/IOSurfaceAccelerator.framework/Versions/A/IOSurfaceAccelerator
0x00000001aed58000 	/System/Library/PrivateFrameworks/WatchdogClient.framework/Versions/A/WatchdogClient
0x00000001a400e000 	/System/Library/Frameworks/CoreDisplay.framework/Versions/A/CoreDisplay
0x00000001ab633000 	/System/Library/Frameworks/CoreMedia.framework/Versions/A/CoreMedia
0x00000001ab4c0000 	/System/Library/PrivateFrameworks/IOAccelerator.framework/Versions/A/IOAccelerator
0x00000001aa260000 	/System/Library/Frameworks/CoreVideo.framework/Versions/A/CoreVideo
0x00000001ad9b3000 	/System/Library/Frameworks/MetalPerformanceShaders.framework/Versions/A/MetalPerformanceShaders
0x00000001aed97000 	/System/Library/Frameworks/VideoToolbox.framework/Versions/A/VideoToolbox
0x00000001a930b000 	/System/Library/PrivateFrameworks/BaseBoard.framework/Versions/A/BaseBoard
0x00000001a9099000 	/System/Library/PrivateFrameworks/ProtocolBuffer.framework/Versions/A/ProtocolBuffer
0x00000001af2cf000 	/System/Library/PrivateFrameworks/GPUWrangler.framework/Versions/A/GPUWrangler
0x00000001af2af000 	/System/Library/PrivateFrameworks/IOPresentment.framework/Versions/A/IOPresentment
0x00000001af2d7000 	/System/Library/PrivateFrameworks/DSExternalDisplay.framework/Versions/A/DSExternalDisplay
0x000000020407e000 	/System/Library/Frameworks/OpenGL.framework/Versions/A/Libraries/libCoreFSCache.dylib
0x000000020e53d000 	/System/Library/PrivateFrameworks/GPUCompiler.framework/Versions/31001/Libraries/libGPUCompilerUtils.dylib
0x00000001af33d000 	/System/Library/PrivateFrameworks/CMCaptureCore.framework/Versions/A/CMCaptureCore
0x00000001ae93f000 	/System/Library/PrivateFrameworks/AppServerSupport.framework/Versions/A/AppServerSupport
0x00000001b0bc0000 	/System/Library/PrivateFrameworks/perfdata.framework/Versions/A/perfdata
0x00000001a412e000 	/System/Library/PrivateFrameworks/AudioToolboxCore.framework/Versions/A/AudioToolboxCore
0x00000001ab60c000 	/System/Library/PrivateFrameworks/caulk.framework/Versions/A/caulk
0x00000001b04b5000 	/usr/lib/libAudioStatistics.dylib
0x00000001c240a000 	/System/Library/PrivateFrameworks/SystemPolicy.framework/Versions/A/SystemPolicy
0x00000001b0721000 	/usr/lib/libSMC.dylib
0x00000001b9454000 	/System/Library/Frameworks/CoreMIDI.framework/Versions/A/CoreMIDI
0x00000001af1fe000 	/usr/lib/libAudioToolboxUtility.dylib
0x00000001be4d7000 	/System/Library/PrivateFrameworks/OSAServicesClient.framework/Versions/A/OSAServicesClient
0x00000001b0bcd000 	/usr/lib/libperfcheck.dylib
0x00000001c2f22000 	/usr/lib/libmis.dylib
0x00000002040e0000 	/System/Library/Frameworks/OpenGL.framework/Versions/A/Libraries/libGLU.dylib
0x000000020409f000 	/System/Library/Frameworks/OpenGL.framework/Versions/A/Libraries/libGFXShared.dylib
0x000000020428c000 	/System/Library/Frameworks/OpenGL.framework/Versions/A/Libraries/libGL.dylib
0x00000002040a8000 	/System/Library/Frameworks/OpenGL.framework/Versions/A/Libraries/libGLImage.dylib
0x000000020409c000 	/System/Library/Frameworks/OpenGL.framework/Versions/A/Libraries/libCVMSPluginSupport.dylib
0x0000000204085000 	/System/Library/Frameworks/OpenGL.framework/Versions/A/Libraries/libCoreVMClient.dylib
0x00000001ac1bd000 	/System/Library/Frameworks/MetalPerformanceShaders.framework/Versions/A/Frameworks/MPSCore.framework/Versions/A/MPSCore
0x00000001ad365000 	/System/Library/Frameworks/MetalPerformanceShaders.framework/Versions/A/Frameworks/MPSImage.framework/Versions/A/MPSImage
0x00000001ace54000 	/System/Library/Frameworks/MetalPerformanceShaders.framework/Versions/A/Frameworks/MPSNeuralNetwork.framework/Versions/A/MPSNeuralNetwork
0x00000001ad28d000 	/System/Library/Frameworks/MetalPerformanceShaders.framework/Versions/A/Frameworks/MPSMatrix.framework/Versions/A/MPSMatrix
0x00000001ad066000 	/System/Library/Frameworks/MetalPerformanceShaders.framework/Versions/A/Frameworks/MPSRayIntersector.framework/Versions/A/MPSRayIntersector
0x00000001ad2be000 	/System/Library/Frameworks/MetalPerformanceShaders.framework/Versions/A/Frameworks/MPSNDArray.framework/Versions/A/MPSNDArray
0x00000002061f7000 	/System/Library/Frameworks/MetalPerformanceShaders.framework/Versions/A/Frameworks/MPSFunctions.framework/Versions/A/MPSFunctions
0x00000001a33c4000 	/System/Library/PrivateFrameworks/MetalTools.framework/Versions/A/MetalTools
0x00000001ac23b000 	/System/Library/PrivateFrameworks/AggregateDictionary.framework/Versions/A/AggregateDictionary
0x00000001ae173000 	/usr/lib/libIOReport.dylib
0x00000001b8472000 	/System/Library/PrivateFrameworks/ASEProcessing.framework/Versions/A/ASEProcessing
0x00000001ae4e8000 	/System/Library/PrivateFrameworks/FaceCore.framework/Versions/A/FaceCore
0x00000001ae4da000 	/System/Library/PrivateFrameworks/GraphVisualizer.framework/Versions/A/GraphVisualizer
0x000000020e454000 	/System/Library/PrivateFrameworks/FontServices.framework/Versions/A/FontServices
0x00000001ae8fb000 	/System/Library/PrivateFrameworks/OTSVG.framework/Versions/A/OTSVG
0x00000001a9e2a000 	/System/Library/Frameworks/ApplicationServices.framework/Versions/A/Frameworks/ATS.framework/Versions/A/Resources/libFontRegistry.dylib
0x00000001ae948000 	/System/Library/PrivateFrameworks/FontServices.framework/libhvf.dylib
0x000000020e455000 	/System/Library/PrivateFrameworks/FontServices.framework/libXTFontStaticRegistryData.dylib
0x000000020442d000 	/System/Library/Frameworks/OpenCL.framework/Versions/A/OpenCL
0x00000001ae342000 	/System/Library/PrivateFrameworks/AppleVA.framework/Versions/A/AppleVA
0x00000001b04dd000 	/System/Library/Frameworks/ApplicationServices.framework/Versions/A/Frameworks/ATS.framework/Versions/A/ATS
0x00000001a8857000 	/System/Library/Frameworks/ApplicationServices.framework/Versions/A/Frameworks/HIServices.framework/Versions/A/HIServices
0x00000001af347000 	/System/Library/Frameworks/ApplicationServices.framework/Versions/A/Frameworks/PrintCore.framework/Versions/A/PrintCore
0x00000001b0874000 	/System/Library/Frameworks/ApplicationServices.framework/Versions/A/Frameworks/QD.framework/Versions/A/QD
0x00000001b086c000 	/System/Library/Frameworks/ApplicationServices.framework/Versions/A/Frameworks/ColorSyncLegacy.framework/Versions/A/ColorSyncLegacy
0x00000001b04c9000 	/System/Library/Frameworks/ApplicationServices.framework/Versions/A/Frameworks/SpeechSynthesis.framework/Versions/A/SpeechSynthesis
0x00000001af308000 	/System/Library/Frameworks/ApplicationServices.framework/Versions/A/Frameworks/ATSUI.framework/Versions/A/ATSUI
0x00000001b0801000 	/usr/lib/libcups.2.dylib
0x00000001b0bdb000 	/System/Library/Frameworks/Kerberos.framework/Versions/A/Kerberos
0x00000001b0bec000 	/System/Library/Frameworks/GSS.framework/Versions/A/GSS
0x00000001b054d000 	/usr/lib/libresolv.9.dylib
0x00000001ae957000 	/System/Library/PrivateFrameworks/Heimdal.framework/Versions/A/Heimdal
0x00000001b76a7000 	/System/Library/Frameworks/Kerberos.framework/Versions/A/Libraries/libHeimdalProxy.dylib
0x00000001a94a5000 	/System/Library/Frameworks/Network.framework/Versions/A/Network
0x00000001ae3a9000 	/usr/lib/libheimdal-asn1.dylib
0x00000001b0c3c000 	/System/Library/PrivateFrameworks/CommonAuth.framework/Versions/A/CommonAuth
0x00000001b0443000 	/System/Library/PrivateFrameworks/AudioSession.framework/Versions/A/AudioSession
0x00000001ae43b000 	/System/Library/PrivateFrameworks/MediaExperience.framework/Versions/A/MediaExperience
0x00000001b02c9000 	/System/Library/PrivateFrameworks/AudioSession.framework/libSessionUtility.dylib
0x00000001b0880000 	/System/Library/PrivateFrameworks/AudioResourceArbitration.framework/Versions/A/AudioResourceArbitration
0x00000001b4a36000 	/System/Library/PrivateFrameworks/PowerLog.framework/Versions/A/PowerLog
0x00000001ae3b3000 	/System/Library/PrivateFrameworks/IconFoundation.framework/Versions/A/IconFoundation
0x00000001b377f000 	/System/Library/PrivateFrameworks/SpeechRecognitionCore.framework/Versions/A/SpeechRecognitionCore
0x0000000103cc0000 	/Users/youssefgeorge/Library/Java/JavaVirtualMachines/openjdk-17.0.2/Contents/Home/lib/server/libjvm.dylib
0x0000000102b70000 	/Users/youssefgeorge/Library/Java/JavaVirtualMachines/openjdk-17.0.2/Contents/Home/lib/libjimage.dylib
0x0000000102b9c000 	/Users/youssefgeorge/Library/Java/JavaVirtualMachines/openjdk-17.0.2/Contents/Home/lib/libinstrument.dylib
0x0000000102be8000 	/Users/youssefgeorge/Library/Java/JavaVirtualMachines/openjdk-17.0.2/Contents/Home/lib/libjava.dylib
0x0000000102cc4000 	/Users/youssefgeorge/Library/Java/JavaVirtualMachines/openjdk-17.0.2/Contents/Home/lib/libnio.dylib
0x0000000103b8c000 	/Users/youssefgeorge/Library/Java/JavaVirtualMachines/openjdk-17.0.2/Contents/Home/lib/libnet.dylib
0x0000000102bd0000 	/Users/youssefgeorge/Library/Java/JavaVirtualMachines/openjdk-17.0.2/Contents/Home/lib/libzip.dylib
0x0000000102ce4000 	/Users/youssefgeorge/.openjfx/cache/17.0.1/libprism_es2.dylib
0x00000001a560b000 	/System/Library/PrivateFrameworks/CoreServicesInternal.framework/Versions/A/CoreServicesInternal
0x0000000204296000 	/System/Library/Frameworks/OpenGL.framework/Versions/A/Resources/GLEngine.bundle/GLEngine
0x000000020411e000 	/System/Library/Frameworks/OpenGL.framework/Versions/A/Libraries/libGLProgrammability.dylib
0x000000012416c000 	/System/Library/Extensions/AppleMetalOpenGLRenderer.bundle/Contents/MacOS/AppleMetalOpenGLRenderer
0x0000000204405000 	/System/Library/Frameworks/OpenGL.framework/Versions/A/Resources/GLRendererFloat.bundle/GLRendererFloat
0x0000000204505000 	/System/Library/Extensions/AGXMetal13_3.bundle/Contents/MacOS/AGXMetal13_3
0x00000001c2f3e000 	/System/Library/PrivateFrameworks/GPURawCounter.framework/Versions/A/GPURawCounter
0x00000001bd648000 	/System/Library/PrivateFrameworks/IOGPU.framework/Versions/A/IOGPU
0x0000000124100000 	/Users/youssefgeorge/.openjfx/cache/17.0.1/libglass.dylib
0x00000001b4c8e000 	/System/Library/Frameworks/FileProvider.framework/Versions/A/FileProvider
0x00000001a9273000 	/System/Library/Frameworks/Accounts.framework/Versions/A/Accounts
0x00000001b4e12000 	/System/Library/PrivateFrameworks/GenerationalStorage.framework/Versions/A/GenerationalStorage
0x00000001b59d5000 	/System/Library/PrivateFrameworks/CoreSymbolication.framework/Versions/A/CoreSymbolication
0x00000001b4a2a000 	/System/Library/PrivateFrameworks/SymptomDiagnosticReporter.framework/Versions/A/SymptomDiagnosticReporter
0x00000001a68fb000 	/System/Library/PrivateFrameworks/DesktopServicesPriv.framework/Versions/A/DesktopServicesPriv
0x00000001a576d000 	/usr/lib/libsandbox.1.dylib
0x00000001aa2ee000 	/System/Library/PrivateFrameworks/UserManagement.framework/Versions/A/UserManagement
0x00000001b5992000 	/System/Library/PrivateFrameworks/DebugSymbols.framework/Versions/A/DebugSymbols
0x00000001b085f000 	/System/Library/PrivateFrameworks/NetAuth.framework/Versions/A/NetAuth
0x00000001b177d000 	/System/Library/PrivateFrameworks/Sharing.framework/Versions/A/Sharing
0x00000001aa2be000 	/System/Library/PrivateFrameworks/login.framework/Versions/A/Frameworks/loginsupport.framework/Versions/A/loginsupport
0x00000001b6bc7000 	/System/Library/PrivateFrameworks/Apple80211.framework/Versions/A/Apple80211
0x00000001ad449000 	/System/Library/PrivateFrameworks/AuthKit.framework/Versions/A/AuthKit
0x00000001acaca000 	/System/Library/PrivateFrameworks/CoreUtils.framework/Versions/A/CoreUtils
0x00000001ac9ed000 	/System/Library/Frameworks/CoreWLAN.framework/Versions/A/CoreWLAN
0x00000001b18ed000 	/System/Library/Frameworks/IOBluetooth.framework/Versions/A/IOBluetooth
0x00000001b6c27000 	/System/Library/PrivateFrameworks/CoreWiFi.framework/Versions/A/CoreWiFi
0x00000001b5572000 	/System/Library/PrivateFrameworks/FrontBoardServices.framework/Versions/A/FrontBoardServices
0x00000001b560a000 	/System/Library/PrivateFrameworks/BoardServices.framework/Versions/A/BoardServices
0x00000001acce4000 	/System/Library/PrivateFrameworks/AssertionServices.framework/Versions/A/AssertionServices
0x00000001b6da4000 	/System/Library/PrivateFrameworks/BackBoardServices.framework/Versions/A/BackBoardServices
0x00000001b0cd3000 	/System/Library/PrivateFrameworks/CorePhoneNumbers.framework/Versions/A/CorePhoneNumbers
0x00000001b4b5a000 	/System/Library/PrivateFrameworks/DiskManagement.framework/Versions/A/DiskManagement
0x00000001b4a5d000 	/System/Library/PrivateFrameworks/AppleIDAuthSupport.framework/Versions/A/AppleIDAuthSupport
0x0000000208a1e000 	/System/Library/PrivateFrameworks/AAAFoundation.framework/Versions/A/AAAFoundation
0x00000001b0cb2000 	/System/Library/PrivateFrameworks/KeychainCircle.framework/Versions/A/KeychainCircle
0x00000001b4b26000 	/System/Library/PrivateFrameworks/MediaKit.framework/Versions/A/MediaKit
0x00000001b4a6a000 	/System/Library/Frameworks/DiscRecording.framework/Versions/A/DiscRecording
0x00000001ae2be000 	/usr/lib/libCoreStorage.dylib
0x00000001b70a1000 	/usr/lib/libcsfde.dylib
0x00000001b19c2000 	/System/Library/PrivateFrameworks/ProtectedCloudStorage.framework/Versions/A/ProtectedCloudStorage
0x00000001b7099000 	/System/Library/PrivateFrameworks/EFILogin.framework/Versions/A/EFILogin
0x00000001b4e39000 	/System/Library/PrivateFrameworks/OctagonTrust.framework/Versions/A/OctagonTrust
0x000000020d5ef000 	/System/Library/PrivateFrameworks/CoreUtilsExtras.framework/Versions/A/CoreUtilsExtras
0x00000001b498f000 	/System/Library/Frameworks/CoreBluetooth.framework/Versions/A/CoreBluetooth
0x00000001b772c000 	/System/Library/Frameworks/AudioUnit.framework/Versions/A/AudioUnit
0x00000001ae2b6000 	/usr/lib/libMatch.1.dylib
0x00000001c73ea000 	/System/Library/Frameworks/Accelerate.framework/Versions/A/Frameworks/vImage.framework/Versions/A/Libraries/libCGInterfaces.dylib
0x00000001245e8000 	/usr/lib/libobjc-trampolines.dylib
0x00000001a9fb8000 	/System/Library/PrivateFrameworks/ViewBridge.framework/Versions/A/ViewBridge
0x00000001aea1a000 	/System/Library/PrivateFrameworks/login.framework/Versions/A/login
0x00000001ae17c000 	/System/Library/PrivateFrameworks/CrashReporterSupport.framework/Versions/A/CrashReporterSupport
0x00000001cee63000 	/System/Library/PrivateFrameworks/OSAnalytics.framework/Versions/A/OSAnalytics
0x00000001da161000 	/System/Library/PrivateFrameworks/Symbolication.framework/Versions/A/Symbolication
0x00000001c2eff000 	/System/Library/PrivateFrameworks/MallocStackLogging.framework/Versions/A/MallocStackLogging
0x0000000221b35000 	/usr/lib/libRosetta.dylib
0x0000000130ee4000 	/Users/youssefgeorge/.openjfx/cache/17.0.1/libjavafx_font.dylib
0x0000000130ec8000 	/System/Library/Frameworks/FileProvider.framework/OverrideBundles/CloudDocsFileProvider.bundle/Contents/MacOS/CloudDocsFileProvider
0x00000001aa513000 	/System/Library/PrivateFrameworks/CloudDocs.framework/Versions/A/CloudDocs
0x00000001b73d6000 	/System/Library/PrivateFrameworks/AppleAccount.framework/Versions/A/AppleAccount
0x00000001b19a9000 	/System/Library/PrivateFrameworks/AppContainer.framework/Versions/A/AppContainer
0x00000001b1457000 	/System/Library/PrivateFrameworks/IDS.framework/Versions/A/IDS
0x00000001b7520000 	/System/Library/PrivateFrameworks/AppleIDSSOAuthentication.framework/Versions/A/AppleIDSSOAuthentication
0x00000001aa2c1000 	/System/Library/PrivateFrameworks/ApplePushService.framework/Versions/A/ApplePushService
0x00000001b711f000 	/System/Library/PrivateFrameworks/AppSupport.framework/Versions/A/AppSupport
0x00000001b0228000 	/System/Library/PrivateFrameworks/IMFoundation.framework/Versions/A/IMFoundation
0x00000001bdceb000 	/System/Library/PrivateFrameworks/Marco.framework/Versions/A/Marco
0x00000001b15d1000 	/System/Library/PrivateFrameworks/IDSFoundation.framework/Versions/A/IDSFoundation
0x00000001a92f1000 	/System/Library/PrivateFrameworks/CommonUtilities.framework/Versions/A/CommonUtilities
0x00000001c2b0a000 	/System/Library/PrivateFrameworks/FTServices.framework/Versions/A/FTServices
0x00000001bb033000 	/System/Library/PrivateFrameworks/Engram.framework/Versions/A/Engram
0x00000001bafd5000 	/usr/lib/libtidy.A.dylib
0x00000001aebd4000 	/System/Library/PrivateFrameworks/Bom.framework/Versions/A/Bom
0x00000001b058a000 	/usr/lib/libParallelCompression.dylib
0x00000001ccda9000 	/System/Library/PrivateFrameworks/FTAWD.framework/Versions/A/FTAWD
0x00000001b3e9d000 	/System/Library/PrivateFrameworks/CoreDaemon.framework/Versions/B/CoreDaemon
0x00000001b3e97000 	/System/Library/PrivateFrameworks/AppleSRP.framework/Versions/A/AppleSRP
0x00000001acd95000 	/System/Library/Frameworks/ServiceManagement.framework/Versions/A/ServiceManagement
0x00000001b19be000 	/System/Library/PrivateFrameworks/SecCodeWrapper.framework/Versions/A/SecCodeWrapper
0x00000001322c4000 	/System/Library/Frameworks/FileProvider.framework/OverrideBundles/FileProviderOverride.bundle/Contents/MacOS/FileProviderOverride
0x00000001326bc000 	/System/Library/Frameworks/FileProvider.framework/OverrideBundles/FinderSyncCollaborationFileProviderOverride.bundle/Contents/MacOS/FinderSyncCollaborationFileProviderOverride
0x00000001d3634000 	/System/Library/PrivateFrameworks/FinderSyncPriv.framework/Versions/A/FinderSyncPriv
0x00000001c0cea000 	/usr/lib/libFosl_dynamic.dylib
0x00000001c6cc2000 	/usr/lib/libncurses.5.4.dylib


VM Arguments:
jvm_args: -javaagent:/Applications/IntelliJ IDEA.app/Contents/lib/idea_rt.jar=50332:/Applications/IntelliJ IDEA.app/Contents/bin -Dfile.encoding=UTF-8 --module-path=/Users/youssefgeorge/.m2/repository/org/openjfx/javafx-fxml/17.0.1/javafx-fxml-17.0.1-mac-aarch64.jar:/Users/youssefgeorge/.m2/repository/com/fasterxml/jackson/core/jackson-annotations/2.13.3/jackson-annotations-2.13.3.jar:/Users/youssefgeorge/.m2/repository/org/openjfx/javafx-controls/17.0.1/javafx-controls-17.0.1-mac-aarch64.jar:/Users/youssefgeorge/.m2/repository/com/fasterxml/jackson/core/jackson-core/2.13.3/jackson-core-2.13.3.jar:/Volumes/D/Uni/Semester 6/CSE338 SW Testing VV/Project/CSE338Project/target/classes:/Users/youssefgeorge/.m2/repository/org/json/json/20090211/json-20090211.jar:/Users/youssefgeorge/.m2/repository/com/fasterxml/jackson/core/jackson-databind/2.13.3/jackson-databind-2.13.3.jar:/Users/youssefgeorge/.m2/repository/org/jsoup/jsoup/1.15.1/jsoup-1.15.1.jar:/Users/youssefgeorge/.m2/repository/org/openjfx/javafx-graphics/17.0.1/javafx-graphics-17.0.1-mac-aarch64.jar:/Users/youssefgeorge/.m2/repository/org/openjfx/javafx-base/17.0.1/javafx-base-17.0.1-mac-aarch64.jar -Djdk.module.main=com.example.cse338project 
java_command: com.example.cse338project/com.example.cse338project.gui.Main
java_class_path (initial): /Users/youssefgeorge/.m2/repository/com/fasterxml/jackson/dataformat/jackson-dataformat-yaml/2.5.3/jackson-dataformat-yaml-2.5.3.jar:/Users/youssefgeorge/.m2/repository/com/fasterxml/jackson/core/jackson-core/2.5.3/jackson-core-2.5.3.jar:/Users/youssefgeorge/.m2/repository/com/fasterxml/jackson/core/jackson-databind/2.5.3/jackson-databind-2.5.3.jar:/Users/youssefgeorge/.m2/repository/com/fasterxml/jackson/core/jackson-annotations/2.5.0/jackson-annotations-2.5.0.jar:/Users/youssefgeorge/.m2/repository/org/yaml/snakeyaml/1.12/snakeyaml-1.12.jar:/Users/youssefgeorge/.m2/repository/org/openjfx/javafx-controls/17.0.1/javafx-controls-17.0.1.jar:/Users/youssefgeorge/.m2/repository/org/openjfx/javafx-graphics/17.0.1/javafx-graphics-17.0.1.jar:/Users/youssefgeorge/.m2/repository/org/openjfx/javafx-base/17.0.1/javafx-base-17.0.1.jar:/Users/youssefgeorge/.m2/repository/org/openjfx/javafx-fxml/17.0.1/javafx-fxml-17.0.1.jar
Launcher Type: SUN_STANDARD

[Global flags]
     intx CICompilerCount                          = 4                                         {product} {ergonomic}
     uint ConcGCThreads                            = 2                                         {product} {ergonomic}
     uint G1ConcRefinementThreads                  = 8                                         {product} {ergonomic}
   size_t G1HeapRegionSize                         = 1048576                                   {product} {ergonomic}
    uintx GCDrainStackTargetSize                   = 64                                        {product} {ergonomic}
   size_t InitialHeapSize                          = 134217728                                 {product} {ergonomic}
   size_t MarkStackSize                            = 4194304                                   {product} {ergonomic}
   size_t MaxHeapSize                              = 2147483648                                {product} {ergonomic}
   size_t MaxNewSize                               = 1287651328                                {product} {ergonomic}
   size_t MinHeapDeltaBytes                        = 1048576                                   {product} {ergonomic}
   size_t MinHeapSize                              = 8388608                                   {product} {ergonomic}
    uintx NonNMethodCodeHeapSize                   = 5839564                                {pd product} {ergonomic}
    uintx NonProfiledCodeHeapSize                  = 122909338                              {pd product} {ergonomic}
    uintx ProfiledCodeHeapSize                     = 122909338                              {pd product} {ergonomic}
    uintx ReservedCodeCacheSize                    = 251658240                              {pd product} {ergonomic}
     bool SegmentedCodeCache                       = true                                      {product} {ergonomic}
   size_t SoftMaxHeapSize                          = 2147483648                             {manageable} {ergonomic}
     bool UseCompressedClassPointers               = true                           {product lp64_product} {ergonomic}
     bool UseCompressedOops                        = true                           {product lp64_product} {ergonomic}
     bool UseG1GC                                  = true                                      {product} {ergonomic}
     bool UseNUMA                                  = false                                     {product} {ergonomic}
     bool UseNUMAInterleaving                      = false                                     {product} {ergonomic}

Logging:
Log output configuration:
 #0: stdout all=warning uptime,level,tags
 #1: stderr all=off uptime,level,tags

Environment Variables:
PATH=/opt/homebrew/bin:/usr/local/bin:/usr/bin:/bin:/usr/sbin:/sbin
SHELL=/bin/zsh
LC_CTYPE=en_US.UTF-8

Signal Handlers:
   SIGSEGV: _ZL13crash_handleriP9__siginfoPv in libjvm.dylib, mask=11100110000111110111111111111111, flags=SA_RESTART|SA_SIGINFO
    SIGBUS: _ZL13crash_handleriP9__siginfoPv in libjvm.dylib, mask=11100110000111110111111111111111, flags=SA_RESTART|SA_SIGINFO
    SIGFPE: _ZL13crash_handleriP9__siginfoPv in libjvm.dylib, mask=11100110000111110111111111111111, flags=SA_RESTART|SA_SIGINFO
   SIGPIPE: _ZL17javaSignalHandleriP9__siginfoPv in libjvm.dylib, mask=11100110000111110111111111111111, flags=SA_RESTART|SA_SIGINFO
   SIGXFSZ: _ZL17javaSignalHandleriP9__siginfoPv in libjvm.dylib, mask=11100110000111110111111111111111, flags=SA_RESTART|SA_SIGINFO
    SIGILL: _ZL13crash_handleriP9__siginfoPv in libjvm.dylib, mask=11100110000111110111111111111111, flags=SA_RESTART|SA_SIGINFO
   SIGUSR2: _ZL10SR_handleriP9__siginfoP17__darwin_ucontext in libjvm.dylib, mask=00100000000000000000000000000000, flags=SA_RESTART|SA_SIGINFO
    SIGHUP: _ZL11UserHandleriPvS_ in libjvm.dylib, mask=11100110000111110111111111111111, flags=SA_RESTART|SA_SIGINFO
    SIGINT: _ZL11UserHandleriPvS_ in libjvm.dylib, mask=11100110000111110111111111111111, flags=SA_RESTART|SA_SIGINFO
   SIGTERM: _ZL11UserHandleriPvS_ in libjvm.dylib, mask=11100110000111110111111111111111, flags=SA_RESTART|SA_SIGINFO
   SIGQUIT: _ZL11UserHandleriPvS_ in libjvm.dylib, mask=11100110000111110111111111111111, flags=SA_RESTART|SA_SIGINFO
   SIGTRAP: _ZL13crash_handleriP9__siginfoPv in libjvm.dylib, mask=11100110000111110111111111111111, flags=SA_RESTART|SA_SIGINFO


---------------  S Y S T E M  ---------------

OS:
uname: Darwin 21.4.0 Darwin Kernel Version 21.4.0: Mon Feb 21 20:36:53 PST 2022; root:xnu-8020.101.4~2/RELEASE_ARM64_T8101 arm64
OS uptime: 1 days 4:43 hours
rlimit (soft/hard): STACK 8176k/65520k , CORE 0k/infinity , NPROC 1333/2000 , NOFILE 10240/infinity , AS infinity/infinity , CPU infinity/infinity , DATA infinity/infinity , FSIZE infinity/infinity , MEMLOCK infinity/infinity , RSS infinity/infinity
load average: 3.05 2.03 1.86

CPU: total 8 (initial active 8) 0x61:0x0:0x1b588bb3:0, fp, simd, crc, lse

Memory: 16k page, physical 8388608k(163232k free), swap 3145728k(1191680k free)

vm_info: OpenJDK 64-Bit Server VM (17.0.2+8-86) for bsd-aarch64 JRE (17.0.2+8-86), built on Dec  7 2021 21:45:06 by "mach5one" with clang Apple LLVM 12.0.0 (clang-1200.0.32.29)

END.
