#
# A fatal error has been detected by the Java Runtime Environment:
#
#  SIGBUS (0xa) at pc=0x000000010e3dd4f0, pid=17368, tid=34051
#
# JRE version: OpenJDK Runtime Environment (17.0.2+8) (build 17.0.2+8-86)
# Java VM: OpenJDK 64-Bit Server VM (17.0.2+8-86, mixed mode, sharing, tiered, compressed oops, compressed class ptrs, g1 gc, bsd-aarch64)
# Problematic frame:
# v  ~StubRoutines::SafeFetchN
#
# No core dump will be written. Core dumps have been disabled. To enable core dumping, try "ulimit -c unlimited" before starting Java again
#
# If you would like to submit a bug report, please visit:
#   https://bugreport.java.com/bugreport/crash.jsp
# The crash happened outside the Java Virtual Machine in native code.
# See problematic frame for where to report the bug.
#

---------------  S U M M A R Y ------------

Command Line: -javaagent:/Applications/IntelliJ IDEA.app/Contents/lib/idea_rt.jar=50324:/Applications/IntelliJ IDEA.app/Contents/bin -Dfile.encoding=UTF-8 --module-path=/Users/youssefgeorge/.m2/repository/org/openjfx/javafx-fxml/17.0.1/javafx-fxml-17.0.1-mac-aarch64.jar:/Users/youssefgeorge/.m2/repository/com/fasterxml/jackson/core/jackson-annotations/2.13.3/jackson-annotations-2.13.3.jar:/Users/youssefgeorge/.m2/repository/org/openjfx/javafx-controls/17.0.1/javafx-controls-17.0.1-mac-aarch64.jar:/Users/youssefgeorge/.m2/repository/com/fasterxml/jackson/core/jackson-core/2.13.3/jackson-core-2.13.3.jar:/Volumes/D/Uni/Semester 6/CSE338 SW Testing VV/Project/CSE338Project/target/classes:/Users/youssefgeorge/.m2/repository/org/json/json/20090211/json-20090211.jar:/Users/youssefgeorge/.m2/repository/com/fasterxml/jackson/core/jackson-databind/2.13.3/jackson-databind-2.13.3.jar:/Users/youssefgeorge/.m2/repository/org/jsoup/jsoup/1.15.1/jsoup-1.15.1.jar:/Users/youssefgeorge/.m2/repository/org/openjfx/javafx-graphics/17.0.1/javafx-graphics-17.0.1-mac-aarch64.jar:/Users/youssefgeorge/.m2/repository/org/openjfx/javafx-base/17.0.1/javafx-base-17.0.1-mac-aarch64.jar -Djdk.module.main=com.example.cse338project com.example.cse338project/com.example.cse338project.gui.Main

Host: "MacBookPro17,1" arm64 1 MHz, 8 cores, 8G, Darwin 21.4.0, macOS 12.3 (21E230)
Time: Tue May 24 23:05:29 2022 EET elapsed time: 3.122765 seconds (0d 0h 0m 3s)

---------------  T H R E A D  ---------------

Current thread (0x0000000138304a00):  JavaThread "InvokeLaterDispatcher" daemon [_thread_in_native, id=34051, stack(0x000000016dddc000,0x000000016dfdf000)]

Stack: [0x000000016dddc000,0x000000016dfdf000],  sp=0x000000016dfde780,  free space=2057k
Native frames: (J=compiled Java code, j=interpreted, Vv=VM code, C=native code)
v  ~StubRoutines::SafeFetchN
V  [libjvm.dylib+0x7a6bcc]  _ZN10OopStorage7releaseEPKP7oopDesc+0x20
V  [libjvm.dylib+0x4ba824]  jni_DeleteGlobalRef+0xd8
C  [libglass.dylib+0xab08]  -[GlassRunnable dealloc]+0x34
C  [Foundation+0x85618]  -[_NSThreadPerformInfo dealloc]+0x30
C  [Foundation+0x5198c]  -[NSObject(NSThreadPerformAdditions) performSelectorOnMainThread:withObject:waitUntilDone:]+0x88
C  0xed3d00010e3e58ac
j  com.sun.glass.ui.mac.MacApplication.submitForLaterInvocation(Ljava/lang/Runnable;)V+2 javafx.graphics
j  com.sun.glass.ui.InvokeLaterDispatcher.run()V+82 javafx.graphics
v  ~StubRoutines::call_stub
V  [libjvm.dylib+0x461d08]  _ZN9JavaCalls11call_helperEP9JavaValueRK12methodHandleP17JavaCallArgumentsP10JavaThread+0x38c
V  [libjvm.dylib+0x460d24]  _ZN9JavaCalls12call_virtualEP9JavaValueP5KlassP6SymbolS5_P17JavaCallArgumentsP10JavaThread+0x11c
V  [libjvm.dylib+0x460df0]  _ZN9JavaCalls12call_virtualEP9JavaValue6HandleP5KlassP6SymbolS6_P10JavaThread+0x64
V  [libjvm.dylib+0x515f04]  _ZL12thread_entryP10JavaThreadS0_+0xc4
V  [libjvm.dylib+0x9071ac]  _ZN10JavaThread17thread_main_innerEv+0x13c
V  [libjvm.dylib+0x9058c0]  _ZN6Thread8call_runEv+0x128
V  [libjvm.dylib+0x7ad7c8]  _ZL19thread_native_entryP6Thread+0x158
C  [libsystem_pthread.dylib+0x726c]  _pthread_start+0x94

Java frames: (J=compiled Java code, j=interpreted, Vv=VM code)
j  com.sun.glass.ui.mac.MacApplication._submitForLaterInvocation(Ljava/lang/Runnable;)V+0 javafx.graphics
j  com.sun.glass.ui.mac.MacApplication.submitForLaterInvocation(Ljava/lang/Runnable;)V+2 javafx.graphics
j  com.sun.glass.ui.InvokeLaterDispatcher.run()V+82 javafx.graphics
v  ~StubRoutines::call_stub

siginfo: si_signo: 10 (SIGBUS), si_code: 1 (BUS_ADRALN), si_addr: 0x000000010e3dd4f0

Register to memory mapping:

 x0=0x000000012f204a48 is a global jni handle
 x1=0x0 is NULL
 x2=0x0000000787f8c280 is an oop: com.sun.glass.ui.InvokeLaterDispatcher$Future 
{0x0000000787f8c280} - klass: 'com/sun/glass/ui/InvokeLaterDispatcher$Future'
 - ---- fields (total size 3 words):
 - private 'done' 'Z' @12  true
 - private final 'runnable' 'Ljava/lang/Runnable;' @16  a 'com/sun/javafx/tk/quantum/QuantumToolkit$$Lambda$111+0x0000000800c3a418'{0x0000000780380690} (f00700d2)
 - final synthetic 'this$0' 'Lcom/sun/glass/ui/InvokeLaterDispatcher;' @20  a 'com/sun/glass/ui/InvokeLaterDispatcher'{0x000000078030b738} (f00616e7)
 x3=0x0 is NULL
 x4=0x00000000000130a8 is an unknown value
 x5=0x0 is NULL
 x6=0x0 is NULL
 x7=0x0 is NULL
 x8=0x000000010e3dd4ec is at begin+0 in a stub
StubRoutines::SafeFetchN [0x000000010e3dd4ec, 0x000000010e3dd4f8] (12 bytes)
 x9=0x0 is NULL
x10=0x2010000030300000 is an unknown value
x11=0x0000000000000007 is an unknown value
x12=0x0000000000000004 is an unknown value
x13=0x0000600003821730 points into unknown readable memory: 0x876480012d08e9e8 | e8 e9 08 2d 01 80 64 87
x14=0x0000050000000000 is an unknown value
x15=0x000000012d0c9f98: OBJC_CLASS_$_GlassRunnable+0 in /Users/youssefgeorge/.openjfx/cache/17.0.1/libglass.dylib at 0x000000012d084000
x16=0x00000001a2bd10fc: pthread_getspecific+0 in /usr/lib/system/libsystem_pthread.dylib at 0x00000001a2bcf000
x17=0x0000600003231ec0 points into unknown readable memory: 0xfffffffffffffffe | fe ff ff ff ff ff ff ff
x18=0x0 is NULL
x19=0x0000600003d3c150 points into unknown readable memory: 0x0000600001428110 | 10 81 42 01 00 60 00 00
x20=0x000000012f204840 points into unknown readable memory: 0x00000007ffe14020 | 20 40 e1 ff 07 00 00 00
x21=0x000000012f204a48 is a global jni handle
x22=0x0000000138304a00 is a thread
x23=0x0000000000000001 is an unknown value
x24=0x000000012f204a00 is a global jni handle
x25=0x000000010689d5e8: _ZN12StubRoutines17_safefetchN_entryE+0 in /Users/youssefgeorge/Library/Java/JavaVirtualMachines/openjdk-17.0.2/Contents/Home/lib/server/libjvm.dylib at 0x0000000105cec000
x26=0x000000012c51a3c8 is pointing into metadata
x27=0x0 is NULL
x28=0x0000000138304a00 is a thread


Registers:
 x0=0x000000012f204a48  x1=0x0000000000000000  x2=0x0000000787f8c280  x3=0x0000000000000000
 x4=0x00000000000130a8  x5=0x0000000000000000  x6=0x0000000000000000  x7=0x0000000000000000
 x8=0x000000010e3dd4ec  x9=0x0000000000000000 x10=0x2010000030300000 x11=0x0000000000000007
x12=0x0000000000000004 x13=0x0000600003821730 x14=0x0000050000000000 x15=0x000000012d0c9f98
x16=0x00000001a2bd10fc x17=0x0000600003231ec0 x18=0x0000000000000000 x19=0x0000600003d3c150
x20=0x000000012f204840 x21=0x000000012f204a48 x22=0x0000000138304a00 x23=0x0000000000000001
x24=0x000000012f204a00 x25=0x000000010689d5e8 x26=0x000000012c51a3c8 x27=0x0000000000000000
x28=0x0000000138304a00  fp=0x000000016dfde7c0  lr=0x000000010649199c  sp=0x000000016dfde780
pc=0x000000010e3dd4f0 cpsr=0x0000000060001000
Top of Stack: (sp=0x000000016dfde780)
0x000000016dfde780:   000000012c51a3c8 0000000000000001
0x000000016dfde790:   000000016dfde988 0000000000000000
0x000000016dfde7a0:   000000012c80a0a8 000000012f204a30
0x000000016dfde7b0:   000000012f204a30 0000600003d3c150
0x000000016dfde7c0:   000000016dfde800 0000000106492bcc
0x000000016dfde7d0:   0000000000000001 000000012f204a30
0x000000016dfde7e0:   000000012c80a0a8 000000012f204a30
0x000000016dfde7f0:   0000000000000001 000000012c809e00
0x000000016dfde800:   000000016dfde840 00000001061a6824
0x000000016dfde810:   000000016dfde988 000060000142dfc0
0x000000016dfde820:   000060000143a350 00000001ecc95be0
0x000000016dfde830:   0000000000000000 000060000143a350
0x000000016dfde840:   000000016dfde870 000000012d08eb08
0x000000016dfde850:   cfaf8a3f5bc400b9 0000000000000000
0x000000016dfde860:   0000000000000000 0000600000323d00
0x000000016dfde870:   000000016dfde8b0 00000001a3b9e618
0x000000016dfde880:   000000016dfde988 000060000142dfc0
0x000000016dfde890:   000060000143a350 cfaf8a3f5bc400b9
0x000000016dfde8a0:   0000000000000000 0000000000000000
0x000000016dfde8b0:   000000016dfde8f0 1a080001a3b6a98c
0x000000016dfde8c0:   000000016dfde988 000000010e3e47c0
0x000000016dfde8d0:   0000000000000000 00000001068a4fa8
0x000000016dfde8e0:   000000016dfde900 000000010e3e3730
0x000000016dfde8f0:   000000016dfde960 ed3d00010e3e58ac
0x000000016dfde900:   000000016dfde968 000000012c1cc748
0x000000016dfde910:   000000016dfde910 0000000000000000
0x000000016dfde920:   000000016dfde988 000000012c51a3c8
0x000000016dfde930:   000000078030bdd8 0000000000000000
0x000000016dfde940:   0000000000000000 000000012c4f38a8
0x000000016dfde950:   0000000000000000 000000016dfde960
0x000000016dfde960:   000000016dfde9e0 000000010e3e1fc8
0x000000016dfde970:   0000000000000000 0000000000000000 

Instructions: (pc=0x000000010e3dd4f0)
0x000000010e3dd3f0:   f2a0d0c9 f2c00029 6d425935 1e640886
0x000000010e3dd400:   0c402d31 1e6408c7 1f5654d0 1e6c1017
0x000000010e3dd410:   1f5050d0 1f504cd0 1f5048d0 1e650af6
0x000000010e3dd420:   1f50d8f6 1f5694d6 1f5158f6 1e762880
0x000000010e3dd430:   36000501 1e614000 14000026 2e251ca5
0x000000010e3dd440:   d2943009 f2a0d0c9 f2c00029 6d425d36
0x000000010e3dd450:   1e600806 0c402d32 1f5758c7 1e6c101a
0x000000010e3dd460:   1f4754c7 1e650805 1f4750c7 d2866668
0x000000010e3dd470:   f2a7fa68 1f474cc7 1e6608c0 1f4748c7
0x000000010e3dd480:   1e6e1019 eb08007f 540000ac 1f479400
0x000000010e3dd490:   1f460340 1e603b20 1400000e d2a7fd29
0x000000010e3dd4a0:   eb09007f 540000ac 51480069 d3607d29
0x000000010e3dd4b0:   9e670121 14000002 1e6a5001 1f679417
0x000000010e3dd4c0:   1f668742 1e613b23 1e773857 1e773860
0x000000010e3dd4d0:   a8c17ff3 910003bf a8c17bfd d65f03c0
0x000000010e3dd4e0:   b9400001 aa0103e0 d65f03c0 f9400001
0x000000010e3dd4f0:   aa0103e0 d65f03c0 00000000 00000000
0x000000010e3dd500:   00000000 00000000 00000000 00000000
0x000000010e3dd510:   00000000 00000000 00000000 00000000
0x000000010e3dd520:   00000000 00000000 00000000 00000000
0x000000010e3dd530:   00000000 00000000 00000000 00000000
0x000000010e3dd540:   00000000 00000000 00000000 00000000
0x000000010e3dd550:   00000000 00000000 00000000 00000000
0x000000010e3dd560:   00000000 00000000 00000000 00000000
0x000000010e3dd570:   00000000 00000000 00000000 00000000
0x000000010e3dd580:   00000000 00000000 00000000 00000000
0x000000010e3dd590:   00000000 00000000 00000000 00000000
0x000000010e3dd5a0:   00000000 00000000 00000000 00000000
0x000000010e3dd5b0:   00000000 00000000 00000000 00000000
0x000000010e3dd5c0:   00000000 00000000 00000000 00000000
0x000000010e3dd5d0:   00000000 00000000 00000000 00000000
0x000000010e3dd5e0:   00000000 00000000 00000000 00000000 


Stack slot to memory mapping:
stack at sp + 0 slots: 0x000000012c51a3c8 is pointing into metadata
stack at sp + 1 slots: 0x0000000000000001 is an unknown value
stack at sp + 2 slots: 0x000000016dfde988 is pointing into the stack for thread: 0x0000000138304a00
stack at sp + 3 slots: 0x0 is NULL
stack at sp + 4 slots: 0x000000012c80a0a8 points into unknown readable memory: 0x000000010685a738 | 38 a7 85 06 01 00 00 00
stack at sp + 5 slots: 0x000000012f204a30 is a global jni handle
stack at sp + 6 slots: 0x000000012f204a30 is a global jni handle
stack at sp + 7 slots: 0x0000600003d3c150 points into unknown readable memory: 0x0000600001428110 | 10 81 42 01 00 60 00 00

StubRoutines::SafeFetchN [0x000000010e3dd4ec, 0x000000010e3dd4f8] (12 bytes)
[MachCode]
  0x000000010e3dd4ec: 0100 40f9 | e003 01aa | c003 5fd6 
[/MachCode]

---------------  P R O C E S S  ---------------

Threads class SMR info:
_java_thread_list=0x000060000171e700, length=23, elements={
0x000000012e809400, 0x000000012e833600, 0x000000012e835e00, 0x000000013800ae00,
0x000000013800a600, 0x000000013800d600, 0x000000013800dc00, 0x000000013800e200,
0x0000000138016800, 0x000000012f80d400, 0x000000012d80d000, 0x000000012f861a00,
0x000000012d80d600, 0x0000000138304a00, 0x000000012c809e00, 0x000000012d8ebe00,
0x000000012d8f6a00, 0x000000012fb2c600, 0x000000012fa90400, 0x000000012f94ba00,
0x000000012eaef600, 0x000000012da18400, 0x000000012dc45c00
}

Java Threads: ( => current thread )
  0x000000012e809400 JavaThread "main" [_thread_blocked, id=9987, stack(0x000000016b3d4000,0x000000016b5d7000)]
  0x000000012e833600 JavaThread "Reference Handler" daemon [_thread_blocked, id=16131, stack(0x000000016c228000,0x000000016c42b000)]
  0x000000012e835e00 JavaThread "Finalizer" daemon [_thread_blocked, id=16643, stack(0x000000016c434000,0x000000016c637000)]
  0x000000013800ae00 JavaThread "Signal Dispatcher" daemon [_thread_blocked, id=41987, stack(0x000000016c758000,0x000000016c95b000)]
  0x000000013800a600 JavaThread "Service Thread" daemon [_thread_blocked, id=41731, stack(0x000000016c964000,0x000000016cb67000)]
  0x000000013800d600 JavaThread "Monitor Deflation Thread" daemon [_thread_blocked, id=41219, stack(0x000000016cb70000,0x000000016cd73000)]
  0x000000013800dc00 JavaThread "C2 CompilerThread0" daemon [_thread_blocked, id=23043, stack(0x000000016cd7c000,0x000000016cf7f000)]
  0x000000013800e200 JavaThread "C1 CompilerThread0" daemon [_thread_blocked, id=40963, stack(0x000000016cf88000,0x000000016d18b000)]
  0x0000000138016800 JavaThread "Sweeper thread" daemon [_thread_blocked, id=40707, stack(0x000000016d194000,0x000000016d397000)]
  0x000000012f80d400 JavaThread "Common-Cleaner" daemon [_thread_blocked, id=23811, stack(0x000000016d3a0000,0x000000016d5a3000)]
  0x000000012d80d000 JavaThread "Monitor Ctrl-Break" daemon [_thread_in_native, id=24067, stack(0x000000016d5ac000,0x000000016d7af000)]
  0x000000012f861a00 JavaThread "Notification Thread" daemon [_thread_blocked, id=39939, stack(0x000000016d7b8000,0x000000016d9bb000)]
  0x000000012d80d600 JavaThread "QuantumRenderer-0" daemon [_thread_blocked, id=39171, stack(0x000000016dbd0000,0x000000016ddd3000)]
=>0x0000000138304a00 JavaThread "InvokeLaterDispatcher" daemon [_thread_in_native, id=34051, stack(0x000000016dddc000,0x000000016dfdf000)]
  0x000000012c809e00 JavaThread "JavaFX Application Thread" [_thread_in_vm, id=259, stack(0x000000016ab4c000,0x000000016b348000)]
  0x000000012d8ebe00 JavaThread "JavaFX-Launcher" [_thread_blocked, id=54019, stack(0x000000016e398000,0x000000016e59b000)]
  0x000000012d8f6a00 JavaThread "Attach Listener" daemon [_thread_blocked, id=50951, stack(0x000000016efe0000,0x000000016f1e3000)]
  0x000000012fb2c600 JavaThread "Keep-Alive-Timer" daemon [_thread_blocked, id=77323, stack(0x000000016f1ec000,0x000000016f3ef000)]
  0x000000012fa90400 JavaThread "Thread-4" [_thread_in_native, id=86535, stack(0x000000016f3f8000,0x000000016f5fb000)]
  0x000000012f94ba00 JavaThread "Thread-5" [_thread_in_native, id=69895, stack(0x000000016f604000,0x000000016f807000)]
  0x000000012eaef600 JavaThread "PulseTimer-CVDisplayLink thread" daemon [_thread_in_native, id=59907, stack(0x000000016e074000,0x000000016e0f7000)]
  0x000000012da18400 JavaThread "Prism Font Disposer" daemon [_thread_blocked, id=65803, stack(0x0000000280a40000,0x0000000280c43000)]
  0x000000012dc45c00 JavaThread "Cleaner-0" daemon [_thread_blocked, id=71431, stack(0x0000000280e58000,0x000000028105b000)]

Other Threads:
  0x000000012f009750 VMThread "VM Thread" [stack: 0x000000016c01c000,0x000000016c21f000] [id=17923]
  0x000000012f11e370 WatcherThread [stack: 0x000000016d9c4000,0x000000016dbc7000] [id=39683]
  0x000000012f006f70 GCTaskThread "GC Thread#0" [stack: 0x000000016b5e0000,0x000000016b7e3000] [id=20227]
  0x000000012d618b10 GCTaskThread "GC Thread#1" [stack: 0x000000016e5a4000,0x000000016e7a7000] [id=71171]
  0x000000012f150e00 GCTaskThread "GC Thread#2" [stack: 0x000000016e7b0000,0x000000016e9b3000] [id=70659]
  0x000000012f1510b0 GCTaskThread "GC Thread#3" [stack: 0x000000016e9bc000,0x000000016ebbf000] [id=58371]
  0x000000012f151530 GCTaskThread "GC Thread#4" [stack: 0x000000016ebc8000,0x000000016edcb000] [id=58627]
  0x000000012f1519b0 GCTaskThread "GC Thread#5" [stack: 0x000000016edd4000,0x000000016efd7000] [id=70147]
  0x000000012f02f8e0 GCTaskThread "GC Thread#6" [stack: 0x000000016f810000,0x000000016fa13000] [id=69635]
  0x000000012f02fd60 GCTaskThread "GC Thread#7" [stack: 0x000000016fa1c000,0x000000016fc1f000] [id=69123]
  0x000000011d4042b0 ConcurrentGCThread "G1 Main Marker" [stack: 0x000000016b7ec000,0x000000016b9ef000] [id=12803]
  0x000000011d404b30 ConcurrentGCThread "G1 Conc#0" [stack: 0x000000016b9f8000,0x000000016bbfb000] [id=19715]
  0x000000012f239ba0 ConcurrentGCThread "G1 Conc#1" [stack: 0x0000000280c4c000,0x0000000280e4f000] [id=65283]
  0x000000012f104580 ConcurrentGCThread "G1 Refine#0" [stack: 0x000000016bc04000,0x000000016be07000] [id=19203]
  0x000000012f032b50 ConcurrentGCThread "G1 Refine#1" [stack: 0x000000016fc28000,0x000000016fe2b000] [id=68355]
  0x000000011d408a60 ConcurrentGCThread "G1 Refine#2" [stack: 0x0000000280004000,0x0000000280207000] [id=60675]
  0x000000012d7092d0 ConcurrentGCThread "G1 Refine#3" [stack: 0x0000000280210000,0x0000000280413000] [id=61187]
  0x000000011d6084b0 ConcurrentGCThread "G1 Refine#4" [stack: 0x000000028041c000,0x000000028061f000] [id=61699]
  0x000000012d709cf0 ConcurrentGCThread "G1 Refine#5" [stack: 0x0000000280628000,0x000000028082b000] [id=66819]
  0x000000012d70a6d0 ConcurrentGCThread "G1 Refine#6" [stack: 0x0000000280834000,0x0000000280a37000] [id=66563]
  0x000000012f104e20 ConcurrentGCThread "G1 Service" [stack: 0x000000016be10000,0x000000016c013000] [id=18947]

Threads with active compile tasks:

VM state: not at safepoint (normal execution)

VM Mutex/Monitor currently owned by a thread: None

Heap address: 0x0000000780000000, size: 2048 MB, Compressed Oops mode: Zero based, Oop shift amount: 3

CDS archive(s) mapped at: [0x0000000800000000-0x0000000800bd4000-0x0000000800bd4000), size 12402688, SharedBaseAddress: 0x0000000800000000, ArchiveRelocationMode: 0.
Compressed class space mapped at: 0x0000000800c00000-0x0000000840c00000, reserved size: 1073741824
Narrow klass base: 0x0000000800000000, Narrow klass shift: 0, Narrow klass range: 0x100000000

GC Precious Log:
 CPUs: 8 total, 8 available
 Memory: 8192M
 Large Page Support: Disabled
 NUMA Support: Disabled
 Compressed Oops: Enabled (Zero based)
 Heap Region Size: 1M
 Heap Min Capacity: 8M
 Heap Initial Capacity: 128M
 Heap Max Capacity: 2G
 Pre-touch: Disabled
 Parallel Workers: 8
 Concurrent Workers: 2
 Concurrent Refinement Workers: 8
 Periodic GC: Disabled

Heap:
 garbage-first heap   total 68608K, used 24462K [0x0000000780000000, 0x0000000800000000)
  region size 1024K, 4 young (4096K), 2 survivors (2048K)
 Metaspace       used 25933K, committed 26240K, reserved 1073152K
  class space    used 3661K, committed 3840K, reserved 1048576K

Heap Regions: E=young(eden), S=young(survivor), O=old, HS=humongous(starts), HC=humongous(continues), CS=collection set, F=free, OA=open archive, CA=closed archive, TAMS=top-at-mark-start (previous, next)
|   0|0x0000000780000000, 0x0000000780100000, 0x0000000780100000|100%| O|  |TAMS 0x0000000780100000, 0x0000000780000000| Untracked 
|   1|0x0000000780100000, 0x0000000780200000, 0x0000000780200000|100%| O|  |TAMS 0x0000000780200000, 0x0000000780100000| Untracked 
|   2|0x0000000780200000, 0x0000000780300000, 0x0000000780300000|100%| O|  |TAMS 0x00000007802da200, 0x0000000780200000| Untracked 
|   3|0x0000000780300000, 0x0000000780400000, 0x0000000780400000|100%| O|  |TAMS 0x0000000780300000, 0x0000000780300000| Untracked 
|   4|0x0000000780400000, 0x0000000780500000, 0x0000000780500000|100%| O|  |TAMS 0x0000000780400000, 0x0000000780400000| Untracked 
|   5|0x0000000780500000, 0x0000000780600000, 0x0000000780600000|100%| O|  |TAMS 0x0000000780500000, 0x0000000780500000| Untracked 
|   6|0x0000000780600000, 0x0000000780600000, 0x0000000780700000|  0%| F|  |TAMS 0x0000000780600000, 0x0000000780600000| Untracked 
|   7|0x0000000780700000, 0x0000000780800000, 0x0000000780800000|100%|HS|  |TAMS 0x0000000780700000, 0x0000000780700000| Complete 
|   8|0x0000000780800000, 0x0000000780900000, 0x0000000780900000|100%|HC|  |TAMS 0x0000000780800000, 0x0000000780800000| Complete 
|   9|0x0000000780900000, 0x0000000780a00000, 0x0000000780a00000|100%| O|  |TAMS 0x0000000780900000, 0x0000000780900000| Untracked 
|  10|0x0000000780a00000, 0x0000000780b00000, 0x0000000780b00000|100%| O|  |TAMS 0x0000000780a00000, 0x0000000780a00000| Untracked 
|  11|0x0000000780b00000, 0x0000000780c00000, 0x0000000780c00000|100%| O|  |TAMS 0x0000000780b00000, 0x0000000780b00000| Untracked 
|  12|0x0000000780c00000, 0x0000000780d00000, 0x0000000780d00000|100%| O|  |TAMS 0x0000000780c00000, 0x0000000780c00000| Untracked 
|  13|0x0000000780d00000, 0x0000000780e00000, 0x0000000780e00000|100%| O|  |TAMS 0x0000000780d00000, 0x0000000780d00000| Untracked 
|  14|0x0000000780e00000, 0x0000000780f00000, 0x0000000780f00000|100%| O|  |TAMS 0x0000000780e00000, 0x0000000780e00000| Untracked 
|  15|0x0000000780f00000, 0x0000000780f00000, 0x0000000781000000|  0%| F|  |TAMS 0x0000000780f00000, 0x0000000780f00000| Untracked 
|  16|0x0000000781000000, 0x0000000781000000, 0x0000000781100000|  0%| F|  |TAMS 0x0000000781000000, 0x0000000781000000| Untracked 
|  17|0x0000000781100000, 0x0000000781100000, 0x0000000781200000|  0%| F|  |TAMS 0x0000000781100000, 0x0000000781100000| Untracked 
|  18|0x0000000781200000, 0x0000000781200000, 0x0000000781300000|  0%| F|  |TAMS 0x0000000781200000, 0x0000000781200000| Untracked 
|  19|0x0000000781300000, 0x0000000781300000, 0x0000000781400000|  0%| F|  |TAMS 0x0000000781300000, 0x0000000781300000| Untracked 
|  20|0x0000000781400000, 0x0000000781400000, 0x0000000781500000|  0%| F|  |TAMS 0x0000000781400000, 0x0000000781400000| Untracked 
|  21|0x0000000781500000, 0x0000000781500000, 0x0000000781600000|  0%| F|  |TAMS 0x0000000781500000, 0x0000000781500000| Untracked 
|  22|0x0000000781600000, 0x0000000781600000, 0x0000000781700000|  0%| F|  |TAMS 0x0000000781600000, 0x0000000781600000| Untracked 
|  23|0x0000000781700000, 0x0000000781700000, 0x0000000781800000|  0%| F|  |TAMS 0x0000000781700000, 0x0000000781700000| Untracked 
|  24|0x0000000781800000, 0x0000000781900000, 0x0000000781900000|100%| O|  |TAMS 0x0000000781800000, 0x0000000781800000| Untracked 
|  25|0x0000000781900000, 0x0000000781a00000, 0x0000000781a00000|100%| O|  |TAMS 0x0000000781900000, 0x0000000781900000| Untracked 
|  26|0x0000000781a00000, 0x0000000781b00000, 0x0000000781b00000|100%| O|  |TAMS 0x0000000781a00000, 0x0000000781a00000| Untracked 
|  27|0x0000000781b00000, 0x0000000781c00000, 0x0000000781c00000|100%| O|  |TAMS 0x0000000781b00000, 0x0000000781b00000| Untracked 
|  28|0x0000000781c00000, 0x0000000781d00000, 0x0000000781d00000|100%| O|  |TAMS 0x0000000781c00000, 0x0000000781c00000| Untracked 
|  29|0x0000000781d00000, 0x0000000781e00000, 0x0000000781e00000|100%| O|  |TAMS 0x0000000781d00000, 0x0000000781d00000| Untracked 
|  30|0x0000000781e00000, 0x0000000781e84400, 0x0000000781f00000| 51%| O|  |TAMS 0x0000000781e00000, 0x0000000781e00000| Untracked 
|  31|0x0000000781f00000, 0x0000000781f00000, 0x0000000782000000|  0%| F|  |TAMS 0x0000000781f00000, 0x0000000781f00000| Untracked 
|  32|0x0000000782000000, 0x0000000782000000, 0x0000000782100000|  0%| F|  |TAMS 0x0000000782000000, 0x0000000782000000| Untracked 
|  33|0x0000000782100000, 0x0000000782100000, 0x0000000782200000|  0%| F|  |TAMS 0x0000000782100000, 0x0000000782100000| Untracked 
|  34|0x0000000782200000, 0x0000000782200000, 0x0000000782300000|  0%| F|  |TAMS 0x0000000782200000, 0x0000000782200000| Untracked 
|  35|0x0000000782300000, 0x0000000782300000, 0x0000000782400000|  0%| F|  |TAMS 0x0000000782300000, 0x0000000782300000| Untracked 
|  36|0x0000000782400000, 0x0000000782400000, 0x0000000782500000|  0%| F|  |TAMS 0x0000000782400000, 0x0000000782400000| Untracked 
|  37|0x0000000782500000, 0x0000000782500000, 0x0000000782600000|  0%| F|  |TAMS 0x0000000782500000, 0x0000000782500000| Untracked 
|  38|0x0000000782600000, 0x0000000782600000, 0x0000000782700000|  0%| F|  |TAMS 0x0000000782600000, 0x0000000782600000| Untracked 
|  39|0x0000000782700000, 0x0000000782700000, 0x0000000782800000|  0%| F|  |TAMS 0x0000000782700000, 0x0000000782700000| Untracked 
|  40|0x0000000782800000, 0x0000000782800000, 0x0000000782900000|  0%| F|  |TAMS 0x0000000782800000, 0x0000000782800000| Untracked 
|  41|0x0000000782900000, 0x0000000782900000, 0x0000000782a00000|  0%| F|  |TAMS 0x0000000782900000, 0x0000000782900000| Untracked 
|  42|0x0000000782a00000, 0x0000000782a00000, 0x0000000782b00000|  0%| F|  |TAMS 0x0000000782a00000, 0x0000000782a00000| Untracked 
|  43|0x0000000782b00000, 0x0000000782b00000, 0x0000000782c00000|  0%| F|  |TAMS 0x0000000782b00000, 0x0000000782b00000| Untracked 
|  44|0x0000000782c00000, 0x0000000782c00000, 0x0000000782d00000|  0%| F|  |TAMS 0x0000000782c00000, 0x0000000782c00000| Untracked 
|  45|0x0000000782d00000, 0x0000000782d00000, 0x0000000782e00000|  0%| F|  |TAMS 0x0000000782d00000, 0x0000000782d00000| Untracked 
|  46|0x0000000782e00000, 0x0000000782e00000, 0x0000000782f00000|  0%| F|  |TAMS 0x0000000782e00000, 0x0000000782e00000| Untracked 
|  47|0x0000000782f00000, 0x0000000782f00000, 0x0000000783000000|  0%| F|  |TAMS 0x0000000782f00000, 0x0000000782f00000| Untracked 
|  48|0x0000000783000000, 0x0000000783000000, 0x0000000783100000|  0%| F|  |TAMS 0x0000000783000000, 0x0000000783000000| Untracked 
|  49|0x0000000783100000, 0x0000000783100000, 0x0000000783200000|  0%| F|  |TAMS 0x0000000783100000, 0x0000000783100000| Untracked 
|  50|0x0000000783200000, 0x0000000783200000, 0x0000000783300000|  0%| F|  |TAMS 0x0000000783200000, 0x0000000783200000| Untracked 
|  51|0x0000000783300000, 0x0000000783300000, 0x0000000783400000|  0%| F|  |TAMS 0x0000000783300000, 0x0000000783300000| Untracked 
|  52|0x0000000783400000, 0x0000000783400000, 0x0000000783500000|  0%| F|  |TAMS 0x0000000783400000, 0x0000000783400000| Untracked 
|  53|0x0000000783500000, 0x0000000783500000, 0x0000000783600000|  0%| F|  |TAMS 0x0000000783500000, 0x0000000783500000| Untracked 
| 102|0x0000000786600000, 0x0000000786600000, 0x0000000786700000|  0%| F|  |TAMS 0x0000000786600000, 0x0000000786600000| Untracked 
| 103|0x0000000786700000, 0x0000000786700000, 0x0000000786800000|  0%| F|  |TAMS 0x0000000786700000, 0x0000000786700000| Untracked 
| 104|0x0000000786800000, 0x0000000786800000, 0x0000000786900000|  0%| F|  |TAMS 0x0000000786800000, 0x0000000786800000| Untracked 
| 105|0x0000000786900000, 0x0000000786900000, 0x0000000786a00000|  0%| F|  |TAMS 0x0000000786900000, 0x0000000786900000| Untracked 
| 106|0x0000000786a00000, 0x0000000786a00000, 0x0000000786b00000|  0%| F|  |TAMS 0x0000000786a00000, 0x0000000786a00000| Untracked 
| 107|0x0000000786b00000, 0x0000000786b00000, 0x0000000786c00000|  0%| F|  |TAMS 0x0000000786b00000, 0x0000000786b00000| Untracked 
| 108|0x0000000786c00000, 0x0000000786c00000, 0x0000000786d00000|  0%| F|  |TAMS 0x0000000786c00000, 0x0000000786c00000| Untracked 
| 109|0x0000000786d00000, 0x0000000786de0c00, 0x0000000786e00000| 87%| E|  |TAMS 0x0000000786d00000, 0x0000000786d00000| Complete 
| 110|0x0000000786e00000, 0x0000000786e677d0, 0x0000000786f00000| 40%| S|CS|TAMS 0x0000000786e00000, 0x0000000786e00000| Complete 
| 126|0x0000000787e00000, 0x0000000787f00000, 0x0000000787f00000|100%| S|CS|TAMS 0x0000000787e00000, 0x0000000787e00000| Complete 
| 127|0x0000000787f00000, 0x0000000788000000, 0x0000000788000000|100%| E|CS|TAMS 0x0000000787f00000, 0x0000000787f00000| Complete 
|2046|0x00000007ffe00000, 0x00000007ffe78000, 0x00000007fff00000| 46%|OA|  |TAMS 0x00000007ffe78000, 0x00000007ffe00000| Untracked 
|2047|0x00000007fff00000, 0x00000007fff80000, 0x0000000800000000| 50%|CA|  |TAMS 0x00000007fff80000, 0x00000007fff00000| Untracked 

Card table byte_map: [0x00000001053f8000,0x00000001057f8000] _byte_map_base: 0x00000001017f8000

Marking Bits (Prev, Next): (CMBitMap*) 0x000000011f808250, (CMBitMap*) 0x000000011f808210
 Prev Bits: [0x0000000128000000, 0x000000012a000000)
 Next Bits: [0x000000011d700000, 0x000000011f700000)

Polling page: 0x0000000104c3c000

Metaspace:

Usage:
  Non-class:     21.75 MB used.
      Class:      3.58 MB used.
       Both:     25.33 MB used.

Virtual space:
  Non-class space:       24.00 MB reserved,      21.88 MB ( 91%) committed,  3 nodes.
      Class space:        1.00 GB reserved,       3.75 MB ( <1%) committed,  1 nodes.
             Both:        1.02 GB reserved,      25.62 MB (  2%) committed. 

Chunk freelists:
   Non-Class:  1.42 MB
       Class:  304.00 KB
        Both:  1.72 MB

MaxMetaspaceSize: unlimited
CompressedClassSpaceSize: 1.00 GB
Initial GC threshold: 21.00 MB
Current GC threshold: 35.25 MB
CDS: on
MetaspaceReclaimPolicy: balanced
 - commit_granule_bytes: 65536.
 - commit_granule_words: 8192.
 - virtual_space_node_default_size: 1048576.
 - enlarge_chunks_in_place: 1.
 - new_chunks_are_fully_committed: 0.
 - uncommit_free_chunks: 1.
 - use_allocation_guard: 0.
 - handle_deallocations: 1.


Internal statistics:

num_allocs_failed_limit: 3.
num_arena_births: 272.
num_arena_deaths: 0.
num_vsnodes_births: 4.
num_vsnodes_deaths: 0.
num_space_committed: 410.
num_space_uncommitted: 0.
num_chunks_returned_to_freelist: 3.
num_chunks_taken_from_freelist: 983.
num_chunk_merges: 3.
num_chunk_splits: 678.
num_chunks_enlarged: 503.
num_purges: 0.
num_inconsistent_stats: 0.

CodeHeap 'non-profiled nmethods': size=120032Kb used=1548Kb max_used=1548Kb free=118484Kb
 bounds [0x0000000115ea4000, 0x0000000116114000, 0x000000011d3dc000]
CodeHeap 'profiled nmethods': size=120016Kb used=8183Kb max_used=8183Kb free=111832Kb
 bounds [0x000000010e970000, 0x000000010f170000, 0x0000000115ea4000]
CodeHeap 'non-nmethods': size=5712Kb used=1428Kb max_used=1502Kb free=4283Kb
 bounds [0x000000010e3dc000, 0x000000010e64c000, 0x000000010e970000]
 total_blobs=4916 nmethods=4084 adapters=747
 compilation: enabled
              stopped_count=0, restarted_count=0
 full_count=0

Compilation events (20 events):
Event: 2.822 Thread 0x000000013800dc00 nmethod 4197 0x0000000116026210 code [0x00000001160263c0, 0x00000001160264c0]
Event: 2.822 Thread 0x000000013800dc00 4199       4       java.net.URI::match (56 bytes)
Event: 2.823 Thread 0x000000013800e200 nmethod 4200 0x000000010f16af90 code [0x000000010f16b1c0, 0x000000010f16b7d8]
Event: 2.823 Thread 0x000000013800e200 4201       3       java.io.BufferedWriter::ensureOpen (18 bytes)
Event: 2.823 Thread 0x000000013800e200 nmethod 4201 0x000000010f16ba10 code [0x000000010f16bbc0, 0x000000010f16bdd8]
Event: 2.823 Thread 0x000000013800dc00 nmethod 4199 0x0000000116026590 code [0x0000000116026740, 0x0000000116026840]
Event: 2.868 Thread 0x000000013800e200 4202       3       java.util.WeakHashMap::isEmpty (13 bytes)
Event: 2.868 Thread 0x000000013800e200 nmethod 4202 0x000000010f16be90 code [0x000000010f16c040, 0x000000010f16c2d8]
Event: 2.935 Thread 0x000000013800e200 4203       1       java.util.WeakHashMap$Entry::getValue (5 bytes)
Event: 2.935 Thread 0x000000013800e200 nmethod 4203 0x0000000116026910 code [0x0000000116026a80, 0x0000000116026b68]
Event: 2.963 Thread 0x000000013800dc00 4204       4       com.sun.javafx.scene.NodeHelper::getHelper (59 bytes)
Event: 2.963 Thread 0x000000013800e200 4205       3       java.nio.Buffer::clear (20 bytes)
Event: 2.963 Thread 0x000000013800e200 nmethod 4205 0x000000010f16c410 code [0x000000010f16c5c0, 0x000000010f16c728]
Event: 2.963 Thread 0x000000013800e200 4206       3       sun.security.util.ArrayUtil::nullAndBoundsCheck (12 bytes)
Event: 2.964 Thread 0x000000013800e200 nmethod 4206 0x000000010f16c790 code [0x000000010f16c940, 0x000000010f16cb98]
Event: 2.964 Thread 0x000000013800dc00 nmethod 4204 0x0000000116026c10 code [0x0000000116026dc0, 0x0000000116026ee0]
Event: 3.002 Thread 0x000000013800e200 4207       3       java.util.WeakHashMap$HashIterator::<init> (41 bytes)
Event: 3.003 Thread 0x000000013800e200 nmethod 4207 0x000000010f16cd10 code [0x000000010f16cf00, 0x000000010f16d358]
Event: 3.102 Thread 0x000000013800e200 4208       3       sun.net.www.MessageHeader::grow (92 bytes)
Event: 3.103 Thread 0x000000013800e200 nmethod 4208 0x000000010f16d510 code [0x000000010f16d700, 0x000000010f16dd08]

GC Heap History (10 events):
Event: 0.659 GC heap before
{Heap before GC invocations=0 (full 0):
 garbage-first heap   total 133120K, used 23520K [0x0000000780000000, 0x0000000800000000)
  region size 1024K, 23 young (23552K), 0 survivors (0K)
 Metaspace       used 7019K, committed 7168K, reserved 1056768K
  class space    used 849K, committed 896K, reserved 1048576K
}
Event: 0.660 GC heap after
{Heap after GC invocations=1 (full 0):
 garbage-first heap   total 133120K, used 4075K [0x0000000780000000, 0x0000000800000000)
  region size 1024K, 3 young (3072K), 3 survivors (3072K)
 Metaspace       used 7019K, committed 7168K, reserved 1056768K
  class space    used 849K, committed 896K, reserved 1048576K
}
Event: 1.718 GC heap before
{Heap before GC invocations=1 (full 0):
 garbage-first heap   total 133120K, used 45035K [0x0000000780000000, 0x0000000800000000)
  region size 1024K, 43 young (44032K), 3 survivors (3072K)
 Metaspace       used 18679K, committed 18944K, reserved 1073152K
  class space    used 2421K, committed 2560K, reserved 1048576K
}
Event: 1.726 GC heap after
{Heap after GC invocations=2 (full 0):
 garbage-first heap   total 133120K, used 10056K [0x0000000780000000, 0x0000000800000000)
  region size 1024K, 6 young (6144K), 6 survivors (6144K)
 Metaspace       used 18679K, committed 18944K, reserved 1073152K
  class space    used 2421K, committed 2560K, reserved 1048576K
}
Event: 1.891 GC heap before
{Heap before GC invocations=2 (full 0):
 garbage-first heap   total 133120K, used 26440K [0x0000000780000000, 0x0000000800000000)
  region size 1024K, 23 young (23552K), 6 survivors (6144K)
 Metaspace       used 21269K, committed 21504K, reserved 1073152K
  class space    used 2943K, committed 3072K, reserved 1048576K
}
Event: 1.894 GC heap after
{Heap after GC invocations=3 (full 0):
 garbage-first heap   total 133120K, used 15742K [0x0000000780000000, 0x0000000800000000)
  region size 1024K, 9 young (9216K), 9 survivors (9216K)
 Metaspace       used 21269K, committed 21504K, reserved 1073152K
  class space    used 2943K, committed 3072K, reserved 1048576K
}
Event: 2.397 GC heap before
{Heap before GC invocations=4 (full 0):
 garbage-first heap   total 68608K, used 49534K [0x0000000780000000, 0x0000000800000000)
  region size 1024K, 41 young (41984K), 9 survivors (9216K)
 Metaspace       used 25689K, committed 25920K, reserved 1073152K
  class space    used 3641K, committed 3776K, reserved 1048576K
}
Event: 2.406 GC heap after
{Heap after GC invocations=5 (full 0):
 garbage-first heap   total 68608K, used 22066K [0x0000000780000000, 0x0000000800000000)
  region size 1024K, 9 young (9216K), 9 survivors (9216K)
 Metaspace       used 25689K, committed 25920K, reserved 1073152K
  class space    used 3641K, committed 3776K, reserved 1048576K
}
Event: 2.657 GC heap before
{Heap before GC invocations=5 (full 0):
 garbage-first heap   total 68608K, used 23090K [0x0000000780000000, 0x0000000800000000)
  region size 1024K, 10 young (10240K), 9 survivors (9216K)
 Metaspace       used 25801K, committed 26176K, reserved 1073152K
  class space    used 3650K, committed 3840K, reserved 1048576K
}
Event: 2.665 GC heap after
{Heap after GC invocations=6 (full 0):
 garbage-first heap   total 68608K, used 23438K [0x0000000780000000, 0x0000000800000000)
  region size 1024K, 2 young (2048K), 2 survivors (2048K)
 Metaspace       used 25801K, committed 26176K, reserved 1073152K
  class space    used 3650K, committed 3840K, reserved 1048576K
}

Deoptimization events (20 events):
Event: 2.444 Thread 0x000000012d80d600 DEOPT PACKING pc=0x000000010f125338 sp=0x000000016ddd0790
Event: 2.444 Thread 0x000000012d80d600 DEOPT UNPACKING pc=0x000000010e41ab7c sp=0x000000016ddd03f0 mode 0
Event: 2.444 Thread 0x000000012d80d600 DEOPT PACKING pc=0x000000010f125338 sp=0x000000016ddd0790
Event: 2.444 Thread 0x000000012d80d600 DEOPT UNPACKING pc=0x000000010e41ab7c sp=0x000000016ddd03f0 mode 0
Event: 2.444 Thread 0x000000012d80d600 DEOPT PACKING pc=0x000000010f125338 sp=0x000000016ddd0790
Event: 2.444 Thread 0x000000012d80d600 DEOPT UNPACKING pc=0x000000010e41ab7c sp=0x000000016ddd03f0 mode 0
Event: 2.444 Thread 0x000000012d80d600 DEOPT PACKING pc=0x000000010f125338 sp=0x000000016ddd0790
Event: 2.444 Thread 0x000000012d80d600 DEOPT UNPACKING pc=0x000000010e41ab7c sp=0x000000016ddd03f0 mode 0
Event: 2.453 Thread 0x000000012d80d600 DEOPT PACKING pc=0x000000010f125338 sp=0x000000016ddd0440
Event: 2.453 Thread 0x000000012d80d600 DEOPT UNPACKING pc=0x000000010e41ab7c sp=0x000000016ddd00a0 mode 0
Event: 2.453 Thread 0x000000012d80d600 DEOPT PACKING pc=0x000000010f125338 sp=0x000000016ddd0440
Event: 2.453 Thread 0x000000012d80d600 DEOPT UNPACKING pc=0x000000010e41ab7c sp=0x000000016ddd00a0 mode 0
Event: 2.704 Thread 0x000000012d80d600 DEOPT PACKING pc=0x000000010f11d4d8 sp=0x000000016ddd0900
Event: 2.704 Thread 0x000000012d80d600 DEOPT UNPACKING pc=0x000000010e41ab7c sp=0x000000016ddd04b0 mode 0
Event: 2.706 Thread 0x000000012d80d600 DEOPT PACKING pc=0x000000010f11aee0 sp=0x000000016ddd01e0
Event: 2.706 Thread 0x000000012d80d600 DEOPT UNPACKING pc=0x000000010e41ab7c sp=0x000000016ddcfe80 mode 0
Event: 2.711 Thread 0x000000012d80d600 DEOPT PACKING pc=0x000000010f129854 sp=0x000000016ddd0ad0
Event: 2.711 Thread 0x000000012d80d600 DEOPT UNPACKING pc=0x000000010e41ab7c sp=0x000000016ddd06f0 mode 0
Event: 2.812 Thread 0x000000012fa90400 DEOPT PACKING pc=0x000000010ef63c30 sp=0x000000016f5f9010
Event: 2.812 Thread 0x000000012fa90400 DEOPT UNPACKING pc=0x000000010e41ab7c sp=0x000000016f5f8ce0 mode 0

Classes unloaded (0 events):
No events

Classes redefined (0 events):
No events

Internal exceptions (20 events):
Event: 0.904 Thread 0x000000012c809e00 Exception <a 'sun/nio/fs/UnixException'{0x0000000786d11f30}> (0x0000000786d11f30) 
thrown [open/src/hotspot/share/prims/jni.cpp, line 516]
Event: 1.684 Thread 0x000000012c809e00 Exception <a 'java/io/FileNotFoundException'{0x00000007859eac30}> (0x00000007859eac30) 
thrown [open/src/hotspot/share/prims/jni.cpp, line 516]
Event: 1.698 Thread 0x000000012c809e00 Implicit null exception at 0x0000000115ec99f8 to 0x0000000115ec9a88
Event: 1.763 Thread 0x000000012c809e00 Implicit null exception at 0x0000000115f3a854 to 0x0000000115f3ab64
Event: 1.773 Thread 0x000000012c809e00 Implicit null exception at 0x0000000115f1b0d4 to 0x0000000115f1b3d8
Event: 1.779 Thread 0x000000012c809e00 Exception <a 'java/lang/NoSuchMethodError'{0x0000000787b63248}: 'java.lang.Object java.lang.invoke.DirectMethodHandle$Holder.invokeInterface(java.lang.Object, java.lang.Object, java.lang.Object)'> (0x0000000787b63248) 
thrown [open/src/hotspot/share/interpreter/linkResolver.cpp, line 766]
Event: 1.780 Thread 0x000000012c809e00 Exception <a 'java/lang/IncompatibleClassChangeError'{0x0000000787b66910}: Found class java.lang.Object, but interface was expected> (0x0000000787b66910) 
thrown [open/src/hotspot/share/interpreter/linkResolver.cpp, line 833]
Event: 1.782 Thread 0x000000012c809e00 Exception <a 'java/lang/ClassNotFoundException'{0x0000000787aa00d8}: com/sun/javafx/scene/control/skin/resources/controls> (0x0000000787aa00d8) 
thrown [open/src/hotspot/share/prims/jni.cpp, line 535]
Event: 1.782 Thread 0x000000012c809e00 Exception <a 'java/lang/ClassNotFoundException'{0x0000000787aae078}: com/sun/javafx/scene/control/skin/resources/controls_en> (0x0000000787aae078) 
thrown [open/src/hotspot/share/prims/jni.cpp, line 535]
Event: 1.782 Thread 0x000000012c809e00 Exception <a 'java/lang/ClassNotFoundException'{0x0000000787aaf010}: com/sun/javafx/scene/control/skin/resources/controls_en_EG> (0x0000000787aaf010) 
thrown [open/src/hotspot/share/prims/jni.cpp, line 535]
Event: 1.809 Thread 0x000000012c809e00 Exception <a 'java/lang/NoSuchMethodError'{0x0000000787211618}: 'void java.lang.invoke.DirectMethodHandle$Holder.invokeSpecial(java.lang.Object, java.lang.Object, java.lang.Object, java.lang.Object, java.lang.Object, java.lang.Object)'> (0x0000000787211618) 
thrown [open/src/hotspot/share/interpreter/linkResolver.cpp, line 766]
Event: 1.925 Thread 0x000000012c809e00 Exception <a 'java/lang/NoSuchMethodError'{0x00000007833a9730}: 'void java.lang.invoke.DirectMethodHandle$Holder.invokeSpecialIFC(java.lang.Object, java.lang.Object, java.lang.Object, java.lang.Object)'> (0x00000007833a9730) 
thrown [open/src/hotspot/share/interpreter/linkResolver.cpp, line 766]
Event: 1.935 Thread 0x000000012c809e00 Exception <a 'java/lang/NoSuchMethodError'{0x000000078313a430}: 'int java.lang.invoke.DirectMethodHandle$Holder.invokeSpecial(java.lang.Object, java.lang.Object, int)'> (0x000000078313a430) 
thrown [open/src/hotspot/share/interpreter/linkResolver.cpp, line 766]
Event: 2.013 Thread 0x000000012c809e00 Exception <a 'java/lang/NoSuchMethodError'{0x0000000782647c48}: 'void java.lang.invoke.DirectMethodHandle$Holder.invokeSpecial(java.lang.Object, java.lang.Object, int, int)'> (0x0000000782647c48) 
thrown [open/src/hotspot/share/interpreter/linkResolver.cpp, line 766]
Event: 2.014 Thread 0x000000012c809e00 Exception <a 'java/lang/NoSuchMethodError'{0x000000078264e430}: 'java.lang.Object java.lang.invoke.DirectMethodHandle$Holder.newInvokeSpecial(java.lang.Object, java.lang.Object, int, int)'> (0x000000078264e430) 
thrown [open/src/hotspot/share/interpreter/linkResolver.cpp, line 766]
Event: 2.060 Thread 0x000000012c809e00 Exception <a 'java/lang/NoSuchMethodError'{0x00000007824fa928}: 'java.lang.Object java.lang.invoke.DirectMethodHandle$Holder.newInvokeSpecial(java.lang.Object, java.lang.Object, int)'> (0x00000007824fa928) 
thrown [open/src/hotspot/share/interpreter/linkResolver.cpp, line 766]
Event: 2.238 Thread 0x000000012c809e00 Exception <a 'java/lang/NoSuchMethodError'{0x0000000781b82a08}: 'long java.lang.invoke.DirectMethodHandle$Holder.invokeStatic(java.lang.Object, java.lang.Object, java.lang.Object)'> (0x0000000781b82a08) 
thrown [open/src/hotspot/share/interpreter/linkResolver.cpp, line 766]
Event: 2.238 Thread 0x000000012c809e00 Exception <a 'java/lang/NoSuchMethodError'{0x0000000781b861b0}: 'long java.lang.invoke.DirectMethodHandle$Holder.invokeStaticInit(java.lang.Object, java.lang.Object, java.lang.Object)'> (0x0000000781b861b0) 
thrown [open/src/hotspot/share/interpreter/linkResolver.cpp, line 766]
Event: 2.239 Thread 0x000000012c809e00 Exception <a 'java/lang/NoSuchMethodError'{0x0000000781b9ddb8}: 'java.lang.Object java.lang.invoke.DirectMethodHandle$Holder.newInvokeSpecial(java.lang.Object, java.lang.Object, long)'> (0x0000000781b9ddb8) 
thrown [open/src/hotspot/share/interpreter/linkResolver.cpp, line 766]
Event: 2.239 Thread 0x000000012c809e00 Exception <a 'java/lang/NoSuchMethodError'{0x0000000781ba1680}: 'java.lang.Object java.lang.invoke.Invokers$Holder.linkToTargetMethod(java.lang.Object, long, java.lang.Object)'> (0x0000000781ba1680) 
thrown [open/src/hotspot/share/interpreter/linkResolver.cpp, line 766]

VM Operations (20 events):
Event: 1.972 Executing VM operation: ICBufferFull
Event: 1.972 Executing VM operation: ICBufferFull done
Event: 2.011 Executing VM operation: ICBufferFull
Event: 2.012 Executing VM operation: ICBufferFull done
Event: 2.041 Executing VM operation: ICBufferFull
Event: 2.041 Executing VM operation: ICBufferFull done
Event: 2.069 Executing VM operation: HandshakeAllThreads
Event: 2.069 Executing VM operation: HandshakeAllThreads done
Event: 2.254 Executing VM operation: ICBufferFull
Event: 2.254 Executing VM operation: ICBufferFull done
Event: 2.307 Executing VM operation: G1CollectForAllocation
Event: 2.307 Executing VM operation: G1CollectForAllocation done
Event: 2.397 Executing VM operation: G1CollectForAllocation
Event: 2.406 Executing VM operation: G1CollectForAllocation done
Event: 2.657 Executing VM operation: G1CollectForAllocation
Event: 2.665 Executing VM operation: G1CollectForAllocation done
Event: 2.754 Executing VM operation: HandshakeAllThreads
Event: 2.754 Executing VM operation: HandshakeAllThreads done
Event: 2.756 Executing VM operation: ICBufferFull
Event: 2.756 Executing VM operation: ICBufferFull done

Events (20 events):
Event: 2.670 loading class sun/security/ssl/PreSharedKeyExtension$CHPreSharedKeySpec
Event: 2.670 loading class sun/security/ssl/PreSharedKeyExtension$CHPreSharedKeySpec done
Event: 2.670 loading class sun/security/ssl/PreSharedKeyExtension$PartialClientHelloMessage
Event: 2.670 loading class sun/security/ssl/PreSharedKeyExtension$PartialClientHelloMessage done
Event: 2.670 loading class sun/security/ssl/SSLEngineOutputRecord
Event: 2.670 loading class sun/security/ssl/SSLEngineOutputRecord done
Event: 2.671 loading class sun/security/ssl/SSLEngineOutputRecord$HandshakeFragment
Event: 2.671 loading class sun/security/ssl/SSLEngineOutputRecord$HandshakeFragment done
Event: 2.671 loading class sun/security/ssl/SSLEngineOutputRecord$HandshakeMemo
Event: 2.671 loading class sun/security/ssl/SSLEngineOutputRecord$RecordMemo
Event: 2.671 loading class sun/security/ssl/SSLEngineOutputRecord$RecordMemo done
Event: 2.671 loading class sun/security/ssl/SSLEngineOutputRecord$HandshakeMemo done
Event: 2.734 loading class sun/security/ssl/PreSharedKeyExtension$SHPreSharedKeySpec
Event: 2.734 loading class sun/security/ssl/PreSharedKeyExtension$SHPreSharedKeySpec done
Event: 2.735 Thread 0x000000012dc89600 Thread added: 0x000000012dc89600
Event: 2.735 Protecting memory [0x0000000281d84000,0x0000000281d90000] with protection modes 0
Event: 2.735 Protecting memory [0x0000000281d84000,0x0000000281d90000] with protection modes 3
Event: 2.735 Thread 0x000000012dc89600 Thread exited: 0x000000012dc89600
Event: 2.814 loading class sun/net/www/http/ChunkedInputStream
Event: 2.814 loading class sun/net/www/http/ChunkedInputStream done


Dynamic libraries:
0x0000000104bec000 	/Users/youssefgeorge/Library/Java/JavaVirtualMachines/openjdk-17.0.2/Contents/Home/lib/libjli.dylib
0x00000001ad664000 	/usr/lib/libz.1.dylib
0x00000001ad71b000 	/usr/lib/libSystem.B.dylib
0x00000001ad715000 	/usr/lib/system/libcache.dylib
0x00000001ad6d3000 	/usr/lib/system/libcommonCrypto.dylib
0x00000001ad6fc000 	/usr/lib/system/libcompiler_rt.dylib
0x00000001ad6f3000 	/usr/lib/system/libcopyfile.dylib
0x00000001a295b000 	/usr/lib/system/libcorecrypto.dylib
0x00000001a2a0e000 	/usr/lib/system/libdispatch.dylib
0x00000001a2bdc000 	/usr/lib/system/libdyld.dylib
0x00000001ad70b000 	/usr/lib/system/libkeymgr.dylib
0x00000001ad6ae000 	/usr/lib/system/libmacho.dylib
0x00000001acda3000 	/usr/lib/system/libquarantine.dylib
0x00000001ad708000 	/usr/lib/system/libremovefile.dylib
0x00000001a7d44000 	/usr/lib/system/libsystem_asl.dylib
0x00000001a28fd000 	/usr/lib/system/libsystem_blocks.dylib
0x00000001a2a96000 	/usr/lib/system/libsystem_c.dylib
0x00000001ad700000 	/usr/lib/system/libsystem_collections.dylib
0x00000001ac231000 	/usr/lib/system/libsystem_configuration.dylib
0x00000001ab48d000 	/usr/lib/system/libsystem_containermanager.dylib
0x00000001ad410000 	/usr/lib/system/libsystem_coreservices.dylib
0x00000001a5304000 	/usr/lib/system/libsystem_darwin.dylib
0x00000001ad70c000 	/usr/lib/system/libsystem_dnssd.dylib
0x00000001a2a93000 	/usr/lib/system/libsystem_featureflags.dylib
0x00000001a2bf1000 	/usr/lib/system/libsystem_info.dylib
0x00000001ad676000 	/usr/lib/system/libsystem_m.dylib
0x00000001a29e3000 	/usr/lib/system/libsystem_malloc.dylib
0x00000001a7cd3000 	/usr/lib/system/libsystem_networkextension.dylib
0x00000001a575d000 	/usr/lib/system/libsystem_notify.dylib
0x00000001b3a59000 	/usr/lib/system/libsystem_product_info_filter.dylib
0x00000001ac236000 	/usr/lib/system/libsystem_sandbox.dylib
0x00000001ad705000 	/usr/lib/system/libsystem_secinit.dylib
0x00000001a2b97000 	/usr/lib/system/libsystem_kernel.dylib
0x00000001a2be9000 	/usr/lib/system/libsystem_platform.dylib
0x00000001a2bcf000 	/usr/lib/system/libsystem_pthread.dylib
0x00000001a949c000 	/usr/lib/system/libsystem_symptoms.dylib
0x00000001a2941000 	/usr/lib/system/libsystem_trace.dylib
0x00000001ad6e0000 	/usr/lib/system/libunwind.dylib
0x00000001a28ff000 	/usr/lib/system/libxpc.dylib
0x00000001a2b7f000 	/usr/lib/libc++abi.dylib
0x00000001a2a55000 	/usr/lib/libobjc.A.dylib
0x00000001ad6eb000 	/usr/lib/liboah.dylib
0x00000001a2b18000 	/usr/lib/libc++.1.dylib
0x00000001b9572000 	/System/Library/Frameworks/Cocoa.framework/Versions/A/Cocoa
0x00000001a57be000 	/System/Library/Frameworks/AppKit.framework/Versions/C/AppKit
0x00000001a8cc4000 	/System/Library/Frameworks/CoreData.framework/Versions/A/CoreData
0x00000001a3b19000 	/System/Library/Frameworks/Foundation.framework/Versions/C/Foundation
0x00000001a6676000 	/System/Library/PrivateFrameworks/UIFoundation.framework/Versions/A/UIFoundation
0x00000001b3753000 	/System/Library/PrivateFrameworks/RemoteViewServices.framework/Versions/A/RemoteViewServices
0x00000001abbd9000 	/System/Library/PrivateFrameworks/XCTTargetBootstrap.framework/Versions/A/XCTTargetBootstrap
0x00000001af457000 	/System/Library/PrivateFrameworks/InternationalSupport.framework/Versions/A/InternationalSupport
0x00000001af4e0000 	/System/Library/PrivateFrameworks/UserActivity.framework/Versions/A/UserActivity
0x00000001ae952000 	/usr/lib/libspindump.dylib
0x00000001a68e7000 	/System/Library/Frameworks/UniformTypeIdentifiers.framework/Versions/A/UniformTypeIdentifiers
0x00000001aa124000 	/usr/lib/libapp_launch_measurement.dylib
0x00000001a964e000 	/System/Library/PrivateFrameworks/CoreAnalytics.framework/Versions/A/CoreAnalytics
0x00000001aa127000 	/System/Library/PrivateFrameworks/CoreAutoLayout.framework/Versions/A/CoreAutoLayout
0x00000001ab4ca000 	/System/Library/Frameworks/Metal.framework/Versions/A/Metal
0x00000001ac241000 	/usr/lib/liblangid.dylib
0x00000001abbde000 	/System/Library/PrivateFrameworks/CoreSVG.framework/Versions/A/CoreSVG
0x00000001a7d78000 	/System/Library/PrivateFrameworks/SkyLight.framework/Versions/A/SkyLight
0x00000001a814d000 	/System/Library/Frameworks/CoreGraphics.framework/Versions/A/CoreGraphics
0x00000001b3e1f000 	/System/Library/Frameworks/Accelerate.framework/Versions/A/Accelerate
0x00000001ae3c9000 	/System/Library/PrivateFrameworks/IconServices.framework/Versions/A/IconServices
0x00000001ab4ac000 	/System/Library/Frameworks/IOSurface.framework/Versions/A/IOSurface
0x00000001a967f000 	/usr/lib/libDiagnosticMessagesClient.dylib
0x00000001b7320000 	/System/Library/Frameworks/ApplicationServices.framework/Versions/A/ApplicationServices
0x00000001abbc1000 	/System/Library/PrivateFrameworks/DFRFoundation.framework/Versions/A/DFRFoundation
0x00000001a504e000 	/usr/lib/libicucore.A.dylib
0x00000001b0303000 	/System/Library/Frameworks/AudioToolbox.framework/Versions/A/AudioToolbox
0x00000001af463000 	/System/Library/PrivateFrameworks/DataDetectorsCore.framework/Versions/A/DataDetectorsCore
0x00000001c5da3000 	/System/Library/PrivateFrameworks/TextInput.framework/Versions/A/TextInput
0x00000001a7ced000 	/usr/lib/libMobileGestalt.dylib
0x00000001ab88d000 	/System/Library/Frameworks/Carbon.framework/Versions/A/Frameworks/HIToolbox.framework/Versions/A/HIToolbox
0x00000001a9b00000 	/System/Library/Frameworks/QuartzCore.framework/Versions/A/QuartzCore
0x00000001a4cd1000 	/System/Library/Frameworks/Security.framework/Versions/A/Security
0x00000001b3793000 	/System/Library/Frameworks/Carbon.framework/Versions/A/Frameworks/SpeechRecognition.framework/Versions/A/SpeechRecognition
0x00000001a9e7a000 	/System/Library/PrivateFrameworks/CoreUI.framework/Versions/A/CoreUI
0x00000001a45ae000 	/System/Library/Frameworks/CoreAudio.framework/Versions/A/CoreAudio
0x00000001a9774000 	/System/Library/Frameworks/DiskArbitration.framework/Versions/A/DiskArbitration
0x00000001aed5c000 	/System/Library/PrivateFrameworks/MultitouchSupport.framework/Versions/A/MultitouchSupport
0x00000001a7ceb000 	/usr/lib/libenergytrace.dylib
0x00000001a5686000 	/System/Library/Frameworks/IOKit.framework/Versions/A/IOKit
0x00000001b3b82000 	/System/Library/Frameworks/CoreServices.framework/Versions/A/CoreServices
0x00000001aa0b4000 	/System/Library/PrivateFrameworks/PerformanceAnalysis.framework/Versions/A/PerformanceAnalysis
0x000000020408b000 	/System/Library/Frameworks/OpenGL.framework/Versions/A/OpenGL
0x00000001accbb000 	/System/Library/PrivateFrameworks/MobileKeyBag.framework/Versions/A/MobileKeyBag
0x00000001a875a000 	/System/Library/Frameworks/ColorSync.framework/Versions/A/ColorSync
0x00000001a2c1e000 	/System/Library/Frameworks/CoreFoundation.framework/Versions/A/CoreFoundation
0x00000001abe5d000 	/System/Library/Frameworks/CoreImage.framework/Versions/A/CoreImage
0x00000001a43d2000 	/System/Library/Frameworks/CoreText.framework/Versions/A/CoreText
0x00000001abc0e000 	/System/Library/Frameworks/ImageIO.framework/Versions/A/ImageIO
0x00000001ad721000 	/System/Library/PrivateFrameworks/SoftLinking.framework/Versions/A/SoftLinking
0x00000001aa172000 	/usr/lib/libxml2.2.dylib
0x00000001ad9ba000 	/usr/lib/libcompression.dylib
0x00000001af3b3000 	/System/Library/PrivateFrameworks/TextureIO.framework/Versions/A/TextureIO
0x00000001ae0e2000 	/usr/lib/libate.dylib
0x00000001adfa7000 	/usr/lib/liblzma.5.dylib
0x00000001a380d000 	/System/Library/Frameworks/SystemConfiguration.framework/Versions/A/SystemConfiguration
0x00000001ad71d000 	/usr/lib/libfakelink.dylib
0x00000001a781f000 	/System/Library/Frameworks/CFNetwork.framework/Versions/A/CFNetwork
0x00000001ad863000 	/usr/lib/libarchive.2.dylib
0x00000001ac23d000 	/System/Library/PrivateFrameworks/AppleSystemInfo.framework/Versions/A/AppleSystemInfo
0x00000001acdce000 	/usr/lib/libbsm.0.dylib
0x00000001a6d90000 	/usr/lib/libnetwork.dylib
0x00000001ad6b7000 	/usr/lib/system/libkxld.dylib
0x00000001ac9e1000 	/System/Library/PrivateFrameworks/IOMobileFramebuffer.framework/Versions/A/IOMobileFramebuffer
0x00000002219b7000 	/usr/lib/libCoreEntitlements.dylib
0x00000001ad3f2000 	/System/Library/PrivateFrameworks/AppleFSCompression.framework/Versions/A/AppleFSCompression
0x00000001acdb6000 	/usr/lib/libcoretls.dylib
0x00000001adfc0000 	/usr/lib/libcoretls_cfhelpers.dylib
0x00000001ad9b5000 	/usr/lib/libpam.2.dylib
0x00000001a90b3000 	/usr/lib/libsqlite3.dylib
0x00000001ae029000 	/usr/lib/libxar.1.dylib
0x00000001ad403000 	/usr/lib/libbz2.1.0.dylib
0x00000001ad722000 	/usr/lib/libpcap.A.dylib
0x00000001a9493000 	/usr/lib/libdns_services.dylib
0x00000001ad988000 	/usr/lib/libapple_nghttp2.dylib
0x00000001ad75f000 	/usr/lib/libiconv.2.dylib
0x00000001ad6ad000 	/usr/lib/libcharset.1.dylib
0x00000001aa0f0000 	/System/Library/Frameworks/CoreServices.framework/Versions/A/Frameworks/FSEvents.framework/Versions/A/FSEvents
0x00000001a530f000 	/System/Library/Frameworks/CoreServices.framework/Versions/A/Frameworks/CarbonCore.framework/Versions/A/CarbonCore
0x00000001a96d4000 	/System/Library/Frameworks/CoreServices.framework/Versions/A/Frameworks/Metadata.framework/Versions/A/Metadata
0x00000001ad416000 	/System/Library/Frameworks/CoreServices.framework/Versions/A/Frameworks/OSServices.framework/Versions/A/OSServices
0x00000001ad8e9000 	/System/Library/Frameworks/CoreServices.framework/Versions/A/Frameworks/SearchKit.framework/Versions/A/SearchKit
0x00000001a9422000 	/System/Library/Frameworks/CoreServices.framework/Versions/A/Frameworks/AE.framework/Versions/A/AE
0x00000001a3164000 	/System/Library/Frameworks/CoreServices.framework/Versions/A/Frameworks/LaunchServices.framework/Versions/A/LaunchServices
0x00000001adf50000 	/System/Library/Frameworks/CoreServices.framework/Versions/A/Frameworks/DictionaryServices.framework/Versions/A/DictionaryServices
0x00000001aa0fd000 	/System/Library/Frameworks/CoreServices.framework/Versions/A/Frameworks/SharedFileList.framework/Versions/A/SharedFileList
0x00000001acda6000 	/usr/lib/libCheckFix.dylib
0x00000001a7d5c000 	/System/Library/PrivateFrameworks/TCC.framework/Versions/A/TCC
0x00000001ac243000 	/System/Library/PrivateFrameworks/CoreNLP.framework/Versions/A/CoreNLP
0x00000001a9682000 	/System/Library/PrivateFrameworks/MetadataUtilities.framework/Versions/A/MetadataUtilities
0x00000001a38c6000 	/usr/lib/libmecabra.dylib
0x00000001acddf000 	/usr/lib/libmecab.dylib
0x00000001a3892000 	/usr/lib/libCRFSuite.dylib
0x00000001ace3c000 	/usr/lib/libgermantok.dylib
0x00000001ad961000 	/usr/lib/libThaiTokenizer.dylib
0x00000001a977c000 	/System/Library/Frameworks/Accelerate.framework/Versions/A/Frameworks/vImage.framework/Versions/A/vImage
0x00000001b3b59000 	/System/Library/Frameworks/Accelerate.framework/Versions/A/Frameworks/vecLib.framework/Versions/A/vecLib
0x00000001ae06e000 	/System/Library/Frameworks/Accelerate.framework/Versions/A/Frameworks/vecLib.framework/Versions/A/libvMisc.dylib
0x00000001ac8e8000 	/System/Library/Frameworks/Accelerate.framework/Versions/A/Frameworks/vecLib.framework/Versions/A/libvDSP.dylib
0x00000001a34ed000 	/System/Library/Frameworks/Accelerate.framework/Versions/A/Frameworks/vecLib.framework/Versions/A/libBLAS.dylib
0x00000001ada8b000 	/System/Library/Frameworks/Accelerate.framework/Versions/A/Frameworks/vecLib.framework/Versions/A/libLAPACK.dylib
0x00000001ace3f000 	/System/Library/Frameworks/Accelerate.framework/Versions/A/Frameworks/vecLib.framework/Versions/A/libLinearAlgebra.dylib
0x00000001ad9a0000 	/System/Library/Frameworks/Accelerate.framework/Versions/A/Frameworks/vecLib.framework/Versions/A/libSparseBLAS.dylib
0x00000001ada86000 	/System/Library/Frameworks/Accelerate.framework/Versions/A/Frameworks/vecLib.framework/Versions/A/libQuadrature.dylib
0x00000001ac33c000 	/System/Library/Frameworks/Accelerate.framework/Versions/A/Frameworks/vecLib.framework/Versions/A/libBNNS.dylib
0x00000001a37ab000 	/System/Library/Frameworks/Accelerate.framework/Versions/A/Frameworks/vecLib.framework/Versions/A/libSparse.dylib
0x00000001ac334000 	/System/Library/PrivateFrameworks/LinguisticData.framework/Versions/A/LinguisticData
0x00000001a3763000 	/System/Library/PrivateFrameworks/Lexicon.framework/Versions/A/Lexicon
0x00000001ae066000 	/usr/lib/libChineseTokenizer.dylib
0x00000001a3f0a000 	/System/Library/PrivateFrameworks/LanguageModeling.framework/Versions/A/LanguageModeling
0x00000001ad963000 	/System/Library/PrivateFrameworks/AppleSauce.framework/Versions/A/AppleSauce
0x00000001ac9ce000 	/System/Library/PrivateFrameworks/CoreEmoji.framework/Versions/A/CoreEmoji
0x00000001ad851000 	/usr/lib/libcmph.dylib
0x00000001aa0d0000 	/System/Library/Frameworks/OpenDirectory.framework/Versions/A/Frameworks/CFOpenDirectory.framework/Versions/A/CFOpenDirectory
0x00000001aa0c0000 	/System/Library/Frameworks/OpenDirectory.framework/Versions/A/OpenDirectory
0x00000001adfc2000 	/System/Library/PrivateFrameworks/APFS.framework/Versions/A/APFS
0x00000001accf6000 	/System/Library/Frameworks/SecurityFoundation.framework/Versions/A/SecurityFoundation
0x00000001ae038000 	/usr/lib/libutil.dylib
0x00000001a5648000 	/System/Library/PrivateFrameworks/CoreServicesStore.framework/Versions/A/CoreServicesStore
0x00000001ae03c000 	/usr/lib/libxslt.1.dylib
0x00000001acd8a000 	/System/Library/PrivateFrameworks/BackgroundTaskManagement.framework/Versions/A/BackgroundTaskManagement
0x00000001af2d4000 	/System/Library/Frameworks/ImageIO.framework/Versions/A/Resources/libRadiance.dylib
0x00000001af2dd000 	/System/Library/Frameworks/ImageIO.framework/Versions/A/Resources/libJPEG.dylib
0x00000001af230000 	/System/Library/Frameworks/ImageIO.framework/Versions/A/Resources/libPng.dylib
0x00000001af252000 	/System/Library/Frameworks/ImageIO.framework/Versions/A/Resources/libTIFF.dylib
0x00000001af338000 	/System/Library/Frameworks/ImageIO.framework/Versions/A/Resources/libGIF.dylib
0x00000001aec6c000 	/System/Library/Frameworks/ImageIO.framework/Versions/A/Resources/libJP2.dylib
0x00000001ae38e000 	/usr/lib/libexpat.1.dylib
0x00000001aec27000 	/System/Library/PrivateFrameworks/AppleJPEG.framework/Versions/A/AppleJPEG
0x00000001ab749000 	/System/Library/PrivateFrameworks/FontServices.framework/libFontParser.dylib
0x00000001a93c7000 	/System/Library/PrivateFrameworks/RunningBoardServices.framework/Versions/A/RunningBoardServices
0x00000001b9c45000 	/System/Library/PrivateFrameworks/IOSurfaceAccelerator.framework/Versions/A/IOSurfaceAccelerator
0x00000001aed58000 	/System/Library/PrivateFrameworks/WatchdogClient.framework/Versions/A/WatchdogClient
0x00000001a400e000 	/System/Library/Frameworks/CoreDisplay.framework/Versions/A/CoreDisplay
0x00000001ab633000 	/System/Library/Frameworks/CoreMedia.framework/Versions/A/CoreMedia
0x00000001ab4c0000 	/System/Library/PrivateFrameworks/IOAccelerator.framework/Versions/A/IOAccelerator
0x00000001aa260000 	/System/Library/Frameworks/CoreVideo.framework/Versions/A/CoreVideo
0x00000001ad9b3000 	/System/Library/Frameworks/MetalPerformanceShaders.framework/Versions/A/MetalPerformanceShaders
0x00000001aed97000 	/System/Library/Frameworks/VideoToolbox.framework/Versions/A/VideoToolbox
0x00000001a930b000 	/System/Library/PrivateFrameworks/BaseBoard.framework/Versions/A/BaseBoard
0x00000001a9099000 	/System/Library/PrivateFrameworks/ProtocolBuffer.framework/Versions/A/ProtocolBuffer
0x00000001af2cf000 	/System/Library/PrivateFrameworks/GPUWrangler.framework/Versions/A/GPUWrangler
0x00000001af2af000 	/System/Library/PrivateFrameworks/IOPresentment.framework/Versions/A/IOPresentment
0x00000001af2d7000 	/System/Library/PrivateFrameworks/DSExternalDisplay.framework/Versions/A/DSExternalDisplay
0x000000020407e000 	/System/Library/Frameworks/OpenGL.framework/Versions/A/Libraries/libCoreFSCache.dylib
0x000000020e53d000 	/System/Library/PrivateFrameworks/GPUCompiler.framework/Versions/31001/Libraries/libGPUCompilerUtils.dylib
0x00000001af33d000 	/System/Library/PrivateFrameworks/CMCaptureCore.framework/Versions/A/CMCaptureCore
0x00000001ae93f000 	/System/Library/PrivateFrameworks/AppServerSupport.framework/Versions/A/AppServerSupport
0x00000001b0bc0000 	/System/Library/PrivateFrameworks/perfdata.framework/Versions/A/perfdata
0x00000001a412e000 	/System/Library/PrivateFrameworks/AudioToolboxCore.framework/Versions/A/AudioToolboxCore
0x00000001ab60c000 	/System/Library/PrivateFrameworks/caulk.framework/Versions/A/caulk
0x00000001b04b5000 	/usr/lib/libAudioStatistics.dylib
0x00000001c240a000 	/System/Library/PrivateFrameworks/SystemPolicy.framework/Versions/A/SystemPolicy
0x00000001b0721000 	/usr/lib/libSMC.dylib
0x00000001b9454000 	/System/Library/Frameworks/CoreMIDI.framework/Versions/A/CoreMIDI
0x00000001af1fe000 	/usr/lib/libAudioToolboxUtility.dylib
0x00000001be4d7000 	/System/Library/PrivateFrameworks/OSAServicesClient.framework/Versions/A/OSAServicesClient
0x00000001b0bcd000 	/usr/lib/libperfcheck.dylib
0x00000001c2f22000 	/usr/lib/libmis.dylib
0x00000002040e0000 	/System/Library/Frameworks/OpenGL.framework/Versions/A/Libraries/libGLU.dylib
0x000000020409f000 	/System/Library/Frameworks/OpenGL.framework/Versions/A/Libraries/libGFXShared.dylib
0x000000020428c000 	/System/Library/Frameworks/OpenGL.framework/Versions/A/Libraries/libGL.dylib
0x00000002040a8000 	/System/Library/Frameworks/OpenGL.framework/Versions/A/Libraries/libGLImage.dylib
0x000000020409c000 	/System/Library/Frameworks/OpenGL.framework/Versions/A/Libraries/libCVMSPluginSupport.dylib
0x0000000204085000 	/System/Library/Frameworks/OpenGL.framework/Versions/A/Libraries/libCoreVMClient.dylib
0x00000001ac1bd000 	/System/Library/Frameworks/MetalPerformanceShaders.framework/Versions/A/Frameworks/MPSCore.framework/Versions/A/MPSCore
0x00000001ad365000 	/System/Library/Frameworks/MetalPerformanceShaders.framework/Versions/A/Frameworks/MPSImage.framework/Versions/A/MPSImage
0x00000001ace54000 	/System/Library/Frameworks/MetalPerformanceShaders.framework/Versions/A/Frameworks/MPSNeuralNetwork.framework/Versions/A/MPSNeuralNetwork
0x00000001ad28d000 	/System/Library/Frameworks/MetalPerformanceShaders.framework/Versions/A/Frameworks/MPSMatrix.framework/Versions/A/MPSMatrix
0x00000001ad066000 	/System/Library/Frameworks/MetalPerformanceShaders.framework/Versions/A/Frameworks/MPSRayIntersector.framework/Versions/A/MPSRayIntersector
0x00000001ad2be000 	/System/Library/Frameworks/MetalPerformanceShaders.framework/Versions/A/Frameworks/MPSNDArray.framework/Versions/A/MPSNDArray
0x00000002061f7000 	/System/Library/Frameworks/MetalPerformanceShaders.framework/Versions/A/Frameworks/MPSFunctions.framework/Versions/A/MPSFunctions
0x00000001a33c4000 	/System/Library/PrivateFrameworks/MetalTools.framework/Versions/A/MetalTools
0x00000001ac23b000 	/System/Library/PrivateFrameworks/AggregateDictionary.framework/Versions/A/AggregateDictionary
0x00000001ae173000 	/usr/lib/libIOReport.dylib
0x00000001b8472000 	/System/Library/PrivateFrameworks/ASEProcessing.framework/Versions/A/ASEProcessing
0x00000001ae4e8000 	/System/Library/PrivateFrameworks/FaceCore.framework/Versions/A/FaceCore
0x00000001ae4da000 	/System/Library/PrivateFrameworks/GraphVisualizer.framework/Versions/A/GraphVisualizer
0x000000020e454000 	/System/Library/PrivateFrameworks/FontServices.framework/Versions/A/FontServices
0x00000001ae8fb000 	/System/Library/PrivateFrameworks/OTSVG.framework/Versions/A/OTSVG
0x00000001a9e2a000 	/System/Library/Frameworks/ApplicationServices.framework/Versions/A/Frameworks/ATS.framework/Versions/A/Resources/libFontRegistry.dylib
0x00000001ae948000 	/System/Library/PrivateFrameworks/FontServices.framework/libhvf.dylib
0x000000020e455000 	/System/Library/PrivateFrameworks/FontServices.framework/libXTFontStaticRegistryData.dylib
0x000000020442d000 	/System/Library/Frameworks/OpenCL.framework/Versions/A/OpenCL
0x00000001ae342000 	/System/Library/PrivateFrameworks/AppleVA.framework/Versions/A/AppleVA
0x00000001b04dd000 	/System/Library/Frameworks/ApplicationServices.framework/Versions/A/Frameworks/ATS.framework/Versions/A/ATS
0x00000001a8857000 	/System/Library/Frameworks/ApplicationServices.framework/Versions/A/Frameworks/HIServices.framework/Versions/A/HIServices
0x00000001af347000 	/System/Library/Frameworks/ApplicationServices.framework/Versions/A/Frameworks/PrintCore.framework/Versions/A/PrintCore
0x00000001b0874000 	/System/Library/Frameworks/ApplicationServices.framework/Versions/A/Frameworks/QD.framework/Versions/A/QD
0x00000001b086c000 	/System/Library/Frameworks/ApplicationServices.framework/Versions/A/Frameworks/ColorSyncLegacy.framework/Versions/A/ColorSyncLegacy
0x00000001b04c9000 	/System/Library/Frameworks/ApplicationServices.framework/Versions/A/Frameworks/SpeechSynthesis.framework/Versions/A/SpeechSynthesis
0x00000001af308000 	/System/Library/Frameworks/ApplicationServices.framework/Versions/A/Frameworks/ATSUI.framework/Versions/A/ATSUI
0x00000001b0801000 	/usr/lib/libcups.2.dylib
0x00000001b0bdb000 	/System/Library/Frameworks/Kerberos.framework/Versions/A/Kerberos
0x00000001b0bec000 	/System/Library/Frameworks/GSS.framework/Versions/A/GSS
0x00000001b054d000 	/usr/lib/libresolv.9.dylib
0x00000001ae957000 	/System/Library/PrivateFrameworks/Heimdal.framework/Versions/A/Heimdal
0x00000001b76a7000 	/System/Library/Frameworks/Kerberos.framework/Versions/A/Libraries/libHeimdalProxy.dylib
0x00000001a94a5000 	/System/Library/Frameworks/Network.framework/Versions/A/Network
0x00000001ae3a9000 	/usr/lib/libheimdal-asn1.dylib
0x00000001b0c3c000 	/System/Library/PrivateFrameworks/CommonAuth.framework/Versions/A/CommonAuth
0x00000001b0443000 	/System/Library/PrivateFrameworks/AudioSession.framework/Versions/A/AudioSession
0x00000001ae43b000 	/System/Library/PrivateFrameworks/MediaExperience.framework/Versions/A/MediaExperience
0x00000001b02c9000 	/System/Library/PrivateFrameworks/AudioSession.framework/libSessionUtility.dylib
0x00000001b0880000 	/System/Library/PrivateFrameworks/AudioResourceArbitration.framework/Versions/A/AudioResourceArbitration
0x00000001b4a36000 	/System/Library/PrivateFrameworks/PowerLog.framework/Versions/A/PowerLog
0x00000001ae3b3000 	/System/Library/PrivateFrameworks/IconFoundation.framework/Versions/A/IconFoundation
0x00000001b377f000 	/System/Library/PrivateFrameworks/SpeechRecognitionCore.framework/Versions/A/SpeechRecognitionCore
0x0000000105cec000 	/Users/youssefgeorge/Library/Java/JavaVirtualMachines/openjdk-17.0.2/Contents/Home/lib/server/libjvm.dylib
0x0000000104c50000 	/Users/youssefgeorge/Library/Java/JavaVirtualMachines/openjdk-17.0.2/Contents/Home/lib/libjimage.dylib
0x0000000104c7c000 	/Users/youssefgeorge/Library/Java/JavaVirtualMachines/openjdk-17.0.2/Contents/Home/lib/libinstrument.dylib
0x0000000104cc8000 	/Users/youssefgeorge/Library/Java/JavaVirtualMachines/openjdk-17.0.2/Contents/Home/lib/libjava.dylib
0x0000000104cfc000 	/Users/youssefgeorge/Library/Java/JavaVirtualMachines/openjdk-17.0.2/Contents/Home/lib/libnio.dylib
0x0000000105c60000 	/Users/youssefgeorge/Library/Java/JavaVirtualMachines/openjdk-17.0.2/Contents/Home/lib/libnet.dylib
0x0000000104cb0000 	/Users/youssefgeorge/Library/Java/JavaVirtualMachines/openjdk-17.0.2/Contents/Home/lib/libzip.dylib
0x0000000105c84000 	/Users/youssefgeorge/.openjfx/cache/17.0.1/libprism_es2.dylib
0x00000001a560b000 	/System/Library/PrivateFrameworks/CoreServicesInternal.framework/Versions/A/CoreServicesInternal
0x0000000204296000 	/System/Library/Frameworks/OpenGL.framework/Versions/A/Resources/GLEngine.bundle/GLEngine
0x000000020411e000 	/System/Library/Frameworks/OpenGL.framework/Versions/A/Libraries/libGLProgrammability.dylib
0x000000012d13c000 	/System/Library/Extensions/AppleMetalOpenGLRenderer.bundle/Contents/MacOS/AppleMetalOpenGLRenderer
0x0000000204405000 	/System/Library/Frameworks/OpenGL.framework/Versions/A/Resources/GLRendererFloat.bundle/GLRendererFloat
0x0000000204505000 	/System/Library/Extensions/AGXMetal13_3.bundle/Contents/MacOS/AGXMetal13_3
0x00000001c2f3e000 	/System/Library/PrivateFrameworks/GPURawCounter.framework/Versions/A/GPURawCounter
0x00000001bd648000 	/System/Library/PrivateFrameworks/IOGPU.framework/Versions/A/IOGPU
0x000000012d084000 	/Users/youssefgeorge/.openjfx/cache/17.0.1/libglass.dylib
0x00000001b4c8e000 	/System/Library/Frameworks/FileProvider.framework/Versions/A/FileProvider
0x00000001a9273000 	/System/Library/Frameworks/Accounts.framework/Versions/A/Accounts
0x00000001b4e12000 	/System/Library/PrivateFrameworks/GenerationalStorage.framework/Versions/A/GenerationalStorage
0x00000001b59d5000 	/System/Library/PrivateFrameworks/CoreSymbolication.framework/Versions/A/CoreSymbolication
0x00000001b4a2a000 	/System/Library/PrivateFrameworks/SymptomDiagnosticReporter.framework/Versions/A/SymptomDiagnosticReporter
0x00000001a68fb000 	/System/Library/PrivateFrameworks/DesktopServicesPriv.framework/Versions/A/DesktopServicesPriv
0x00000001a576d000 	/usr/lib/libsandbox.1.dylib
0x00000001aa2ee000 	/System/Library/PrivateFrameworks/UserManagement.framework/Versions/A/UserManagement
0x00000001b5992000 	/System/Library/PrivateFrameworks/DebugSymbols.framework/Versions/A/DebugSymbols
0x00000001b085f000 	/System/Library/PrivateFrameworks/NetAuth.framework/Versions/A/NetAuth
0x00000001b177d000 	/System/Library/PrivateFrameworks/Sharing.framework/Versions/A/Sharing
0x00000001aa2be000 	/System/Library/PrivateFrameworks/login.framework/Versions/A/Frameworks/loginsupport.framework/Versions/A/loginsupport
0x00000001b6bc7000 	/System/Library/PrivateFrameworks/Apple80211.framework/Versions/A/Apple80211
0x00000001ad449000 	/System/Library/PrivateFrameworks/AuthKit.framework/Versions/A/AuthKit
0x00000001acaca000 	/System/Library/PrivateFrameworks/CoreUtils.framework/Versions/A/CoreUtils
0x00000001ac9ed000 	/System/Library/Frameworks/CoreWLAN.framework/Versions/A/CoreWLAN
0x00000001b18ed000 	/System/Library/Frameworks/IOBluetooth.framework/Versions/A/IOBluetooth
0x00000001b6c27000 	/System/Library/PrivateFrameworks/CoreWiFi.framework/Versions/A/CoreWiFi
0x00000001b5572000 	/System/Library/PrivateFrameworks/FrontBoardServices.framework/Versions/A/FrontBoardServices
0x00000001b560a000 	/System/Library/PrivateFrameworks/BoardServices.framework/Versions/A/BoardServices
0x00000001acce4000 	/System/Library/PrivateFrameworks/AssertionServices.framework/Versions/A/AssertionServices
0x00000001b6da4000 	/System/Library/PrivateFrameworks/BackBoardServices.framework/Versions/A/BackBoardServices
0x00000001b0cd3000 	/System/Library/PrivateFrameworks/CorePhoneNumbers.framework/Versions/A/CorePhoneNumbers
0x00000001b4b5a000 	/System/Library/PrivateFrameworks/DiskManagement.framework/Versions/A/DiskManagement
0x00000001b4a5d000 	/System/Library/PrivateFrameworks/AppleIDAuthSupport.framework/Versions/A/AppleIDAuthSupport
0x0000000208a1e000 	/System/Library/PrivateFrameworks/AAAFoundation.framework/Versions/A/AAAFoundation
0x00000001b0cb2000 	/System/Library/PrivateFrameworks/KeychainCircle.framework/Versions/A/KeychainCircle
0x00000001b4b26000 	/System/Library/PrivateFrameworks/MediaKit.framework/Versions/A/MediaKit
0x00000001b4a6a000 	/System/Library/Frameworks/DiscRecording.framework/Versions/A/DiscRecording
0x00000001ae2be000 	/usr/lib/libCoreStorage.dylib
0x00000001b70a1000 	/usr/lib/libcsfde.dylib
0x00000001b19c2000 	/System/Library/PrivateFrameworks/ProtectedCloudStorage.framework/Versions/A/ProtectedCloudStorage
0x00000001b7099000 	/System/Library/PrivateFrameworks/EFILogin.framework/Versions/A/EFILogin
0x00000001b4e39000 	/System/Library/PrivateFrameworks/OctagonTrust.framework/Versions/A/OctagonTrust
0x000000020d5ef000 	/System/Library/PrivateFrameworks/CoreUtilsExtras.framework/Versions/A/CoreUtilsExtras
0x00000001b498f000 	/System/Library/Frameworks/CoreBluetooth.framework/Versions/A/CoreBluetooth
0x00000001b772c000 	/System/Library/Frameworks/AudioUnit.framework/Versions/A/AudioUnit
0x00000001ae2b6000 	/usr/lib/libMatch.1.dylib
0x00000001c73ea000 	/System/Library/Frameworks/Accelerate.framework/Versions/A/Frameworks/vImage.framework/Versions/A/Libraries/libCGInterfaces.dylib
0x000000012f688000 	/usr/lib/libobjc-trampolines.dylib
0x00000001a9fb8000 	/System/Library/PrivateFrameworks/ViewBridge.framework/Versions/A/ViewBridge
0x00000001aea1a000 	/System/Library/PrivateFrameworks/login.framework/Versions/A/login
0x000000013e74c000 	/Users/youssefgeorge/.openjfx/cache/17.0.1/libjavafx_font.dylib
0x000000013e79c000 	/System/Library/Frameworks/FileProvider.framework/OverrideBundles/CloudDocsFileProvider.bundle/Contents/MacOS/CloudDocsFileProvider
0x00000001aa513000 	/System/Library/PrivateFrameworks/CloudDocs.framework/Versions/A/CloudDocs
0x00000001b73d6000 	/System/Library/PrivateFrameworks/AppleAccount.framework/Versions/A/AppleAccount
0x00000001b19a9000 	/System/Library/PrivateFrameworks/AppContainer.framework/Versions/A/AppContainer
0x00000001b1457000 	/System/Library/PrivateFrameworks/IDS.framework/Versions/A/IDS
0x00000001b7520000 	/System/Library/PrivateFrameworks/AppleIDSSOAuthentication.framework/Versions/A/AppleIDSSOAuthentication
0x00000001aa2c1000 	/System/Library/PrivateFrameworks/ApplePushService.framework/Versions/A/ApplePushService
0x00000001b711f000 	/System/Library/PrivateFrameworks/AppSupport.framework/Versions/A/AppSupport
0x00000001b0228000 	/System/Library/PrivateFrameworks/IMFoundation.framework/Versions/A/IMFoundation
0x00000001bdceb000 	/System/Library/PrivateFrameworks/Marco.framework/Versions/A/Marco
0x00000001b15d1000 	/System/Library/PrivateFrameworks/IDSFoundation.framework/Versions/A/IDSFoundation
0x00000001a92f1000 	/System/Library/PrivateFrameworks/CommonUtilities.framework/Versions/A/CommonUtilities
0x00000001c2b0a000 	/System/Library/PrivateFrameworks/FTServices.framework/Versions/A/FTServices
0x00000001bb033000 	/System/Library/PrivateFrameworks/Engram.framework/Versions/A/Engram
0x00000001bafd5000 	/usr/lib/libtidy.A.dylib
0x00000001aebd4000 	/System/Library/PrivateFrameworks/Bom.framework/Versions/A/Bom
0x00000001b058a000 	/usr/lib/libParallelCompression.dylib
0x00000001ae17c000 	/System/Library/PrivateFrameworks/CrashReporterSupport.framework/Versions/A/CrashReporterSupport
0x00000001ccda9000 	/System/Library/PrivateFrameworks/FTAWD.framework/Versions/A/FTAWD
0x00000001cee63000 	/System/Library/PrivateFrameworks/OSAnalytics.framework/Versions/A/OSAnalytics
0x00000001da161000 	/System/Library/PrivateFrameworks/Symbolication.framework/Versions/A/Symbolication
0x00000001c2eff000 	/System/Library/PrivateFrameworks/MallocStackLogging.framework/Versions/A/MallocStackLogging
0x00000001b3e9d000 	/System/Library/PrivateFrameworks/CoreDaemon.framework/Versions/B/CoreDaemon
0x00000001b3e97000 	/System/Library/PrivateFrameworks/AppleSRP.framework/Versions/A/AppleSRP
0x00000001acd95000 	/System/Library/Frameworks/ServiceManagement.framework/Versions/A/ServiceManagement
0x00000001b19be000 	/System/Library/PrivateFrameworks/SecCodeWrapper.framework/Versions/A/SecCodeWrapper
0x000000013e7b4000 	/System/Library/Frameworks/FileProvider.framework/OverrideBundles/FileProviderOverride.bundle/Contents/MacOS/FileProviderOverride
0x000000013fabc000 	/System/Library/Frameworks/FileProvider.framework/OverrideBundles/FinderSyncCollaborationFileProviderOverride.bundle/Contents/MacOS/FinderSyncCollaborationFileProviderOverride
0x00000001d3634000 	/System/Library/PrivateFrameworks/FinderSyncPriv.framework/Versions/A/FinderSyncPriv
0x00000001c0cea000 	/usr/lib/libFosl_dynamic.dylib
0x00000001c6cc2000 	/usr/lib/libncurses.5.4.dylib


VM Arguments:
jvm_args: -javaagent:/Applications/IntelliJ IDEA.app/Contents/lib/idea_rt.jar=50324:/Applications/IntelliJ IDEA.app/Contents/bin -Dfile.encoding=UTF-8 --module-path=/Users/youssefgeorge/.m2/repository/org/openjfx/javafx-fxml/17.0.1/javafx-fxml-17.0.1-mac-aarch64.jar:/Users/youssefgeorge/.m2/repository/com/fasterxml/jackson/core/jackson-annotations/2.13.3/jackson-annotations-2.13.3.jar:/Users/youssefgeorge/.m2/repository/org/openjfx/javafx-controls/17.0.1/javafx-controls-17.0.1-mac-aarch64.jar:/Users/youssefgeorge/.m2/repository/com/fasterxml/jackson/core/jackson-core/2.13.3/jackson-core-2.13.3.jar:/Volumes/D/Uni/Semester 6/CSE338 SW Testing VV/Project/CSE338Project/target/classes:/Users/youssefgeorge/.m2/repository/org/json/json/20090211/json-20090211.jar:/Users/youssefgeorge/.m2/repository/com/fasterxml/jackson/core/jackson-databind/2.13.3/jackson-databind-2.13.3.jar:/Users/youssefgeorge/.m2/repository/org/jsoup/jsoup/1.15.1/jsoup-1.15.1.jar:/Users/youssefgeorge/.m2/repository/org/openjfx/javafx-graphics/17.0.1/javafx-graphics-17.0.1-mac-aarch64.jar:/Users/youssefgeorge/.m2/repository/org/openjfx/javafx-base/17.0.1/javafx-base-17.0.1-mac-aarch64.jar -Djdk.module.main=com.example.cse338project 
java_command: com.example.cse338project/com.example.cse338project.gui.Main
java_class_path (initial): /Users/youssefgeorge/.m2/repository/com/fasterxml/jackson/dataformat/jackson-dataformat-yaml/2.5.3/jackson-dataformat-yaml-2.5.3.jar:/Users/youssefgeorge/.m2/repository/com/fasterxml/jackson/core/jackson-core/2.5.3/jackson-core-2.5.3.jar:/Users/youssefgeorge/.m2/repository/com/fasterxml/jackson/core/jackson-databind/2.5.3/jackson-databind-2.5.3.jar:/Users/youssefgeorge/.m2/repository/com/fasterxml/jackson/core/jackson-annotations/2.5.0/jackson-annotations-2.5.0.jar:/Users/youssefgeorge/.m2/repository/org/yaml/snakeyaml/1.12/snakeyaml-1.12.jar:/Users/youssefgeorge/.m2/repository/org/openjfx/javafx-controls/17.0.1/javafx-controls-17.0.1.jar:/Users/youssefgeorge/.m2/repository/org/openjfx/javafx-graphics/17.0.1/javafx-graphics-17.0.1.jar:/Users/youssefgeorge/.m2/repository/org/openjfx/javafx-base/17.0.1/javafx-base-17.0.1.jar:/Users/youssefgeorge/.m2/repository/org/openjfx/javafx-fxml/17.0.1/javafx-fxml-17.0.1.jar
Launcher Type: SUN_STANDARD

[Global flags]
     intx CICompilerCount                          = 4                                         {product} {ergonomic}
     uint ConcGCThreads                            = 2                                         {product} {ergonomic}
     uint G1ConcRefinementThreads                  = 8                                         {product} {ergonomic}
   size_t G1HeapRegionSize                         = 1048576                                   {product} {ergonomic}
    uintx GCDrainStackTargetSize                   = 64                                        {product} {ergonomic}
   size_t InitialHeapSize                          = 134217728                                 {product} {ergonomic}
   size_t MarkStackSize                            = 4194304                                   {product} {ergonomic}
   size_t MaxHeapSize                              = 2147483648                                {product} {ergonomic}
   size_t MaxNewSize                               = 1287651328                                {product} {ergonomic}
   size_t MinHeapDeltaBytes                        = 1048576                                   {product} {ergonomic}
   size_t MinHeapSize                              = 8388608                                   {product} {ergonomic}
    uintx NonNMethodCodeHeapSize                   = 5839564                                {pd product} {ergonomic}
    uintx NonProfiledCodeHeapSize                  = 122909338                              {pd product} {ergonomic}
    uintx ProfiledCodeHeapSize                     = 122909338                              {pd product} {ergonomic}
    uintx ReservedCodeCacheSize                    = 251658240                              {pd product} {ergonomic}
     bool SegmentedCodeCache                       = true                                      {product} {ergonomic}
   size_t SoftMaxHeapSize                          = 2147483648                             {manageable} {ergonomic}
     bool UseCompressedClassPointers               = true                           {product lp64_product} {ergonomic}
     bool UseCompressedOops                        = true                           {product lp64_product} {ergonomic}
     bool UseG1GC                                  = true                                      {product} {ergonomic}
     bool UseNUMA                                  = false                                     {product} {ergonomic}
     bool UseNUMAInterleaving                      = false                                     {product} {ergonomic}

Logging:
Log output configuration:
 #0: stdout all=warning uptime,level,tags
 #1: stderr all=off uptime,level,tags

Environment Variables:
PATH=/opt/homebrew/bin:/usr/local/bin:/usr/bin:/bin:/usr/sbin:/sbin
SHELL=/bin/zsh
LC_CTYPE=en_US.UTF-8

Signal Handlers:
   SIGSEGV: _ZL13crash_handleriP9__siginfoPv in libjvm.dylib, mask=11100110000111110111111111111111, flags=SA_RESTART|SA_SIGINFO
    SIGBUS: _ZL13crash_handleriP9__siginfoPv in libjvm.dylib, mask=11100110000111110111111111111111, flags=SA_RESTART|SA_SIGINFO
    SIGFPE: _ZL13crash_handleriP9__siginfoPv in libjvm.dylib, mask=11100110000111110111111111111111, flags=SA_RESTART|SA_SIGINFO
   SIGPIPE: _ZL17javaSignalHandleriP9__siginfoPv in libjvm.dylib, mask=11100110000111110111111111111111, flags=SA_RESTART|SA_SIGINFO
   SIGXFSZ: _ZL17javaSignalHandleriP9__siginfoPv in libjvm.dylib, mask=11100110000111110111111111111111, flags=SA_RESTART|SA_SIGINFO
    SIGILL: _ZL13crash_handleriP9__siginfoPv in libjvm.dylib, mask=11100110000111110111111111111111, flags=SA_RESTART|SA_SIGINFO
   SIGUSR2: _ZL10SR_handleriP9__siginfoP17__darwin_ucontext in libjvm.dylib, mask=00100000000000000000000000000000, flags=SA_RESTART|SA_SIGINFO
    SIGHUP: _ZL11UserHandleriPvS_ in libjvm.dylib, mask=11100110000111110111111111111111, flags=SA_RESTART|SA_SIGINFO
    SIGINT: _ZL11UserHandleriPvS_ in libjvm.dylib, mask=11100110000111110111111111111111, flags=SA_RESTART|SA_SIGINFO
   SIGTERM: _ZL11UserHandleriPvS_ in libjvm.dylib, mask=11100110000111110111111111111111, flags=SA_RESTART|SA_SIGINFO
   SIGQUIT: _ZL11UserHandleriPvS_ in libjvm.dylib, mask=11100110000111110111111111111111, flags=SA_RESTART|SA_SIGINFO
   SIGTRAP: _ZL13crash_handleriP9__siginfoPv in libjvm.dylib, mask=11100110000111110111111111111111, flags=SA_RESTART|SA_SIGINFO


---------------  S Y S T E M  ---------------

OS:
uname: Darwin 21.4.0 Darwin Kernel Version 21.4.0: Mon Feb 21 20:36:53 PST 2022; root:xnu-8020.101.4~2/RELEASE_ARM64_T8101 arm64
OS uptime: 1 days 4:43 hours
rlimit (soft/hard): STACK 8176k/65520k , CORE 0k/infinity , NPROC 1333/2000 , NOFILE 10240/infinity , AS infinity/infinity , CPU infinity/infinity , DATA infinity/infinity , FSIZE infinity/infinity , MEMLOCK infinity/infinity , RSS infinity/infinity
load average: 2.11 1.81 1.78

CPU: total 8 (initial active 8) 0x61:0x0:0x1b588bb3:0, fp, simd, crc, lse

Memory: 16k page, physical 8388608k(172352k free), swap 3145728k(1295360k free)

vm_info: OpenJDK 64-Bit Server VM (17.0.2+8-86) for bsd-aarch64 JRE (17.0.2+8-86), built on Dec  7 2021 21:45:06 by "mach5one" with clang Apple LLVM 12.0.0 (clang-1200.0.32.29)

END.
