#
# A fatal error has been detected by the Java Runtime Environment:
#
#  SIGBUS (0xa) at pc=0x00000001390014f0, pid=34755, tid=35075
#
# JRE version: OpenJDK Runtime Environment (17.0.2+8) (build 17.0.2+8-86)
# Java VM: OpenJDK 64-Bit Server VM (17.0.2+8-86, mixed mode, sharing, tiered, compressed oops, compressed class ptrs, g1 gc, bsd-aarch64)
# Problematic frame:
# v  ~StubRoutines::SafeFetchN
#
# No core dump will be written. Core dumps have been disabled. To enable core dumping, try "ulimit -c unlimited" before starting Java again
#
# If you would like to submit a bug report, please visit:
#   https://bugreport.java.com/bugreport/crash.jsp
# The crash happened outside the Java Virtual Machine in native code.
# See problematic frame for where to report the bug.
#

---------------  S U M M A R Y ------------

Command Line: -javaagent:/Applications/IntelliJ IDEA.app/Contents/lib/idea_rt.jar=56465:/Applications/IntelliJ IDEA.app/Contents/bin -Dfile.encoding=UTF-8 --module-path=/Users/youssefgeorge/.m2/repository/org/jsoup/jsoup/1.15.1/jsoup-1.15.1.jar:/Users/youssefgeorge/.m2/repository/com/fasterxml/jackson/core/jackson-core/2.13.3/jackson-core-2.13.3.jar:/Volumes/D/Uni/Semester 6/CSE338 SW Testing VV/Project/CSE338Project/target/classes:/Users/youssefgeorge/.m2/repository/org/openjfx/javafx-fxml/17.0.1/javafx-fxml-17.0.1-mac-aarch64.jar:/Users/youssefgeorge/.m2/repository/org/openjfx/javafx-graphics/17.0.1/javafx-graphics-17.0.1-mac-aarch64.jar:/Users/youssefgeorge/.m2/repository/org/openjfx/javafx-controls/17.0.1/javafx-controls-17.0.1-mac-aarch64.jar:/Users/youssefgeorge/.m2/repository/com/fasterxml/jackson/core/jackson-annotations/2.13.3/jackson-annotations-2.13.3.jar:/Users/youssefgeorge/.m2/repository/org/openjfx/javafx-base/17.0.1/javafx-base-17.0.1-mac-aarch64.jar:/Users/youssefgeorge/.m2/repository/org/json/json/20090211/json-20090211.jar:/Users/youssefgeorge/.m2/repository/com/fasterxml/jackson/core/jackson-databind/2.13.3/jackson-databind-2.13.3.jar -Djdk.module.main=com.example.cse338project com.example.cse338project/com.example.cse338project.gui.Main

Host: "MacBookPro17,1" arm64 1 MHz, 8 cores, 8G, Darwin 21.4.0, macOS 12.3 (21E230)
Time: Sun May 29 03:20:38 2022 EET elapsed time: 4.749914 seconds (0d 0h 0m 4s)

---------------  T H R E A D  ---------------

Current thread (0x000000013693dc00):  JavaThread "InvokeLaterDispatcher" daemon [_thread_in_native, id=35075, stack(0x0000000171d7c000,0x0000000171f7f000)]

Stack: [0x0000000171d7c000,0x0000000171f7f000],  sp=0x0000000171f7e780,  free space=2057k
Native frames: (J=compiled Java code, j=interpreted, Vv=VM code, C=native code)
v  ~StubRoutines::SafeFetchN
V  [libjvm.dylib+0x7a6bcc]  OopStorage::release(oopDesc* const*)+0x20
V  [libjvm.dylib+0x4ba824]  jni_DeleteGlobalRef+0xd8
C  [libglass.dylib+0xab08]  -[GlassRunnable dealloc]+0x34
C  [Foundation+0x85618]  -[_NSThreadPerformInfo dealloc]+0x30
C  [Foundation+0x5198c]  -[NSObject(NSThreadPerformAdditions) performSelectorOnMainThread:withObject:waitUntilDone:]+0x88
C  0x52748001390098ac
j  com.sun.glass.ui.mac.MacApplication.submitForLaterInvocation(Ljava/lang/Runnable;)V+2 javafx.graphics
j  com.sun.glass.ui.InvokeLaterDispatcher.run()V+82 javafx.graphics
v  ~StubRoutines::call_stub
V  [libjvm.dylib+0x461d08]  JavaCalls::call_helper(JavaValue*, methodHandle const&, JavaCallArguments*, JavaThread*)+0x38c
V  [libjvm.dylib+0x460d24]  JavaCalls::call_virtual(JavaValue*, Klass*, Symbol*, Symbol*, JavaCallArguments*, JavaThread*)+0x11c
V  [libjvm.dylib+0x460df0]  JavaCalls::call_virtual(JavaValue*, Handle, Klass*, Symbol*, Symbol*, JavaThread*)+0x64
V  [libjvm.dylib+0x515f04]  thread_entry(JavaThread*, JavaThread*)+0xc4
V  [libjvm.dylib+0x9071ac]  JavaThread::thread_main_inner()+0x13c
V  [libjvm.dylib+0x9058c0]  Thread::call_run()+0x128
V  [libjvm.dylib+0x7ad7c8]  thread_native_entry(Thread*)+0x158
C  [libsystem_pthread.dylib+0x726c]  _pthread_start+0x94

Java frames: (J=compiled Java code, j=interpreted, Vv=VM code)
j  com.sun.glass.ui.mac.MacApplication._submitForLaterInvocation(Ljava/lang/Runnable;)V+0 javafx.graphics
j  com.sun.glass.ui.mac.MacApplication.submitForLaterInvocation(Ljava/lang/Runnable;)V+2 javafx.graphics
j  com.sun.glass.ui.InvokeLaterDispatcher.run()V+82 javafx.graphics
v  ~StubRoutines::call_stub

siginfo: si_signo: 10 (SIGBUS), si_code: 1 (BUS_ADRALN), si_addr: 0x00000001390014f0

Register to memory mapping:

 x0=0x0000000135f0e608 is a global jni handle
 x1=0x0 is NULL
 x2=0x0000000787f9e818 is an oop: com.sun.glass.ui.InvokeLaterDispatcher$Future 
{0x0000000787f9e818} - klass: 'com/sun/glass/ui/InvokeLaterDispatcher$Future'
 - ---- fields (total size 3 words):
 - private 'done' 'Z' @12  true
 - private final 'runnable' 'Ljava/lang/Runnable;' @16  a 'com/sun/javafx/tk/quantum/QuantumToolkit$$Lambda$111+0x0000000800c3a418'{0x000000078012cc38} (f0025987)
 - final synthetic 'this$0' 'Lcom/sun/glass/ui/InvokeLaterDispatcher;' @20  a 'com/sun/glass/ui/InvokeLaterDispatcher'{0x00000007800d9678} (f001b2cf)
 x3=0x0 is NULL
 x4=0x00000000000130a8 is an unknown value
 x5=0x0 is NULL
 x6=0x0 is NULL
 x7=0x0 is NULL
 x8=0x00000001390014ec is at begin+0 in a stub
StubRoutines::SafeFetchN [0x00000001390014ec, 0x00000001390014f8] (12 bytes)
 x9=0x0 is NULL
x10=0x2010000030300000 is an unknown value
x11=0x0000000000000007 is an unknown value
x12=0x0000000000000004 is an unknown value
x13=0x0000600003d8fd30 points into unknown readable memory: 0xb67c00010fd4e9e8 | e8 e9 d4 0f 01 00 7c b6
x14=0x0000060000000000 is an unknown value
x15=0x000000010fd89f98: OBJC_CLASS_$_GlassRunnable+0 in /Users/youssefgeorge/.openjfx/cache/17.0.1/libglass.dylib at 0x000000010fd44000
x16=0x00000001a2bd10fc: pthread_getspecific+0 in /usr/lib/system/libsystem_pthread.dylib at 0x00000001a2bcf000
x17=0x00006000037dd740 points into unknown readable memory: 0xfffffffffffffffe | fe ff ff ff ff ff ff ff
x18=0x0 is NULL
x19=0x00006000038c82a0 points into unknown readable memory: 0x00006000011c03d0 | d0 03 1c 01 00 60 00 00
x20=0x0000000135f0e400 points into unknown readable memory: 0x0000000000000000 | 00 00 00 00 00 00 00 00
x21=0x0000000135f0e608 is a global jni handle
x22=0x000000013693dc00 is a thread
x23=0x0000000000000001 is an unknown value
x24=0x0000000135f0e5c0 is a global jni handle
x25=0x00000001028095e8: _ZN12StubRoutines17_safefetchN_entryE+0 in /Users/youssefgeorge/Library/Java/JavaVirtualMachines/openjdk-17.0.2/Contents/Home/lib/server/libjvm.dylib at 0x0000000101c58000
x26=0x000000010f51a3a8 is pointing into metadata
x27=0x0 is NULL
x28=0x000000013693dc00 is a thread


Registers:
 x0=0x0000000135f0e608  x1=0x0000000000000000  x2=0x0000000787f9e818  x3=0x0000000000000000
 x4=0x00000000000130a8  x5=0x0000000000000000  x6=0x0000000000000000  x7=0x0000000000000000
 x8=0x00000001390014ec  x9=0x0000000000000000 x10=0x2010000030300000 x11=0x0000000000000007
x12=0x0000000000000004 x13=0x0000600003d8fd30 x14=0x0000060000000000 x15=0x000000010fd89f98
x16=0x00000001a2bd10fc x17=0x00006000037dd740 x18=0x0000000000000000 x19=0x00006000038c82a0
x20=0x0000000135f0e400 x21=0x0000000135f0e608 x22=0x000000013693dc00 x23=0x0000000000000001
x24=0x0000000135f0e5c0 x25=0x00000001028095e8 x26=0x000000010f51a3a8 x27=0x0000000000000000
x28=0x000000013693dc00  fp=0x0000000171f7e7c0  lr=0x00000001023fd99c  sp=0x0000000171f7e780
pc=0x00000001390014f0 cpsr=0x0000000060001000
Top of Stack: (sp=0x0000000171f7e780)
0x0000000171f7e780:   000000010f51a3a8 0000000000000001
0x0000000171f7e790:   0000000171f7e988 0000000000000000
0x0000000171f7e7a0:   0000000136188ea8 0000000135f0e5f0
0x0000000171f7e7b0:   0000000135f0e5f0 00006000038c82a0
0x0000000171f7e7c0:   0000000171f7e800 00000001023febcc
0x0000000171f7e7d0:   0000000000000001 0000000135f0e5f0
0x0000000171f7e7e0:   0000000136188ea8 0000000135f0e5f0
0x0000000171f7e7f0:   0000000000000001 0000000136188c00
0x0000000171f7e800:   0000000171f7e840 0000000102112824
0x0000000171f7e810:   0000000171f7e988 00006000011c5b50
0x0000000171f7e820:   00006000011c5b60 00000001ecc95be0
0x0000000171f7e830:   0000000000000000 00006000011c5b60
0x0000000171f7e840:   0000000171f7e870 000000010fd4eb08
0x0000000171f7e850:   42bdb24d4c0900c9 0000000000000000
0x0000000171f7e860:   0000000000000000 00006000006cb280
0x0000000171f7e870:   0000000171f7e8b0 00000001a3b9e618
0x0000000171f7e880:   0000000171f7e988 00006000011c5b50
0x0000000171f7e890:   00006000011c5b60 42bdb24d4c0900c9
0x0000000171f7e8a0:   0000000000000000 0000000000000000
0x0000000171f7e8b0:   0000000171f7e8f0 f93a8001a3b6a98c
0x0000000171f7e8c0:   0000000171f7e988 00000001390087c0
0x0000000171f7e8d0:   0000000000000000 0000000102810fa8
0x0000000171f7e8e0:   0000000171f7e900 0000000139007730
0x0000000171f7e8f0:   0000000171f7e960 52748001390098ac
0x0000000171f7e900:   0000000171f7e968 000000010f1ce430
0x0000000171f7e910:   0000000171f7e910 0000000000000000
0x0000000171f7e920:   0000000171f7e988 000000010f51a3a8
0x0000000171f7e930:   00000007800e5bc0 0000000000000000
0x0000000171f7e940:   0000000000000000 000000010f4f3890
0x0000000171f7e950:   0000000000000000 0000000171f7e960
0x0000000171f7e960:   0000000171f7e9e0 0000000139005fc8
0x0000000171f7e970:   0000000000000000 0000000000000000 

Instructions: (pc=0x00000001390014f0)
0x00000001390013f0:   f2a04fa9 f2c00029 6d425935 1e640886
0x0000000139001400:   0c402d31 1e6408c7 1f5654d0 1e6c1017
0x0000000139001410:   1f5050d0 1f504cd0 1f5048d0 1e650af6
0x0000000139001420:   1f50d8f6 1f5694d6 1f5158f6 1e762880
0x0000000139001430:   36000501 1e614000 14000026 2e251ca5
0x0000000139001440:   d28c3009 f2a04fa9 f2c00029 6d425d36
0x0000000139001450:   1e600806 0c402d32 1f5758c7 1e6c101a
0x0000000139001460:   1f4754c7 1e650805 1f4750c7 d2866668
0x0000000139001470:   f2a7fa68 1f474cc7 1e6608c0 1f4748c7
0x0000000139001480:   1e6e1019 eb08007f 540000ac 1f479400
0x0000000139001490:   1f460340 1e603b20 1400000e d2a7fd29
0x00000001390014a0:   eb09007f 540000ac 51480069 d3607d29
0x00000001390014b0:   9e670121 14000002 1e6a5001 1f679417
0x00000001390014c0:   1f668742 1e613b23 1e773857 1e773860
0x00000001390014d0:   a8c17ff3 910003bf a8c17bfd d65f03c0
0x00000001390014e0:   b9400001 aa0103e0 d65f03c0 f9400001
0x00000001390014f0:   aa0103e0 d65f03c0 00000000 00000000
0x0000000139001500:   00000000 00000000 00000000 00000000
0x0000000139001510:   00000000 00000000 00000000 00000000
0x0000000139001520:   00000000 00000000 00000000 00000000
0x0000000139001530:   00000000 00000000 00000000 00000000
0x0000000139001540:   00000000 00000000 00000000 00000000
0x0000000139001550:   00000000 00000000 00000000 00000000
0x0000000139001560:   00000000 00000000 00000000 00000000
0x0000000139001570:   00000000 00000000 00000000 00000000
0x0000000139001580:   00000000 00000000 00000000 00000000
0x0000000139001590:   00000000 00000000 00000000 00000000
0x00000001390015a0:   00000000 00000000 00000000 00000000
0x00000001390015b0:   00000000 00000000 00000000 00000000
0x00000001390015c0:   00000000 00000000 00000000 00000000
0x00000001390015d0:   00000000 00000000 00000000 00000000
0x00000001390015e0:   00000000 00000000 00000000 00000000 


Stack slot to memory mapping:
stack at sp + 0 slots: 0x000000010f51a3a8 is pointing into metadata
stack at sp + 1 slots: 0x0000000000000001 is an unknown value
stack at sp + 2 slots: 0x0000000171f7e988 is pointing into the stack for thread: 0x000000013693dc00
stack at sp + 3 slots: 0x0 is NULL
stack at sp + 4 slots: 0x0000000136188ea8 points into unknown readable memory: 0x00000001027c6738 | 38 67 7c 02 01 00 00 00
stack at sp + 5 slots: 0x0000000135f0e5f0 is a global jni handle
stack at sp + 6 slots: 0x0000000135f0e5f0 is a global jni handle
stack at sp + 7 slots: 0x00006000038c82a0 points into unknown readable memory: 0x00006000011c03d0 | d0 03 1c 01 00 60 00 00

StubRoutines::SafeFetchN [0x00000001390014ec, 0x00000001390014f8] (12 bytes)
[MachCode]
  0x00000001390014ec: 0100 40f9 | e003 01aa | c003 5fd6 
[/MachCode]

---------------  P R O C E S S  ---------------

Threads class SMR info:
_java_thread_list=0x00006000012f0380, length=23, elements={
0x000000010a808e00, 0x0000000136897e00, 0x000000013689a600, 0x0000000136898a00,
0x000000013689f600, 0x000000013689c000, 0x000000013689c600, 0x000000013689cc00,
0x00000001368a7c00, 0x000000010a832c00, 0x00000001368d8200, 0x0000000134818200,
0x0000000134030200, 0x000000013693dc00, 0x0000000136188c00, 0x000000010a8dac00,
0x000000010a8faa00, 0x000000010a916a00, 0x0000000136a2d000, 0x0000000136a0e000,
0x000000013715ba00, 0x00000001364a4800, 0x00000001361a5a00
}

Java Threads: ( => current thread )
  0x000000010a808e00 JavaThread "main" [_thread_blocked, id=6147, stack(0x000000016f374000,0x000000016f577000)]
  0x0000000136897e00 JavaThread "Reference Handler" daemon [_thread_blocked, id=17155, stack(0x00000001701c8000,0x00000001703cb000)]
  0x000000013689a600 JavaThread "Finalizer" daemon [_thread_blocked, id=16643, stack(0x00000001703d4000,0x00000001705d7000)]
  0x0000000136898a00 JavaThread "Signal Dispatcher" daemon [_thread_blocked, id=23043, stack(0x00000001706f8000,0x00000001708fb000)]
  0x000000013689f600 JavaThread "Service Thread" daemon [_thread_blocked, id=42499, stack(0x0000000170904000,0x0000000170b07000)]
  0x000000013689c000 JavaThread "Monitor Deflation Thread" daemon [_thread_blocked, id=42243, stack(0x0000000170b10000,0x0000000170d13000)]
  0x000000013689c600 JavaThread "C2 CompilerThread0" daemon [_thread_in_native, id=41987, stack(0x0000000170d1c000,0x0000000170f1f000)]
  0x000000013689cc00 JavaThread "C1 CompilerThread0" daemon [_thread_blocked, id=41731, stack(0x0000000170f28000,0x000000017112b000)]
  0x00000001368a7c00 JavaThread "Sweeper thread" daemon [_thread_blocked, id=41475, stack(0x0000000171134000,0x0000000171337000)]
  0x000000010a832c00 JavaThread "Common-Cleaner" daemon [_thread_blocked, id=24835, stack(0x0000000171340000,0x0000000171543000)]
  0x00000001368d8200 JavaThread "Monitor Ctrl-Break" daemon [_thread_in_native, id=25091, stack(0x000000017154c000,0x000000017174f000)]
  0x0000000134818200 JavaThread "Notification Thread" daemon [_thread_blocked, id=40963, stack(0x0000000171758000,0x000000017195b000)]
  0x0000000134030200 JavaThread "QuantumRenderer-0" daemon [_thread_blocked, id=26115, stack(0x0000000171b70000,0x0000000171d73000)]
=>0x000000013693dc00 JavaThread "InvokeLaterDispatcher" daemon [_thread_in_native, id=35075, stack(0x0000000171d7c000,0x0000000171f7f000)]
  0x0000000136188c00 JavaThread "JavaFX Application Thread" [_thread_in_vm, id=259, stack(0x000000016eaec000,0x000000016f2e8000)]
  0x000000010a8dac00 JavaThread "Attach Listener" daemon [_thread_blocked, id=78083, stack(0x0000000172220000,0x0000000172423000)]
  0x000000010a8faa00 JavaThread "JavaFX-Launcher" [_thread_blocked, id=56067, stack(0x000000017242c000,0x000000017262f000)]
  0x000000010a916a00 JavaThread "Keep-Alive-Timer" daemon [_thread_blocked, id=52747, stack(0x0000000173074000,0x0000000173277000)]
  0x0000000136a2d000 JavaThread "Thread-4" [_thread_in_native, id=60419, stack(0x0000000173698000,0x000000017389b000)]
  0x0000000136a0e000 JavaThread "Thread-5" [_thread_in_native, id=60675, stack(0x00000001738a4000,0x0000000173aa7000)]
  0x000000013715ba00 JavaThread "PulseTimer-CVDisplayLink thread" daemon [_thread_in_native, id=70659, stack(0x0000000171f88000,0x000000017200b000)]
  0x00000001364a4800 JavaThread "Prism Font Disposer" daemon [_thread_blocked, id=61455, stack(0x0000000178c64000,0x0000000178e67000)]
  0x00000001361a5a00 JavaThread "Cleaner-0" daemon [_thread_blocked, id=72715, stack(0x000000017a200000,0x000000017a403000)]

Other Threads:
  0x0000000135f0bc80 VMThread "VM Thread" [stack: 0x000000016ffbc000,0x00000001701bf000] [id=17923]
  0x000000010a704d60 WatcherThread [stack: 0x0000000171964000,0x0000000171b67000] [id=25603]
  0x000000010a4065f0 GCTaskThread "GC Thread#0" [stack: 0x000000016f580000,0x000000016f783000] [id=20739]
  0x000000010a438f60 GCTaskThread "GC Thread#1" [stack: 0x0000000172638000,0x000000017283b000] [id=72195]
  0x000000010a4393e0 GCTaskThread "GC Thread#2" [stack: 0x0000000172844000,0x0000000172a47000] [id=71683]
  0x0000000135f2a9f0 GCTaskThread "GC Thread#3" [stack: 0x0000000172a50000,0x0000000172c53000] [id=59395]
  0x000000010a439860 GCTaskThread "GC Thread#4" [stack: 0x0000000172c5c000,0x0000000172e5f000] [id=59651]
  0x000000010a439ce0 GCTaskThread "GC Thread#5" [stack: 0x0000000172e68000,0x000000017306b000] [id=60163]
  0x000000010a448e70 GCTaskThread "GC Thread#6" [stack: 0x0000000173280000,0x0000000173483000] [id=35339]
  0x000000010a4492f0 GCTaskThread "GC Thread#7" [stack: 0x000000017348c000,0x000000017368f000] [id=32519]
  0x0000000135f051e0 ConcurrentGCThread "G1 Main Marker" [stack: 0x000000016f78c000,0x000000016f98f000] [id=20483]
  0x0000000135f05a60 ConcurrentGCThread "G1 Conc#0" [stack: 0x000000016f998000,0x000000016fb9b000] [id=19715]
  0x000000010a459330 ConcurrentGCThread "G1 Conc#1" [stack: 0x0000000178e70000,0x0000000179073000] [id=62211]
  0x0000000135f07790 ConcurrentGCThread "G1 Refine#0" [stack: 0x000000016fba4000,0x000000016fda7000] [id=14083]
  0x0000000135f08030 ConcurrentGCThread "G1 Service" [stack: 0x000000016fdb0000,0x000000016ffb3000] [id=14595]

Threads with active compile tasks:
C2 CompilerThread0     4769 4426       4       java.util.regex.Pattern::split (288 bytes)

VM state: not at safepoint (normal execution)

VM Mutex/Monitor currently owned by a thread: None

Heap address: 0x0000000780000000, size: 2048 MB, Compressed Oops mode: Zero based, Oop shift amount: 3

CDS archive(s) mapped at: [0x0000000800000000-0x0000000800bd4000-0x0000000800bd4000), size 12402688, SharedBaseAddress: 0x0000000800000000, ArchiveRelocationMode: 0.
Compressed class space mapped at: 0x0000000800c00000-0x0000000840c00000, reserved size: 1073741824
Narrow klass base: 0x0000000800000000, Narrow klass shift: 0, Narrow klass range: 0x100000000

GC Precious Log:
 CPUs: 8 total, 8 available
 Memory: 8192M
 Large Page Support: Disabled
 NUMA Support: Disabled
 Compressed Oops: Enabled (Zero based)
 Heap Region Size: 1M
 Heap Min Capacity: 8M
 Heap Initial Capacity: 128M
 Heap Max Capacity: 2G
 Pre-touch: Disabled
 Parallel Workers: 8
 Concurrent Workers: 2
 Concurrent Refinement Workers: 8
 Periodic GC: Disabled

Heap:
 garbage-first heap   total 61440K, used 32254K [0x0000000780000000, 0x0000000800000000)
  region size 1024K, 16 young (16384K), 5 survivors (5120K)
 Metaspace       used 26041K, committed 26368K, reserved 1073152K
  class space    used 3662K, committed 3840K, reserved 1048576K

Heap Regions: E=young(eden), S=young(survivor), O=old, HS=humongous(starts), HC=humongous(continues), CS=collection set, F=free, OA=open archive, CA=closed archive, TAMS=top-at-mark-start (previous, next)
|   0|0x0000000780000000, 0x0000000780100000, 0x0000000780100000|100%| O|  |TAMS 0x0000000780100000, 0x0000000780000000| Untracked 
|   1|0x0000000780100000, 0x0000000780200000, 0x0000000780200000|100%| O|  |TAMS 0x0000000780200000, 0x0000000780100000| Untracked 
|   2|0x0000000780200000, 0x0000000780300000, 0x0000000780300000|100%| O|  |TAMS 0x0000000780300000, 0x0000000780200000| Untracked 
|   3|0x0000000780300000, 0x0000000780400000, 0x0000000780400000|100%| O|  |TAMS 0x0000000780400000, 0x0000000780300000| Untracked 
|   4|0x0000000780400000, 0x0000000780472800, 0x0000000780500000| 44%| O|  |TAMS 0x000000078046c200, 0x0000000780400000| Untracked 
|   5|0x0000000780500000, 0x0000000780600000, 0x0000000780600000|100%| O|  |TAMS 0x0000000780500000, 0x0000000780500000| Untracked 
|   6|0x0000000780600000, 0x0000000780700000, 0x0000000780700000|100%| O|  |TAMS 0x0000000780600000, 0x0000000780600000| Untracked 
|   7|0x0000000780700000, 0x0000000780800000, 0x0000000780800000|100%| O|  |TAMS 0x0000000780700000, 0x0000000780700000| Untracked 
|   8|0x0000000780800000, 0x0000000780900000, 0x0000000780900000|100%| O|  |TAMS 0x0000000780800000, 0x0000000780800000| Untracked 
|   9|0x0000000780900000, 0x0000000780a00000, 0x0000000780a00000|100%| O|  |TAMS 0x0000000780900000, 0x0000000780900000| Untracked 
|  10|0x0000000780a00000, 0x0000000780b00000, 0x0000000780b00000|100%| O|  |TAMS 0x0000000780a00000, 0x0000000780a00000| Untracked 
|  11|0x0000000780b00000, 0x0000000780c00000, 0x0000000780c00000|100%| O|  |TAMS 0x0000000780b00000, 0x0000000780b00000| Untracked 
|  12|0x0000000780c00000, 0x0000000780d00000, 0x0000000780d00000|100%| O|  |TAMS 0x0000000780c00000, 0x0000000780c00000| Untracked 
|  13|0x0000000780d00000, 0x0000000780e00000, 0x0000000780e00000|100%| O|  |TAMS 0x0000000780d00000, 0x0000000780d00000| Untracked 
|  14|0x0000000780e00000, 0x0000000780eaec00, 0x0000000780f00000| 68%| O|  |TAMS 0x0000000780e00000, 0x0000000780e00000| Untracked 
|  15|0x0000000780f00000, 0x0000000781000000, 0x0000000781000000|100%|HS|  |TAMS 0x0000000780f00000, 0x0000000780f00000| Complete 
|  16|0x0000000781000000, 0x0000000781100000, 0x0000000781100000|100%|HC|  |TAMS 0x0000000781000000, 0x0000000781000000| Complete 
|  17|0x0000000781100000, 0x00000007811664f0, 0x0000000781200000| 39%| S|CS|TAMS 0x0000000781100000, 0x0000000781100000| Complete 
|  18|0x0000000781200000, 0x0000000781300000, 0x0000000781300000|100%| S|CS|TAMS 0x0000000781200000, 0x0000000781200000| Complete 
|  19|0x0000000781300000, 0x0000000781400000, 0x0000000781400000|100%| S|CS|TAMS 0x0000000781300000, 0x0000000781300000| Complete 
|  20|0x0000000781400000, 0x0000000781500000, 0x0000000781500000|100%| S|CS|TAMS 0x0000000781400000, 0x0000000781400000| Complete 
|  21|0x0000000781500000, 0x0000000781600000, 0x0000000781600000|100%| S|CS|TAMS 0x0000000781500000, 0x0000000781500000| Complete 
|  22|0x0000000781600000, 0x0000000781600000, 0x0000000781700000|  0%| F|  |TAMS 0x0000000781600000, 0x0000000781600000| Untracked 
|  23|0x0000000781700000, 0x0000000781700000, 0x0000000781800000|  0%| F|  |TAMS 0x0000000781700000, 0x0000000781700000| Untracked 
|  24|0x0000000781800000, 0x0000000781800000, 0x0000000781900000|  0%| F|  |TAMS 0x0000000781800000, 0x0000000781800000| Untracked 
|  25|0x0000000781900000, 0x0000000781900000, 0x0000000781a00000|  0%| F|  |TAMS 0x0000000781900000, 0x0000000781900000| Untracked 
|  26|0x0000000781a00000, 0x0000000781a00000, 0x0000000781b00000|  0%| F|  |TAMS 0x0000000781a00000, 0x0000000781a00000| Untracked 
|  27|0x0000000781b00000, 0x0000000781b00000, 0x0000000781c00000|  0%| F|  |TAMS 0x0000000781b00000, 0x0000000781b00000| Untracked 
|  28|0x0000000781c00000, 0x0000000781c00000, 0x0000000781d00000|  0%| F|  |TAMS 0x0000000781c00000, 0x0000000781c00000| Untracked 
|  29|0x0000000781d00000, 0x0000000781d00000, 0x0000000781e00000|  0%| F|  |TAMS 0x0000000781d00000, 0x0000000781d00000| Untracked 
|  30|0x0000000781e00000, 0x0000000781e00000, 0x0000000781f00000|  0%| F|  |TAMS 0x0000000781e00000, 0x0000000781e00000| Untracked 
|  31|0x0000000781f00000, 0x0000000781f00000, 0x0000000782000000|  0%| F|  |TAMS 0x0000000781f00000, 0x0000000781f00000| Untracked 
|  32|0x0000000782000000, 0x0000000782000000, 0x0000000782100000|  0%| F|  |TAMS 0x0000000782000000, 0x0000000782000000| Untracked 
|  33|0x0000000782100000, 0x0000000782100000, 0x0000000782200000|  0%| F|  |TAMS 0x0000000782100000, 0x0000000782100000| Untracked 
|  34|0x0000000782200000, 0x0000000782200000, 0x0000000782300000|  0%| F|  |TAMS 0x0000000782200000, 0x0000000782200000| Untracked 
|  35|0x0000000782300000, 0x0000000782300000, 0x0000000782400000|  0%| F|  |TAMS 0x0000000782300000, 0x0000000782300000| Untracked 
|  36|0x0000000782400000, 0x0000000782400000, 0x0000000782500000|  0%| F|  |TAMS 0x0000000782400000, 0x0000000782400000| Untracked 
|  37|0x0000000782500000, 0x0000000782500000, 0x0000000782600000|  0%| F|  |TAMS 0x0000000782500000, 0x0000000782500000| Untracked 
|  38|0x0000000782600000, 0x0000000782600000, 0x0000000782700000|  0%| F|  |TAMS 0x0000000782600000, 0x0000000782600000| Untracked 
|  39|0x0000000782700000, 0x0000000782700000, 0x0000000782800000|  0%| F|  |TAMS 0x0000000782700000, 0x0000000782700000| Untracked 
|  40|0x0000000782800000, 0x0000000782800000, 0x0000000782900000|  0%| F|  |TAMS 0x0000000782800000, 0x0000000782800000| Untracked 
|  41|0x0000000782900000, 0x0000000782900000, 0x0000000782a00000|  0%| F|  |TAMS 0x0000000782900000, 0x0000000782900000| Untracked 
|  42|0x0000000782a00000, 0x0000000782a00000, 0x0000000782b00000|  0%| F|  |TAMS 0x0000000782a00000, 0x0000000782a00000| Untracked 
|  43|0x0000000782b00000, 0x0000000782b00000, 0x0000000782c00000|  0%| F|  |TAMS 0x0000000782b00000, 0x0000000782b00000| Untracked 
|  44|0x0000000782c00000, 0x0000000782c00000, 0x0000000782d00000|  0%| F|  |TAMS 0x0000000782c00000, 0x0000000782c00000| Untracked 
|  45|0x0000000782d00000, 0x0000000782d00000, 0x0000000782e00000|  0%| F|  |TAMS 0x0000000782d00000, 0x0000000782d00000| Untracked 
|  46|0x0000000782e00000, 0x0000000782e00000, 0x0000000782f00000|  0%| F|  |TAMS 0x0000000782e00000, 0x0000000782e00000| Untracked 
|  96|0x0000000786000000, 0x00000007860240e0, 0x0000000786100000| 14%| E|  |TAMS 0x0000000786000000, 0x0000000786000000| Complete 
|  97|0x0000000786100000, 0x0000000786200000, 0x0000000786200000|100%| E|CS|TAMS 0x0000000786100000, 0x0000000786100000| Complete 
|  98|0x0000000786200000, 0x0000000786300000, 0x0000000786300000|100%| E|CS|TAMS 0x0000000786200000, 0x0000000786200000| Complete 
|  99|0x0000000786300000, 0x0000000786400000, 0x0000000786400000|100%| E|CS|TAMS 0x0000000786300000, 0x0000000786300000| Complete 
| 100|0x0000000786400000, 0x0000000786500000, 0x0000000786500000|100%| E|CS|TAMS 0x0000000786400000, 0x0000000786400000| Complete 
| 101|0x0000000786500000, 0x0000000786600000, 0x0000000786600000|100%| E|CS|TAMS 0x0000000786500000, 0x0000000786500000| Complete 
| 102|0x0000000786600000, 0x0000000786700000, 0x0000000786700000|100%| E|CS|TAMS 0x0000000786600000, 0x0000000786600000| Complete 
| 103|0x0000000786700000, 0x0000000786800000, 0x0000000786800000|100%| E|CS|TAMS 0x0000000786700000, 0x0000000786700000| Complete 
| 104|0x0000000786800000, 0x0000000786900000, 0x0000000786900000|100%| E|CS|TAMS 0x0000000786800000, 0x0000000786800000| Complete 
| 105|0x0000000786900000, 0x0000000786a00000, 0x0000000786a00000|100%| E|CS|TAMS 0x0000000786900000, 0x0000000786900000| Complete 
| 127|0x0000000787f00000, 0x0000000788000000, 0x0000000788000000|100%| E|CS|TAMS 0x0000000787f00000, 0x0000000787f00000| Complete 
|2046|0x00000007ffe00000, 0x00000007ffe78000, 0x00000007fff00000| 46%|OA|  |TAMS 0x00000007ffe78000, 0x00000007ffe00000| Untracked 
|2047|0x00000007fff00000, 0x00000007fff80000, 0x0000000800000000| 50%|CA|  |TAMS 0x00000007fff80000, 0x00000007fff00000| Untracked 

Card table byte_map: [0x0000000101428000,0x0000000101828000] _byte_map_base: 0x00000000fd828000

Marking Bits (Prev, Next): (CMBitMap*) 0x0000000136809850, (CMBitMap*) 0x0000000136809810
 Prev Bits: [0x000000010d000000, 0x000000010f000000)
 Next Bits: [0x000000010b000000, 0x000000010d000000)

Polling page: 0x0000000100d50000

Metaspace:

Usage:
  Non-class:     21.85 MB used.
      Class:      3.58 MB used.
       Both:     25.43 MB used.

Virtual space:
  Non-class space:       24.00 MB reserved,      22.00 MB ( 92%) committed,  3 nodes.
      Class space:        1.00 GB reserved,       3.75 MB ( <1%) committed,  1 nodes.
             Both:        1.02 GB reserved,      25.75 MB (  2%) committed. 

Chunk freelists:
   Non-Class:  1.35 MB
       Class:  304.00 KB
        Both:  1.65 MB

MaxMetaspaceSize: unlimited
CompressedClassSpaceSize: 1.00 GB
Initial GC threshold: 21.00 MB
Current GC threshold: 35.25 MB
CDS: on
MetaspaceReclaimPolicy: balanced
 - commit_granule_bytes: 65536.
 - commit_granule_words: 8192.
 - virtual_space_node_default_size: 1048576.
 - enlarge_chunks_in_place: 1.
 - new_chunks_are_fully_committed: 0.
 - uncommit_free_chunks: 1.
 - use_allocation_guard: 0.
 - handle_deallocations: 1.


Internal statistics:

num_allocs_failed_limit: 3.
num_arena_births: 270.
num_arena_deaths: 0.
num_vsnodes_births: 4.
num_vsnodes_deaths: 0.
num_space_committed: 412.
num_space_uncommitted: 0.
num_chunks_returned_to_freelist: 3.
num_chunks_taken_from_freelist: 977.
num_chunk_merges: 3.
num_chunk_splits: 679.
num_chunks_enlarged: 517.
num_purges: 0.
num_inconsistent_stats: 0.

CodeHeap 'non-profiled nmethods': size=120032Kb used=1699Kb max_used=1699Kb free=118332Kb
 bounds [0x0000000140ac8000, 0x0000000140d38000, 0x0000000148000000]
CodeHeap 'profiled nmethods': size=120016Kb used=8871Kb max_used=8871Kb free=111144Kb
 bounds [0x0000000139594000, 0x0000000139e44000, 0x0000000140ac8000]
CodeHeap 'non-nmethods': size=5712Kb used=1428Kb max_used=1489Kb free=4283Kb
 bounds [0x0000000139000000, 0x0000000139270000, 0x0000000139594000]
 total_blobs=5109 nmethods=4277 adapters=747
 compilation: enabled
              stopped_count=0, restarted_count=0
 full_count=0

Compilation events (20 events):
Event: 4.685 Thread 0x000000013689cc00 4412       3       java.nio.MappedByteBuffer::position (6 bytes)
Event: 4.685 Thread 0x000000013689cc00 nmethod 4412 0x0000000139e34510 code [0x0000000139e346c0, 0x0000000139e34918]
Event: 4.686 Thread 0x000000013689cc00 4413       3       sun.net.www.ParseUtil::match (50 bytes)
Event: 4.686 Thread 0x000000013689cc00 nmethod 4413 0x0000000139e34a10 code [0x0000000139e34bc0, 0x0000000139e34e28]
Event: 4.696 Thread 0x000000013689cc00 4414       3       java.util.regex.ASCII::isType (15 bytes)
Event: 4.696 Thread 0x000000013689cc00 nmethod 4414 0x0000000139e34f10 code [0x0000000139e350c0, 0x0000000139e35328]
Event: 4.696 Thread 0x000000013689cc00 4415       3       java.util.regex.ASCII::getType (17 bytes)
Event: 4.696 Thread 0x000000013689cc00 nmethod 4415 0x0000000139e35410 code [0x0000000139e355c0, 0x0000000139e35768]
Event: 4.696 Thread 0x000000013689cc00 4416       1       sun.security.ssl.SSLSocketImpl::isClosed (5 bytes)
Event: 4.696 Thread 0x000000013689cc00 nmethod 4416 0x0000000140c70010 code [0x0000000140c70180, 0x0000000140c70268]
Event: 4.745 Thread 0x000000013689cc00 4417       3       java.net.IDN::isNonLDHAsciiCodePoint (65 bytes)
Event: 4.745 Thread 0x000000013689cc00 nmethod 4417 0x0000000139e35810 code [0x0000000139e359c0, 0x0000000139e35ca8]
Event: 4.745 Thread 0x000000013689cc00 4418       3       java.util.concurrent.locks.ReentrantLock$NonfairSync::initialTryLock (58 bytes)
Event: 4.746 Thread 0x000000013689cc00 nmethod 4418 0x0000000139e35d10 code [0x0000000139e35f00, 0x0000000139e36348]
Event: 4.746 Thread 0x000000013689cc00 4419       3       sun.util.logging.internal.LoggingProviderImpl$JULWrapper::isLoggable (12 bytes)
Event: 4.746 Thread 0x000000013689cc00 nmethod 4419 0x0000000139e36490 code [0x0000000139e36640, 0x0000000139e36998]
Event: 4.746 Thread 0x000000013689cc00 4420       3       sun.security.ssl.CipherSuite$KeyExchange::isAvailable (46 bytes)
Event: 4.747 Thread 0x000000013689cc00 nmethod 4420 0x0000000139e36b10 code [0x0000000139e36d00, 0x0000000139e37058]
Event: 4.748 Thread 0x000000013689c600 4421       4       java.util.Collections$UnmodifiableCollection$1::next (10 bytes)
Event: 4.748 Thread 0x000000013689cc00 4422       3       java.util.LinkedList::checkPositionIndex (22 bytes)

GC Heap History (8 events):
Event: 1.243 GC heap before
{Heap before GC invocations=0 (full 0):
 garbage-first heap   total 133120K, used 23520K [0x0000000780000000, 0x0000000800000000)
  region size 1024K, 23 young (23552K), 0 survivors (0K)
 Metaspace       used 6669K, committed 6912K, reserved 1056768K
  class space    used 782K, committed 896K, reserved 1048576K
}
Event: 1.246 GC heap after
{Heap after GC invocations=1 (full 0):
 garbage-first heap   total 133120K, used 4930K [0x0000000780000000, 0x0000000800000000)
  region size 1024K, 3 young (3072K), 3 survivors (3072K)
 Metaspace       used 6669K, committed 6912K, reserved 1056768K
  class space    used 782K, committed 896K, reserved 1048576K
}
Event: 2.164 GC heap before
{Heap before GC invocations=1 (full 0):
 garbage-first heap   total 133120K, used 40770K [0x0000000780000000, 0x0000000800000000)
  region size 1024K, 39 young (39936K), 3 survivors (3072K)
 Metaspace       used 17569K, committed 17856K, reserved 1064960K
  class space    used 2230K, committed 2368K, reserved 1048576K
}
Event: 2.168 GC heap after
{Heap after GC invocations=2 (full 0):
 garbage-first heap   total 133120K, used 10640K [0x0000000780000000, 0x0000000800000000)
  region size 1024K, 5 young (5120K), 5 survivors (5120K)
 Metaspace       used 17569K, committed 17856K, reserved 1064960K
  class space    used 2230K, committed 2368K, reserved 1048576K
}
Event: 2.419 GC heap before
{Heap before GC invocations=2 (full 0):
 garbage-first heap   total 133120K, used 32144K [0x0000000780000000, 0x0000000800000000)
  region size 1024K, 27 young (27648K), 5 survivors (5120K)
 Metaspace       used 21301K, committed 21504K, reserved 1073152K
  class space    used 2953K, committed 3072K, reserved 1048576K
}
Event: 2.423 GC heap after
{Heap after GC invocations=3 (full 0):
 garbage-first heap   total 133120K, used 15786K [0x0000000780000000, 0x0000000800000000)
  region size 1024K, 10 young (10240K), 10 survivors (10240K)
 Metaspace       used 21301K, committed 21504K, reserved 1073152K
  class space    used 2953K, committed 3072K, reserved 1048576K
}
Event: 2.805 GC heap before
{Heap before GC invocations=4 (full 0):
 garbage-first heap   total 61440K, used 42410K [0x0000000780000000, 0x0000000800000000)
  region size 1024K, 36 young (36864K), 10 survivors (10240K)
 Metaspace       used 24560K, committed 24832K, reserved 1073152K
  class space    used 3513K, committed 3648K, reserved 1048576K
}
Event: 2.811 GC heap after
{Heap after GC invocations=5 (full 0):
 garbage-first heap   total 61440K, used 19966K [0x0000000780000000, 0x0000000800000000)
  region size 1024K, 5 young (5120K), 5 survivors (5120K)
 Metaspace       used 24560K, committed 24832K, reserved 1073152K
  class space    used 3513K, committed 3648K, reserved 1048576K
}

Deoptimization events (20 events):
Event: 3.705 Thread 0x0000000136a2d000 DEOPT PACKING pc=0x000000013993cf10 sp=0x0000000173899250
Event: 3.705 Thread 0x0000000136a2d000 DEOPT UNPACKING pc=0x000000013903eb7c sp=0x0000000173898ec0 mode 0
Event: 3.706 Thread 0x0000000136a2d000 DEOPT PACKING pc=0x000000013993cf10 sp=0x0000000173899160
Event: 3.706 Thread 0x0000000136a2d000 DEOPT UNPACKING pc=0x000000013903eb7c sp=0x0000000173898dd0 mode 0
Event: 3.800 Thread 0x0000000134030200 DEOPT PACKING pc=0x0000000139d69b60 sp=0x0000000171d70740
Event: 3.800 Thread 0x0000000134030200 DEOPT UNPACKING pc=0x000000013903eb7c sp=0x0000000171d703e0 mode 0
Event: 3.801 Thread 0x0000000134030200 DEOPT PACKING pc=0x0000000139d69b60 sp=0x0000000171d70430
Event: 3.801 Thread 0x0000000134030200 DEOPT UNPACKING pc=0x000000013903eb7c sp=0x0000000171d700d0 mode 0
Event: 3.802 Thread 0x0000000134030200 DEOPT PACKING pc=0x0000000139d69b60 sp=0x0000000171d701e0
Event: 3.802 Thread 0x0000000134030200 DEOPT UNPACKING pc=0x000000013903eb7c sp=0x0000000171d6fe80 mode 0
Event: 3.806 Thread 0x0000000134030200 DEOPT PACKING pc=0x0000000139d8db80 sp=0x0000000171d70830
Event: 3.806 Thread 0x0000000134030200 DEOPT UNPACKING pc=0x000000013903eb7c sp=0x0000000171d70430 mode 0
Event: 4.300 Thread 0x0000000134030200 DEOPT PACKING pc=0x0000000139d8db80 sp=0x0000000171d707a0
Event: 4.300 Thread 0x0000000134030200 DEOPT UNPACKING pc=0x000000013903eb7c sp=0x0000000171d703a0 mode 0
Event: 4.303 Thread 0x0000000134030200 DEOPT PACKING pc=0x0000000139dacf58 sp=0x0000000171d6fe50
Event: 4.303 Thread 0x0000000134030200 DEOPT UNPACKING pc=0x000000013903eb7c sp=0x0000000171d6faf0 mode 0
Event: 4.304 Thread 0x0000000134030200 DEOPT PACKING pc=0x0000000139d8db80 sp=0x0000000171d70320
Event: 4.304 Thread 0x0000000134030200 DEOPT UNPACKING pc=0x000000013903eb7c sp=0x0000000171d6ff20 mode 0
Event: 4.309 Thread 0x0000000134030200 DEOPT PACKING pc=0x0000000139d8db80 sp=0x0000000171d70750
Event: 4.309 Thread 0x0000000134030200 DEOPT UNPACKING pc=0x000000013903eb7c sp=0x0000000171d70350 mode 0

Classes unloaded (0 events):
No events

Classes redefined (0 events):
No events

Internal exceptions (20 events):
Event: 2.173 Thread 0x0000000136188c00 Exception <a 'java/io/FileNotFoundException'{0x0000000787f4ee08}> (0x0000000787f4ee08) 
thrown [open/src/hotspot/share/prims/jni.cpp, line 516]
Event: 2.190 Thread 0x0000000136188c00 Implicit null exception at 0x0000000140b41c78 to 0x0000000140b41d08
Event: 2.249 Thread 0x0000000136188c00 Implicit null exception at 0x0000000140b3a554 to 0x0000000140b3a864
Event: 2.259 Thread 0x0000000136188c00 Implicit null exception at 0x0000000140b39554 to 0x0000000140b39858
Event: 2.260 Thread 0x0000000136188c00 Implicit null exception at 0x0000000140b3b9d4 to 0x0000000140b3ba40
Event: 2.264 Thread 0x0000000136188c00 Exception <a 'java/lang/NoSuchMethodError'{0x00000007877c4d20}: 'java.lang.Object java.lang.invoke.DirectMethodHandle$Holder.invokeInterface(java.lang.Object, java.lang.Object, java.lang.Object)'> (0x00000007877c4d20) 
thrown [open/src/hotspot/share/interpreter/linkResolver.cpp, line 766]
Event: 2.265 Thread 0x0000000136188c00 Exception <a 'java/lang/IncompatibleClassChangeError'{0x00000007877c83e8}: Found class java.lang.Object, but interface was expected> (0x00000007877c83e8) 
thrown [open/src/hotspot/share/interpreter/linkResolver.cpp, line 833]
Event: 2.266 Thread 0x0000000136188c00 Exception <a 'java/lang/ClassNotFoundException'{0x00000007877f3238}: com/sun/javafx/scene/control/skin/resources/controls> (0x00000007877f3238) 
thrown [open/src/hotspot/share/prims/jni.cpp, line 535]
Event: 2.267 Thread 0x0000000136188c00 Exception <a 'java/lang/ClassNotFoundException'{0x00000007876115f0}: com/sun/javafx/scene/control/skin/resources/controls_en> (0x00000007876115f0) 
thrown [open/src/hotspot/share/prims/jni.cpp, line 535]
Event: 2.267 Thread 0x0000000136188c00 Exception <a 'java/lang/ClassNotFoundException'{0x00000007876126e0}: com/sun/javafx/scene/control/skin/resources/controls_en_EG> (0x00000007876126e0) 
thrown [open/src/hotspot/share/prims/jni.cpp, line 535]
Event: 2.293 Thread 0x0000000136188c00 Exception <a 'java/lang/NoSuchMethodError'{0x00000007870dc740}: 'void java.lang.invoke.DirectMethodHandle$Holder.invokeSpecial(java.lang.Object, java.lang.Object, java.lang.Object, java.lang.Object, java.lang.Object, java.lang.Object)'> (0x00000007870dc740) 
thrown [open/src/hotspot/share/interpreter/linkResolver.cpp, line 766]
Event: 2.465 Thread 0x0000000136188c00 Exception <a 'java/lang/NoSuchMethodError'{0x0000000782a50b10}: 'void java.lang.invoke.DirectMethodHandle$Holder.invokeSpecialIFC(java.lang.Object, java.lang.Object, java.lang.Object, java.lang.Object)'> (0x0000000782a50b10) 
thrown [open/src/hotspot/share/interpreter/linkResolver.cpp, line 766]
Event: 2.476 Thread 0x0000000136188c00 Exception <a 'java/lang/NoSuchMethodError'{0x00000007829e06d8}: 'int java.lang.invoke.DirectMethodHandle$Holder.invokeSpecial(java.lang.Object, java.lang.Object, int)'> (0x00000007829e06d8) 
thrown [open/src/hotspot/share/interpreter/linkResolver.cpp, line 766]
Event: 2.559 Thread 0x0000000136188c00 Exception <a 'java/lang/NoSuchMethodError'{0x0000000781fdae70}: 'void java.lang.invoke.DirectMethodHandle$Holder.invokeSpecial(java.lang.Object, java.lang.Object, int, int)'> (0x0000000781fdae70) 
thrown [open/src/hotspot/share/interpreter/linkResolver.cpp, line 766]
Event: 2.559 Thread 0x0000000136188c00 Exception <a 'java/lang/NoSuchMethodError'{0x0000000781fe1658}: 'java.lang.Object java.lang.invoke.DirectMethodHandle$Holder.newInvokeSpecial(java.lang.Object, java.lang.Object, int, int)'> (0x0000000781fe1658) 
thrown [open/src/hotspot/share/interpreter/linkResolver.cpp, line 766]
Event: 2.618 Thread 0x0000000136188c00 Exception <a 'java/lang/NoSuchMethodError'{0x0000000781c6bad8}: 'java.lang.Object java.lang.invoke.DirectMethodHandle$Holder.newInvokeSpecial(java.lang.Object, java.lang.Object, int)'> (0x0000000781c6bad8) 
thrown [open/src/hotspot/share/interpreter/linkResolver.cpp, line 766]
Event: 2.832 Thread 0x0000000136188c00 Exception <a 'java/lang/NoSuchMethodError'{0x0000000787f95b88}: 'long java.lang.invoke.DirectMethodHandle$Holder.invokeStatic(java.lang.Object, java.lang.Object, java.lang.Object)'> (0x0000000787f95b88) 
thrown [open/src/hotspot/share/interpreter/linkResolver.cpp, line 766]
Event: 2.832 Thread 0x0000000136188c00 Exception <a 'java/lang/NoSuchMethodError'{0x0000000787f99330}: 'long java.lang.invoke.DirectMethodHandle$Holder.invokeStaticInit(java.lang.Object, java.lang.Object, java.lang.Object)'> (0x0000000787f99330) 
thrown [open/src/hotspot/share/interpreter/linkResolver.cpp, line 766]
Event: 2.833 Thread 0x0000000136188c00 Exception <a 'java/lang/NoSuchMethodError'{0x000000078699bfd8}: 'java.lang.Object java.lang.invoke.DirectMethodHandle$Holder.newInvokeSpecial(java.lang.Object, java.lang.Object, long)'> (0x000000078699bfd8) 
thrown [open/src/hotspot/share/interpreter/linkResolver.cpp, line 766]
Event: 2.833 Thread 0x0000000136188c00 Exception <a 'java/lang/NoSuchMethodError'{0x000000078699f8a0}: 'java.lang.Object java.lang.invoke.Invokers$Holder.linkToTargetMethod(java.lang.Object, long, java.lang.Object)'> (0x000000078699f8a0) 
thrown [open/src/hotspot/share/interpreter/linkResolver.cpp, line 766]

VM Operations (20 events):
Event: 2.432 Executing VM operation: G1Concurrent
Event: 2.432 Executing VM operation: G1Concurrent done
Event: 2.486 Executing VM operation: ICBufferFull
Event: 2.486 Executing VM operation: ICBufferFull done
Event: 2.511 Executing VM operation: ICBufferFull
Event: 2.511 Executing VM operation: ICBufferFull done
Event: 2.547 Executing VM operation: ICBufferFull
Event: 2.547 Executing VM operation: ICBufferFull done
Event: 2.570 Executing VM operation: ICBufferFull
Event: 2.570 Executing VM operation: ICBufferFull done
Event: 2.790 Executing VM operation: ICBufferFull
Event: 2.790 Executing VM operation: ICBufferFull done
Event: 2.805 Executing VM operation: G1CollectForAllocation
Event: 2.811 Executing VM operation: G1CollectForAllocation done
Event: 3.519 Executing VM operation: HandshakeAllThreads
Event: 3.519 Executing VM operation: HandshakeAllThreads done
Event: 3.524 Executing VM operation: ICBufferFull
Event: 3.524 Executing VM operation: ICBufferFull done
Event: 4.306 Executing VM operation: ICBufferFull
Event: 4.306 Executing VM operation: ICBufferFull done

Events (20 events):
Event: 3.047 loading class sun/security/ssl/SSLEngineOutputRecord$HandshakeMemo
Event: 3.047 loading class sun/security/ssl/SSLEngineOutputRecord$RecordMemo
Event: 3.047 loading class sun/security/ssl/SSLEngineOutputRecord$RecordMemo done
Event: 3.047 loading class sun/security/ssl/SSLEngineOutputRecord$HandshakeMemo done
Event: 3.105 loading class sun/security/ssl/PreSharedKeyExtension$SHPreSharedKeySpec
Event: 3.105 loading class sun/security/ssl/PreSharedKeyExtension$SHPreSharedKeySpec done
Event: 3.107 Thread 0x000000013721bc00 Thread added: 0x000000013721bc00
Event: 3.107 Protecting memory [0x000000017c408000,0x000000017c414000] with protection modes 0
Event: 3.107 Protecting memory [0x000000017c408000,0x000000017c414000] with protection modes 3
Event: 3.107 Thread 0x000000013721bc00 Thread exited: 0x000000013721bc00
Event: 3.187 loading class sun/net/www/http/ChunkedInputStream
Event: 3.187 loading class sun/net/www/http/ChunkedInputStream done
Event: 3.706 Thread 0x000000013721bc00 Thread added: 0x000000013721bc00
Event: 3.706 Protecting memory [0x000000017c68c000,0x000000017c698000] with protection modes 0
Event: 3.706 Protecting memory [0x000000017c68c000,0x000000017c698000] with protection modes 3
Event: 3.706 Thread 0x000000013721bc00 Thread exited: 0x000000013721bc00
Event: 4.287 Thread 0x0000000137221400 Thread added: 0x0000000137221400
Event: 4.287 Protecting memory [0x000000017c694000,0x000000017c6a0000] with protection modes 0
Event: 4.287 Protecting memory [0x000000017c694000,0x000000017c6a0000] with protection modes 3
Event: 4.288 Thread 0x0000000137221400 Thread exited: 0x0000000137221400


Dynamic libraries:
0x0000000100b4c000 	/Users/youssefgeorge/Library/Java/JavaVirtualMachines/openjdk-17.0.2/Contents/Home/lib/libjli.dylib
0x00000001ad664000 	/usr/lib/libz.1.dylib
0x00000001ad71b000 	/usr/lib/libSystem.B.dylib
0x00000001ad715000 	/usr/lib/system/libcache.dylib
0x00000001ad6d3000 	/usr/lib/system/libcommonCrypto.dylib
0x00000001ad6fc000 	/usr/lib/system/libcompiler_rt.dylib
0x00000001ad6f3000 	/usr/lib/system/libcopyfile.dylib
0x00000001a295b000 	/usr/lib/system/libcorecrypto.dylib
0x00000001a2a0e000 	/usr/lib/system/libdispatch.dylib
0x00000001a2bdc000 	/usr/lib/system/libdyld.dylib
0x00000001ad70b000 	/usr/lib/system/libkeymgr.dylib
0x00000001ad6ae000 	/usr/lib/system/libmacho.dylib
0x00000001acda3000 	/usr/lib/system/libquarantine.dylib
0x00000001ad708000 	/usr/lib/system/libremovefile.dylib
0x00000001a7d44000 	/usr/lib/system/libsystem_asl.dylib
0x00000001a28fd000 	/usr/lib/system/libsystem_blocks.dylib
0x00000001a2a96000 	/usr/lib/system/libsystem_c.dylib
0x00000001ad700000 	/usr/lib/system/libsystem_collections.dylib
0x00000001ac231000 	/usr/lib/system/libsystem_configuration.dylib
0x00000001ab48d000 	/usr/lib/system/libsystem_containermanager.dylib
0x00000001ad410000 	/usr/lib/system/libsystem_coreservices.dylib
0x00000001a5304000 	/usr/lib/system/libsystem_darwin.dylib
0x00000001ad70c000 	/usr/lib/system/libsystem_dnssd.dylib
0x00000001a2a93000 	/usr/lib/system/libsystem_featureflags.dylib
0x00000001a2bf1000 	/usr/lib/system/libsystem_info.dylib
0x00000001ad676000 	/usr/lib/system/libsystem_m.dylib
0x00000001a29e3000 	/usr/lib/system/libsystem_malloc.dylib
0x00000001a7cd3000 	/usr/lib/system/libsystem_networkextension.dylib
0x00000001a575d000 	/usr/lib/system/libsystem_notify.dylib
0x00000001b3a59000 	/usr/lib/system/libsystem_product_info_filter.dylib
0x00000001ac236000 	/usr/lib/system/libsystem_sandbox.dylib
0x00000001ad705000 	/usr/lib/system/libsystem_secinit.dylib
0x00000001a2b97000 	/usr/lib/system/libsystem_kernel.dylib
0x00000001a2be9000 	/usr/lib/system/libsystem_platform.dylib
0x00000001a2bcf000 	/usr/lib/system/libsystem_pthread.dylib
0x00000001a949c000 	/usr/lib/system/libsystem_symptoms.dylib
0x00000001a2941000 	/usr/lib/system/libsystem_trace.dylib
0x00000001ad6e0000 	/usr/lib/system/libunwind.dylib
0x00000001a28ff000 	/usr/lib/system/libxpc.dylib
0x00000001a2b7f000 	/usr/lib/libc++abi.dylib
0x00000001a2a55000 	/usr/lib/libobjc.A.dylib
0x00000001ad6eb000 	/usr/lib/liboah.dylib
0x00000001a2b18000 	/usr/lib/libc++.1.dylib
0x00000001b9572000 	/System/Library/Frameworks/Cocoa.framework/Versions/A/Cocoa
0x00000001a57be000 	/System/Library/Frameworks/AppKit.framework/Versions/C/AppKit
0x00000001a8cc4000 	/System/Library/Frameworks/CoreData.framework/Versions/A/CoreData
0x00000001a3b19000 	/System/Library/Frameworks/Foundation.framework/Versions/C/Foundation
0x00000001a6676000 	/System/Library/PrivateFrameworks/UIFoundation.framework/Versions/A/UIFoundation
0x00000001b3753000 	/System/Library/PrivateFrameworks/RemoteViewServices.framework/Versions/A/RemoteViewServices
0x00000001abbd9000 	/System/Library/PrivateFrameworks/XCTTargetBootstrap.framework/Versions/A/XCTTargetBootstrap
0x00000001af457000 	/System/Library/PrivateFrameworks/InternationalSupport.framework/Versions/A/InternationalSupport
0x00000001af4e0000 	/System/Library/PrivateFrameworks/UserActivity.framework/Versions/A/UserActivity
0x00000001ae952000 	/usr/lib/libspindump.dylib
0x00000001a68e7000 	/System/Library/Frameworks/UniformTypeIdentifiers.framework/Versions/A/UniformTypeIdentifiers
0x00000001aa124000 	/usr/lib/libapp_launch_measurement.dylib
0x00000001a964e000 	/System/Library/PrivateFrameworks/CoreAnalytics.framework/Versions/A/CoreAnalytics
0x00000001aa127000 	/System/Library/PrivateFrameworks/CoreAutoLayout.framework/Versions/A/CoreAutoLayout
0x00000001ab4ca000 	/System/Library/Frameworks/Metal.framework/Versions/A/Metal
0x00000001ac241000 	/usr/lib/liblangid.dylib
0x00000001abbde000 	/System/Library/PrivateFrameworks/CoreSVG.framework/Versions/A/CoreSVG
0x00000001a7d78000 	/System/Library/PrivateFrameworks/SkyLight.framework/Versions/A/SkyLight
0x00000001a814d000 	/System/Library/Frameworks/CoreGraphics.framework/Versions/A/CoreGraphics
0x00000001b3e1f000 	/System/Library/Frameworks/Accelerate.framework/Versions/A/Accelerate
0x00000001ae3c9000 	/System/Library/PrivateFrameworks/IconServices.framework/Versions/A/IconServices
0x00000001ab4ac000 	/System/Library/Frameworks/IOSurface.framework/Versions/A/IOSurface
0x00000001a967f000 	/usr/lib/libDiagnosticMessagesClient.dylib
0x00000001b7320000 	/System/Library/Frameworks/ApplicationServices.framework/Versions/A/ApplicationServices
0x00000001abbc1000 	/System/Library/PrivateFrameworks/DFRFoundation.framework/Versions/A/DFRFoundation
0x00000001a504e000 	/usr/lib/libicucore.A.dylib
0x00000001b0303000 	/System/Library/Frameworks/AudioToolbox.framework/Versions/A/AudioToolbox
0x00000001af463000 	/System/Library/PrivateFrameworks/DataDetectorsCore.framework/Versions/A/DataDetectorsCore
0x00000001c5da3000 	/System/Library/PrivateFrameworks/TextInput.framework/Versions/A/TextInput
0x00000001a7ced000 	/usr/lib/libMobileGestalt.dylib
0x00000001ab88d000 	/System/Library/Frameworks/Carbon.framework/Versions/A/Frameworks/HIToolbox.framework/Versions/A/HIToolbox
0x00000001a9b00000 	/System/Library/Frameworks/QuartzCore.framework/Versions/A/QuartzCore
0x00000001a4cd1000 	/System/Library/Frameworks/Security.framework/Versions/A/Security
0x00000001b3793000 	/System/Library/Frameworks/Carbon.framework/Versions/A/Frameworks/SpeechRecognition.framework/Versions/A/SpeechRecognition
0x00000001a9e7a000 	/System/Library/PrivateFrameworks/CoreUI.framework/Versions/A/CoreUI
0x00000001a45ae000 	/System/Library/Frameworks/CoreAudio.framework/Versions/A/CoreAudio
0x00000001a9774000 	/System/Library/Frameworks/DiskArbitration.framework/Versions/A/DiskArbitration
0x00000001aed5c000 	/System/Library/PrivateFrameworks/MultitouchSupport.framework/Versions/A/MultitouchSupport
0x00000001a7ceb000 	/usr/lib/libenergytrace.dylib
0x00000001a5686000 	/System/Library/Frameworks/IOKit.framework/Versions/A/IOKit
0x00000001b3b82000 	/System/Library/Frameworks/CoreServices.framework/Versions/A/CoreServices
0x00000001aa0b4000 	/System/Library/PrivateFrameworks/PerformanceAnalysis.framework/Versions/A/PerformanceAnalysis
0x000000020408b000 	/System/Library/Frameworks/OpenGL.framework/Versions/A/OpenGL
0x00000001accbb000 	/System/Library/PrivateFrameworks/MobileKeyBag.framework/Versions/A/MobileKeyBag
0x00000001a875a000 	/System/Library/Frameworks/ColorSync.framework/Versions/A/ColorSync
0x00000001a2c1e000 	/System/Library/Frameworks/CoreFoundation.framework/Versions/A/CoreFoundation
0x00000001abe5d000 	/System/Library/Frameworks/CoreImage.framework/Versions/A/CoreImage
0x00000001a43d2000 	/System/Library/Frameworks/CoreText.framework/Versions/A/CoreText
0x00000001abc0e000 	/System/Library/Frameworks/ImageIO.framework/Versions/A/ImageIO
0x00000001ad721000 	/System/Library/PrivateFrameworks/SoftLinking.framework/Versions/A/SoftLinking
0x00000001aa172000 	/usr/lib/libxml2.2.dylib
0x00000001ad9ba000 	/usr/lib/libcompression.dylib
0x00000001af3b3000 	/System/Library/PrivateFrameworks/TextureIO.framework/Versions/A/TextureIO
0x00000001ae0e2000 	/usr/lib/libate.dylib
0x00000001adfa7000 	/usr/lib/liblzma.5.dylib
0x00000001a380d000 	/System/Library/Frameworks/SystemConfiguration.framework/Versions/A/SystemConfiguration
0x00000001ad71d000 	/usr/lib/libfakelink.dylib
0x00000001a781f000 	/System/Library/Frameworks/CFNetwork.framework/Versions/A/CFNetwork
0x00000001ad863000 	/usr/lib/libarchive.2.dylib
0x00000001ac23d000 	/System/Library/PrivateFrameworks/AppleSystemInfo.framework/Versions/A/AppleSystemInfo
0x00000001acdce000 	/usr/lib/libbsm.0.dylib
0x00000001a6d90000 	/usr/lib/libnetwork.dylib
0x00000001ad6b7000 	/usr/lib/system/libkxld.dylib
0x00000001ac9e1000 	/System/Library/PrivateFrameworks/IOMobileFramebuffer.framework/Versions/A/IOMobileFramebuffer
0x00000002219b7000 	/usr/lib/libCoreEntitlements.dylib
0x00000001ad3f2000 	/System/Library/PrivateFrameworks/AppleFSCompression.framework/Versions/A/AppleFSCompression
0x00000001acdb6000 	/usr/lib/libcoretls.dylib
0x00000001adfc0000 	/usr/lib/libcoretls_cfhelpers.dylib
0x00000001ad9b5000 	/usr/lib/libpam.2.dylib
0x00000001a90b3000 	/usr/lib/libsqlite3.dylib
0x00000001ae029000 	/usr/lib/libxar.1.dylib
0x00000001ad403000 	/usr/lib/libbz2.1.0.dylib
0x00000001ad722000 	/usr/lib/libpcap.A.dylib
0x00000001a9493000 	/usr/lib/libdns_services.dylib
0x00000001ad988000 	/usr/lib/libapple_nghttp2.dylib
0x00000001ad75f000 	/usr/lib/libiconv.2.dylib
0x00000001ad6ad000 	/usr/lib/libcharset.1.dylib
0x00000001aa0f0000 	/System/Library/Frameworks/CoreServices.framework/Versions/A/Frameworks/FSEvents.framework/Versions/A/FSEvents
0x00000001a530f000 	/System/Library/Frameworks/CoreServices.framework/Versions/A/Frameworks/CarbonCore.framework/Versions/A/CarbonCore
0x00000001a96d4000 	/System/Library/Frameworks/CoreServices.framework/Versions/A/Frameworks/Metadata.framework/Versions/A/Metadata
0x00000001ad416000 	/System/Library/Frameworks/CoreServices.framework/Versions/A/Frameworks/OSServices.framework/Versions/A/OSServices
0x00000001ad8e9000 	/System/Library/Frameworks/CoreServices.framework/Versions/A/Frameworks/SearchKit.framework/Versions/A/SearchKit
0x00000001a9422000 	/System/Library/Frameworks/CoreServices.framework/Versions/A/Frameworks/AE.framework/Versions/A/AE
0x00000001a3164000 	/System/Library/Frameworks/CoreServices.framework/Versions/A/Frameworks/LaunchServices.framework/Versions/A/LaunchServices
0x00000001adf50000 	/System/Library/Frameworks/CoreServices.framework/Versions/A/Frameworks/DictionaryServices.framework/Versions/A/DictionaryServices
0x00000001aa0fd000 	/System/Library/Frameworks/CoreServices.framework/Versions/A/Frameworks/SharedFileList.framework/Versions/A/SharedFileList
0x00000001acda6000 	/usr/lib/libCheckFix.dylib
0x00000001a7d5c000 	/System/Library/PrivateFrameworks/TCC.framework/Versions/A/TCC
0x00000001ac243000 	/System/Library/PrivateFrameworks/CoreNLP.framework/Versions/A/CoreNLP
0x00000001a9682000 	/System/Library/PrivateFrameworks/MetadataUtilities.framework/Versions/A/MetadataUtilities
0x00000001a38c6000 	/usr/lib/libmecabra.dylib
0x00000001acddf000 	/usr/lib/libmecab.dylib
0x00000001a3892000 	/usr/lib/libCRFSuite.dylib
0x00000001ace3c000 	/usr/lib/libgermantok.dylib
0x00000001ad961000 	/usr/lib/libThaiTokenizer.dylib
0x00000001a977c000 	/System/Library/Frameworks/Accelerate.framework/Versions/A/Frameworks/vImage.framework/Versions/A/vImage
0x00000001b3b59000 	/System/Library/Frameworks/Accelerate.framework/Versions/A/Frameworks/vecLib.framework/Versions/A/vecLib
0x00000001ae06e000 	/System/Library/Frameworks/Accelerate.framework/Versions/A/Frameworks/vecLib.framework/Versions/A/libvMisc.dylib
0x00000001ac8e8000 	/System/Library/Frameworks/Accelerate.framework/Versions/A/Frameworks/vecLib.framework/Versions/A/libvDSP.dylib
0x00000001a34ed000 	/System/Library/Frameworks/Accelerate.framework/Versions/A/Frameworks/vecLib.framework/Versions/A/libBLAS.dylib
0x00000001ada8b000 	/System/Library/Frameworks/Accelerate.framework/Versions/A/Frameworks/vecLib.framework/Versions/A/libLAPACK.dylib
0x00000001ace3f000 	/System/Library/Frameworks/Accelerate.framework/Versions/A/Frameworks/vecLib.framework/Versions/A/libLinearAlgebra.dylib
0x00000001ad9a0000 	/System/Library/Frameworks/Accelerate.framework/Versions/A/Frameworks/vecLib.framework/Versions/A/libSparseBLAS.dylib
0x00000001ada86000 	/System/Library/Frameworks/Accelerate.framework/Versions/A/Frameworks/vecLib.framework/Versions/A/libQuadrature.dylib
0x00000001ac33c000 	/System/Library/Frameworks/Accelerate.framework/Versions/A/Frameworks/vecLib.framework/Versions/A/libBNNS.dylib
0x00000001a37ab000 	/System/Library/Frameworks/Accelerate.framework/Versions/A/Frameworks/vecLib.framework/Versions/A/libSparse.dylib
0x00000001ac334000 	/System/Library/PrivateFrameworks/LinguisticData.framework/Versions/A/LinguisticData
0x00000001a3763000 	/System/Library/PrivateFrameworks/Lexicon.framework/Versions/A/Lexicon
0x00000001ae066000 	/usr/lib/libChineseTokenizer.dylib
0x00000001a3f0a000 	/System/Library/PrivateFrameworks/LanguageModeling.framework/Versions/A/LanguageModeling
0x00000001ad963000 	/System/Library/PrivateFrameworks/AppleSauce.framework/Versions/A/AppleSauce
0x00000001ac9ce000 	/System/Library/PrivateFrameworks/CoreEmoji.framework/Versions/A/CoreEmoji
0x00000001ad851000 	/usr/lib/libcmph.dylib
0x00000001aa0d0000 	/System/Library/Frameworks/OpenDirectory.framework/Versions/A/Frameworks/CFOpenDirectory.framework/Versions/A/CFOpenDirectory
0x00000001aa0c0000 	/System/Library/Frameworks/OpenDirectory.framework/Versions/A/OpenDirectory
0x00000001adfc2000 	/System/Library/PrivateFrameworks/APFS.framework/Versions/A/APFS
0x00000001accf6000 	/System/Library/Frameworks/SecurityFoundation.framework/Versions/A/SecurityFoundation
0x00000001ae038000 	/usr/lib/libutil.dylib
0x00000001a5648000 	/System/Library/PrivateFrameworks/CoreServicesStore.framework/Versions/A/CoreServicesStore
0x00000001ae03c000 	/usr/lib/libxslt.1.dylib
0x00000001acd8a000 	/System/Library/PrivateFrameworks/BackgroundTaskManagement.framework/Versions/A/BackgroundTaskManagement
0x00000001af2d4000 	/System/Library/Frameworks/ImageIO.framework/Versions/A/Resources/libRadiance.dylib
0x00000001af2dd000 	/System/Library/Frameworks/ImageIO.framework/Versions/A/Resources/libJPEG.dylib
0x00000001af230000 	/System/Library/Frameworks/ImageIO.framework/Versions/A/Resources/libPng.dylib
0x00000001af252000 	/System/Library/Frameworks/ImageIO.framework/Versions/A/Resources/libTIFF.dylib
0x00000001af338000 	/System/Library/Frameworks/ImageIO.framework/Versions/A/Resources/libGIF.dylib
0x00000001aec6c000 	/System/Library/Frameworks/ImageIO.framework/Versions/A/Resources/libJP2.dylib
0x00000001ae38e000 	/usr/lib/libexpat.1.dylib
0x00000001aec27000 	/System/Library/PrivateFrameworks/AppleJPEG.framework/Versions/A/AppleJPEG
0x00000001ab749000 	/System/Library/PrivateFrameworks/FontServices.framework/libFontParser.dylib
0x00000001a93c7000 	/System/Library/PrivateFrameworks/RunningBoardServices.framework/Versions/A/RunningBoardServices
0x00000001b9c45000 	/System/Library/PrivateFrameworks/IOSurfaceAccelerator.framework/Versions/A/IOSurfaceAccelerator
0x00000001aed58000 	/System/Library/PrivateFrameworks/WatchdogClient.framework/Versions/A/WatchdogClient
0x00000001a400e000 	/System/Library/Frameworks/CoreDisplay.framework/Versions/A/CoreDisplay
0x00000001ab633000 	/System/Library/Frameworks/CoreMedia.framework/Versions/A/CoreMedia
0x00000001ab4c0000 	/System/Library/PrivateFrameworks/IOAccelerator.framework/Versions/A/IOAccelerator
0x00000001aa260000 	/System/Library/Frameworks/CoreVideo.framework/Versions/A/CoreVideo
0x00000001ad9b3000 	/System/Library/Frameworks/MetalPerformanceShaders.framework/Versions/A/MetalPerformanceShaders
0x00000001aed97000 	/System/Library/Frameworks/VideoToolbox.framework/Versions/A/VideoToolbox
0x00000001a930b000 	/System/Library/PrivateFrameworks/BaseBoard.framework/Versions/A/BaseBoard
0x00000001a9099000 	/System/Library/PrivateFrameworks/ProtocolBuffer.framework/Versions/A/ProtocolBuffer
0x00000001af2cf000 	/System/Library/PrivateFrameworks/GPUWrangler.framework/Versions/A/GPUWrangler
0x00000001af2af000 	/System/Library/PrivateFrameworks/IOPresentment.framework/Versions/A/IOPresentment
0x00000001af2d7000 	/System/Library/PrivateFrameworks/DSExternalDisplay.framework/Versions/A/DSExternalDisplay
0x000000020407e000 	/System/Library/Frameworks/OpenGL.framework/Versions/A/Libraries/libCoreFSCache.dylib
0x000000020e53d000 	/System/Library/PrivateFrameworks/GPUCompiler.framework/Versions/31001/Libraries/libGPUCompilerUtils.dylib
0x00000001af33d000 	/System/Library/PrivateFrameworks/CMCaptureCore.framework/Versions/A/CMCaptureCore
0x00000001ae93f000 	/System/Library/PrivateFrameworks/AppServerSupport.framework/Versions/A/AppServerSupport
0x00000001b0bc0000 	/System/Library/PrivateFrameworks/perfdata.framework/Versions/A/perfdata
0x00000001a412e000 	/System/Library/PrivateFrameworks/AudioToolboxCore.framework/Versions/A/AudioToolboxCore
0x00000001ab60c000 	/System/Library/PrivateFrameworks/caulk.framework/Versions/A/caulk
0x00000001b04b5000 	/usr/lib/libAudioStatistics.dylib
0x00000001c240a000 	/System/Library/PrivateFrameworks/SystemPolicy.framework/Versions/A/SystemPolicy
0x00000001b0721000 	/usr/lib/libSMC.dylib
0x00000001b9454000 	/System/Library/Frameworks/CoreMIDI.framework/Versions/A/CoreMIDI
0x00000001af1fe000 	/usr/lib/libAudioToolboxUtility.dylib
0x00000001be4d7000 	/System/Library/PrivateFrameworks/OSAServicesClient.framework/Versions/A/OSAServicesClient
0x00000001b0bcd000 	/usr/lib/libperfcheck.dylib
0x00000001c2f22000 	/usr/lib/libmis.dylib
0x00000002040e0000 	/System/Library/Frameworks/OpenGL.framework/Versions/A/Libraries/libGLU.dylib
0x000000020409f000 	/System/Library/Frameworks/OpenGL.framework/Versions/A/Libraries/libGFXShared.dylib
0x000000020428c000 	/System/Library/Frameworks/OpenGL.framework/Versions/A/Libraries/libGL.dylib
0x00000002040a8000 	/System/Library/Frameworks/OpenGL.framework/Versions/A/Libraries/libGLImage.dylib
0x000000020409c000 	/System/Library/Frameworks/OpenGL.framework/Versions/A/Libraries/libCVMSPluginSupport.dylib
0x0000000204085000 	/System/Library/Frameworks/OpenGL.framework/Versions/A/Libraries/libCoreVMClient.dylib
0x00000001ac1bd000 	/System/Library/Frameworks/MetalPerformanceShaders.framework/Versions/A/Frameworks/MPSCore.framework/Versions/A/MPSCore
0x00000001ad365000 	/System/Library/Frameworks/MetalPerformanceShaders.framework/Versions/A/Frameworks/MPSImage.framework/Versions/A/MPSImage
0x00000001ace54000 	/System/Library/Frameworks/MetalPerformanceShaders.framework/Versions/A/Frameworks/MPSNeuralNetwork.framework/Versions/A/MPSNeuralNetwork
0x00000001ad28d000 	/System/Library/Frameworks/MetalPerformanceShaders.framework/Versions/A/Frameworks/MPSMatrix.framework/Versions/A/MPSMatrix
0x00000001ad066000 	/System/Library/Frameworks/MetalPerformanceShaders.framework/Versions/A/Frameworks/MPSRayIntersector.framework/Versions/A/MPSRayIntersector
0x00000001ad2be000 	/System/Library/Frameworks/MetalPerformanceShaders.framework/Versions/A/Frameworks/MPSNDArray.framework/Versions/A/MPSNDArray
0x00000002061f7000 	/System/Library/Frameworks/MetalPerformanceShaders.framework/Versions/A/Frameworks/MPSFunctions.framework/Versions/A/MPSFunctions
0x00000001a33c4000 	/System/Library/PrivateFrameworks/MetalTools.framework/Versions/A/MetalTools
0x00000001ac23b000 	/System/Library/PrivateFrameworks/AggregateDictionary.framework/Versions/A/AggregateDictionary
0x00000001ae173000 	/usr/lib/libIOReport.dylib
0x00000001b8472000 	/System/Library/PrivateFrameworks/ASEProcessing.framework/Versions/A/ASEProcessing
0x00000001ae4e8000 	/System/Library/PrivateFrameworks/FaceCore.framework/Versions/A/FaceCore
0x00000001ae4da000 	/System/Library/PrivateFrameworks/GraphVisualizer.framework/Versions/A/GraphVisualizer
0x000000020e454000 	/System/Library/PrivateFrameworks/FontServices.framework/Versions/A/FontServices
0x00000001ae8fb000 	/System/Library/PrivateFrameworks/OTSVG.framework/Versions/A/OTSVG
0x00000001a9e2a000 	/System/Library/Frameworks/ApplicationServices.framework/Versions/A/Frameworks/ATS.framework/Versions/A/Resources/libFontRegistry.dylib
0x00000001ae948000 	/System/Library/PrivateFrameworks/FontServices.framework/libhvf.dylib
0x000000020e455000 	/System/Library/PrivateFrameworks/FontServices.framework/libXTFontStaticRegistryData.dylib
0x000000020442d000 	/System/Library/Frameworks/OpenCL.framework/Versions/A/OpenCL
0x00000001ae342000 	/System/Library/PrivateFrameworks/AppleVA.framework/Versions/A/AppleVA
0x00000001b04dd000 	/System/Library/Frameworks/ApplicationServices.framework/Versions/A/Frameworks/ATS.framework/Versions/A/ATS
0x00000001a8857000 	/System/Library/Frameworks/ApplicationServices.framework/Versions/A/Frameworks/HIServices.framework/Versions/A/HIServices
0x00000001af347000 	/System/Library/Frameworks/ApplicationServices.framework/Versions/A/Frameworks/PrintCore.framework/Versions/A/PrintCore
0x00000001b0874000 	/System/Library/Frameworks/ApplicationServices.framework/Versions/A/Frameworks/QD.framework/Versions/A/QD
0x00000001b086c000 	/System/Library/Frameworks/ApplicationServices.framework/Versions/A/Frameworks/ColorSyncLegacy.framework/Versions/A/ColorSyncLegacy
0x00000001b04c9000 	/System/Library/Frameworks/ApplicationServices.framework/Versions/A/Frameworks/SpeechSynthesis.framework/Versions/A/SpeechSynthesis
0x00000001af308000 	/System/Library/Frameworks/ApplicationServices.framework/Versions/A/Frameworks/ATSUI.framework/Versions/A/ATSUI
0x00000001b0801000 	/usr/lib/libcups.2.dylib
0x00000001b0bdb000 	/System/Library/Frameworks/Kerberos.framework/Versions/A/Kerberos
0x00000001b0bec000 	/System/Library/Frameworks/GSS.framework/Versions/A/GSS
0x00000001b054d000 	/usr/lib/libresolv.9.dylib
0x00000001ae957000 	/System/Library/PrivateFrameworks/Heimdal.framework/Versions/A/Heimdal
0x00000001b76a7000 	/System/Library/Frameworks/Kerberos.framework/Versions/A/Libraries/libHeimdalProxy.dylib
0x00000001a94a5000 	/System/Library/Frameworks/Network.framework/Versions/A/Network
0x00000001ae3a9000 	/usr/lib/libheimdal-asn1.dylib
0x00000001b0c3c000 	/System/Library/PrivateFrameworks/CommonAuth.framework/Versions/A/CommonAuth
0x00000001b0443000 	/System/Library/PrivateFrameworks/AudioSession.framework/Versions/A/AudioSession
0x00000001ae43b000 	/System/Library/PrivateFrameworks/MediaExperience.framework/Versions/A/MediaExperience
0x00000001b02c9000 	/System/Library/PrivateFrameworks/AudioSession.framework/libSessionUtility.dylib
0x00000001b0880000 	/System/Library/PrivateFrameworks/AudioResourceArbitration.framework/Versions/A/AudioResourceArbitration
0x00000001b4a36000 	/System/Library/PrivateFrameworks/PowerLog.framework/Versions/A/PowerLog
0x00000001ae3b3000 	/System/Library/PrivateFrameworks/IconFoundation.framework/Versions/A/IconFoundation
0x00000001b377f000 	/System/Library/PrivateFrameworks/SpeechRecognitionCore.framework/Versions/A/SpeechRecognitionCore
0x0000000101c58000 	/Users/youssefgeorge/Library/Java/JavaVirtualMachines/openjdk-17.0.2/Contents/Home/lib/server/libjvm.dylib
0x0000000100d64000 	/Users/youssefgeorge/Library/Java/JavaVirtualMachines/openjdk-17.0.2/Contents/Home/lib/libjimage.dylib
0x0000000100d90000 	/Users/youssefgeorge/Library/Java/JavaVirtualMachines/openjdk-17.0.2/Contents/Home/lib/libinstrument.dylib
0x0000000100ddc000 	/Users/youssefgeorge/Library/Java/JavaVirtualMachines/openjdk-17.0.2/Contents/Home/lib/libjava.dylib
0x0000000101c28000 	/Users/youssefgeorge/Library/Java/JavaVirtualMachines/openjdk-17.0.2/Contents/Home/lib/libnio.dylib
0x000000010a3b0000 	/Users/youssefgeorge/Library/Java/JavaVirtualMachines/openjdk-17.0.2/Contents/Home/lib/libnet.dylib
0x0000000100dc4000 	/Users/youssefgeorge/Library/Java/JavaVirtualMachines/openjdk-17.0.2/Contents/Home/lib/libzip.dylib
0x000000010a3d4000 	/Users/youssefgeorge/.openjfx/cache/17.0.1/libprism_es2.dylib
0x00000001a560b000 	/System/Library/PrivateFrameworks/CoreServicesInternal.framework/Versions/A/CoreServicesInternal
0x0000000204296000 	/System/Library/Frameworks/OpenGL.framework/Versions/A/Resources/GLEngine.bundle/GLEngine
0x000000020411e000 	/System/Library/Frameworks/OpenGL.framework/Versions/A/Libraries/libGLProgrammability.dylib
0x000000010facc000 	/System/Library/Extensions/AppleMetalOpenGLRenderer.bundle/Contents/MacOS/AppleMetalOpenGLRenderer
0x0000000204405000 	/System/Library/Frameworks/OpenGL.framework/Versions/A/Resources/GLRendererFloat.bundle/GLRendererFloat
0x0000000204505000 	/System/Library/Extensions/AGXMetal13_3.bundle/Contents/MacOS/AGXMetal13_3
0x00000001c2f3e000 	/System/Library/PrivateFrameworks/GPURawCounter.framework/Versions/A/GPURawCounter
0x00000001bd648000 	/System/Library/PrivateFrameworks/IOGPU.framework/Versions/A/IOGPU
0x000000010fd44000 	/Users/youssefgeorge/.openjfx/cache/17.0.1/libglass.dylib
0x00000001b4c8e000 	/System/Library/Frameworks/FileProvider.framework/Versions/A/FileProvider
0x00000001a9273000 	/System/Library/Frameworks/Accounts.framework/Versions/A/Accounts
0x00000001b4e12000 	/System/Library/PrivateFrameworks/GenerationalStorage.framework/Versions/A/GenerationalStorage
0x00000001b59d5000 	/System/Library/PrivateFrameworks/CoreSymbolication.framework/Versions/A/CoreSymbolication
0x00000001b4a2a000 	/System/Library/PrivateFrameworks/SymptomDiagnosticReporter.framework/Versions/A/SymptomDiagnosticReporter
0x00000001a68fb000 	/System/Library/PrivateFrameworks/DesktopServicesPriv.framework/Versions/A/DesktopServicesPriv
0x00000001a576d000 	/usr/lib/libsandbox.1.dylib
0x00000001aa2ee000 	/System/Library/PrivateFrameworks/UserManagement.framework/Versions/A/UserManagement
0x00000001b5992000 	/System/Library/PrivateFrameworks/DebugSymbols.framework/Versions/A/DebugSymbols
0x00000001b085f000 	/System/Library/PrivateFrameworks/NetAuth.framework/Versions/A/NetAuth
0x00000001b177d000 	/System/Library/PrivateFrameworks/Sharing.framework/Versions/A/Sharing
0x00000001aa2be000 	/System/Library/PrivateFrameworks/login.framework/Versions/A/Frameworks/loginsupport.framework/Versions/A/loginsupport
0x00000001b6bc7000 	/System/Library/PrivateFrameworks/Apple80211.framework/Versions/A/Apple80211
0x00000001ad449000 	/System/Library/PrivateFrameworks/AuthKit.framework/Versions/A/AuthKit
0x00000001acaca000 	/System/Library/PrivateFrameworks/CoreUtils.framework/Versions/A/CoreUtils
0x00000001ac9ed000 	/System/Library/Frameworks/CoreWLAN.framework/Versions/A/CoreWLAN
0x00000001b18ed000 	/System/Library/Frameworks/IOBluetooth.framework/Versions/A/IOBluetooth
0x00000001b6c27000 	/System/Library/PrivateFrameworks/CoreWiFi.framework/Versions/A/CoreWiFi
0x00000001b5572000 	/System/Library/PrivateFrameworks/FrontBoardServices.framework/Versions/A/FrontBoardServices
0x00000001b560a000 	/System/Library/PrivateFrameworks/BoardServices.framework/Versions/A/BoardServices
0x00000001acce4000 	/System/Library/PrivateFrameworks/AssertionServices.framework/Versions/A/AssertionServices
0x00000001b6da4000 	/System/Library/PrivateFrameworks/BackBoardServices.framework/Versions/A/BackBoardServices
0x00000001b0cd3000 	/System/Library/PrivateFrameworks/CorePhoneNumbers.framework/Versions/A/CorePhoneNumbers
0x00000001b4b5a000 	/System/Library/PrivateFrameworks/DiskManagement.framework/Versions/A/DiskManagement
0x00000001b4a5d000 	/System/Library/PrivateFrameworks/AppleIDAuthSupport.framework/Versions/A/AppleIDAuthSupport
0x0000000208a1e000 	/System/Library/PrivateFrameworks/AAAFoundation.framework/Versions/A/AAAFoundation
0x00000001b0cb2000 	/System/Library/PrivateFrameworks/KeychainCircle.framework/Versions/A/KeychainCircle
0x00000001b4b26000 	/System/Library/PrivateFrameworks/MediaKit.framework/Versions/A/MediaKit
0x00000001b4a6a000 	/System/Library/Frameworks/DiscRecording.framework/Versions/A/DiscRecording
0x00000001ae2be000 	/usr/lib/libCoreStorage.dylib
0x00000001b70a1000 	/usr/lib/libcsfde.dylib
0x00000001b19c2000 	/System/Library/PrivateFrameworks/ProtectedCloudStorage.framework/Versions/A/ProtectedCloudStorage
0x00000001b7099000 	/System/Library/PrivateFrameworks/EFILogin.framework/Versions/A/EFILogin
0x00000001b4e39000 	/System/Library/PrivateFrameworks/OctagonTrust.framework/Versions/A/OctagonTrust
0x000000020d5ef000 	/System/Library/PrivateFrameworks/CoreUtilsExtras.framework/Versions/A/CoreUtilsExtras
0x00000001b498f000 	/System/Library/Frameworks/CoreBluetooth.framework/Versions/A/CoreBluetooth
0x00000001b772c000 	/System/Library/Frameworks/AudioUnit.framework/Versions/A/AudioUnit
0x00000001ae2b6000 	/usr/lib/libMatch.1.dylib
0x00000001c73ea000 	/System/Library/Frameworks/Accelerate.framework/Versions/A/Frameworks/vImage.framework/Versions/A/Libraries/libCGInterfaces.dylib
0x000000010ffd8000 	/usr/lib/libobjc-trampolines.dylib
0x00000001a9fb8000 	/System/Library/PrivateFrameworks/ViewBridge.framework/Versions/A/ViewBridge
0x00000001aea1a000 	/System/Library/PrivateFrameworks/login.framework/Versions/A/login
0x00000001697d8000 	/Users/youssefgeorge/.openjfx/cache/17.0.1/libjavafx_font.dylib
0x0000000221b35000 	/usr/lib/libRosetta.dylib
0x00000001697bc000 	/System/Library/Frameworks/FileProvider.framework/OverrideBundles/CloudDocsFileProvider.bundle/Contents/MacOS/CloudDocsFileProvider
0x00000001aa513000 	/System/Library/PrivateFrameworks/CloudDocs.framework/Versions/A/CloudDocs
0x00000001b73d6000 	/System/Library/PrivateFrameworks/AppleAccount.framework/Versions/A/AppleAccount
0x00000001b19a9000 	/System/Library/PrivateFrameworks/AppContainer.framework/Versions/A/AppContainer
0x00000001b1457000 	/System/Library/PrivateFrameworks/IDS.framework/Versions/A/IDS
0x00000001b7520000 	/System/Library/PrivateFrameworks/AppleIDSSOAuthentication.framework/Versions/A/AppleIDSSOAuthentication
0x00000001aa2c1000 	/System/Library/PrivateFrameworks/ApplePushService.framework/Versions/A/ApplePushService
0x00000001b711f000 	/System/Library/PrivateFrameworks/AppSupport.framework/Versions/A/AppSupport
0x00000001b0228000 	/System/Library/PrivateFrameworks/IMFoundation.framework/Versions/A/IMFoundation
0x00000001bdceb000 	/System/Library/PrivateFrameworks/Marco.framework/Versions/A/Marco
0x00000001b15d1000 	/System/Library/PrivateFrameworks/IDSFoundation.framework/Versions/A/IDSFoundation
0x00000001a92f1000 	/System/Library/PrivateFrameworks/CommonUtilities.framework/Versions/A/CommonUtilities
0x00000001c2b0a000 	/System/Library/PrivateFrameworks/FTServices.framework/Versions/A/FTServices
0x00000001bb033000 	/System/Library/PrivateFrameworks/Engram.framework/Versions/A/Engram
0x00000001bafd5000 	/usr/lib/libtidy.A.dylib
0x00000001aebd4000 	/System/Library/PrivateFrameworks/Bom.framework/Versions/A/Bom
0x00000001b058a000 	/usr/lib/libParallelCompression.dylib
0x00000001ae17c000 	/System/Library/PrivateFrameworks/CrashReporterSupport.framework/Versions/A/CrashReporterSupport
0x00000001ccda9000 	/System/Library/PrivateFrameworks/FTAWD.framework/Versions/A/FTAWD
0x00000001cee63000 	/System/Library/PrivateFrameworks/OSAnalytics.framework/Versions/A/OSAnalytics
0x00000001da161000 	/System/Library/PrivateFrameworks/Symbolication.framework/Versions/A/Symbolication
0x00000001c2eff000 	/System/Library/PrivateFrameworks/MallocStackLogging.framework/Versions/A/MallocStackLogging
0x00000001b3e9d000 	/System/Library/PrivateFrameworks/CoreDaemon.framework/Versions/B/CoreDaemon
0x00000001b3e97000 	/System/Library/PrivateFrameworks/AppleSRP.framework/Versions/A/AppleSRP
0x00000001acd95000 	/System/Library/Frameworks/ServiceManagement.framework/Versions/A/ServiceManagement
0x00000001b19be000 	/System/Library/PrivateFrameworks/SecCodeWrapper.framework/Versions/A/SecCodeWrapper
0x000000016a5bc000 	/System/Library/Frameworks/FileProvider.framework/OverrideBundles/FileProviderOverride.bundle/Contents/MacOS/FileProviderOverride
0x0000000172128000 	/System/Library/Frameworks/FileProvider.framework/OverrideBundles/FinderSyncCollaborationFileProviderOverride.bundle/Contents/MacOS/FinderSyncCollaborationFileProviderOverride
0x00000001d3634000 	/System/Library/PrivateFrameworks/FinderSyncPriv.framework/Versions/A/FinderSyncPriv
0x00000001c0cea000 	/usr/lib/libFosl_dynamic.dylib
0x00000001c6cc2000 	/usr/lib/libncurses.5.4.dylib


VM Arguments:
jvm_args: -javaagent:/Applications/IntelliJ IDEA.app/Contents/lib/idea_rt.jar=56465:/Applications/IntelliJ IDEA.app/Contents/bin -Dfile.encoding=UTF-8 --module-path=/Users/youssefgeorge/.m2/repository/org/jsoup/jsoup/1.15.1/jsoup-1.15.1.jar:/Users/youssefgeorge/.m2/repository/com/fasterxml/jackson/core/jackson-core/2.13.3/jackson-core-2.13.3.jar:/Volumes/D/Uni/Semester 6/CSE338 SW Testing VV/Project/CSE338Project/target/classes:/Users/youssefgeorge/.m2/repository/org/openjfx/javafx-fxml/17.0.1/javafx-fxml-17.0.1-mac-aarch64.jar:/Users/youssefgeorge/.m2/repository/org/openjfx/javafx-graphics/17.0.1/javafx-graphics-17.0.1-mac-aarch64.jar:/Users/youssefgeorge/.m2/repository/org/openjfx/javafx-controls/17.0.1/javafx-controls-17.0.1-mac-aarch64.jar:/Users/youssefgeorge/.m2/repository/com/fasterxml/jackson/core/jackson-annotations/2.13.3/jackson-annotations-2.13.3.jar:/Users/youssefgeorge/.m2/repository/org/openjfx/javafx-base/17.0.1/javafx-base-17.0.1-mac-aarch64.jar:/Users/youssefgeorge/.m2/repository/org/json/json/20090211/json-20090211.jar:/Users/youssefgeorge/.m2/repository/com/fasterxml/jackson/core/jackson-databind/2.13.3/jackson-databind-2.13.3.jar -Djdk.module.main=com.example.cse338project 
java_command: com.example.cse338project/com.example.cse338project.gui.Main
java_class_path (initial): /Users/youssefgeorge/.m2/repository/com/fasterxml/jackson/dataformat/jackson-dataformat-yaml/2.5.3/jackson-dataformat-yaml-2.5.3.jar:/Users/youssefgeorge/.m2/repository/com/fasterxml/jackson/core/jackson-core/2.5.3/jackson-core-2.5.3.jar:/Users/youssefgeorge/.m2/repository/com/fasterxml/jackson/core/jackson-databind/2.5.3/jackson-databind-2.5.3.jar:/Users/youssefgeorge/.m2/repository/com/fasterxml/jackson/core/jackson-annotations/2.5.0/jackson-annotations-2.5.0.jar:/Users/youssefgeorge/.m2/repository/org/yaml/snakeyaml/1.12/snakeyaml-1.12.jar:/Users/youssefgeorge/.m2/repository/org/openjfx/javafx-controls/17.0.1/javafx-controls-17.0.1.jar:/Users/youssefgeorge/.m2/repository/org/openjfx/javafx-graphics/17.0.1/javafx-graphics-17.0.1.jar:/Users/youssefgeorge/.m2/repository/org/openjfx/javafx-base/17.0.1/javafx-base-17.0.1.jar:/Users/youssefgeorge/.m2/repository/org/openjfx/javafx-fxml/17.0.1/javafx-fxml-17.0.1.jar:/Users/youssefgeorge/.m2/repository/org/testfx/testfx-core/4.0.16-alpha/testfx-core-4.0.16-alpha.jar:/Users/youssefgeorge/.m2/repository/org/hamcrest/hamcrest-core/1.3/hamcrest-core-1.3.jar:/Users/youssefgeorge/.m2/repository/org/assertj/assertj-core/3.13.2/assertj-core-3.13.2.jar:/Users/youssefgeorge/.m2/repository/org/testfx/testfx-junit5/4.0.16-alpha/testfx-junit5-4.0.16-alpha.jar:/Users/youssefgeorge/.m2/repository/org/awaitility/awaitility/4.2.0/awaitility-4.2.0.jar:/Users/youssefgeorge/.m2/repository/org/hamcrest/hamcrest/2.1/hamcrest-2.1.jar
Launcher Type: SUN_STANDARD

[Global flags]
     intx CICompilerCount                          = 4                                         {product} {ergonomic}
     uint ConcGCThreads                            = 2                                         {product} {ergonomic}
     uint G1ConcRefinementThreads                  = 8                                         {product} {ergonomic}
   size_t G1HeapRegionSize                         = 1048576                                   {product} {ergonomic}
    uintx GCDrainStackTargetSize                   = 64                                        {product} {ergonomic}
   size_t InitialHeapSize                          = 134217728                                 {product} {ergonomic}
   size_t MarkStackSize                            = 4194304                                   {product} {ergonomic}
   size_t MaxHeapSize                              = 2147483648                                {product} {ergonomic}
   size_t MaxNewSize                               = 1287651328                                {product} {ergonomic}
   size_t MinHeapDeltaBytes                        = 1048576                                   {product} {ergonomic}
   size_t MinHeapSize                              = 8388608                                   {product} {ergonomic}
    uintx NonNMethodCodeHeapSize                   = 5839564                                {pd product} {ergonomic}
    uintx NonProfiledCodeHeapSize                  = 122909338                              {pd product} {ergonomic}
    uintx ProfiledCodeHeapSize                     = 122909338                              {pd product} {ergonomic}
    uintx ReservedCodeCacheSize                    = 251658240                              {pd product} {ergonomic}
     bool SegmentedCodeCache                       = true                                      {product} {ergonomic}
   size_t SoftMaxHeapSize                          = 2147483648                             {manageable} {ergonomic}
     bool UseCompressedClassPointers               = true                           {product lp64_product} {ergonomic}
     bool UseCompressedOops                        = true                           {product lp64_product} {ergonomic}
     bool UseG1GC                                  = true                                      {product} {ergonomic}
     bool UseNUMA                                  = false                                     {product} {ergonomic}
     bool UseNUMAInterleaving                      = false                                     {product} {ergonomic}

Logging:
Log output configuration:
 #0: stdout all=warning uptime,level,tags
 #1: stderr all=off uptime,level,tags

Environment Variables:
PATH=/opt/homebrew/bin:/usr/local/bin:/usr/bin:/bin:/usr/sbin:/sbin
SHELL=/bin/zsh
LC_CTYPE=en_US.UTF-8

Signal Handlers:
   SIGSEGV: crash_handler in libjvm.dylib, mask=11100110000111110111111111111111, flags=SA_RESTART|SA_SIGINFO
    SIGBUS: crash_handler in libjvm.dylib, mask=11100110000111110111111111111111, flags=SA_RESTART|SA_SIGINFO
    SIGFPE: crash_handler in libjvm.dylib, mask=11100110000111110111111111111111, flags=SA_RESTART|SA_SIGINFO
   SIGPIPE: javaSignalHandler in libjvm.dylib, mask=11100110000111110111111111111111, flags=SA_RESTART|SA_SIGINFO
   SIGXFSZ: javaSignalHandler in libjvm.dylib, mask=11100110000111110111111111111111, flags=SA_RESTART|SA_SIGINFO
    SIGILL: crash_handler in libjvm.dylib, mask=11100110000111110111111111111111, flags=SA_RESTART|SA_SIGINFO
   SIGUSR2: SR_handler in libjvm.dylib, mask=00100000000000000000000000000000, flags=SA_RESTART|SA_SIGINFO
    SIGHUP: UserHandler in libjvm.dylib, mask=11100110000111110111111111111111, flags=SA_RESTART|SA_SIGINFO
    SIGINT: UserHandler in libjvm.dylib, mask=11100110000111110111111111111111, flags=SA_RESTART|SA_SIGINFO
   SIGTERM: UserHandler in libjvm.dylib, mask=11100110000111110111111111111111, flags=SA_RESTART|SA_SIGINFO
   SIGQUIT: UserHandler in libjvm.dylib, mask=11100110000111110111111111111111, flags=SA_RESTART|SA_SIGINFO
   SIGTRAP: crash_handler in libjvm.dylib, mask=11100110000111110111111111111111, flags=SA_RESTART|SA_SIGINFO


---------------  S Y S T E M  ---------------

OS:
uname: Darwin 21.4.0 Darwin Kernel Version 21.4.0: Mon Feb 21 20:36:53 PST 2022; root:xnu-8020.101.4~2/RELEASE_ARM64_T8101 arm64
OS uptime: 5 days 8:58 hours
rlimit (soft/hard): STACK 8176k/65520k , CORE 0k/infinity , NPROC 1333/2000 , NOFILE 10240/infinity , AS infinity/infinity , CPU infinity/infinity , DATA infinity/infinity , FSIZE infinity/infinity , MEMLOCK infinity/infinity , RSS infinity/infinity
load average: 1.96 1.50 1.57

CPU: total 8 (initial active 8) 0x61:0x0:0x1b588bb3:0, fp, simd, crc, lse

Memory: 16k page, physical 8388608k(259696k free), swap 5242880k(777728k free)

vm_info: OpenJDK 64-Bit Server VM (17.0.2+8-86) for bsd-aarch64 JRE (17.0.2+8-86), built on Dec  7 2021 21:45:06 by "mach5one" with clang Apple LLVM 12.0.0 (clang-1200.0.32.29)

END.
