#
# A fatal error has been detected by the Java Runtime Environment:
#
#  SIGBUS (0xa) at pc=0x0000000109d514f0, pid=92535, tid=28427
#
# JRE version: OpenJDK Runtime Environment (17.0.2+8) (build 17.0.2+8-86)
# Java VM: OpenJDK 64-Bit Server VM (17.0.2+8-86, mixed mode, sharing, tiered, compressed oops, compressed class ptrs, g1 gc, bsd-aarch64)
# Problematic frame:
# v  ~StubRoutines::SafeFetchN
#
# No core dump will be written. Core dumps have been disabled. To enable core dumping, try "ulimit -c unlimited" before starting Java again
#
# If you would like to submit a bug report, please visit:
#   https://bugreport.java.com/bugreport/crash.jsp
# The crash happened outside the Java Virtual Machine in native code.
# See problematic frame for where to report the bug.
#

---------------  S U M M A R Y ------------

Command Line: -javaagent:/Applications/IntelliJ IDEA.app/Contents/lib/idea_rt.jar=53260:/Applications/IntelliJ IDEA.app/Contents/bin -Dfile.encoding=UTF-8 --module-path=/Volumes/D/Uni/Semester 6/CSE338 SW Testing VV/Project/CSE338Project/target/classes:/Users/youssefgeorge/.m2/repository/org/openjfx/javafx-fxml/17.0.1/javafx-fxml-17.0.1-mac-aarch64.jar:/Users/youssefgeorge/.m2/repository/org/json/json/20090211/json-20090211.jar:/Users/youssefgeorge/.m2/repository/org/openjfx/javafx-base/17.0.1/javafx-base-17.0.1-mac-aarch64.jar:/Users/youssefgeorge/.m2/repository/com/fasterxml/jackson/core/jackson-core/2.13.3/jackson-core-2.13.3.jar:/Users/youssefgeorge/.m2/repository/com/fasterxml/jackson/core/jackson-databind/2.13.3/jackson-databind-2.13.3.jar:/Users/youssefgeorge/.m2/repository/org/openjfx/javafx-graphics/17.0.1/javafx-graphics-17.0.1-mac-aarch64.jar:/Users/youssefgeorge/.m2/repository/org/openjfx/javafx-controls/17.0.1/javafx-controls-17.0.1-mac-aarch64.jar:/Users/youssefgeorge/.m2/repository/com/fasterxml/jackson/core/jackson-annotations/2.13.3/jackson-annotations-2.13.3.jar -Djdk.module.main=com.example.cse338project com.example.cse338project/com.example.cse338project.gui.Main

Host: "MacBookPro17,1" arm64 1 MHz, 8 cores, 8G, Darwin 21.4.0, macOS 12.3 (21E230)
Time: Thu May 19 23:13:28 2022 EET elapsed time: 46.188535 seconds (0d 0h 0m 46s)

---------------  T H R E A D  ---------------

Current thread (0x000000012e95dc00):  JavaThread "InvokeLaterDispatcher" daemon [_thread_in_native, id=28427, stack(0x0000000172530000,0x0000000172733000)]

Stack: [0x0000000172530000,0x0000000172733000],  sp=0x00000001727327a0,  free space=2057k
Native frames: (J=compiled Java code, j=interpreted, Vv=VM code, C=native code)
v  ~StubRoutines::SafeFetchN
V  [libjvm.dylib+0x7a6bcc]  OopStorage::release(oopDesc* const*)+0x20
V  [libjvm.dylib+0x4ba824]  jni_DeleteGlobalRef+0xd8
C  [libglass.dylib+0xab08]  -[GlassRunnable dealloc]+0x34
C  [Foundation+0x85618]  -[_NSThreadPerformInfo dealloc]+0x30
C  [Foundation+0x5198c]  -[NSObject(NSThreadPerformAdditions) performSelectorOnMainThread:withObject:waitUntilDone:]+0x88
C  0x5c790001119e254c
J 4433 c1 com.sun.glass.ui.mac.MacApplication.submitForLaterInvocation(Ljava/lang/Runnable;)V javafx.graphics (6 bytes) @ 0x000000010abffb58 [0x000000010abffac0+0x0000000000000098]
C  0x00000007817a6d78

Java frames: (J=compiled Java code, j=interpreted, Vv=VM code)
J 4484  com.sun.glass.ui.mac.MacApplication._submitForLaterInvocation(Ljava/lang/Runnable;)V javafx.graphics (0 bytes) @ 0x00000001119e254c [0x00000001119e24c0+0x000000000000008c]
J 4433 c1 com.sun.glass.ui.mac.MacApplication.submitForLaterInvocation(Ljava/lang/Runnable;)V javafx.graphics (6 bytes) @ 0x000000010abffb58 [0x000000010abffac0+0x0000000000000098]
j  com.sun.glass.ui.InvokeLaterDispatcher.run()V+82 javafx.graphics
v  ~StubRoutines::call_stub

siginfo: si_signo: 10 (SIGBUS), si_code: 1 (BUS_ADRALN), si_addr: 0x0000000109d514f0

Register to memory mapping:

 x0=0x000000011df08688 is a global jni handle
 x1=0x0 is NULL
 x2=0x0000000787532768 is an oop: com.sun.glass.ui.InvokeLaterDispatcher$Future 
{0x0000000787532768} - klass: 'com/sun/glass/ui/InvokeLaterDispatcher$Future'
 - ---- fields (total size 3 words):
 - private 'done' 'Z' @12  true
 - private final 'runnable' 'Ljava/lang/Runnable;' @16  a 'com/sun/javafx/tk/quantum/ViewScene$$Lambda$264+0x0000000800dbb628'{0x0000000787328978} (f0e6512f)
 - final synthetic 'this$0' 'Lcom/sun/glass/ui/InvokeLaterDispatcher;' @20  a 'com/sun/glass/ui/InvokeLaterDispatcher'{0x00000007817a6d78} (f02f4daf)
 x3=0x0 is NULL
 x4=0x00000000000130a8 is an unknown value
 x5=0x0 is NULL
 x6=0x0 is NULL
 x7=0x0 is NULL
 x8=0x0000000109d514ec is at begin+0 in a stub
StubRoutines::SafeFetchN [0x0000000109d514ec, 0x0000000109d514f8] (12 bytes)
 x9=0x0 is NULL
x10=0x2010000030300000 is an unknown value
x11=0x0000000000000007 is an unknown value
x12=0x0000000000000004 is an unknown value
x13=0x00006000021e85b0 points into unknown readable memory: 0xd61680011d9869e8 | e8 69 98 1d 01 80 16 d6
x14=0x0000130000000000 is an unknown value
x15=0x000000011d9c1f98: OBJC_CLASS_$_GlassRunnable+0 in /Users/youssefgeorge/.openjfx/cache/17.0.1/libglass.dylib at 0x000000011d97c000
x16=0x000000018ca550fc: pthread_getspecific+0 in /usr/lib/system/libsystem_pthread.dylib at 0x000000018ca53000
x17=0x0000600002bc02a0 points into unknown readable memory: 0xfffffffffffffffe | fe ff ff ff ff ff ff ff
x18=0x0 is NULL
x19=0x00006000024d0070 points into unknown readable memory: 0x0000600000dd4120 | 20 41 dd 00 00 60 00 00
x20=0x000000011df08480 points into unknown readable memory: 0x00000007ffe0b5b8 | b8 b5 e0 ff 07 00 00 00
x21=0x000000011df08688 is a global jni handle
x22=0x000000012e95dc00 is a thread
x23=0x0000000000000001 is an unknown value
x24=0x000000011df08640 is a global jni handle
x25=0x00000001022115e8: _ZN12StubRoutines17_safefetchN_entryE+0 in /Users/youssefgeorge/Library/Java/JavaVirtualMachines/openjdk-17.0.2/Contents/Home/lib/server/libjvm.dylib at 0x0000000101660000
x26=0x000000011f51ca48 is pointing into metadata
x27=0x0 is NULL
x28=0x000000012e95dc00 is a thread


Registers:
 x0=0x000000011df08688  x1=0x0000000000000000  x2=0x0000000787532768  x3=0x0000000000000000
 x4=0x00000000000130a8  x5=0x0000000000000000  x6=0x0000000000000000  x7=0x0000000000000000
 x8=0x0000000109d514ec  x9=0x0000000000000000 x10=0x2010000030300000 x11=0x0000000000000007
x12=0x0000000000000004 x13=0x00006000021e85b0 x14=0x0000130000000000 x15=0x000000011d9c1f98
x16=0x000000018ca550fc x17=0x0000600002bc02a0 x18=0x0000000000000000 x19=0x00006000024d0070
x20=0x000000011df08480 x21=0x000000011df08688 x22=0x000000012e95dc00 x23=0x0000000000000001
x24=0x000000011df08640 x25=0x00000001022115e8 x26=0x000000011f51ca48 x27=0x0000000000000000
x28=0x000000012e95dc00  fp=0x00000001727327e0  lr=0x0000000101e0599c  sp=0x00000001727327a0
pc=0x0000000109d514f0 cpsr=0x0000000060001000
Top of Stack: (sp=0x00000001727327a0)
0x00000001727327a0:   000000011f51ca48 0000000000000001
0x00000001727327b0:   0000000800c2cae8 0000000000000000
0x00000001727327c0:   000000011e83a8a8 000000011df08640
0x00000001727327d0:   000000011df08640 00006000024d0070
0x00000001727327e0:   0000000172732820 0000000101e06bcc
0x00000001727327f0:   0000000000000001 000000011df08640
0x0000000172732800:   000000011e83a8a8 000000011df08640
0x0000000172732810:   0000000000000001 000000011e83a600
0x0000000172732820:   0000000172732860 0000000101b1a824
0x0000000172732830:   0000000800c2cae8 0000600000dd1fc0
0x0000000172732840:   0000600000dd1f90 00000001d6b19be0
0x0000000172732850:   0000000000000000 0000600000dd1f90
0x0000000172732860:   0000000172732890 000000011d986b08
0x0000000172732870:   afe755afee380080 0000000000000000
0x0000000172732880:   0000000000000000 0000600001a7ff00
0x0000000172732890:   00000001727328d0 000000018da22618
0x00000001727328a0:   0000000800c2cae8 0000600000dd1fc0
0x00000001727328b0:   0000600000dd1f90 afe755afee380080
0x00000001727328c0:   0000000000000000 0000000000000000
0x00000001727328d0:   0000000172732910 cc0f80018d9ee98c
0x00000001727328e0:   0000000800c2cae8 0000000109d587c0
0x00000001727328f0:   000000011f51c482 0000000102218fa8
0x0000000172732900:   00000001727329f0 00000000000000b9
0x0000000172732910:   0000000172732970 5c790001119e254c
0x0000000172732920:   0000000781789240 0000000787532768
0x0000000172732930:   0000000172732a98 000000018ca61630
0x0000000172732940:   000000012e95dc00 00000001021f5db0
0x0000000172732950:   0000000172732a00 0000000000000001
0x0000000172732960:   00000001727329a0 0000000780000538
0x0000000172732970:   0000000172732a60 000000010abffb58
0x0000000172732980:   0000000787532768 0000000787328978
0x0000000172732990:   00000001727329f8 00000000000000b6 

Instructions: (pc=0x0000000109d514f0)
0x0000000109d513f0:   f2a043a9 f2c00029 6d425935 1e640886
0x0000000109d51400:   0c402d31 1e6408c7 1f5654d0 1e6c1017
0x0000000109d51410:   1f5050d0 1f504cd0 1f5048d0 1e650af6
0x0000000109d51420:   1f50d8f6 1f5694d6 1f5158f6 1e762880
0x0000000109d51430:   36000501 1e614000 14000026 2e251ca5
0x0000000109d51440:   d29c3009 f2a043a9 f2c00029 6d425d36
0x0000000109d51450:   1e600806 0c402d32 1f5758c7 1e6c101a
0x0000000109d51460:   1f4754c7 1e650805 1f4750c7 d2866668
0x0000000109d51470:   f2a7fa68 1f474cc7 1e6608c0 1f4748c7
0x0000000109d51480:   1e6e1019 eb08007f 540000ac 1f479400
0x0000000109d51490:   1f460340 1e603b20 1400000e d2a7fd29
0x0000000109d514a0:   eb09007f 540000ac 51480069 d3607d29
0x0000000109d514b0:   9e670121 14000002 1e6a5001 1f679417
0x0000000109d514c0:   1f668742 1e613b23 1e773857 1e773860
0x0000000109d514d0:   a8c17ff3 910003bf a8c17bfd d65f03c0
0x0000000109d514e0:   b9400001 aa0103e0 d65f03c0 f9400001
0x0000000109d514f0:   aa0103e0 d65f03c0 00000000 00000000
0x0000000109d51500:   00000000 00000000 00000000 00000000
0x0000000109d51510:   00000000 00000000 00000000 00000000
0x0000000109d51520:   00000000 00000000 00000000 00000000
0x0000000109d51530:   00000000 00000000 00000000 00000000
0x0000000109d51540:   00000000 00000000 00000000 00000000
0x0000000109d51550:   00000000 00000000 00000000 00000000
0x0000000109d51560:   00000000 00000000 00000000 00000000
0x0000000109d51570:   00000000 00000000 00000000 00000000
0x0000000109d51580:   00000000 00000000 00000000 00000000
0x0000000109d51590:   00000000 00000000 00000000 00000000
0x0000000109d515a0:   00000000 00000000 00000000 00000000
0x0000000109d515b0:   00000000 00000000 00000000 00000000
0x0000000109d515c0:   00000000 00000000 00000000 00000000
0x0000000109d515d0:   00000000 00000000 00000000 00000000
0x0000000109d515e0:   00000000 00000000 00000000 00000000 


Stack slot to memory mapping:
stack at sp + 0 slots: 0x000000011f51ca48 is pointing into metadata
stack at sp + 1 slots: 0x0000000000000001 is an unknown value
stack at sp + 2 slots: 0x0000000800c2cae8 is a pointer to class: 
com.sun.glass.ui.mac.MacApplication {0x0000000800c2cae8}
 - instance size:     5
 - klass size:        136
 - access:            final synchronized 
 - state:             fully_initialized
 - name:              'com/sun/glass/ui/mac/MacApplication'
 - super:             'com/sun/glass/ui/Application'
 - sub:               
 - arrays:            NULL
 - methods:           Array<T>(0x000000011f4f68e0)
 - method ordering:   Array<T>(0x000000080091b250)
 - default_methods:   Array<T>(0x0000000000000000)
 - local interfaces:  Array<T>(0x000000011f4f66d0)
 - trans. interfaces: Array<T>(0x000000011f4f66d0)
 - constants:         constant pool [548]/operands[69] {0x000000011f4f53f0} for 'com/sun/glass/ui/mac/MacApplication' cache=0x000000011f51a3e0
 - class loader data:  loader data: 0x0000600003ed81e0 for instance a 'jdk/internal/loader/ClassLoaders$AppClassLoader'{0x0000000781769ad0}
 - source file:       'MacApplication.java'
 - class annotations:       Array<T>(0x0000000000000000)
 - class type annotations:  Array<T>(0x0000000000000000)
 - field annotations:       Array<T>(0x0000000000000000)
 - field type annotations:  Array<T>(0x0000000000000000)
 - inner classes:     Array<T>(0x000000011f4f37d8)
 - nest members:     Array<T>(0x000000011f4f3830)
 - permitted subclasses:     Array<T>(0x00000008005d7598)
 - java mirror:       a 'java/lang/Class'{0x00000007817891c8} = 'com/sun/glass/ui/mac/MacApplication'
 - vtable length      72  (start addr: 0x0000000800c2ccb8)
 - itable length      5 (start addr: 0x0000000800c2cef8)
 - ---- static fields (1 words):
 - static final 'BROWSER_PARENT_ID' 'J' @112 
 - ---- non-static fields (7 words):
 - private 'initialActiveEventReceived' 'Z' @12 
 - private 'terminateWhenLastWindowClosed' 'Z' @13 
 - protected 'name' 'Ljava/lang/String;' @16 
 - private 'eventHandler' 'Lcom/sun/glass/ui/Application$EventHandler;' @20 
 - private 'initialOpenedFiles' '[Ljava/lang/String;' @24 
 - private 'isTaskbarApplication' 'Z' @14 
 - private 'firstDidResignActive' 'Z' @15 
 - private final 'invokeLaterDispatcher' 'Lcom/sun/glass/ui/InvokeLaterDispatcher;' @28 
 - private 'appleMenu' 'Lcom/sun/glass/ui/Menu;' @32 
 - private final 'reactivationLatch' 'Ljava/util/concurrent/CountDownLatch;' @36 
 - non-static oop maps: 16-36 
stack at sp + 3 slots: 0x0 is NULL
stack at sp + 4 slots: 0x000000011e83a8a8 points into unknown readable memory: 0x00000001021ce738 | 38 e7 1c 02 01 00 00 00
stack at sp + 5 slots: 0x000000011df08640 is a global jni handle
stack at sp + 6 slots: 0x000000011df08640 is a global jni handle
stack at sp + 7 slots: 0x00006000024d0070 points into unknown readable memory: 0x0000600000dd4120 | 20 41 dd 00 00 60 00 00

StubRoutines::SafeFetchN [0x0000000109d514ec, 0x0000000109d514f8] (12 bytes)
[MachCode]
  0x0000000109d514ec: 0100 40f9 | e003 01aa | c003 5fd6 
[/MachCode]

---------------  P R O C E S S  ---------------

Threads class SMR info:
_java_thread_list=0x0000600000e9d7e0, length=21, elements={
0x000000012f808800, 0x000000012e02c400, 0x000000012e00da00, 0x000000011e076c00,
0x000000011e076400, 0x000000011e079400, 0x000000012f814800, 0x000000012f815c00,
0x000000012e80d600, 0x000000012e02d000, 0x000000012e81b000, 0x000000011f815400,
0x000000012e040600, 0x000000012e95dc00, 0x000000011e83a600, 0x000000011e178c00,
0x000000011e1e2400, 0x000000012c06d400, 0x000000011e1e4c00, 0x000000012e122c00,
0x000000011d07d000
}

Java Threads: ( => current thread )
  0x000000012f808800 JavaThread "main" [_thread_blocked, id=5635, stack(0x000000016fb28000,0x000000016fd2b000)]
  0x000000012e02c400 JavaThread "Reference Handler" daemon [_thread_blocked, id=17155, stack(0x000000017097c000,0x0000000170b7f000)]
  0x000000012e00da00 JavaThread "Finalizer" daemon [_thread_blocked, id=16899, stack(0x0000000170b88000,0x0000000170d8b000)]
  0x000000011e076c00 JavaThread "Signal Dispatcher" daemon [_thread_blocked, id=41987, stack(0x0000000170eac000,0x00000001710af000)]
  0x000000011e076400 JavaThread "Service Thread" daemon [_thread_blocked, id=41475, stack(0x00000001710b8000,0x00000001712bb000)]
  0x000000011e079400 JavaThread "Monitor Deflation Thread" daemon [_thread_blocked, id=22787, stack(0x00000001712c4000,0x00000001714c7000)]
  0x000000012f814800 JavaThread "C2 CompilerThread0" daemon [_thread_blocked, id=41219, stack(0x00000001714d0000,0x00000001716d3000)]
  0x000000012f815c00 JavaThread "C1 CompilerThread0" daemon [_thread_blocked, id=40707, stack(0x00000001716dc000,0x00000001718df000)]
  0x000000012e80d600 JavaThread "Sweeper thread" daemon [_thread_blocked, id=40195, stack(0x00000001718e8000,0x0000000171aeb000)]
  0x000000012e02d000 JavaThread "Common-Cleaner" daemon [_thread_blocked, id=39683, stack(0x0000000171af4000,0x0000000171cf7000)]
  0x000000012e81b000 JavaThread "Monitor Ctrl-Break" daemon [_thread_in_native, id=39171, stack(0x0000000171d00000,0x0000000171f03000)]
  0x000000011f815400 JavaThread "Notification Thread" daemon [_thread_blocked, id=23555, stack(0x0000000171f0c000,0x000000017210f000)]
  0x000000012e040600 JavaThread "QuantumRenderer-0" daemon [_thread_blocked, id=38659, stack(0x0000000172324000,0x0000000172527000)]
=>0x000000012e95dc00 JavaThread "InvokeLaterDispatcher" daemon [_thread_in_native, id=28427, stack(0x0000000172530000,0x0000000172733000)]
  0x000000011e83a600 JavaThread "JavaFX Application Thread" [_thread_in_native, id=259, stack(0x000000016f2a0000,0x000000016fa9c000)]
  0x000000011e178c00 JavaThread "JavaFX-Launcher" [_thread_blocked, id=53003, stack(0x000000017296c000,0x0000000172b6f000)]
  0x000000011e1e2400 JavaThread "Prism Font Disposer" daemon [_thread_blocked, id=59143, stack(0x00000001735b4000,0x00000001737b7000)]
  0x000000012c06d400 JavaThread "Attach Listener" daemon [_thread_blocked, id=60187, stack(0x00000001737c0000,0x00000001739c3000)]
  0x000000011e1e4c00 JavaThread "Cleaner-0" daemon [_thread_blocked, id=71691, stack(0x0000000173a58000,0x0000000173c5b000)]
  0x000000012e122c00 JavaThread "PulseTimer-CVDisplayLink thread" daemon [_thread_in_native, id=1303, stack(0x0000000172854000,0x00000001728d7000)]
  0x000000011d07d000 JavaThread "Keep-Alive-Timer" daemon [_thread_blocked, id=170267, stack(0x00000001748ac000,0x0000000174aaf000)]

Other Threads:
  0x000000011df07df0 VMThread "VM Thread" [stack: 0x0000000170770000,0x0000000170973000] [id=15107]
  0x000000012df04a40 WatcherThread [stack: 0x0000000172118000,0x000000017231b000] [id=23811]
  0x000000011df04080 GCTaskThread "GC Thread#0" [stack: 0x000000016fd34000,0x000000016ff37000] [id=20227]
  0x000000011df21c80 GCTaskThread "GC Thread#1" [stack: 0x0000000172b78000,0x0000000172d7b000] [id=75015]
  0x000000012f23d2f0 GCTaskThread "GC Thread#2" [stack: 0x0000000172d84000,0x0000000172f87000] [id=57347]
  0x000000012f00b880 GCTaskThread "GC Thread#3" [stack: 0x0000000172f90000,0x0000000173193000] [id=72707]
  0x000000011de09c80 GCTaskThread "GC Thread#4" [stack: 0x000000017319c000,0x000000017339f000] [id=58115]
  0x000000011de0a4f0 GCTaskThread "GC Thread#5" [stack: 0x00000001733a8000,0x00000001735ab000] [id=58371]
  0x000000012de4bc00 GCTaskThread "GC Thread#6" [stack: 0x0000000173c64000,0x0000000173e67000] [id=88839]
  0x000000012de4c080 GCTaskThread "GC Thread#7" [stack: 0x0000000173e70000,0x0000000174073000] [id=89351]
  0x000000011df04730 ConcurrentGCThread "G1 Main Marker" [stack: 0x000000016ff40000,0x0000000170143000] [id=13059]
  0x000000011df04fb0 ConcurrentGCThread "G1 Conc#0" [stack: 0x000000017014c000,0x000000017034f000] [id=13827]
  0x000000012de51900 ConcurrentGCThread "G1 Conc#1" [stack: 0x0000000174ab8000,0x0000000174cbb000] [id=169731]
  0x000000011df05c20 ConcurrentGCThread "G1 Refine#0" [stack: 0x0000000170358000,0x000000017055b000] [id=19203]
  0x000000012df097d0 ConcurrentGCThread "G1 Refine#1" [stack: 0x000000017407c000,0x000000017427f000] [id=172039]
  0x000000011de0f020 ConcurrentGCThread "G1 Refine#2" [stack: 0x0000000174288000,0x000000017448b000] [id=89859]
  0x000000012df0d670 ConcurrentGCThread "G1 Refine#3" [stack: 0x0000000174494000,0x0000000174697000] [id=90371]
  0x000000012f259560 ConcurrentGCThread "G1 Refine#4" [stack: 0x00000001746a0000,0x00000001748a3000] [id=170499]
  0x000000011de04240 ConcurrentGCThread "G1 Service" [stack: 0x0000000170564000,0x0000000170767000] [id=18947]

Threads with active compile tasks:

VM state: not at safepoint (normal execution)

VM Mutex/Monitor currently owned by a thread: None

Heap address: 0x0000000780000000, size: 2048 MB, Compressed Oops mode: Zero based, Oop shift amount: 3

CDS archive(s) mapped at: [0x0000000800000000-0x0000000800bd4000-0x0000000800bd4000), size 12402688, SharedBaseAddress: 0x0000000800000000, ArchiveRelocationMode: 0.
Compressed class space mapped at: 0x0000000800c00000-0x0000000840c00000, reserved size: 1073741824
Narrow klass base: 0x0000000800000000, Narrow klass shift: 0, Narrow klass range: 0x100000000

GC Precious Log:
 CPUs: 8 total, 8 available
 Memory: 8192M
 Large Page Support: Disabled
 NUMA Support: Disabled
 Compressed Oops: Enabled (Zero based)
 Heap Region Size: 1M
 Heap Min Capacity: 8M
 Heap Initial Capacity: 128M
 Heap Max Capacity: 2G
 Pre-touch: Disabled
 Parallel Workers: 8
 Concurrent Workers: 2
 Concurrent Refinement Workers: 8
 Periodic GC: Disabled

Heap:
 garbage-first heap   total 86016K, used 32556K [0x0000000780000000, 0x0000000800000000)
  region size 1024K, 15 young (15360K), 9 survivors (9216K)
 Metaspace       used 29462K, committed 29760K, reserved 1081344K
  class space    used 4065K, committed 4224K, reserved 1048576K

Heap Regions: E=young(eden), S=young(survivor), O=old, HS=humongous(starts), HC=humongous(continues), CS=collection set, F=free, OA=open archive, CA=closed archive, TAMS=top-at-mark-start (previous, next)
|   0|0x0000000780000000, 0x0000000780100000, 0x0000000780100000|100%| O|  |TAMS 0x0000000780100000, 0x0000000780000000| Untracked 
|   1|0x0000000780100000, 0x0000000780200000, 0x0000000780200000|100%|HS|  |TAMS 0x0000000780200000, 0x0000000780100000| Complete 
|   2|0x0000000780200000, 0x0000000780300000, 0x0000000780300000|100%|HC|  |TAMS 0x0000000780300000, 0x0000000780200000| Complete 
|   3|0x0000000780300000, 0x0000000780400000, 0x0000000780400000|100%|HC|  |TAMS 0x0000000780400000, 0x0000000780300000| Complete 
|   4|0x0000000780400000, 0x0000000780500000, 0x0000000780500000|100%|HC|  |TAMS 0x0000000780500000, 0x0000000780400000| Complete 
|   5|0x0000000780500000, 0x0000000780600000, 0x0000000780600000|100%|HC|  |TAMS 0x0000000780600000, 0x0000000780500000| Complete 
|   6|0x0000000780600000, 0x0000000780700000, 0x0000000780700000|100%|HC|  |TAMS 0x0000000780700000, 0x0000000780600000| Complete 
|   7|0x0000000780700000, 0x0000000780800000, 0x0000000780800000|100%|HC|  |TAMS 0x0000000780800000, 0x0000000780700000| Complete 
|   8|0x0000000780800000, 0x0000000780900000, 0x0000000780900000|100%|HC|  |TAMS 0x0000000780900000, 0x0000000780800000| Complete 
|   9|0x0000000780900000, 0x0000000780a00000, 0x0000000780a00000|100%|HC|  |TAMS 0x0000000780a00000, 0x0000000780900000| Complete 
|  10|0x0000000780a00000, 0x0000000780b00000, 0x0000000780b00000|100%| O|  |TAMS 0x0000000780a00000, 0x0000000780a00000| Untracked 
|  11|0x0000000780b00000, 0x0000000780c00000, 0x0000000780c00000|100%| O|  |TAMS 0x0000000780b00000, 0x0000000780b00000| Untracked 
|  12|0x0000000780c00000, 0x0000000780c00000, 0x0000000780d00000|  0%| F|  |TAMS 0x0000000780c00000, 0x0000000780c00000| Untracked 
|  13|0x0000000780d00000, 0x0000000780d00000, 0x0000000780e00000|  0%| F|  |TAMS 0x0000000780d00000, 0x0000000780d00000| Untracked 
|  14|0x0000000780e00000, 0x0000000780e00000, 0x0000000780f00000|  0%| F|  |TAMS 0x0000000780e00000, 0x0000000780e00000| Untracked 
|  15|0x0000000780f00000, 0x0000000780f00000, 0x0000000781000000|  0%| F|  |TAMS 0x0000000780f00000, 0x0000000780f00000| Untracked 
|  16|0x0000000781000000, 0x0000000781000000, 0x0000000781100000|  0%| F|  |TAMS 0x0000000781000000, 0x0000000781000000| Untracked 
|  17|0x0000000781100000, 0x0000000781100000, 0x0000000781200000|  0%| F|  |TAMS 0x0000000781100000, 0x0000000781100000| Untracked 
|  18|0x0000000781200000, 0x00000007812d33d0, 0x0000000781300000| 82%| S|CS|TAMS 0x0000000781200000, 0x0000000781200000| Complete 
|  19|0x0000000781300000, 0x0000000781400000, 0x0000000781400000|100%|HS|  |TAMS 0x0000000781400000, 0x0000000781300000| Complete 
|  20|0x0000000781400000, 0x0000000781500000, 0x0000000781500000|100%|HC|  |TAMS 0x0000000781500000, 0x0000000781400000| Complete 
|  21|0x0000000781500000, 0x0000000781600000, 0x0000000781600000|100%| O|  |TAMS 0x0000000781600000, 0x0000000781500000| Untracked 
|  22|0x0000000781600000, 0x0000000781700000, 0x0000000781700000|100%| O|  |TAMS 0x0000000781700000, 0x0000000781600000| Untracked 
|  23|0x0000000781700000, 0x0000000781800000, 0x0000000781800000|100%| O|  |TAMS 0x000000078175a400, 0x0000000781700000| Untracked 
|  24|0x0000000781800000, 0x0000000781900000, 0x0000000781900000|100%| S|CS|TAMS 0x0000000781800000, 0x0000000781800000| Complete 
|  25|0x0000000781900000, 0x0000000781a00000, 0x0000000781a00000|100%| S|CS|TAMS 0x0000000781900000, 0x0000000781900000| Complete 
|  26|0x0000000781a00000, 0x0000000781b00000, 0x0000000781b00000|100%| S|CS|TAMS 0x0000000781a00000, 0x0000000781a00000| Complete 
|  27|0x0000000781b00000, 0x0000000781c00000, 0x0000000781c00000|100%| S|CS|TAMS 0x0000000781b00000, 0x0000000781b00000| Complete 
|  28|0x0000000781c00000, 0x0000000781d00000, 0x0000000781d00000|100%| S|CS|TAMS 0x0000000781c00000, 0x0000000781c00000| Complete 
|  29|0x0000000781d00000, 0x0000000781e00000, 0x0000000781e00000|100%| S|CS|TAMS 0x0000000781d00000, 0x0000000781d00000| Complete 
|  30|0x0000000781e00000, 0x0000000781f00000, 0x0000000781f00000|100%| S|CS|TAMS 0x0000000781e00000, 0x0000000781e00000| Complete 
|  31|0x0000000781f00000, 0x0000000782000000, 0x0000000782000000|100%| S|CS|TAMS 0x0000000781f00000, 0x0000000781f00000| Complete 
|  32|0x0000000782000000, 0x0000000782000000, 0x0000000782100000|  0%| F|  |TAMS 0x0000000782000000, 0x0000000782000000| Untracked 
|  33|0x0000000782100000, 0x0000000782100000, 0x0000000782200000|  0%| F|  |TAMS 0x0000000782100000, 0x0000000782100000| Untracked 
|  34|0x0000000782200000, 0x0000000782200000, 0x0000000782300000|  0%| F|  |TAMS 0x0000000782200000, 0x0000000782200000| Untracked 
|  35|0x0000000782300000, 0x0000000782300000, 0x0000000782400000|  0%| F|  |TAMS 0x0000000782300000, 0x0000000782300000| Untracked 
|  36|0x0000000782400000, 0x0000000782400000, 0x0000000782500000|  0%| F|  |TAMS 0x0000000782400000, 0x0000000782400000| Untracked 
|  37|0x0000000782500000, 0x0000000782500000, 0x0000000782600000|  0%| F|  |TAMS 0x0000000782500000, 0x0000000782500000| Untracked 
|  38|0x0000000782600000, 0x0000000782600000, 0x0000000782700000|  0%| F|  |TAMS 0x0000000782600000, 0x0000000782600000| Untracked 
|  39|0x0000000782700000, 0x0000000782700000, 0x0000000782800000|  0%| F|  |TAMS 0x0000000782700000, 0x0000000782700000| Untracked 
|  40|0x0000000782800000, 0x0000000782800000, 0x0000000782900000|  0%| F|  |TAMS 0x0000000782800000, 0x0000000782800000| Untracked 
|  41|0x0000000782900000, 0x0000000782900000, 0x0000000782a00000|  0%| F|  |TAMS 0x0000000782900000, 0x0000000782900000| Untracked 
|  42|0x0000000782a00000, 0x0000000782a00000, 0x0000000782b00000|  0%| F|  |TAMS 0x0000000782a00000, 0x0000000782a00000| Untracked 
|  43|0x0000000782b00000, 0x0000000782b00000, 0x0000000782c00000|  0%| F|  |TAMS 0x0000000782b00000, 0x0000000782b00000| Untracked 
|  44|0x0000000782c00000, 0x0000000782c00000, 0x0000000782d00000|  0%| F|  |TAMS 0x0000000782c00000, 0x0000000782c00000| Untracked 
|  45|0x0000000782d00000, 0x0000000782d00000, 0x0000000782e00000|  0%| F|  |TAMS 0x0000000782d00000, 0x0000000782d00000| Untracked 
|  46|0x0000000782e00000, 0x0000000782e00000, 0x0000000782f00000|  0%| F|  |TAMS 0x0000000782e00000, 0x0000000782e00000| Untracked 
|  47|0x0000000782f00000, 0x0000000782f00000, 0x0000000783000000|  0%| F|  |TAMS 0x0000000782f00000, 0x0000000782f00000| Untracked 
|  48|0x0000000783000000, 0x0000000783000000, 0x0000000783100000|  0%| F|  |TAMS 0x0000000783000000, 0x0000000783000000| Untracked 
|  49|0x0000000783100000, 0x0000000783100000, 0x0000000783200000|  0%| F|  |TAMS 0x0000000783100000, 0x0000000783100000| Untracked 
|  50|0x0000000783200000, 0x0000000783200000, 0x0000000783300000|  0%| F|  |TAMS 0x0000000783200000, 0x0000000783200000| Untracked 
|  51|0x0000000783300000, 0x0000000783300000, 0x0000000783400000|  0%| F|  |TAMS 0x0000000783300000, 0x0000000783300000| Untracked 
|  52|0x0000000783400000, 0x0000000783400000, 0x0000000783500000|  0%| F|  |TAMS 0x0000000783400000, 0x0000000783400000| Untracked 
|  53|0x0000000783500000, 0x0000000783500000, 0x0000000783600000|  0%| F|  |TAMS 0x0000000783500000, 0x0000000783500000| Untracked 
|  54|0x0000000783600000, 0x0000000783600000, 0x0000000783700000|  0%| F|  |TAMS 0x0000000783600000, 0x0000000783600000| Untracked 
|  55|0x0000000783700000, 0x0000000783700000, 0x0000000783800000|  0%| F|  |TAMS 0x0000000783700000, 0x0000000783700000| Untracked 
|  56|0x0000000783800000, 0x0000000783800000, 0x0000000783900000|  0%| F|  |TAMS 0x0000000783800000, 0x0000000783800000| Untracked 
|  57|0x0000000783900000, 0x0000000783900000, 0x0000000783a00000|  0%| F|  |TAMS 0x0000000783900000, 0x0000000783900000| Untracked 
|  58|0x0000000783a00000, 0x0000000783a00000, 0x0000000783b00000|  0%| F|  |TAMS 0x0000000783a00000, 0x0000000783a00000| Untracked 
|  59|0x0000000783b00000, 0x0000000783b00000, 0x0000000783c00000|  0%| F|  |TAMS 0x0000000783b00000, 0x0000000783b00000| Untracked 
|  60|0x0000000783c00000, 0x0000000783c00000, 0x0000000783d00000|  0%| F|  |TAMS 0x0000000783c00000, 0x0000000783c00000| Untracked 
|  61|0x0000000783d00000, 0x0000000783d00000, 0x0000000783e00000|  0%| F|  |TAMS 0x0000000783d00000, 0x0000000783d00000| Untracked 
|  62|0x0000000783e00000, 0x0000000783e00000, 0x0000000783f00000|  0%| F|  |TAMS 0x0000000783e00000, 0x0000000783e00000| Untracked 
|  63|0x0000000783f00000, 0x0000000783f00000, 0x0000000784000000|  0%| F|  |TAMS 0x0000000783f00000, 0x0000000783f00000| Untracked 
|  64|0x0000000784000000, 0x0000000784000000, 0x0000000784100000|  0%| F|  |TAMS 0x0000000784000000, 0x0000000784000000| Untracked 
|  65|0x0000000784100000, 0x0000000784100000, 0x0000000784200000|  0%| F|  |TAMS 0x0000000784100000, 0x0000000784100000| Untracked 
|  66|0x0000000784200000, 0x0000000784200000, 0x0000000784300000|  0%| F|  |TAMS 0x0000000784200000, 0x0000000784200000| Untracked 
|  67|0x0000000784300000, 0x0000000784300000, 0x0000000784400000|  0%| F|  |TAMS 0x0000000784300000, 0x0000000784300000| Untracked 
|  68|0x0000000784400000, 0x0000000784400000, 0x0000000784500000|  0%| F|  |TAMS 0x0000000784400000, 0x0000000784400000| Untracked 
|  69|0x0000000784500000, 0x0000000784500000, 0x0000000784600000|  0%| F|  |TAMS 0x0000000784500000, 0x0000000784500000| Untracked 
|  70|0x0000000784600000, 0x0000000784600000, 0x0000000784700000|  0%| F|  |TAMS 0x0000000784600000, 0x0000000784600000| Untracked 
|  71|0x0000000784700000, 0x0000000784700000, 0x0000000784800000|  0%| F|  |TAMS 0x0000000784700000, 0x0000000784700000| Untracked 
|  72|0x0000000784800000, 0x0000000784800000, 0x0000000784900000|  0%| F|  |TAMS 0x0000000784800000, 0x0000000784800000| Untracked 
|  73|0x0000000784900000, 0x0000000784900000, 0x0000000784a00000|  0%| F|  |TAMS 0x0000000784900000, 0x0000000784900000| Untracked 
|  74|0x0000000784a00000, 0x0000000784a00000, 0x0000000784b00000|  0%| F|  |TAMS 0x0000000784a00000, 0x0000000784a00000| Untracked 
|  75|0x0000000784b00000, 0x0000000784b00000, 0x0000000784c00000|  0%| F|  |TAMS 0x0000000784b00000, 0x0000000784b00000| Untracked 
| 115|0x0000000787300000, 0x00000007873a4338, 0x0000000787400000| 64%| E|  |TAMS 0x0000000787300000, 0x0000000787300000| Complete 
| 116|0x0000000787400000, 0x0000000787500000, 0x0000000787500000|100%| E|CS|TAMS 0x0000000787400000, 0x0000000787400000| Complete 
| 117|0x0000000787500000, 0x0000000787600000, 0x0000000787600000|100%| E|CS|TAMS 0x0000000787500000, 0x0000000787500000| Complete 
| 118|0x0000000787600000, 0x0000000787700000, 0x0000000787700000|100%| E|CS|TAMS 0x0000000787600000, 0x0000000787600000| Complete 
| 119|0x0000000787700000, 0x0000000787800000, 0x0000000787800000|100%| E|CS|TAMS 0x0000000787700000, 0x0000000787700000| Complete 
| 127|0x0000000787f00000, 0x0000000788000000, 0x0000000788000000|100%| E|CS|TAMS 0x0000000787f00000, 0x0000000787f00000| Complete 
|2046|0x00000007ffe00000, 0x00000007ffe78000, 0x00000007fff00000| 46%|OA|  |TAMS 0x00000007ffe78000, 0x00000007ffe00000| Untracked 
|2047|0x00000007fff00000, 0x00000007fff80000, 0x0000000800000000| 50%|CA|  |TAMS 0x00000007fff80000, 0x00000007fff00000| Untracked 

Card table byte_map: [0x0000000100d2c000,0x000000010112c000] _byte_map_base: 0x00000000fd12c000

Marking Bits (Prev, Next): (CMBitMap*) 0x000000011e01ee50, (CMBitMap*) 0x000000011e01ee10
 Prev Bits: [0x000000011ad50000, 0x000000011cd50000)
 Next Bits: [0x0000000118d50000, 0x000000011ad50000)

Polling page: 0x00000001004e8000

Metaspace:

Usage:
  Non-class:     24.80 MB used.
      Class:      3.97 MB used.
       Both:     28.77 MB used.

Virtual space:
  Non-class space:       32.00 MB reserved,      24.94 MB ( 78%) committed,  4 nodes.
      Class space:        1.00 GB reserved,       4.12 MB ( <1%) committed,  1 nodes.
             Both:        1.03 GB reserved,      29.06 MB (  3%) committed. 

Chunk freelists:
   Non-Class:  2.47 MB
       Class:  3.72 MB
        Both:  6.19 MB

MaxMetaspaceSize: unlimited
CompressedClassSpaceSize: 1.00 GB
Initial GC threshold: 21.00 MB
Current GC threshold: 35.25 MB
CDS: on
MetaspaceReclaimPolicy: balanced
 - commit_granule_bytes: 65536.
 - commit_granule_words: 8192.
 - virtual_space_node_default_size: 1048576.
 - enlarge_chunks_in_place: 1.
 - new_chunks_are_fully_committed: 0.
 - uncommit_free_chunks: 1.
 - use_allocation_guard: 0.
 - handle_deallocations: 1.


Internal statistics:

num_allocs_failed_limit: 3.
num_arena_births: 258.
num_arena_deaths: 0.
num_vsnodes_births: 5.
num_vsnodes_deaths: 0.
num_space_committed: 465.
num_space_uncommitted: 0.
num_chunks_returned_to_freelist: 3.
num_chunks_taken_from_freelist: 1063.
num_chunk_merges: 3.
num_chunk_splits: 760.
num_chunks_enlarged: 604.
num_purges: 0.
num_inconsistent_stats: 0.

CodeHeap 'non-profiled nmethods': size=120032Kb used=1841Kb max_used=1841Kb free=118191Kb
 bounds [0x0000000111818000, 0x0000000111a88000, 0x0000000118d50000]
CodeHeap 'profiled nmethods': size=120016Kb used=9647Kb max_used=9647Kb free=110368Kb
 bounds [0x000000010a2e4000, 0x000000010ac54000, 0x0000000111818000]
CodeHeap 'non-nmethods': size=5712Kb used=1460Kb max_used=1567Kb free=4251Kb
 bounds [0x0000000109d50000, 0x0000000109fc0000, 0x000000010a2e4000]
 total_blobs=5290 nmethods=4420 adapters=785
 compilation: enabled
              stopped_count=0, restarted_count=0
 full_count=0

Compilation events (20 events):
Event: 45.219 Thread 0x000000012f815c00 4507       3       com.sun.javafx.geom.RectBounds::contains (70 bytes)
Event: 45.220 Thread 0x000000012f815c00 nmethod 4507 0x000000010ac43f10 code [0x000000010ac44100, 0x000000010ac44628]
Event: 45.220 Thread 0x000000012f815c00 4506       3       javafx.scene.shape.Rectangle::getArcWidth (19 bytes)
Event: 45.220 Thread 0x000000012f815c00 nmethod 4506 0x000000010ac44710 code [0x000000010ac44900, 0x000000010ac44d58]
Event: 45.223 Thread 0x000000012f815c00 4510       3       java.lang.Math::round (56 bytes)
Event: 45.223 Thread 0x000000012f815c00 nmethod 4510 0x000000010ac44e90 code [0x000000010ac45040, 0x000000010ac45228]
Event: 45.229 Thread 0x000000012f814800 nmethod 4508 0x00000001119e2a90 code [0x00000001119e2cc0, 0x00000001119e3520]
Event: 45.229 Thread 0x000000012f814800 4511       4       com.sun.javafx.sg.prism.NGNode::renderForcedContent (1 bytes)
Event: 45.229 Thread 0x000000012f814800 nmethod 4511 0x00000001119e3810 code [0x00000001119e3980, 0x00000001119e3a20]
Event: 45.718 Thread 0x000000012f815c00 4512       3       com.sun.javafx.sg.prism.NGNode::accumulateDirtyRegions (112 bytes)
Event: 45.718 Thread 0x000000012f815c00 nmethod 4512 0x000000010ac45310 code [0x000000010ac45540, 0x000000010ac45b38]
Event: 45.718 Thread 0x000000012f815c00 4513       3       com.sun.javafx.sg.prism.NGNode::isClean (23 bytes)
Event: 45.719 Thread 0x000000012f815c00 nmethod 4513 0x000000010ac45c90 code [0x000000010ac45e40, 0x000000010ac46028]
Event: 45.719 Thread 0x000000012f815c00 4514       3       com.sun.javafx.geom.RectBounds::intersectWith (86 bytes)
Event: 45.719 Thread 0x000000012f815c00 nmethod 4514 0x000000010ac46110 code [0x000000010ac46340, 0x000000010ac468a8]
Event: 45.720 Thread 0x000000012f815c00 4515       3       com.sun.prism.es2.ES2Graphics::create (16 bytes)
Event: 45.720 Thread 0x000000012f815c00 nmethod 4515 0x000000010ac46a90 code [0x000000010ac46c80, 0x000000010ac47058]
Event: 45.720 Thread 0x000000012f815c00 4516       3       com.sun.prism.es2.ES2Graphics::<init> (12 bytes)
Event: 45.720 Thread 0x000000012f815c00 nmethod 4516 0x000000010ac47190 code [0x000000010ac47340, 0x000000010ac47658]
Event: 46.186 Thread 0x000000012f815c00 4519       3       javafx.scene.Node::sceneToLocal (21 bytes)

GC Heap History (8 events):
Event: 0.649 GC heap before
{Heap before GC invocations=0 (full 0):
 garbage-first heap   total 133120K, used 24544K [0x0000000780000000, 0x0000000800000000)
  region size 1024K, 23 young (23552K), 0 survivors (0K)
 Metaspace       used 7087K, committed 7296K, reserved 1056768K
  class space    used 873K, committed 960K, reserved 1048576K
}
Event: 0.653 GC heap after
{Heap after GC invocations=1 (full 0):
 garbage-first heap   total 133120K, used 4370K [0x0000000780000000, 0x0000000800000000)
  region size 1024K, 3 young (3072K), 3 survivors (3072K)
 Metaspace       used 7087K, committed 7296K, reserved 1056768K
  class space    used 873K, committed 960K, reserved 1048576K
}
Event: 5.016 GC heap before
{Heap before GC invocations=1 (full 0):
 garbage-first heap   total 133120K, used 64786K [0x0000000780000000, 0x0000000800000000)
  region size 1024K, 42 young (43008K), 3 survivors (3072K)
 Metaspace       used 20104K, committed 20416K, reserved 1073152K
  class space    used 2727K, committed 2880K, reserved 1048576K
}
Event: 5.023 GC heap after
{Heap after GC invocations=2 (full 0):
 garbage-first heap   total 133120K, used 21833K [0x0000000780000000, 0x0000000800000000)
  region size 1024K, 6 young (6144K), 6 survivors (6144K)
 Metaspace       used 20104K, committed 20416K, reserved 1073152K
  class space    used 2727K, committed 2880K, reserved 1048576K
}
Event: 5.724 GC heap before
{Heap before GC invocations=2 (full 0):
 garbage-first heap   total 133120K, used 29001K [0x0000000780000000, 0x0000000800000000)
  region size 1024K, 14 young (14336K), 6 survivors (6144K)
 Metaspace       used 21294K, committed 21504K, reserved 1073152K
  class space    used 2828K, committed 2944K, reserved 1048576K
}
Event: 5.729 GC heap after
{Heap after GC invocations=3 (full 0):
 garbage-first heap   total 133120K, used 23137K [0x0000000780000000, 0x0000000800000000)
  region size 1024K, 5 young (5120K), 5 survivors (5120K)
 Metaspace       used 21294K, committed 21504K, reserved 1073152K
  class space    used 2828K, committed 2944K, reserved 1048576K
}
Event: 38.575 GC heap before
{Heap before GC invocations=4 (full 0):
 garbage-first heap   total 86016K, used 68193K [0x0000000780000000, 0x0000000800000000)
  region size 1024K, 50 young (51200K), 5 survivors (5120K)
 Metaspace       used 28443K, committed 28736K, reserved 1081344K
  class space    used 3992K, committed 4160K, reserved 1048576K
}
Event: 38.582 GC heap after
{Heap after GC invocations=5 (full 0):
 garbage-first heap   total 86016K, used 27436K [0x0000000780000000, 0x0000000800000000)
  region size 1024K, 9 young (9216K), 9 survivors (9216K)
 Metaspace       used 28443K, committed 28736K, reserved 1081344K
  class space    used 3992K, committed 4160K, reserved 1048576K
}

Deoptimization events (20 events):
Event: 38.614 Thread 0x000000012e040600 DEOPT PACKING pc=0x000000010a573fb8 sp=0x00000001725241e0
Event: 38.614 Thread 0x000000012e040600 DEOPT UNPACKING pc=0x0000000109d8eb7c sp=0x0000000172523e40 mode 0
Event: 38.614 Thread 0x000000012e040600 DEOPT PACKING pc=0x000000010a573fb8 sp=0x00000001725241e0
Event: 38.614 Thread 0x000000012e040600 DEOPT UNPACKING pc=0x0000000109d8eb7c sp=0x0000000172523e40 mode 0
Event: 38.614 Thread 0x000000012e040600 DEOPT PACKING pc=0x000000010a573fb8 sp=0x00000001725241e0
Event: 38.614 Thread 0x000000012e040600 DEOPT UNPACKING pc=0x0000000109d8eb7c sp=0x0000000172523e40 mode 0
Event: 38.614 Thread 0x000000012e040600 DEOPT PACKING pc=0x000000010a573fb8 sp=0x00000001725241e0
Event: 38.614 Thread 0x000000012e040600 DEOPT UNPACKING pc=0x0000000109d8eb7c sp=0x0000000172523e40 mode 0
Event: 38.614 Thread 0x000000012e040600 DEOPT PACKING pc=0x000000010a573fb8 sp=0x00000001725241e0
Event: 38.614 Thread 0x000000012e040600 DEOPT UNPACKING pc=0x0000000109d8eb7c sp=0x0000000172523e40 mode 0
Event: 38.614 Thread 0x000000012e040600 DEOPT PACKING pc=0x000000010a573ecc sp=0x00000001725241e0
Event: 38.614 Thread 0x000000012e040600 DEOPT UNPACKING pc=0x0000000109d8eb7c sp=0x0000000172523e40 mode 0
Event: 38.615 Thread 0x000000012e040600 DEOPT PACKING pc=0x000000010a573ef4 sp=0x00000001725241e0
Event: 38.615 Thread 0x000000012e040600 DEOPT UNPACKING pc=0x0000000109d8eb7c sp=0x0000000172523e40 mode 0
Event: 38.615 Thread 0x000000012e040600 DEOPT PACKING pc=0x000000010a573fb8 sp=0x00000001725241e0
Event: 38.615 Thread 0x000000012e040600 DEOPT UNPACKING pc=0x0000000109d8eb7c sp=0x0000000172523e40 mode 0
Event: 38.691 Thread 0x000000012e040600 DEOPT PACKING pc=0x000000010ab1c254 sp=0x00000001725239b0
Event: 38.691 Thread 0x000000012e040600 DEOPT UNPACKING pc=0x0000000109d8eb7c sp=0x00000001725235d0 mode 0
Event: 39.720 Thread 0x000000012e040600 DEOPT PACKING pc=0x000000010ab6a224 sp=0x0000000172523f80
Event: 39.720 Thread 0x000000012e040600 DEOPT UNPACKING pc=0x0000000109d8eb7c sp=0x0000000172523b80 mode 0

Classes unloaded (0 events):
No events

Classes redefined (0 events):
No events

Internal exceptions (20 events):
Event: 4.416 Thread 0x000000011e83a600 Exception <a 'java/lang/NoSuchMethodError'{0x00000007864b1d10}: 'long java.lang.invoke.DirectMethodHandle$Holder.invokeStaticInit(java.lang.Object, java.lang.Object, java.lang.Object)'> (0x00000007864b1d10) 
thrown [open/src/hotspot/share/interpreter/linkResolver.cpp, line 766]
Event: 4.417 Thread 0x000000011e83a600 Exception <a 'java/lang/NoSuchMethodError'{0x00000007864c9918}: 'java.lang.Object java.lang.invoke.DirectMethodHandle$Holder.newInvokeSpecial(java.lang.Object, java.lang.Object, long)'> (0x00000007864c9918) 
thrown [open/src/hotspot/share/interpreter/linkResolver.cpp, line 766]
Event: 4.417 Thread 0x000000011e83a600 Exception <a 'java/lang/NoSuchMethodError'{0x00000007864cd1e0}: 'java.lang.Object java.lang.invoke.Invokers$Holder.linkToTargetMethod(java.lang.Object, long, java.lang.Object)'> (0x00000007864cd1e0) 
thrown [open/src/hotspot/share/interpreter/linkResolver.cpp, line 766]
Event: 4.429 Thread 0x000000011e83a600 Exception <a 'sun/nio/fs/UnixException'{0x00000007863be320}> (0x00000007863be320) 
thrown [open/src/hotspot/share/prims/jni.cpp, line 516]
Event: 4.432 Thread 0x000000011e83a600 Exception <a 'java/lang/ClassNotFoundException'{0x00000007863d3848}: sun/util/logging/resources/spi/loggingProvider> (0x00000007863d3848) 
thrown [open/src/hotspot/share/classfile/systemDictionary.cpp, line 256]
Event: 4.477 Thread 0x000000011e83a600 Exception <a 'sun/nio/fs/UnixException'{0x0000000785fb9788}> (0x0000000785fb9788) 
thrown [open/src/hotspot/share/prims/jni.cpp, line 516]
Event: 4.518 Thread 0x000000011e83a600 Exception <a 'java/lang/NoSuchMethodError'{0x0000000785ecb3c0}: 'int java.lang.invoke.DirectMethodHandle$Holder.invokeStatic(java.lang.Object, java.lang.Object, java.lang.Object, java.lang.Object)'> (0x0000000785ecb3c0) 
thrown [open/src/hotspot/share/interpreter/linkResolver.cpp, line 766]
Event: 4.518 Thread 0x000000011e83a600 Exception <a 'java/lang/NoSuchMethodError'{0x0000000785ecf118}: 'int java.lang.invoke.DirectMethodHandle$Holder.invokeStaticInit(java.lang.Object, java.lang.Object, java.lang.Object, java.lang.Object)'> (0x0000000785ecf118) 
thrown [open/src/hotspot/share/interpreter/linkResolver.cpp, line 766]
Event: 4.519 Thread 0x000000011e83a600 Exception <a 'java/lang/IncompatibleClassChangeError'{0x0000000785ed84e8}: Found class java.lang.Object, but interface was expected> (0x0000000785ed84e8) 
thrown [open/src/hotspot/share/interpreter/linkResolver.cpp, line 833]
Event: 4.994 Thread 0x000000011e83a600 Implicit null exception at 0x00000001118c1bd4 to 0x00000001118c1d00
Event: 38.402 Thread 0x000000011e83a600 Exception <a 'java/lang/ClassNotFoundException'{0x00000007835cefe8}: com/sun/javafx/scene/control/skin/resources/controls> (0x00000007835cefe8) 
thrown [open/src/hotspot/share/prims/jni.cpp, line 535]
Event: 38.403 Thread 0x000000011e83a600 Exception <a 'java/lang/ClassNotFoundException'{0x00000007835dd280}: com/sun/javafx/scene/control/skin/resources/controls_en> (0x00000007835dd280) 
thrown [open/src/hotspot/share/prims/jni.cpp, line 535]
Event: 38.403 Thread 0x000000011e83a600 Exception <a 'java/lang/ClassNotFoundException'{0x00000007835de510}: com/sun/javafx/scene/control/skin/resources/controls_en_EG> (0x00000007835de510) 
thrown [open/src/hotspot/share/prims/jni.cpp, line 535]
Event: 38.439 Thread 0x000000011e83a600 Exception <a 'java/lang/NoSuchMethodError'{0x0000000783170278}: 'void java.lang.invoke.DirectMethodHandle$Holder.invokeSpecial(java.lang.Object, java.lang.Object, java.lang.Object, java.lang.Object, java.lang.Object, java.lang.Object)'> (0x0000000783170278) 
thrown [open/src/hotspot/share/interpreter/linkResolver.cpp, line 766]
Event: 38.468 Thread 0x000000011e83a600 Exception <a 'java/lang/NoSuchMethodError'{0x0000000782d09d68}: 'void java.lang.invoke.DirectMethodHandle$Holder.invokeSpecialIFC(java.lang.Object, java.lang.Object, java.lang.Object, java.lang.Object)'> (0x0000000782d09d68) 
thrown [open/src/hotspot/share/interpreter/linkResolver.cpp, line 766]
Event: 38.478 Thread 0x000000011e83a600 Exception <a 'java/lang/NoSuchMethodError'{0x0000000782c9e930}: 'int java.lang.invoke.DirectMethodHandle$Holder.invokeSpecial(java.lang.Object, java.lang.Object, int)'> (0x0000000782c9e930) 
thrown [open/src/hotspot/share/interpreter/linkResolver.cpp, line 766]
Event: 38.526 Thread 0x000000011e83a600 Exception <a 'java/lang/NoSuchMethodError'{0x0000000782659f48}: 'void java.lang.invoke.DirectMethodHandle$Holder.invokeSpecial(java.lang.Object, java.lang.Object, int, int)'> (0x0000000782659f48) 
thrown [open/src/hotspot/share/interpreter/linkResolver.cpp, line 766]
Event: 38.526 Thread 0x000000011e83a600 Exception <a 'java/lang/NoSuchMethodError'{0x00000007826609d8}: 'java.lang.Object java.lang.invoke.DirectMethodHandle$Holder.newInvokeSpecial(java.lang.Object, java.lang.Object, int, int)'> (0x00000007826609d8) 
thrown [open/src/hotspot/share/interpreter/linkResolver.cpp, line 766]
Event: 38.542 Thread 0x000000011e83a600 Implicit null exception at 0x000000011195ecf8 to 0x000000011195f394
Event: 38.637 Thread 0x000000012e040600 Exception <a 'java/lang/NoSuchMethodError'{0x00000007876d6f28}: 'java.lang.Object java.lang.invoke.DirectMethodHandle$Holder.invokeStaticInit(java.lang.Object, int)'> (0x00000007876d6f28) 
thrown [open/src/hotspot/share/interpreter/linkResolver.cpp, line 766]

VM Operations (20 events):
Event: 38.692 Executing VM operation: ICBufferFull
Event: 38.692 Executing VM operation: ICBufferFull done
Event: 38.692 Executing VM operation: HandshakeAllThreads
Event: 38.692 Executing VM operation: HandshakeAllThreads done
Event: 38.707 Executing VM operation: ICBufferFull
Event: 38.707 Executing VM operation: ICBufferFull done
Event: 39.711 Executing VM operation: Cleanup
Event: 39.711 Executing VM operation: Cleanup done
Event: 40.712 Executing VM operation: Cleanup
Event: 40.712 Executing VM operation: Cleanup done
Event: 41.717 Executing VM operation: Cleanup
Event: 41.717 Executing VM operation: Cleanup done
Event: 42.722 Executing VM operation: Cleanup
Event: 42.722 Executing VM operation: Cleanup done
Event: 43.724 Executing VM operation: Cleanup
Event: 43.724 Executing VM operation: Cleanup done
Event: 44.729 Executing VM operation: Cleanup
Event: 44.729 Executing VM operation: Cleanup done
Event: 45.729 Executing VM operation: Cleanup
Event: 45.729 Executing VM operation: Cleanup done

Events (20 events):
Event: 38.698 loading class sun/text/resources/BreakIteratorResources
Event: 38.698 loading class sun/util/resources/BreakIteratorResourceBundle
Event: 38.698 loading class sun/util/resources/BreakIteratorResourceBundle done
Event: 38.698 loading class sun/text/resources/BreakIteratorResources done
Event: 38.698 loading class sun/text/resources/BreakIteratorResources_en
Event: 38.698 loading class sun/text/resources/BreakIteratorResources_en done
Event: 38.698 loading class sun/util/resources/Bundles$2
Event: 38.698 loading class sun/util/resources/Bundles$2 done
Event: 38.698 loading class sun/text/RuleBasedBreakIterator
Event: 38.699 loading class sun/text/RuleBasedBreakIterator done
Event: 38.699 loading class sun/text/CompactByteArray
Event: 38.699 loading class sun/text/CompactByteArray done
Event: 38.699 loading class sun/text/SupplementaryCharacterData
Event: 38.699 loading class sun/text/SupplementaryCharacterData done
Event: 38.699 loading class java/text/BreakIterator$BreakIteratorCache
Event: 38.699 loading class java/text/BreakIterator$BreakIteratorCache done
Event: 38.699 loading class java/text/StringCharacterIterator
Event: 38.700 loading class java/text/StringCharacterIterator done
Event: 38.967 Protecting memory [0x0000000174cc4000,0x0000000174cd0000] with protection modes 3
Event: 38.967 Thread 0x000000012e137e00 Thread exited: 0x000000012e137e00


Dynamic libraries:
0x0000000100498000 	/Users/youssefgeorge/Library/Java/JavaVirtualMachines/openjdk-17.0.2/Contents/Home/lib/libjli.dylib
0x00000001974e8000 	/usr/lib/libz.1.dylib
0x000000019759f000 	/usr/lib/libSystem.B.dylib
0x0000000197599000 	/usr/lib/system/libcache.dylib
0x0000000197557000 	/usr/lib/system/libcommonCrypto.dylib
0x0000000197580000 	/usr/lib/system/libcompiler_rt.dylib
0x0000000197577000 	/usr/lib/system/libcopyfile.dylib
0x000000018c7df000 	/usr/lib/system/libcorecrypto.dylib
0x000000018c892000 	/usr/lib/system/libdispatch.dylib
0x000000018ca60000 	/usr/lib/system/libdyld.dylib
0x000000019758f000 	/usr/lib/system/libkeymgr.dylib
0x0000000197532000 	/usr/lib/system/libmacho.dylib
0x0000000196c27000 	/usr/lib/system/libquarantine.dylib
0x000000019758c000 	/usr/lib/system/libremovefile.dylib
0x0000000191bc8000 	/usr/lib/system/libsystem_asl.dylib
0x000000018c781000 	/usr/lib/system/libsystem_blocks.dylib
0x000000018c91a000 	/usr/lib/system/libsystem_c.dylib
0x0000000197584000 	/usr/lib/system/libsystem_collections.dylib
0x00000001960b5000 	/usr/lib/system/libsystem_configuration.dylib
0x0000000195311000 	/usr/lib/system/libsystem_containermanager.dylib
0x0000000197294000 	/usr/lib/system/libsystem_coreservices.dylib
0x000000018f188000 	/usr/lib/system/libsystem_darwin.dylib
0x0000000197590000 	/usr/lib/system/libsystem_dnssd.dylib
0x000000018c917000 	/usr/lib/system/libsystem_featureflags.dylib
0x000000018ca75000 	/usr/lib/system/libsystem_info.dylib
0x00000001974fa000 	/usr/lib/system/libsystem_m.dylib
0x000000018c867000 	/usr/lib/system/libsystem_malloc.dylib
0x0000000191b57000 	/usr/lib/system/libsystem_networkextension.dylib
0x000000018f5e1000 	/usr/lib/system/libsystem_notify.dylib
0x000000019d8dd000 	/usr/lib/system/libsystem_product_info_filter.dylib
0x00000001960ba000 	/usr/lib/system/libsystem_sandbox.dylib
0x0000000197589000 	/usr/lib/system/libsystem_secinit.dylib
0x000000018ca1b000 	/usr/lib/system/libsystem_kernel.dylib
0x000000018ca6d000 	/usr/lib/system/libsystem_platform.dylib
0x000000018ca53000 	/usr/lib/system/libsystem_pthread.dylib
0x0000000193320000 	/usr/lib/system/libsystem_symptoms.dylib
0x000000018c7c5000 	/usr/lib/system/libsystem_trace.dylib
0x0000000197564000 	/usr/lib/system/libunwind.dylib
0x000000018c783000 	/usr/lib/system/libxpc.dylib
0x000000018ca03000 	/usr/lib/libc++abi.dylib
0x000000018c8d9000 	/usr/lib/libobjc.A.dylib
0x000000019756f000 	/usr/lib/liboah.dylib
0x000000018c99c000 	/usr/lib/libc++.1.dylib
0x00000001a33f6000 	/System/Library/Frameworks/Cocoa.framework/Versions/A/Cocoa
0x000000018f642000 	/System/Library/Frameworks/AppKit.framework/Versions/C/AppKit
0x0000000192b48000 	/System/Library/Frameworks/CoreData.framework/Versions/A/CoreData
0x000000018d99d000 	/System/Library/Frameworks/Foundation.framework/Versions/C/Foundation
0x00000001904fa000 	/System/Library/PrivateFrameworks/UIFoundation.framework/Versions/A/UIFoundation
0x000000019d5d7000 	/System/Library/PrivateFrameworks/RemoteViewServices.framework/Versions/A/RemoteViewServices
0x0000000195a5d000 	/System/Library/PrivateFrameworks/XCTTargetBootstrap.framework/Versions/A/XCTTargetBootstrap
0x00000001992db000 	/System/Library/PrivateFrameworks/InternationalSupport.framework/Versions/A/InternationalSupport
0x0000000199364000 	/System/Library/PrivateFrameworks/UserActivity.framework/Versions/A/UserActivity
0x00000001987d6000 	/usr/lib/libspindump.dylib
0x000000019076b000 	/System/Library/Frameworks/UniformTypeIdentifiers.framework/Versions/A/UniformTypeIdentifiers
0x0000000193fa8000 	/usr/lib/libapp_launch_measurement.dylib
0x00000001934d2000 	/System/Library/PrivateFrameworks/CoreAnalytics.framework/Versions/A/CoreAnalytics
0x0000000193fab000 	/System/Library/PrivateFrameworks/CoreAutoLayout.framework/Versions/A/CoreAutoLayout
0x000000019534e000 	/System/Library/Frameworks/Metal.framework/Versions/A/Metal
0x00000001960c5000 	/usr/lib/liblangid.dylib
0x0000000195a62000 	/System/Library/PrivateFrameworks/CoreSVG.framework/Versions/A/CoreSVG
0x0000000191bfc000 	/System/Library/PrivateFrameworks/SkyLight.framework/Versions/A/SkyLight
0x0000000191fd1000 	/System/Library/Frameworks/CoreGraphics.framework/Versions/A/CoreGraphics
0x000000019dca3000 	/System/Library/Frameworks/Accelerate.framework/Versions/A/Accelerate
0x000000019824d000 	/System/Library/PrivateFrameworks/IconServices.framework/Versions/A/IconServices
0x0000000195330000 	/System/Library/Frameworks/IOSurface.framework/Versions/A/IOSurface
0x0000000193503000 	/usr/lib/libDiagnosticMessagesClient.dylib
0x00000001a11a4000 	/System/Library/Frameworks/ApplicationServices.framework/Versions/A/ApplicationServices
0x0000000195a45000 	/System/Library/PrivateFrameworks/DFRFoundation.framework/Versions/A/DFRFoundation
0x000000018eed2000 	/usr/lib/libicucore.A.dylib
0x000000019a187000 	/System/Library/Frameworks/AudioToolbox.framework/Versions/A/AudioToolbox
0x00000001992e7000 	/System/Library/PrivateFrameworks/DataDetectorsCore.framework/Versions/A/DataDetectorsCore
0x00000001afc27000 	/System/Library/PrivateFrameworks/TextInput.framework/Versions/A/TextInput
0x0000000191b71000 	/usr/lib/libMobileGestalt.dylib
0x0000000195711000 	/System/Library/Frameworks/Carbon.framework/Versions/A/Frameworks/HIToolbox.framework/Versions/A/HIToolbox
0x0000000193984000 	/System/Library/Frameworks/QuartzCore.framework/Versions/A/QuartzCore
0x000000018eb55000 	/System/Library/Frameworks/Security.framework/Versions/A/Security
0x000000019d617000 	/System/Library/Frameworks/Carbon.framework/Versions/A/Frameworks/SpeechRecognition.framework/Versions/A/SpeechRecognition
0x0000000193cfe000 	/System/Library/PrivateFrameworks/CoreUI.framework/Versions/A/CoreUI
0x000000018e432000 	/System/Library/Frameworks/CoreAudio.framework/Versions/A/CoreAudio
0x00000001935f8000 	/System/Library/Frameworks/DiskArbitration.framework/Versions/A/DiskArbitration
0x0000000198be0000 	/System/Library/PrivateFrameworks/MultitouchSupport.framework/Versions/A/MultitouchSupport
0x0000000191b6f000 	/usr/lib/libenergytrace.dylib
0x000000018f50a000 	/System/Library/Frameworks/IOKit.framework/Versions/A/IOKit
0x000000019da06000 	/System/Library/Frameworks/CoreServices.framework/Versions/A/CoreServices
0x0000000193f38000 	/System/Library/PrivateFrameworks/PerformanceAnalysis.framework/Versions/A/PerformanceAnalysis
0x00000001edf0f000 	/System/Library/Frameworks/OpenGL.framework/Versions/A/OpenGL
0x0000000196b3f000 	/System/Library/PrivateFrameworks/MobileKeyBag.framework/Versions/A/MobileKeyBag
0x00000001925de000 	/System/Library/Frameworks/ColorSync.framework/Versions/A/ColorSync
0x000000018caa2000 	/System/Library/Frameworks/CoreFoundation.framework/Versions/A/CoreFoundation
0x0000000195ce1000 	/System/Library/Frameworks/CoreImage.framework/Versions/A/CoreImage
0x000000018e256000 	/System/Library/Frameworks/CoreText.framework/Versions/A/CoreText
0x0000000195a92000 	/System/Library/Frameworks/ImageIO.framework/Versions/A/ImageIO
0x00000001975a5000 	/System/Library/PrivateFrameworks/SoftLinking.framework/Versions/A/SoftLinking
0x0000000193ff6000 	/usr/lib/libxml2.2.dylib
0x000000019783e000 	/usr/lib/libcompression.dylib
0x0000000199237000 	/System/Library/PrivateFrameworks/TextureIO.framework/Versions/A/TextureIO
0x0000000197f66000 	/usr/lib/libate.dylib
0x0000000197e2b000 	/usr/lib/liblzma.5.dylib
0x000000018d691000 	/System/Library/Frameworks/SystemConfiguration.framework/Versions/A/SystemConfiguration
0x00000001975a1000 	/usr/lib/libfakelink.dylib
0x00000001916a3000 	/System/Library/Frameworks/CFNetwork.framework/Versions/A/CFNetwork
0x00000001976e7000 	/usr/lib/libarchive.2.dylib
0x00000001960c1000 	/System/Library/PrivateFrameworks/AppleSystemInfo.framework/Versions/A/AppleSystemInfo
0x0000000196c52000 	/usr/lib/libbsm.0.dylib
0x0000000190c14000 	/usr/lib/libnetwork.dylib
0x000000019753b000 	/usr/lib/system/libkxld.dylib
0x0000000196865000 	/System/Library/PrivateFrameworks/IOMobileFramebuffer.framework/Versions/A/IOMobileFramebuffer
0x000000020b83b000 	/usr/lib/libCoreEntitlements.dylib
0x0000000197276000 	/System/Library/PrivateFrameworks/AppleFSCompression.framework/Versions/A/AppleFSCompression
0x0000000196c3a000 	/usr/lib/libcoretls.dylib
0x0000000197e44000 	/usr/lib/libcoretls_cfhelpers.dylib
0x0000000197839000 	/usr/lib/libpam.2.dylib
0x0000000192f37000 	/usr/lib/libsqlite3.dylib
0x0000000197ead000 	/usr/lib/libxar.1.dylib
0x0000000197287000 	/usr/lib/libbz2.1.0.dylib
0x00000001975a6000 	/usr/lib/libpcap.A.dylib
0x0000000193317000 	/usr/lib/libdns_services.dylib
0x000000019780c000 	/usr/lib/libapple_nghttp2.dylib
0x00000001975e3000 	/usr/lib/libiconv.2.dylib
0x0000000197531000 	/usr/lib/libcharset.1.dylib
0x0000000193f74000 	/System/Library/Frameworks/CoreServices.framework/Versions/A/Frameworks/FSEvents.framework/Versions/A/FSEvents
0x000000018f193000 	/System/Library/Frameworks/CoreServices.framework/Versions/A/Frameworks/CarbonCore.framework/Versions/A/CarbonCore
0x0000000193558000 	/System/Library/Frameworks/CoreServices.framework/Versions/A/Frameworks/Metadata.framework/Versions/A/Metadata
0x000000019729a000 	/System/Library/Frameworks/CoreServices.framework/Versions/A/Frameworks/OSServices.framework/Versions/A/OSServices
0x000000019776d000 	/System/Library/Frameworks/CoreServices.framework/Versions/A/Frameworks/SearchKit.framework/Versions/A/SearchKit
0x00000001932a6000 	/System/Library/Frameworks/CoreServices.framework/Versions/A/Frameworks/AE.framework/Versions/A/AE
0x000000018cfe8000 	/System/Library/Frameworks/CoreServices.framework/Versions/A/Frameworks/LaunchServices.framework/Versions/A/LaunchServices
0x0000000197dd4000 	/System/Library/Frameworks/CoreServices.framework/Versions/A/Frameworks/DictionaryServices.framework/Versions/A/DictionaryServices
0x0000000193f81000 	/System/Library/Frameworks/CoreServices.framework/Versions/A/Frameworks/SharedFileList.framework/Versions/A/SharedFileList
0x0000000196c2a000 	/usr/lib/libCheckFix.dylib
0x0000000191be0000 	/System/Library/PrivateFrameworks/TCC.framework/Versions/A/TCC
0x00000001960c7000 	/System/Library/PrivateFrameworks/CoreNLP.framework/Versions/A/CoreNLP
0x0000000193506000 	/System/Library/PrivateFrameworks/MetadataUtilities.framework/Versions/A/MetadataUtilities
0x000000018d74a000 	/usr/lib/libmecabra.dylib
0x0000000196c63000 	/usr/lib/libmecab.dylib
0x000000018d716000 	/usr/lib/libCRFSuite.dylib
0x0000000196cc0000 	/usr/lib/libgermantok.dylib
0x00000001977e5000 	/usr/lib/libThaiTokenizer.dylib
0x0000000193600000 	/System/Library/Frameworks/Accelerate.framework/Versions/A/Frameworks/vImage.framework/Versions/A/vImage
0x000000019d9dd000 	/System/Library/Frameworks/Accelerate.framework/Versions/A/Frameworks/vecLib.framework/Versions/A/vecLib
0x0000000197ef2000 	/System/Library/Frameworks/Accelerate.framework/Versions/A/Frameworks/vecLib.framework/Versions/A/libvMisc.dylib
0x000000019676c000 	/System/Library/Frameworks/Accelerate.framework/Versions/A/Frameworks/vecLib.framework/Versions/A/libvDSP.dylib
0x000000018d371000 	/System/Library/Frameworks/Accelerate.framework/Versions/A/Frameworks/vecLib.framework/Versions/A/libBLAS.dylib
0x000000019790f000 	/System/Library/Frameworks/Accelerate.framework/Versions/A/Frameworks/vecLib.framework/Versions/A/libLAPACK.dylib
0x0000000196cc3000 	/System/Library/Frameworks/Accelerate.framework/Versions/A/Frameworks/vecLib.framework/Versions/A/libLinearAlgebra.dylib
0x0000000197824000 	/System/Library/Frameworks/Accelerate.framework/Versions/A/Frameworks/vecLib.framework/Versions/A/libSparseBLAS.dylib
0x000000019790a000 	/System/Library/Frameworks/Accelerate.framework/Versions/A/Frameworks/vecLib.framework/Versions/A/libQuadrature.dylib
0x00000001961c0000 	/System/Library/Frameworks/Accelerate.framework/Versions/A/Frameworks/vecLib.framework/Versions/A/libBNNS.dylib
0x000000018d62f000 	/System/Library/Frameworks/Accelerate.framework/Versions/A/Frameworks/vecLib.framework/Versions/A/libSparse.dylib
0x00000001961b8000 	/System/Library/PrivateFrameworks/LinguisticData.framework/Versions/A/LinguisticData
0x000000018d5e7000 	/System/Library/PrivateFrameworks/Lexicon.framework/Versions/A/Lexicon
0x0000000197eea000 	/usr/lib/libChineseTokenizer.dylib
0x000000018dd8e000 	/System/Library/PrivateFrameworks/LanguageModeling.framework/Versions/A/LanguageModeling
0x00000001977e7000 	/System/Library/PrivateFrameworks/AppleSauce.framework/Versions/A/AppleSauce
0x0000000196852000 	/System/Library/PrivateFrameworks/CoreEmoji.framework/Versions/A/CoreEmoji
0x00000001976d5000 	/usr/lib/libcmph.dylib
0x0000000193f54000 	/System/Library/Frameworks/OpenDirectory.framework/Versions/A/Frameworks/CFOpenDirectory.framework/Versions/A/CFOpenDirectory
0x0000000193f44000 	/System/Library/Frameworks/OpenDirectory.framework/Versions/A/OpenDirectory
0x0000000197e46000 	/System/Library/PrivateFrameworks/APFS.framework/Versions/A/APFS
0x0000000196b7a000 	/System/Library/Frameworks/SecurityFoundation.framework/Versions/A/SecurityFoundation
0x0000000197ebc000 	/usr/lib/libutil.dylib
0x000000018f4cc000 	/System/Library/PrivateFrameworks/CoreServicesStore.framework/Versions/A/CoreServicesStore
0x0000000197ec0000 	/usr/lib/libxslt.1.dylib
0x0000000196c0e000 	/System/Library/PrivateFrameworks/BackgroundTaskManagement.framework/Versions/A/BackgroundTaskManagement
0x0000000199158000 	/System/Library/Frameworks/ImageIO.framework/Versions/A/Resources/libRadiance.dylib
0x0000000199161000 	/System/Library/Frameworks/ImageIO.framework/Versions/A/Resources/libJPEG.dylib
0x00000001990b4000 	/System/Library/Frameworks/ImageIO.framework/Versions/A/Resources/libPng.dylib
0x00000001990d6000 	/System/Library/Frameworks/ImageIO.framework/Versions/A/Resources/libTIFF.dylib
0x00000001991bc000 	/System/Library/Frameworks/ImageIO.framework/Versions/A/Resources/libGIF.dylib
0x0000000198af0000 	/System/Library/Frameworks/ImageIO.framework/Versions/A/Resources/libJP2.dylib
0x0000000198212000 	/usr/lib/libexpat.1.dylib
0x0000000198aab000 	/System/Library/PrivateFrameworks/AppleJPEG.framework/Versions/A/AppleJPEG
0x00000001955cd000 	/System/Library/PrivateFrameworks/FontServices.framework/libFontParser.dylib
0x000000019324b000 	/System/Library/PrivateFrameworks/RunningBoardServices.framework/Versions/A/RunningBoardServices
0x00000001a3ac9000 	/System/Library/PrivateFrameworks/IOSurfaceAccelerator.framework/Versions/A/IOSurfaceAccelerator
0x0000000198bdc000 	/System/Library/PrivateFrameworks/WatchdogClient.framework/Versions/A/WatchdogClient
0x000000018de92000 	/System/Library/Frameworks/CoreDisplay.framework/Versions/A/CoreDisplay
0x00000001954b7000 	/System/Library/Frameworks/CoreMedia.framework/Versions/A/CoreMedia
0x0000000195344000 	/System/Library/PrivateFrameworks/IOAccelerator.framework/Versions/A/IOAccelerator
0x00000001940e4000 	/System/Library/Frameworks/CoreVideo.framework/Versions/A/CoreVideo
0x0000000197837000 	/System/Library/Frameworks/MetalPerformanceShaders.framework/Versions/A/MetalPerformanceShaders
0x0000000198c1b000 	/System/Library/Frameworks/VideoToolbox.framework/Versions/A/VideoToolbox
0x000000019318f000 	/System/Library/PrivateFrameworks/BaseBoard.framework/Versions/A/BaseBoard
0x0000000192f1d000 	/System/Library/PrivateFrameworks/ProtocolBuffer.framework/Versions/A/ProtocolBuffer
0x0000000199153000 	/System/Library/PrivateFrameworks/GPUWrangler.framework/Versions/A/GPUWrangler
0x0000000199133000 	/System/Library/PrivateFrameworks/IOPresentment.framework/Versions/A/IOPresentment
0x000000019915b000 	/System/Library/PrivateFrameworks/DSExternalDisplay.framework/Versions/A/DSExternalDisplay
0x00000001edf02000 	/System/Library/Frameworks/OpenGL.framework/Versions/A/Libraries/libCoreFSCache.dylib
0x00000001f83c1000 	/System/Library/PrivateFrameworks/GPUCompiler.framework/Versions/31001/Libraries/libGPUCompilerUtils.dylib
0x00000001991c1000 	/System/Library/PrivateFrameworks/CMCaptureCore.framework/Versions/A/CMCaptureCore
0x00000001987c3000 	/System/Library/PrivateFrameworks/AppServerSupport.framework/Versions/A/AppServerSupport
0x000000019aa44000 	/System/Library/PrivateFrameworks/perfdata.framework/Versions/A/perfdata
0x000000018dfb2000 	/System/Library/PrivateFrameworks/AudioToolboxCore.framework/Versions/A/AudioToolboxCore
0x0000000195490000 	/System/Library/PrivateFrameworks/caulk.framework/Versions/A/caulk
0x000000019a339000 	/usr/lib/libAudioStatistics.dylib
0x00000001ac28e000 	/System/Library/PrivateFrameworks/SystemPolicy.framework/Versions/A/SystemPolicy
0x000000019a5a5000 	/usr/lib/libSMC.dylib
0x00000001a32d8000 	/System/Library/Frameworks/CoreMIDI.framework/Versions/A/CoreMIDI
0x0000000199082000 	/usr/lib/libAudioToolboxUtility.dylib
0x00000001a835b000 	/System/Library/PrivateFrameworks/OSAServicesClient.framework/Versions/A/OSAServicesClient
0x000000019aa51000 	/usr/lib/libperfcheck.dylib
0x00000001acda6000 	/usr/lib/libmis.dylib
0x00000001edf64000 	/System/Library/Frameworks/OpenGL.framework/Versions/A/Libraries/libGLU.dylib
0x00000001edf23000 	/System/Library/Frameworks/OpenGL.framework/Versions/A/Libraries/libGFXShared.dylib
0x00000001ee110000 	/System/Library/Frameworks/OpenGL.framework/Versions/A/Libraries/libGL.dylib
0x00000001edf2c000 	/System/Library/Frameworks/OpenGL.framework/Versions/A/Libraries/libGLImage.dylib
0x00000001edf20000 	/System/Library/Frameworks/OpenGL.framework/Versions/A/Libraries/libCVMSPluginSupport.dylib
0x00000001edf09000 	/System/Library/Frameworks/OpenGL.framework/Versions/A/Libraries/libCoreVMClient.dylib
0x0000000196041000 	/System/Library/Frameworks/MetalPerformanceShaders.framework/Versions/A/Frameworks/MPSCore.framework/Versions/A/MPSCore
0x00000001971e9000 	/System/Library/Frameworks/MetalPerformanceShaders.framework/Versions/A/Frameworks/MPSImage.framework/Versions/A/MPSImage
0x0000000196cd8000 	/System/Library/Frameworks/MetalPerformanceShaders.framework/Versions/A/Frameworks/MPSNeuralNetwork.framework/Versions/A/MPSNeuralNetwork
0x0000000197111000 	/System/Library/Frameworks/MetalPerformanceShaders.framework/Versions/A/Frameworks/MPSMatrix.framework/Versions/A/MPSMatrix
0x0000000196eea000 	/System/Library/Frameworks/MetalPerformanceShaders.framework/Versions/A/Frameworks/MPSRayIntersector.framework/Versions/A/MPSRayIntersector
0x0000000197142000 	/System/Library/Frameworks/MetalPerformanceShaders.framework/Versions/A/Frameworks/MPSNDArray.framework/Versions/A/MPSNDArray
0x00000001f007b000 	/System/Library/Frameworks/MetalPerformanceShaders.framework/Versions/A/Frameworks/MPSFunctions.framework/Versions/A/MPSFunctions
0x000000018d248000 	/System/Library/PrivateFrameworks/MetalTools.framework/Versions/A/MetalTools
0x00000001960bf000 	/System/Library/PrivateFrameworks/AggregateDictionary.framework/Versions/A/AggregateDictionary
0x0000000197ff7000 	/usr/lib/libIOReport.dylib
0x00000001a22f6000 	/System/Library/PrivateFrameworks/ASEProcessing.framework/Versions/A/ASEProcessing
0x000000019836c000 	/System/Library/PrivateFrameworks/FaceCore.framework/Versions/A/FaceCore
0x000000019835e000 	/System/Library/PrivateFrameworks/GraphVisualizer.framework/Versions/A/GraphVisualizer
0x00000001f82d8000 	/System/Library/PrivateFrameworks/FontServices.framework/Versions/A/FontServices
0x000000019877f000 	/System/Library/PrivateFrameworks/OTSVG.framework/Versions/A/OTSVG
0x0000000193cae000 	/System/Library/Frameworks/ApplicationServices.framework/Versions/A/Frameworks/ATS.framework/Versions/A/Resources/libFontRegistry.dylib
0x00000001987cc000 	/System/Library/PrivateFrameworks/FontServices.framework/libhvf.dylib
0x00000001f82d9000 	/System/Library/PrivateFrameworks/FontServices.framework/libXTFontStaticRegistryData.dylib
0x00000001ee2b1000 	/System/Library/Frameworks/OpenCL.framework/Versions/A/OpenCL
0x00000001981c6000 	/System/Library/PrivateFrameworks/AppleVA.framework/Versions/A/AppleVA
0x000000019a361000 	/System/Library/Frameworks/ApplicationServices.framework/Versions/A/Frameworks/ATS.framework/Versions/A/ATS
0x00000001926db000 	/System/Library/Frameworks/ApplicationServices.framework/Versions/A/Frameworks/HIServices.framework/Versions/A/HIServices
0x00000001991cb000 	/System/Library/Frameworks/ApplicationServices.framework/Versions/A/Frameworks/PrintCore.framework/Versions/A/PrintCore
0x000000019a6f8000 	/System/Library/Frameworks/ApplicationServices.framework/Versions/A/Frameworks/QD.framework/Versions/A/QD
0x000000019a6f0000 	/System/Library/Frameworks/ApplicationServices.framework/Versions/A/Frameworks/ColorSyncLegacy.framework/Versions/A/ColorSyncLegacy
0x000000019a34d000 	/System/Library/Frameworks/ApplicationServices.framework/Versions/A/Frameworks/SpeechSynthesis.framework/Versions/A/SpeechSynthesis
0x000000019918c000 	/System/Library/Frameworks/ApplicationServices.framework/Versions/A/Frameworks/ATSUI.framework/Versions/A/ATSUI
0x000000019a685000 	/usr/lib/libcups.2.dylib
0x000000019aa5f000 	/System/Library/Frameworks/Kerberos.framework/Versions/A/Kerberos
0x000000019aa70000 	/System/Library/Frameworks/GSS.framework/Versions/A/GSS
0x000000019a3d1000 	/usr/lib/libresolv.9.dylib
0x00000001987db000 	/System/Library/PrivateFrameworks/Heimdal.framework/Versions/A/Heimdal
0x00000001a152b000 	/System/Library/Frameworks/Kerberos.framework/Versions/A/Libraries/libHeimdalProxy.dylib
0x0000000193329000 	/System/Library/Frameworks/Network.framework/Versions/A/Network
0x000000019822d000 	/usr/lib/libheimdal-asn1.dylib
0x000000019aac0000 	/System/Library/PrivateFrameworks/CommonAuth.framework/Versions/A/CommonAuth
0x000000019a2c7000 	/System/Library/PrivateFrameworks/AudioSession.framework/Versions/A/AudioSession
0x00000001982bf000 	/System/Library/PrivateFrameworks/MediaExperience.framework/Versions/A/MediaExperience
0x000000019a14d000 	/System/Library/PrivateFrameworks/AudioSession.framework/libSessionUtility.dylib
0x000000019a704000 	/System/Library/PrivateFrameworks/AudioResourceArbitration.framework/Versions/A/AudioResourceArbitration
0x000000019e8ba000 	/System/Library/PrivateFrameworks/PowerLog.framework/Versions/A/PowerLog
0x0000000198237000 	/System/Library/PrivateFrameworks/IconFoundation.framework/Versions/A/IconFoundation
0x000000019d603000 	/System/Library/PrivateFrameworks/SpeechRecognitionCore.framework/Versions/A/SpeechRecognitionCore
0x0000000101660000 	/Users/youssefgeorge/Library/Java/JavaVirtualMachines/openjdk-17.0.2/Contents/Home/lib/server/libjvm.dylib
0x00000001004fc000 	/Users/youssefgeorge/Library/Java/JavaVirtualMachines/openjdk-17.0.2/Contents/Home/lib/libjimage.dylib
0x0000000100528000 	/Users/youssefgeorge/Library/Java/JavaVirtualMachines/openjdk-17.0.2/Contents/Home/lib/libinstrument.dylib
0x0000000100574000 	/Users/youssefgeorge/Library/Java/JavaVirtualMachines/openjdk-17.0.2/Contents/Home/lib/libjava.dylib
0x0000000100650000 	/Users/youssefgeorge/Library/Java/JavaVirtualMachines/openjdk-17.0.2/Contents/Home/lib/libnio.dylib
0x0000000100670000 	/Users/youssefgeorge/Library/Java/JavaVirtualMachines/openjdk-17.0.2/Contents/Home/lib/libnet.dylib
0x000000010055c000 	/Users/youssefgeorge/Library/Java/JavaVirtualMachines/openjdk-17.0.2/Contents/Home/lib/libzip.dylib
0x000000010152c000 	/Users/youssefgeorge/.openjfx/cache/17.0.1/libprism_es2.dylib
0x000000018f48f000 	/System/Library/PrivateFrameworks/CoreServicesInternal.framework/Versions/A/CoreServicesInternal
0x00000001ee11a000 	/System/Library/Frameworks/OpenGL.framework/Versions/A/Resources/GLEngine.bundle/GLEngine
0x00000001edfa2000 	/System/Library/Frameworks/OpenGL.framework/Versions/A/Libraries/libGLProgrammability.dylib
0x000000011cd50000 	/System/Library/Extensions/AppleMetalOpenGLRenderer.bundle/Contents/MacOS/AppleMetalOpenGLRenderer
0x00000001ee289000 	/System/Library/Frameworks/OpenGL.framework/Versions/A/Resources/GLRendererFloat.bundle/GLRendererFloat
0x00000001ee389000 	/System/Library/Extensions/AGXMetal13_3.bundle/Contents/MacOS/AGXMetal13_3
0x00000001acdc2000 	/System/Library/PrivateFrameworks/GPURawCounter.framework/Versions/A/GPURawCounter
0x00000001a74cc000 	/System/Library/PrivateFrameworks/IOGPU.framework/Versions/A/IOGPU
0x000000011d97c000 	/Users/youssefgeorge/.openjfx/cache/17.0.1/libglass.dylib
0x000000019eb12000 	/System/Library/Frameworks/FileProvider.framework/Versions/A/FileProvider
0x00000001930f7000 	/System/Library/Frameworks/Accounts.framework/Versions/A/Accounts
0x000000019ec96000 	/System/Library/PrivateFrameworks/GenerationalStorage.framework/Versions/A/GenerationalStorage
0x000000019f859000 	/System/Library/PrivateFrameworks/CoreSymbolication.framework/Versions/A/CoreSymbolication
0x000000019e8ae000 	/System/Library/PrivateFrameworks/SymptomDiagnosticReporter.framework/Versions/A/SymptomDiagnosticReporter
0x000000019077f000 	/System/Library/PrivateFrameworks/DesktopServicesPriv.framework/Versions/A/DesktopServicesPriv
0x000000018f5f1000 	/usr/lib/libsandbox.1.dylib
0x0000000194172000 	/System/Library/PrivateFrameworks/UserManagement.framework/Versions/A/UserManagement
0x000000019f816000 	/System/Library/PrivateFrameworks/DebugSymbols.framework/Versions/A/DebugSymbols
0x000000019a6e3000 	/System/Library/PrivateFrameworks/NetAuth.framework/Versions/A/NetAuth
0x000000019b601000 	/System/Library/PrivateFrameworks/Sharing.framework/Versions/A/Sharing
0x0000000194142000 	/System/Library/PrivateFrameworks/login.framework/Versions/A/Frameworks/loginsupport.framework/Versions/A/loginsupport
0x00000001a0a4b000 	/System/Library/PrivateFrameworks/Apple80211.framework/Versions/A/Apple80211
0x00000001972cd000 	/System/Library/PrivateFrameworks/AuthKit.framework/Versions/A/AuthKit
0x000000019694e000 	/System/Library/PrivateFrameworks/CoreUtils.framework/Versions/A/CoreUtils
0x0000000196871000 	/System/Library/Frameworks/CoreWLAN.framework/Versions/A/CoreWLAN
0x000000019b771000 	/System/Library/Frameworks/IOBluetooth.framework/Versions/A/IOBluetooth
0x00000001a0aab000 	/System/Library/PrivateFrameworks/CoreWiFi.framework/Versions/A/CoreWiFi
0x000000019f3f6000 	/System/Library/PrivateFrameworks/FrontBoardServices.framework/Versions/A/FrontBoardServices
0x000000019f48e000 	/System/Library/PrivateFrameworks/BoardServices.framework/Versions/A/BoardServices
0x0000000196b68000 	/System/Library/PrivateFrameworks/AssertionServices.framework/Versions/A/AssertionServices
0x00000001a0c28000 	/System/Library/PrivateFrameworks/BackBoardServices.framework/Versions/A/BackBoardServices
0x000000019ab57000 	/System/Library/PrivateFrameworks/CorePhoneNumbers.framework/Versions/A/CorePhoneNumbers
0x000000019e9de000 	/System/Library/PrivateFrameworks/DiskManagement.framework/Versions/A/DiskManagement
0x000000019e8e1000 	/System/Library/PrivateFrameworks/AppleIDAuthSupport.framework/Versions/A/AppleIDAuthSupport
0x00000001f28a2000 	/System/Library/PrivateFrameworks/AAAFoundation.framework/Versions/A/AAAFoundation
0x000000019ab36000 	/System/Library/PrivateFrameworks/KeychainCircle.framework/Versions/A/KeychainCircle
0x000000019e9aa000 	/System/Library/PrivateFrameworks/MediaKit.framework/Versions/A/MediaKit
0x000000019e8ee000 	/System/Library/Frameworks/DiscRecording.framework/Versions/A/DiscRecording
0x0000000198142000 	/usr/lib/libCoreStorage.dylib
0x00000001a0f25000 	/usr/lib/libcsfde.dylib
0x000000019b846000 	/System/Library/PrivateFrameworks/ProtectedCloudStorage.framework/Versions/A/ProtectedCloudStorage
0x00000001a0f1d000 	/System/Library/PrivateFrameworks/EFILogin.framework/Versions/A/EFILogin
0x000000019ecbd000 	/System/Library/PrivateFrameworks/OctagonTrust.framework/Versions/A/OctagonTrust
0x00000001f7473000 	/System/Library/PrivateFrameworks/CoreUtilsExtras.framework/Versions/A/CoreUtilsExtras
0x000000019e813000 	/System/Library/Frameworks/CoreBluetooth.framework/Versions/A/CoreBluetooth
0x00000001a15b0000 	/System/Library/Frameworks/AudioUnit.framework/Versions/A/AudioUnit
0x000000019813a000 	/usr/lib/libMatch.1.dylib
0x00000001b126e000 	/System/Library/Frameworks/Accelerate.framework/Versions/A/Frameworks/vImage.framework/Versions/A/Libraries/libCGInterfaces.dylib
0x000000012bf10000 	/usr/lib/libobjc-trampolines.dylib
0x0000000193e3c000 	/System/Library/PrivateFrameworks/ViewBridge.framework/Versions/A/ViewBridge
0x000000019889e000 	/System/Library/PrivateFrameworks/login.framework/Versions/A/login
0x000000012dbcc000 	/Users/youssefgeorge/.openjfx/cache/17.0.1/libjavafx_font.dylib
0x000000012bfe8000 	/System/Library/Frameworks/FileProvider.framework/OverrideBundles/CloudDocsFileProvider.bundle/Contents/MacOS/CloudDocsFileProvider
0x0000000194397000 	/System/Library/PrivateFrameworks/CloudDocs.framework/Versions/A/CloudDocs
0x00000001a125a000 	/System/Library/PrivateFrameworks/AppleAccount.framework/Versions/A/AppleAccount
0x000000019b82d000 	/System/Library/PrivateFrameworks/AppContainer.framework/Versions/A/AppContainer
0x000000019b2db000 	/System/Library/PrivateFrameworks/IDS.framework/Versions/A/IDS
0x00000001a13a4000 	/System/Library/PrivateFrameworks/AppleIDSSOAuthentication.framework/Versions/A/AppleIDSSOAuthentication
0x0000000194145000 	/System/Library/PrivateFrameworks/ApplePushService.framework/Versions/A/ApplePushService
0x00000001a0fa3000 	/System/Library/PrivateFrameworks/AppSupport.framework/Versions/A/AppSupport
0x000000019a0ac000 	/System/Library/PrivateFrameworks/IMFoundation.framework/Versions/A/IMFoundation
0x00000001a7b6f000 	/System/Library/PrivateFrameworks/Marco.framework/Versions/A/Marco
0x000000019b455000 	/System/Library/PrivateFrameworks/IDSFoundation.framework/Versions/A/IDSFoundation
0x0000000193175000 	/System/Library/PrivateFrameworks/CommonUtilities.framework/Versions/A/CommonUtilities
0x00000001ac98e000 	/System/Library/PrivateFrameworks/FTServices.framework/Versions/A/FTServices
0x00000001a4eb7000 	/System/Library/PrivateFrameworks/Engram.framework/Versions/A/Engram
0x00000001a4e59000 	/usr/lib/libtidy.A.dylib
0x0000000198a58000 	/System/Library/PrivateFrameworks/Bom.framework/Versions/A/Bom
0x000000019a40e000 	/usr/lib/libParallelCompression.dylib
0x0000000198000000 	/System/Library/PrivateFrameworks/CrashReporterSupport.framework/Versions/A/CrashReporterSupport
0x00000001b6c2d000 	/System/Library/PrivateFrameworks/FTAWD.framework/Versions/A/FTAWD
0x00000001b8ce7000 	/System/Library/PrivateFrameworks/OSAnalytics.framework/Versions/A/OSAnalytics
0x00000001c3fe5000 	/System/Library/PrivateFrameworks/Symbolication.framework/Versions/A/Symbolication
0x00000001acd83000 	/System/Library/PrivateFrameworks/MallocStackLogging.framework/Versions/A/MallocStackLogging
0x000000019dd21000 	/System/Library/PrivateFrameworks/CoreDaemon.framework/Versions/B/CoreDaemon
0x000000019dd1b000 	/System/Library/PrivateFrameworks/AppleSRP.framework/Versions/A/AppleSRP
0x0000000196c19000 	/System/Library/Frameworks/ServiceManagement.framework/Versions/A/ServiceManagement
0x000000019b842000 	/System/Library/PrivateFrameworks/SecCodeWrapper.framework/Versions/A/SecCodeWrapper
0x000000012dbe8000 	/System/Library/Frameworks/FileProvider.framework/OverrideBundles/FileProviderOverride.bundle/Contents/MacOS/FileProviderOverride
0x000000012f498000 	/System/Library/Frameworks/FileProvider.framework/OverrideBundles/FinderSyncCollaborationFileProviderOverride.bundle/Contents/MacOS/FinderSyncCollaborationFileProviderOverride
0x00000001bd4b8000 	/System/Library/PrivateFrameworks/FinderSyncPriv.framework/Versions/A/FinderSyncPriv
0x00000001aab6e000 	/usr/lib/libFosl_dynamic.dylib
0x00000001b0b46000 	/usr/lib/libncurses.5.4.dylib
0x000000020b9b9000 	/usr/lib/libRosetta.dylib
0x00000001f2f55000 	/System/Library/PrivateFrameworks/AccessibilityBundles.framework/Versions/A/AccessibilityBundles


VM Arguments:
jvm_args: -javaagent:/Applications/IntelliJ IDEA.app/Contents/lib/idea_rt.jar=53260:/Applications/IntelliJ IDEA.app/Contents/bin -Dfile.encoding=UTF-8 --module-path=/Volumes/D/Uni/Semester 6/CSE338 SW Testing VV/Project/CSE338Project/target/classes:/Users/youssefgeorge/.m2/repository/org/openjfx/javafx-fxml/17.0.1/javafx-fxml-17.0.1-mac-aarch64.jar:/Users/youssefgeorge/.m2/repository/org/json/json/20090211/json-20090211.jar:/Users/youssefgeorge/.m2/repository/org/openjfx/javafx-base/17.0.1/javafx-base-17.0.1-mac-aarch64.jar:/Users/youssefgeorge/.m2/repository/com/fasterxml/jackson/core/jackson-core/2.13.3/jackson-core-2.13.3.jar:/Users/youssefgeorge/.m2/repository/com/fasterxml/jackson/core/jackson-databind/2.13.3/jackson-databind-2.13.3.jar:/Users/youssefgeorge/.m2/repository/org/openjfx/javafx-graphics/17.0.1/javafx-graphics-17.0.1-mac-aarch64.jar:/Users/youssefgeorge/.m2/repository/org/openjfx/javafx-controls/17.0.1/javafx-controls-17.0.1-mac-aarch64.jar:/Users/youssefgeorge/.m2/repository/com/fasterxml/jackson/core/jackson-annotations/2.13.3/jackson-annotations-2.13.3.jar -Djdk.module.main=com.example.cse338project 
java_command: com.example.cse338project/com.example.cse338project.gui.Main
java_class_path (initial): /Users/youssefgeorge/.m2/repository/com/fasterxml/jackson/dataformat/jackson-dataformat-yaml/2.5.3/jackson-dataformat-yaml-2.5.3.jar:/Users/youssefgeorge/.m2/repository/com/fasterxml/jackson/core/jackson-core/2.5.3/jackson-core-2.5.3.jar:/Users/youssefgeorge/.m2/repository/com/fasterxml/jackson/core/jackson-databind/2.5.3/jackson-databind-2.5.3.jar:/Users/youssefgeorge/.m2/repository/com/fasterxml/jackson/core/jackson-annotations/2.5.0/jackson-annotations-2.5.0.jar:/Users/youssefgeorge/.m2/repository/org/yaml/snakeyaml/1.12/snakeyaml-1.12.jar:/Users/youssefgeorge/.m2/repository/org/openjfx/javafx-controls/17.0.1/javafx-controls-17.0.1.jar:/Users/youssefgeorge/.m2/repository/org/openjfx/javafx-graphics/17.0.1/javafx-graphics-17.0.1.jar:/Users/youssefgeorge/.m2/repository/org/openjfx/javafx-base/17.0.1/javafx-base-17.0.1.jar:/Users/youssefgeorge/.m2/repository/org/openjfx/javafx-fxml/17.0.1/javafx-fxml-17.0.1.jar
Launcher Type: SUN_STANDARD

[Global flags]
     intx CICompilerCount                          = 4                                         {product} {ergonomic}
     uint ConcGCThreads                            = 2                                         {product} {ergonomic}
     uint G1ConcRefinementThreads                  = 8                                         {product} {ergonomic}
   size_t G1HeapRegionSize                         = 1048576                                   {product} {ergonomic}
    uintx GCDrainStackTargetSize                   = 64                                        {product} {ergonomic}
   size_t InitialHeapSize                          = 134217728                                 {product} {ergonomic}
   size_t MarkStackSize                            = 4194304                                   {product} {ergonomic}
   size_t MaxHeapSize                              = 2147483648                                {product} {ergonomic}
   size_t MaxNewSize                               = 1287651328                                {product} {ergonomic}
   size_t MinHeapDeltaBytes                        = 1048576                                   {product} {ergonomic}
   size_t MinHeapSize                              = 8388608                                   {product} {ergonomic}
    uintx NonNMethodCodeHeapSize                   = 5839564                                {pd product} {ergonomic}
    uintx NonProfiledCodeHeapSize                  = 122909338                              {pd product} {ergonomic}
    uintx ProfiledCodeHeapSize                     = 122909338                              {pd product} {ergonomic}
    uintx ReservedCodeCacheSize                    = 251658240                              {pd product} {ergonomic}
     bool SegmentedCodeCache                       = true                                      {product} {ergonomic}
   size_t SoftMaxHeapSize                          = 2147483648                             {manageable} {ergonomic}
     bool UseCompressedClassPointers               = true                           {product lp64_product} {ergonomic}
     bool UseCompressedOops                        = true                           {product lp64_product} {ergonomic}
     bool UseG1GC                                  = true                                      {product} {ergonomic}
     bool UseNUMA                                  = false                                     {product} {ergonomic}
     bool UseNUMAInterleaving                      = false                                     {product} {ergonomic}

Logging:
Log output configuration:
 #0: stdout all=warning uptime,level,tags
 #1: stderr all=off uptime,level,tags

Environment Variables:
PATH=/opt/homebrew/bin:/usr/local/bin:/usr/bin:/bin:/usr/sbin:/sbin
SHELL=/bin/zsh
LC_CTYPE=en_US.UTF-8

Signal Handlers:
   SIGSEGV: crash_handler in libjvm.dylib, mask=11100110000111110111111111111111, flags=SA_RESTART|SA_SIGINFO
    SIGBUS: crash_handler in libjvm.dylib, mask=11100110000111110111111111111111, flags=SA_RESTART|SA_SIGINFO
    SIGFPE: crash_handler in libjvm.dylib, mask=11100110000111110111111111111111, flags=SA_RESTART|SA_SIGINFO
   SIGPIPE: javaSignalHandler in libjvm.dylib, mask=11100110000111110111111111111111, flags=SA_RESTART|SA_SIGINFO
   SIGXFSZ: javaSignalHandler in libjvm.dylib, mask=11100110000111110111111111111111, flags=SA_RESTART|SA_SIGINFO
    SIGILL: crash_handler in libjvm.dylib, mask=11100110000111110111111111111111, flags=SA_RESTART|SA_SIGINFO
   SIGUSR2: SR_handler in libjvm.dylib, mask=00100000000000000000000000000000, flags=SA_RESTART|SA_SIGINFO
    SIGHUP: UserHandler in libjvm.dylib, mask=11100110000111110111111111111111, flags=SA_RESTART|SA_SIGINFO
    SIGINT: UserHandler in libjvm.dylib, mask=11100110000111110111111111111111, flags=SA_RESTART|SA_SIGINFO
   SIGTERM: UserHandler in libjvm.dylib, mask=11100110000111110111111111111111, flags=SA_RESTART|SA_SIGINFO
   SIGQUIT: UserHandler in libjvm.dylib, mask=11100110000111110111111111111111, flags=SA_RESTART|SA_SIGINFO
   SIGTRAP: crash_handler in libjvm.dylib, mask=11100110000111110111111111111111, flags=SA_RESTART|SA_SIGINFO


---------------  S Y S T E M  ---------------

OS:
uname: Darwin 21.4.0 Darwin Kernel Version 21.4.0: Mon Feb 21 20:36:53 PST 2022; root:xnu-8020.101.4~2/RELEASE_ARM64_T8101 arm64
OS uptime: 64 days 2:34 hours
rlimit (soft/hard): STACK 8176k/65520k , CORE 0k/infinity , NPROC 1333/2000 , NOFILE 10240/infinity , AS infinity/infinity , CPU infinity/infinity , DATA infinity/infinity , FSIZE infinity/infinity , MEMLOCK infinity/infinity , RSS infinity/infinity
load average: 3.77 2.82 2.55

CPU: total 8 (initial active 8) 0x61:0x0:0x1b588bb3:0, fp, simd, crc, lse

Memory: 16k page, physical 8388608k(262384k free), swap 8388608k(1438208k free)

vm_info: OpenJDK 64-Bit Server VM (17.0.2+8-86) for bsd-aarch64 JRE (17.0.2+8-86), built on Dec  7 2021 21:45:06 by "mach5one" with clang Apple LLVM 12.0.0 (clang-1200.0.32.29)

END.
