#
# A fatal error has been detected by the Java Runtime Environment:
#
#  SIGBUS (0xa) at pc=0x00000001300014f0, pid=82200, tid=32259
#
# JRE version: OpenJDK Runtime Environment (17.0.2+8) (build 17.0.2+8-86)
# Java VM: OpenJDK 64-Bit Server VM (17.0.2+8-86, mixed mode, tiered, compressed oops, compressed class ptrs, g1 gc, bsd-aarch64)
# Problematic frame:
# v  ~StubRoutines::SafeFetchN
#
# No core dump will be written. Core dumps have been disabled. To enable core dumping, try "ulimit -c unlimited" before starting Java again
#
# If you would like to submit a bug report, please visit:
#   https://bugreport.java.com/bugreport/crash.jsp
# The crash happened outside the Java Virtual Machine in native code.
# See problematic frame for where to report the bug.
#

---------------  S U M M A R Y ------------

Command Line: -ea --add-exports=javafx.graphics/com.sun.javafx.application=ALL-UNNAMED -Didea.test.cyclic.buffer.size=1048576 -javaagent:/Applications/IntelliJ IDEA.app/Contents/lib/idea_rt.jar=62059:/Applications/IntelliJ IDEA.app/Contents/bin --patch-module=com.example.cse338project=/Volumes/D/Uni/Semester 6/CSE338 SW Testing VV/Project/CSE338Project/target/test-classes --add-reads=com.example.cse338project=ALL-UNNAMED --add-opens=com.example.cse338project/GUI=ALL-UNNAMED --add-modules=com.example.cse338project -Dfile.encoding=UTF-8 --module-path=/Users/youssefgeorge/.m2/repository/org/openjfx/javafx-controls/17.0.1/javafx-controls-17.0.1-mac-aarch64.jar:/Users/youssefgeorge/.m2/repository/org/openjfx/javafx-graphics/17.0.1/javafx-graphics-17.0.1-mac-aarch64.jar:/Users/youssefgeorge/.m2/repository/com/fasterxml/jackson/core/jackson-annotations/2.13.3/jackson-annotations-2.13.3.jar:/Users/youssefgeorge/.m2/repository/com/fasterxml/jackson/core/jackson-core/2.13.3/jackson-core-2.13.3.jar:/Users/youssefgeorge/.m2/repository/org/openjfx/javafx-fxml/17.0.1/javafx-fxml-17.0.1-mac-aarch64.jar:/Volumes/D/Uni/Semester 6/CSE338 SW Testing VV/Project/CSE338Project/target/classes:/Users/youssefgeorge/.m2/repository/org/json/json/20090211/json-20090211.jar:/Users/youssefgeorge/.m2/repository/org/openjfx/javafx-base/17.0.1/javafx-base-17.0.1-mac-aarch64.jar:/Users/youssefgeorge/.m2/repository/org/jsoup/jsoup/1.15.1/jsoup-1.15.1.jar:/Users/youssefgeorge/.m2/repository/com/fasterxml/jackson/core/jackson-databind/2.13.3/jackson-databind-2.13.3.jar com.intellij.rt.junit.JUnitStarter -ideVersion5 -junit5 GUI.RankTableUefGuiTesting

Host: "MacBookPro17,1" arm64 1 MHz, 8 cores, 8G, Darwin 21.4.0, macOS 12.3 (21E230)
Time: Sun May 29 01:56:54 2022 EET elapsed time: 93.916265 seconds (0d 0h 1m 33s)

---------------  T H R E A D  ---------------

Current thread (0x000000011d90ba00):  JavaThread "InvokeLaterDispatcher" daemon [_thread_in_native, id=32259, stack(0x0000000179688000,0x000000017988b000)]

Stack: [0x0000000179688000,0x000000017988b000],  sp=0x000000017988a780,  free space=2057k
Native frames: (J=compiled Java code, j=interpreted, Vv=VM code, C=native code)
v  ~StubRoutines::SafeFetchN
V  [libjvm.dylib+0x7a6bcc]  OopStorage::release(oopDesc* const*)+0x20
V  [libjvm.dylib+0x4ba824]  jni_DeleteGlobalRef+0xd8
C  [libglass.dylib+0xab08]  -[GlassRunnable dealloc]+0x34
C  [Foundation+0x85618]  -[_NSThreadPerformInfo dealloc]+0x30
C  [Foundation+0x5198c]  -[NSObject(NSThreadPerformAdditions) performSelectorOnMainThread:withObject:waitUntilDone:]+0x88
C  0x34380001300098ac
j  com.sun.glass.ui.mac.MacApplication.submitForLaterInvocation(Ljava/lang/Runnable;)V+2 javafx.graphics
j  com.sun.glass.ui.InvokeLaterDispatcher.run()V+82 javafx.graphics
v  ~StubRoutines::call_stub
V  [libjvm.dylib+0x461d08]  JavaCalls::call_helper(JavaValue*, methodHandle const&, JavaCallArguments*, JavaThread*)+0x38c
V  [libjvm.dylib+0x460d24]  JavaCalls::call_virtual(JavaValue*, Klass*, Symbol*, Symbol*, JavaCallArguments*, JavaThread*)+0x11c
V  [libjvm.dylib+0x460df0]  JavaCalls::call_virtual(JavaValue*, Handle, Klass*, Symbol*, Symbol*, JavaThread*)+0x64
V  [libjvm.dylib+0x515f04]  thread_entry(JavaThread*, JavaThread*)+0xc4
V  [libjvm.dylib+0x9071ac]  JavaThread::thread_main_inner()+0x13c
V  [libjvm.dylib+0x9058c0]  Thread::call_run()+0x128
V  [libjvm.dylib+0x7ad7c8]  thread_native_entry(Thread*)+0x158
C  [libsystem_pthread.dylib+0x726c]  _pthread_start+0x94

Java frames: (J=compiled Java code, j=interpreted, Vv=VM code)
j  com.sun.glass.ui.mac.MacApplication._submitForLaterInvocation(Ljava/lang/Runnable;)V+0 javafx.graphics
j  com.sun.glass.ui.mac.MacApplication.submitForLaterInvocation(Ljava/lang/Runnable;)V+2 javafx.graphics
j  com.sun.glass.ui.InvokeLaterDispatcher.run()V+82 javafx.graphics
v  ~StubRoutines::call_stub

siginfo: si_signo: 10 (SIGBUS), si_code: 1 (BUS_ADRALN), si_addr: 0x00000001300014f0

Register to memory mapping:

 x0=0x000000010d606d48 points into unknown readable memory: 0x00006000006541c0 | c0 41 65 00 00 60 00 00
 x1=0x0 is NULL
 x2=0x0000000744700208 is an oop: com.sun.glass.ui.InvokeLaterDispatcher$Future 
{0x0000000744700208} - klass: 'com/sun/glass/ui/InvokeLaterDispatcher$Future'
 - ---- fields (total size 3 words):
 - private 'done' 'Z' @12  true
 - private final 'runnable' 'Ljava/lang/Runnable;' @16  a 'com/sun/javafx/application/PlatformImpl$$Lambda$455+0x00000003001d5510'{0x000000074466c9c8} (e88cd939)
 - final synthetic 'this$0' 'Lcom/sun/glass/ui/InvokeLaterDispatcher;' @20  a 'com/sun/glass/ui/InvokeLaterDispatcher'{0x000000074040d040} (e8081a08)
 x3=0x0 is NULL
 x4=0x00000000000130a8 is an unknown value
 x5=0x0 is NULL
 x6=0x0 is NULL
 x7=0x0 is NULL
 x8=0x00000001300014ec is at begin+0 in a stub
StubRoutines::SafeFetchN [0x00000001300014ec, 0x00000001300014f8] (12 bytes)
 x9=0x0 is NULL
x10=0x2010000030300000 is an unknown value
x11=0x0000000000000007 is an unknown value
x12=0x0000000000000004 is an unknown value
x13=0x000060000031e5b0 points into unknown readable memory: 0xf93900010c6aa9e8 | e8 a9 6a 0c 01 00 39 f9
x14=0x0000440000000000 is an unknown value
x15=0x000000010c6e5f98: OBJC_CLASS_$_GlassRunnable+0 in /Users/youssefgeorge/.openjfx/cache/17.0.1/libglass.dylib at 0x000000010c6a0000
x16=0x00000001a2bd10fc: pthread_getspecific+0 in /usr/lib/system/libsystem_pthread.dylib at 0x00000001a2bcf000
x17=0x0000600000979380 points into unknown readable memory: 0xfffffffffffffffe | fe ff ff ff ff ff ff ff
x18=0x0 is NULL
x19=0x00006000006541c0 points into unknown readable memory: 0x0000600002f718e0 | e0 18 f7 02 00 60 00 00
x20=0x000000010d606b40 is a global jni handle
x21=0x000000010d606d48 points into unknown readable memory: 0x00006000006541c0 | c0 41 65 00 00 60 00 00
x22=0x000000011d90ba00 is a thread
x23=0x0000000000000001 is an unknown value
x24=0x000000010d606d00 is a global jni handle
x25=0x0000000103e8d5e8: _ZN12StubRoutines17_safefetchN_entryE+0 in /Users/youssefgeorge/Library/Java/JavaVirtualMachines/openjdk-17.0.2/Contents/Home/lib/server/libjvm.dylib at 0x00000001032dc000
x26=0x000000011ce06170 is pointing into metadata
x27=0x0 is NULL
x28=0x000000011d90ba00 is a thread


Registers:
 x0=0x000000010d606d48  x1=0x0000000000000000  x2=0x0000000744700208  x3=0x0000000000000000
 x4=0x00000000000130a8  x5=0x0000000000000000  x6=0x0000000000000000  x7=0x0000000000000000
 x8=0x00000001300014ec  x9=0x0000000000000000 x10=0x2010000030300000 x11=0x0000000000000007
x12=0x0000000000000004 x13=0x000060000031e5b0 x14=0x0000440000000000 x15=0x000000010c6e5f98
x16=0x00000001a2bd10fc x17=0x0000600000979380 x18=0x0000000000000000 x19=0x00006000006541c0
x20=0x000000010d606b40 x21=0x000000010d606d48 x22=0x000000011d90ba00 x23=0x0000000000000001
x24=0x000000010d606d00 x25=0x0000000103e8d5e8 x26=0x000000011ce06170 x27=0x0000000000000000
x28=0x000000011d90ba00  fp=0x000000017988a7c0  lr=0x0000000103a8199c  sp=0x000000017988a780
pc=0x00000001300014f0 cpsr=0x0000000060001000
Top of Stack: (sp=0x000000017988a780)
0x000000017988a780:   000000011ce06170 0000000000000001
0x000000017988a790:   000000017988a988 0000000000000000
0x000000017988a7a0:   000000011e158aa8 000000010d606d08
0x000000017988a7b0:   000000010d606d08 00006000006541c0
0x000000017988a7c0:   000000017988a800 0000000103a82bcc
0x000000017988a7d0:   0000000000000001 000000010d606d08
0x000000017988a7e0:   000000011e158aa8 000000010d606d08
0x000000017988a7f0:   0000000000000001 000000011e158800
0x000000017988a800:   000000017988a840 0000000103796824
0x000000017988a810:   000000017988a988 0000600002f27510
0x000000017988a820:   0000600002f274f0 00000001ecc95be0
0x000000017988a830:   0000000000000000 0000600002f274f0
0x000000017988a840:   000000017988a870 000000010c6aab08
0x000000017988a850:   dfe1ea753e83002a 0000000000000000
0x000000017988a860:   0000000000000000 000060000377f3c0
0x000000017988a870:   000000017988a8b0 00000001a3b9e618
0x000000017988a880:   000000017988a988 0000600002f27510
0x000000017988a890:   0000600002f274f0 dfe1ea753e83002a
0x000000017988a8a0:   0000000000000000 0000000000000000
0x000000017988a8b0:   000000017988a8f0 d05a8001a3b6a98c
0x000000017988a8c0:   000000017988a988 00000001300087c0
0x000000017988a8d0:   0000000000000000 0000000103e94fa8
0x000000017988a8e0:   000000017988a900 0000000130007730
0x000000017988a8f0:   000000017988a960 34380001300098ac
0x000000017988a900:   000000011ce087e0 0000000000000001
0x000000017988a910:   000000017988a910 0000000000000000
0x000000017988a920:   000000017988a988 000000011ce06170
0x000000017988a930:   0000000740400560 0000000000000000
0x000000017988a940:   0000000000000000 000000011cde3138
0x000000017988a950:   0000000000000000 000000017988a960
0x000000017988a960:   000000017988a9e0 0000000130005fc8
0x000000017988a970:   0000000000000000 0000000000000000 

Instructions: (pc=0x00000001300014f0)
0x00000001300013f0:   f2a07ca9 f2c00029 6d425935 1e640886
0x0000000130001400:   0c402d31 1e6408c7 1f5654d0 1e6c1017
0x0000000130001410:   1f5050d0 1f504cd0 1f5048d0 1e650af6
0x0000000130001420:   1f50d8f6 1f5694d6 1f5158f6 1e762880
0x0000000130001430:   36000501 1e614000 14000026 2e251ca5
0x0000000130001440:   d2943009 f2a07ca9 f2c00029 6d425d36
0x0000000130001450:   1e600806 0c402d32 1f5758c7 1e6c101a
0x0000000130001460:   1f4754c7 1e650805 1f4750c7 d2866668
0x0000000130001470:   f2a7fa68 1f474cc7 1e6608c0 1f4748c7
0x0000000130001480:   1e6e1019 eb08007f 540000ac 1f479400
0x0000000130001490:   1f460340 1e603b20 1400000e d2a7fd29
0x00000001300014a0:   eb09007f 540000ac 51480069 d3607d29
0x00000001300014b0:   9e670121 14000002 1e6a5001 1f679417
0x00000001300014c0:   1f668742 1e613b23 1e773857 1e773860
0x00000001300014d0:   a8c17ff3 910003bf a8c17bfd d65f03c0
0x00000001300014e0:   b9400001 aa0103e0 d65f03c0 f9400001
0x00000001300014f0:   aa0103e0 d65f03c0 00000000 00000000
0x0000000130001500:   00000000 00000000 00000000 00000000
0x0000000130001510:   00000000 00000000 00000000 00000000
0x0000000130001520:   00000000 00000000 00000000 00000000
0x0000000130001530:   00000000 00000000 00000000 00000000
0x0000000130001540:   00000000 00000000 00000000 00000000
0x0000000130001550:   00000000 00000000 00000000 00000000
0x0000000130001560:   00000000 00000000 00000000 00000000
0x0000000130001570:   00000000 00000000 00000000 00000000
0x0000000130001580:   00000000 00000000 00000000 00000000
0x0000000130001590:   00000000 00000000 00000000 00000000
0x00000001300015a0:   00000000 00000000 00000000 00000000
0x00000001300015b0:   00000000 00000000 00000000 00000000
0x00000001300015c0:   00000000 00000000 00000000 00000000
0x00000001300015d0:   00000000 00000000 00000000 00000000
0x00000001300015e0:   00000000 00000000 00000000 00000000 


Stack slot to memory mapping:
stack at sp + 0 slots: 0x000000011ce06170 is pointing into metadata
stack at sp + 1 slots: 0x0000000000000001 is an unknown value
stack at sp + 2 slots: 0x000000017988a988 is pointing into the stack for thread: 0x000000011d90ba00
stack at sp + 3 slots: 0x0 is NULL
stack at sp + 4 slots: 0x000000011e158aa8 points into unknown readable memory: 0x0000000103e4a738 | 38 a7 e4 03 01 00 00 00
stack at sp + 5 slots: 0x000000010d606d08 is a global jni handle
stack at sp + 6 slots: 0x000000010d606d08 is a global jni handle
stack at sp + 7 slots: 0x00006000006541c0 points into unknown readable memory: 0x0000600002f718e0 | e0 18 f7 02 00 60 00 00

StubRoutines::SafeFetchN [0x00000001300014ec, 0x00000001300014f8] (12 bytes)
[MachCode]
  0x00000001300014ec: 0100 40f9 | e003 01aa | c003 5fd6 
[/MachCode]

---------------  P R O C E S S  ---------------

Threads class SMR info:
_java_thread_list=0x0000600002c13700, length=24, elements={
0x000000011e00c600, 0x000000011d821400, 0x000000010d808200, 0x000000010d818800,
0x000000011e055a00, 0x0000000120008200, 0x0000000120021800, 0x0000000120021e00,
0x000000011f009200, 0x000000011d825200, 0x000000011d8af000, 0x000000011d824800,
0x000000011d8c8600, 0x000000010d819400, 0x000000011e130200, 0x000000011d90ba00,
0x000000011e158800, 0x000000011da8f400, 0x000000011c20fc00, 0x000000011c360800,
0x000000011da97600, 0x000000011c3ca200, 0x000000010294a200, 0x0000000120043200
}

Java Threads: ( => current thread )
  0x000000011e00c600 JavaThread "main" [_thread_blocked, id=5891, stack(0x000000016dcf0000,0x000000016def3000)]
  0x000000011d821400 JavaThread "Reference Handler" daemon [_thread_blocked, id=15875, stack(0x000000016eb44000,0x000000016ed47000)]
  0x000000010d808200 JavaThread "Finalizer" daemon [_thread_blocked, id=17155, stack(0x000000016ed50000,0x000000016ef53000)]
  0x000000010d818800 JavaThread "Signal Dispatcher" daemon [_thread_blocked, id=42243, stack(0x000000016f074000,0x000000016f277000)]
  0x000000011e055a00 JavaThread "Service Thread" daemon [_thread_blocked, id=22787, stack(0x000000016f280000,0x000000016f483000)]
  0x0000000120008200 JavaThread "Monitor Deflation Thread" daemon [_thread_blocked, id=23299, stack(0x000000016f48c000,0x000000016f68f000)]
  0x0000000120021800 JavaThread "C2 CompilerThread0" daemon [_thread_in_native, id=23555, stack(0x000000016f698000,0x000000016f89b000)]
  0x0000000120021e00 JavaThread "C1 CompilerThread0" daemon [_thread_in_vm, id=24067, stack(0x000000016f8a4000,0x000000016faa7000)]
  0x000000011f009200 JavaThread "Sweeper thread" daemon [_thread_blocked, id=24323, stack(0x000000016fab0000,0x000000016fcb3000)]
  0x000000011d825200 JavaThread "Common-Cleaner" daemon [_thread_blocked, id=24579, stack(0x000000016fcbc000,0x000000016febf000)]
  0x000000011d8af000 JavaThread "Monitor Ctrl-Break" daemon [_thread_in_native, id=25091, stack(0x0000000178004000,0x0000000178207000)]
  0x000000011d824800 JavaThread "Notification Thread" daemon [_thread_blocked, id=25603, stack(0x0000000178210000,0x0000000178413000)]
  0x000000011d8c8600 JavaThread "testfx-async-pool-thread-1" daemon [_thread_blocked, id=38403, stack(0x0000000179064000,0x0000000179267000)]
  0x000000010d819400 JavaThread "JavaFX-Launcher" daemon [_thread_blocked, id=37891, stack(0x0000000179270000,0x0000000179473000)]
  0x000000011e130200 JavaThread "QuantumRenderer-0" daemon [_thread_blocked, id=26883, stack(0x000000017947c000,0x000000017967f000)]
=>0x000000011d90ba00 JavaThread "InvokeLaterDispatcher" daemon [_thread_in_native, id=32259, stack(0x0000000179688000,0x000000017988b000)]
  0x000000011e158800 JavaThread "JavaFX Application Thread" [_thread_in_native, id=259, stack(0x000000016d468000,0x000000016dc64000)]
  0x000000011da8f400 JavaThread "Attach Listener" daemon [_thread_blocked, id=77579, stack(0x000000017a1dc000,0x000000017a3df000)]
  0x000000011c20fc00 JavaThread "Thread-6" [_thread_in_native, id=59907, stack(0x000000017a5f4000,0x000000017a7f7000)]
  0x000000011c360800 JavaThread "Prism Font Disposer" daemon [_thread_blocked, id=67083, stack(0x000000017f890000,0x000000017fa93000)]
  0x000000011da97600 JavaThread "Cleaner-0" daemon [_thread_blocked, id=69639, stack(0x000000017fbb4000,0x000000017fdb7000)]
  0x000000011c3ca200 JavaThread "awaitility-thread" [_thread_blocked, id=169699, stack(0x000000017fdc0000,0x000000017ffc3000)]
  0x000000010294a200 JavaThread "Keep-Alive-Timer" daemon [_thread_blocked, id=69407, stack(0x00000001799ac000,0x0000000179baf000)]
  0x0000000120043200 JavaThread "PulseTimer-CVDisplayLink thread" daemon [_thread_in_native, id=45699, stack(0x000000016ef5c000,0x000000016efdf000)]

Other Threads:
  0x000000011f905c70 VMThread "VM Thread" [stack: 0x000000016e938000,0x000000016eb3b000] [id=17411]
  0x000000010d60ec40 WatcherThread [stack: 0x000000017841c000,0x000000017861f000] [id=25859]
  0x000000011d606d50 GCTaskThread "GC Thread#0" [stack: 0x000000016defc000,0x000000016e0ff000] [id=12547]
  0x000000011d62ebb0 GCTaskThread "GC Thread#1" [stack: 0x0000000178628000,0x000000017882b000] [id=26115]
  0x000000011d62f030 GCTaskThread "GC Thread#2" [stack: 0x0000000178834000,0x0000000178a37000] [id=40451]
  0x000000011f913020 GCTaskThread "GC Thread#3" [stack: 0x0000000178a40000,0x0000000178c43000] [id=39939]
  0x000000011f9136c0 GCTaskThread "GC Thread#4" [stack: 0x0000000178c4c000,0x0000000178e4f000] [id=39427]
  0x000000011f913f30 GCTaskThread "GC Thread#5" [stack: 0x0000000178e58000,0x000000017905b000] [id=38915]
  0x000000011fa2d0a0 GCTaskThread "GC Thread#6" [stack: 0x0000000179bb8000,0x0000000179dbb000] [id=59139]
  0x000000011fa2d520 GCTaskThread "GC Thread#7" [stack: 0x0000000179dc4000,0x0000000179fc7000] [id=59395]
  0x000000011f8046a0 ConcurrentGCThread "G1 Main Marker" [stack: 0x000000016e108000,0x000000016e30b000] [id=19971]
  0x000000011f804f20 ConcurrentGCThread "G1 Conc#0" [stack: 0x000000016e314000,0x000000016e517000] [id=13571]
  0x00000001025092a0 ConcurrentGCThread "G1 Conc#1" [stack: 0x0000000179fd0000,0x000000017a1d3000] [id=69891]
  0x000000011d6071d0 ConcurrentGCThread "G1 Refine#0" [stack: 0x000000016e520000,0x000000016e723000] [id=19459]
  0x000000011fa3e210 ConcurrentGCThread "G1 Refine#1" [stack: 0x000000017aa0c000,0x000000017ac0f000] [id=60675]
  0x000000011f937870 ConcurrentGCThread "G1 Refine#2" [stack: 0x000000017ac18000,0x000000017ae1b000] [id=68355]
  0x000000011f938250 ConcurrentGCThread "G1 Refine#3" [stack: 0x000000017ae24000,0x000000017b027000] [id=61699]
  0x000000011d607a70 ConcurrentGCThread "G1 Service" [stack: 0x000000016e72c000,0x000000016e92f000] [id=18947]

Threads with active compile tasks:
C2 CompilerThread0    93935 6868       4       javafx.scene.CssStyleHelper::resolveRef (134 bytes)

VM state: not at safepoint (normal execution)

VM Mutex/Monitor currently owned by a thread: None

Heap address: 0x0000000740000000, size: 2048 MB, Compressed Oops mode: Zero based, Oop shift amount: 3

CDS archive(s) not mapped
Compressed class space mapped at: 0x0000000300000000-0x0000000340000000, reserved size: 1073741824
Narrow klass base: 0x0000000000000000, Narrow klass shift: 3, Narrow klass range: 0x340000000

GC Precious Log:
 CPUs: 8 total, 8 available
 Memory: 8192M
 Large Page Support: Disabled
 NUMA Support: Disabled
 Compressed Oops: Enabled (Zero based)
 Heap Region Size: 1M
 Heap Min Capacity: 8M
 Heap Initial Capacity: 128M
 Heap Max Capacity: 2G
 Pre-touch: Disabled
 Parallel Workers: 8
 Concurrent Workers: 2
 Concurrent Refinement Workers: 8
 Periodic GC: Disabled

Heap:
 garbage-first heap   total 75776K, used 35619K [0x0000000740000000, 0x00000007c0000000)
  region size 1024K, 7 young (7168K), 3 survivors (3072K)
 Metaspace       used 39939K, committed 40320K, reserved 1089536K
  class space    used 5104K, committed 5312K, reserved 1048576K

Heap Regions: E=young(eden), S=young(survivor), O=old, HS=humongous(starts), HC=humongous(continues), CS=collection set, F=free, OA=open archive, CA=closed archive, TAMS=top-at-mark-start (previous, next)
|   0|0x0000000740000000, 0x0000000740100000, 0x0000000740100000|100%| O|  |TAMS 0x0000000740100000, 0x0000000740000000| Untracked 
|   1|0x0000000740100000, 0x0000000740200000, 0x0000000740200000|100%| O|  |TAMS 0x0000000740200000, 0x0000000740100000| Untracked 
|   2|0x0000000740200000, 0x0000000740300000, 0x0000000740300000|100%| O|  |TAMS 0x0000000740300000, 0x0000000740200000| Untracked 
|   3|0x0000000740300000, 0x0000000740400000, 0x0000000740400000|100%| O|  |TAMS 0x0000000740300000, 0x0000000740300000| Untracked 
|   4|0x0000000740400000, 0x0000000740500000, 0x0000000740500000|100%| O|  |TAMS 0x0000000740500000, 0x0000000740400000| Untracked 
|   5|0x0000000740500000, 0x0000000740600000, 0x0000000740600000|100%| O|  |TAMS 0x0000000740600000, 0x0000000740500000| Untracked 
|   6|0x0000000740600000, 0x0000000740700000, 0x0000000740700000|100%| O|  |TAMS 0x0000000740700000, 0x0000000740600000| Untracked 
|   7|0x0000000740700000, 0x0000000740800000, 0x0000000740800000|100%| O|  |TAMS 0x0000000740800000, 0x0000000740700000| Untracked 
|   8|0x0000000740800000, 0x0000000740900000, 0x0000000740900000|100%| O|  |TAMS 0x0000000740900000, 0x0000000740800000| Untracked 
|   9|0x0000000740900000, 0x0000000740a00000, 0x0000000740a00000|100%| O|  |TAMS 0x0000000740900000, 0x0000000740900000| Untracked 
|  10|0x0000000740a00000, 0x0000000740b00000, 0x0000000740b00000|100%| O|  |TAMS 0x0000000740b00000, 0x0000000740a00000| Untracked 
|  11|0x0000000740b00000, 0x0000000740c00000, 0x0000000740c00000|100%| O|  |TAMS 0x0000000740c00000, 0x0000000740b00000| Untracked 
|  12|0x0000000740c00000, 0x0000000740d00000, 0x0000000740d00000|100%| O|  |TAMS 0x0000000740d00000, 0x0000000740c00000| Untracked 
|  13|0x0000000740d00000, 0x0000000740e00000, 0x0000000740e00000|100%| O|  |TAMS 0x0000000740e00000, 0x0000000740d00000| Untracked 
|  14|0x0000000740e00000, 0x0000000740f00000, 0x0000000740f00000|100%| O|  |TAMS 0x0000000740edbc00, 0x0000000740e00000| Untracked 
|  15|0x0000000740f00000, 0x0000000741000000, 0x0000000741000000|100%| O|  |TAMS 0x0000000740f00000, 0x0000000740f00000| Untracked 
|  16|0x0000000741000000, 0x0000000741100000, 0x0000000741100000|100%| O|  |TAMS 0x0000000741000000, 0x0000000741000000| Untracked 
|  17|0x0000000741100000, 0x00000007411b9000, 0x0000000741200000| 72%| O|  |TAMS 0x0000000741100000, 0x0000000741100000| Untracked 
|  18|0x0000000741200000, 0x0000000741300000, 0x0000000741300000|100%|HS|  |TAMS 0x0000000741200000, 0x0000000741200000| Complete 
|  19|0x0000000741300000, 0x0000000741400000, 0x0000000741400000|100%|HC|  |TAMS 0x0000000741300000, 0x0000000741300000| Complete 
|  20|0x0000000741400000, 0x0000000741500000, 0x0000000741500000|100%| O|  |TAMS 0x0000000741400000, 0x0000000741400000| Untracked 
|  21|0x0000000741500000, 0x0000000741600000, 0x0000000741600000|100%| O|  |TAMS 0x0000000741500000, 0x0000000741500000| Untracked 
|  22|0x0000000741600000, 0x0000000741700000, 0x0000000741700000|100%| O|  |TAMS 0x0000000741600000, 0x0000000741600000| Untracked 
|  23|0x0000000741700000, 0x0000000741800000, 0x0000000741800000|100%| O|  |TAMS 0x0000000741700000, 0x0000000741700000| Untracked 
|  24|0x0000000741800000, 0x0000000741900000, 0x0000000741900000|100%| O|  |TAMS 0x0000000741800000, 0x0000000741800000| Untracked 
|  25|0x0000000741900000, 0x0000000741a00000, 0x0000000741a00000|100%| O|  |TAMS 0x0000000741900000, 0x0000000741900000| Untracked 
|  26|0x0000000741a00000, 0x0000000741b00000, 0x0000000741b00000|100%| O|  |TAMS 0x0000000741a00000, 0x0000000741a00000| Untracked 
|  27|0x0000000741b00000, 0x0000000741c00000, 0x0000000741c00000|100%| O|  |TAMS 0x0000000741b00000, 0x0000000741b00000| Untracked 
|  28|0x0000000741c00000, 0x0000000741d00000, 0x0000000741d00000|100%| O|  |TAMS 0x0000000741c00000, 0x0000000741c00000| Untracked 
|  29|0x0000000741d00000, 0x0000000741e00000, 0x0000000741e00000|100%| O|  |TAMS 0x0000000741d00000, 0x0000000741d00000| Untracked 
|  30|0x0000000741e00000, 0x0000000741e78000, 0x0000000741f00000| 46%| O|  |TAMS 0x0000000741e00000, 0x0000000741e00000| Untracked 
|  31|0x0000000741f00000, 0x0000000741f00000, 0x0000000742000000|  0%| F|  |TAMS 0x0000000741f00000, 0x0000000741f00000| Untracked 
|  32|0x0000000742000000, 0x0000000742000000, 0x0000000742100000|  0%| F|  |TAMS 0x0000000742000000, 0x0000000742000000| Untracked 
|  33|0x0000000742100000, 0x0000000742100000, 0x0000000742200000|  0%| F|  |TAMS 0x0000000742100000, 0x0000000742100000| Untracked 
|  34|0x0000000742200000, 0x0000000742200000, 0x0000000742300000|  0%| F|  |TAMS 0x0000000742200000, 0x0000000742200000| Untracked 
|  35|0x0000000742300000, 0x0000000742300000, 0x0000000742400000|  0%| F|  |TAMS 0x0000000742300000, 0x0000000742300000| Untracked 
|  36|0x0000000742400000, 0x0000000742400000, 0x0000000742500000|  0%| F|  |TAMS 0x0000000742400000, 0x0000000742400000| Untracked 
|  37|0x0000000742500000, 0x0000000742500000, 0x0000000742600000|  0%| F|  |TAMS 0x0000000742500000, 0x0000000742500000| Untracked 
|  38|0x0000000742600000, 0x0000000742600000, 0x0000000742700000|  0%| F|  |TAMS 0x0000000742600000, 0x0000000742600000| Untracked 
|  39|0x0000000742700000, 0x0000000742700000, 0x0000000742800000|  0%| F|  |TAMS 0x0000000742700000, 0x0000000742700000| Untracked 
|  40|0x0000000742800000, 0x0000000742800000, 0x0000000742900000|  0%| F|  |TAMS 0x0000000742800000, 0x0000000742800000| Untracked 
|  41|0x0000000742900000, 0x0000000742900000, 0x0000000742a00000|  0%| F|  |TAMS 0x0000000742900000, 0x0000000742900000| Untracked 
|  42|0x0000000742a00000, 0x0000000742a00000, 0x0000000742b00000|  0%| F|  |TAMS 0x0000000742a00000, 0x0000000742a00000| Untracked 
|  43|0x0000000742b00000, 0x0000000742b97ea8, 0x0000000742c00000| 59%| S|CS|TAMS 0x0000000742b00000, 0x0000000742b00000| Complete 
|  44|0x0000000742c00000, 0x0000000742d00000, 0x0000000742d00000|100%| S|CS|TAMS 0x0000000742c00000, 0x0000000742c00000| Complete 
|  45|0x0000000742d00000, 0x0000000742d00000, 0x0000000742e00000|  0%| F|  |TAMS 0x0000000742d00000, 0x0000000742d00000| Untracked 
|  46|0x0000000742e00000, 0x0000000742f00000, 0x0000000742f00000|100%| S|CS|TAMS 0x0000000742e00000, 0x0000000742e00000| Complete 
|  47|0x0000000742f00000, 0x0000000742f00000, 0x0000000743000000|  0%| F|  |TAMS 0x0000000742f00000, 0x0000000742f00000| Untracked 
|  48|0x0000000743000000, 0x0000000743000000, 0x0000000743100000|  0%| F|  |TAMS 0x0000000743000000, 0x0000000743000000| Untracked 
|  49|0x0000000743100000, 0x0000000743100000, 0x0000000743200000|  0%| F|  |TAMS 0x0000000743100000, 0x0000000743100000| Untracked 
|  50|0x0000000743200000, 0x0000000743200000, 0x0000000743300000|  0%| F|  |TAMS 0x0000000743200000, 0x0000000743200000| Untracked 
|  51|0x0000000743300000, 0x0000000743300000, 0x0000000743400000|  0%| F|  |TAMS 0x0000000743300000, 0x0000000743300000| Untracked 
|  52|0x0000000743400000, 0x0000000743400000, 0x0000000743500000|  0%| F|  |TAMS 0x0000000743400000, 0x0000000743400000| Untracked 
|  53|0x0000000743500000, 0x0000000743500000, 0x0000000743600000|  0%| F|  |TAMS 0x0000000743500000, 0x0000000743500000| Untracked 
|  54|0x0000000743600000, 0x0000000743600000, 0x0000000743700000|  0%| F|  |TAMS 0x0000000743600000, 0x0000000743600000| Untracked 
|  55|0x0000000743700000, 0x0000000743700000, 0x0000000743800000|  0%| F|  |TAMS 0x0000000743700000, 0x0000000743700000| Untracked 
|  56|0x0000000743800000, 0x0000000743800000, 0x0000000743900000|  0%| F|  |TAMS 0x0000000743800000, 0x0000000743800000| Untracked 
|  57|0x0000000743900000, 0x0000000743900000, 0x0000000743a00000|  0%| F|  |TAMS 0x0000000743900000, 0x0000000743900000| Untracked 
|  58|0x0000000743a00000, 0x0000000743a00000, 0x0000000743b00000|  0%| F|  |TAMS 0x0000000743a00000, 0x0000000743a00000| Untracked 
|  59|0x0000000743b00000, 0x0000000743b00000, 0x0000000743c00000|  0%| F|  |TAMS 0x0000000743b00000, 0x0000000743b00000| Untracked 
|  60|0x0000000743c00000, 0x0000000743c00000, 0x0000000743d00000|  0%| F|  |TAMS 0x0000000743c00000, 0x0000000743c00000| Untracked 
|  61|0x0000000743d00000, 0x0000000743d00000, 0x0000000743e00000|  0%| F|  |TAMS 0x0000000743d00000, 0x0000000743d00000| Untracked 
|  62|0x0000000743e00000, 0x0000000743e00000, 0x0000000743f00000|  0%| F|  |TAMS 0x0000000743e00000, 0x0000000743e00000| Untracked 
|  63|0x0000000743f00000, 0x0000000743f00000, 0x0000000744000000|  0%| F|  |TAMS 0x0000000743f00000, 0x0000000743f00000| Untracked 
|  64|0x0000000744000000, 0x0000000744000000, 0x0000000744100000|  0%| F|  |TAMS 0x0000000744000000, 0x0000000744000000| Untracked 
|  65|0x0000000744100000, 0x0000000744100000, 0x0000000744200000|  0%| F|  |TAMS 0x0000000744100000, 0x0000000744100000| Untracked 
|  66|0x0000000744200000, 0x0000000744200000, 0x0000000744300000|  0%| F|  |TAMS 0x0000000744200000, 0x0000000744200000| Untracked 
|  67|0x0000000744300000, 0x0000000744300000, 0x0000000744400000|  0%| F|  |TAMS 0x0000000744300000, 0x0000000744300000| Untracked 
|  68|0x0000000744400000, 0x0000000744400000, 0x0000000744500000|  0%| F|  |TAMS 0x0000000744400000, 0x0000000744400000| Untracked 
|  69|0x0000000744500000, 0x0000000744500000, 0x0000000744600000|  0%| F|  |TAMS 0x0000000744500000, 0x0000000744500000| Untracked 
|  70|0x0000000744600000, 0x0000000744694d50, 0x0000000744700000| 58%| E|  |TAMS 0x0000000744600000, 0x0000000744600000| Complete 
|  71|0x0000000744700000, 0x00000007447fff98, 0x0000000744800000| 99%| E|  |TAMS 0x0000000744700000, 0x0000000744700000| Complete 
|  72|0x0000000744800000, 0x0000000744900000, 0x0000000744900000|100%| E|CS|TAMS 0x0000000744800000, 0x0000000744800000| Complete 
| 127|0x0000000747f00000, 0x0000000748000000, 0x0000000748000000|100%| E|CS|TAMS 0x0000000747f00000, 0x0000000747f00000| Complete 

Card table byte_map: [0x000000010bdcc000,0x000000010c1cc000] _byte_map_base: 0x00000001083cc000

Marking Bits (Prev, Next): (CMBitMap*) 0x000000011f00a810, (CMBitMap*) 0x000000011f00a850
 Prev Bits: [0x000000010e000000, 0x0000000110000000)
 Next Bits: [0x0000000118000000, 0x000000011a000000)

Polling page: 0x00000001023d4000

Metaspace:

Usage:
  Non-class:     34.02 MB used.
      Class:      4.99 MB used.
       Both:     39.00 MB used.

Virtual space:
  Non-class space:       40.00 MB reserved,      34.19 MB ( 85%) committed,  5 nodes.
      Class space:        1.00 GB reserved,       5.19 MB ( <1%) committed,  1 nodes.
             Both:        1.04 GB reserved,      39.38 MB (  4%) committed. 

Chunk freelists:
   Non-Class:  912.00 KB
       Class:  2.73 MB
        Both:  3.62 MB

MaxMetaspaceSize: unlimited
CompressedClassSpaceSize: 1.00 GB
Initial GC threshold: 21.00 MB
Current GC threshold: 58.88 MB
CDS: off
MetaspaceReclaimPolicy: balanced
 - commit_granule_bytes: 65536.
 - commit_granule_words: 8192.
 - virtual_space_node_default_size: 1048576.
 - enlarge_chunks_in_place: 1.
 - new_chunks_are_fully_committed: 0.
 - uncommit_free_chunks: 1.
 - use_allocation_guard: 0.
 - handle_deallocations: 1.


Internal statistics:

num_allocs_failed_limit: 6.
num_arena_births: 334.
num_arena_deaths: 0.
num_vsnodes_births: 6.
num_vsnodes_deaths: 0.
num_space_committed: 630.
num_space_uncommitted: 0.
num_chunks_returned_to_freelist: 6.
num_chunks_taken_from_freelist: 1257.
num_chunk_merges: 6.
num_chunk_splits: 837.
num_chunks_enlarged: 629.
num_purges: 0.
num_inconsistent_stats: 0.

CodeHeap 'non-profiled nmethods': size=120032Kb used=2984Kb max_used=2984Kb free=117047Kb
 bounds [0x0000000137ac8000, 0x0000000137dc8000, 0x000000013f000000]
CodeHeap 'profiled nmethods': size=120016Kb used=12151Kb max_used=14256Kb free=107864Kb
 bounds [0x0000000130594000, 0x0000000131384000, 0x0000000137ac8000]
CodeHeap 'non-nmethods': size=5712Kb used=1449Kb max_used=1581Kb free=4262Kb
 bounds [0x0000000130000000, 0x0000000130270000, 0x0000000130594000]
 total_blobs=6553 nmethods=5701 adapters=768
 compilation: enabled
              stopped_count=0, restarted_count=0
 full_count=0

Compilation events (20 events):
Event: 93.724 Thread 0x0000000120021800 nmethod 6858 0x0000000137c0bb10 code [0x0000000137c0bcc0, 0x0000000137c0bdb0]
Event: 93.748 Thread 0x0000000120021e00 6859       3       javafx.scene.Scene$TargetWrapper::set (11 bytes)
Event: 93.748 Thread 0x0000000120021e00 nmethod 6859 0x0000000130aa8710 code [0x0000000130aa88c0, 0x0000000130aa8aa8]
Event: 93.789 Thread 0x0000000120021e00 6860       3       com.sun.javafx.scene.shape.RectangleHelper::configShapeImpl (10 bytes)
Event: 93.789 Thread 0x0000000120021e00 nmethod 6860 0x00000001308cc990 code [0x00000001308ccb80, 0x00000001308cced8]
Event: 93.789 Thread 0x0000000120021e00 6861       3       javafx.scene.shape.Rectangle$1::doConfigShape (8 bytes)
Event: 93.789 Thread 0x0000000120021e00 nmethod 6861 0x0000000130c14390 code [0x0000000130c14540, 0x0000000130c147d8]
Event: 93.789 Thread 0x0000000120021e00 6862       3       javafx.scene.shape.Rectangle::doConfigShape (92 bytes)
Event: 93.792 Thread 0x0000000120021e00 nmethod 6862 0x00000001306af390 code [0x00000001306af880, 0x00000001306b20a8]
Event: 93.792 Thread 0x0000000120021e00 6864       3       javafx.scene.shape.Shape::computeShapeContains (159 bytes)
Event: 93.794 Thread 0x0000000120021e00 nmethod 6864 0x0000000130888e90 code [0x0000000130889300, 0x000000013088aec8]
Event: 93.794 Thread 0x0000000120021e00 6863       3       com.sun.javafx.geom.RoundRectangle2D::setRoundRect (34 bytes)
Event: 93.794 Thread 0x0000000120021e00 nmethod 6863 0x0000000130be1210 code [0x0000000130be13c0, 0x0000000130be1528]
Event: 93.794 Thread 0x0000000120021e00 6865       3       com.sun.javafx.geom.RoundRectangle2D::contains (189 bytes)
Event: 93.795 Thread 0x0000000120021e00 nmethod 6865 0x0000000130618290 code [0x0000000130618500, 0x0000000130618d48]
Event: 93.795 Thread 0x0000000120021e00 6866       3       com.sun.javafx.geom.RoundRectangle2D::isEmpty (24 bytes)
Event: 93.795 Thread 0x0000000120021e00 nmethod 6866 0x0000000130b22090 code [0x0000000130b22240, 0x0000000130b22428]
Event: 93.894 Thread 0x0000000120021e00 6867       3       javafx.scene.Scene$ClickGenerator::preProcess (348 bytes)
Event: 93.896 Thread 0x0000000120021e00 nmethod 6867 0x00000001310af290 code [0x00000001310af880, 0x00000001310b2308]
Event: 93.912 Thread 0x0000000120021800 6868       4       javafx.scene.CssStyleHelper::resolveRef (134 bytes)

GC Heap History (20 events):
Event: 1.861 GC heap before
{Heap before GC invocations=6 (full 0):
 garbage-first heap   total 30720K, used 21144K [0x0000000740000000, 0x00000007c0000000)
  region size 1024K, 8 young (8192K), 2 survivors (2048K)
 Metaspace       used 31536K, committed 31872K, reserved 1081344K
  class space    used 3904K, committed 4096K, reserved 1048576K
}
Event: 1.863 GC heap after
{Heap after GC invocations=7 (full 0):
 garbage-first heap   total 80896K, used 15751K [0x0000000740000000, 0x00000007c0000000)
  region size 1024K, 1 young (1024K), 1 survivors (1024K)
 Metaspace       used 31536K, committed 31872K, reserved 1081344K
  class space    used 3904K, committed 4096K, reserved 1048576K
}
Event: 2.161 GC heap before
{Heap before GC invocations=7 (full 0):
 garbage-first heap   total 80896K, used 46471K [0x0000000740000000, 0x00000007c0000000)
  region size 1024K, 32 young (32768K), 1 survivors (1024K)
 Metaspace       used 35792K, committed 36096K, reserved 1081344K
  class space    used 4741K, committed 4928K, reserved 1048576K
}
Event: 2.166 GC heap after
{Heap after GC invocations=8 (full 0):
 garbage-first heap   total 80896K, used 23268K [0x0000000740000000, 0x00000007c0000000)
  region size 1024K, 5 young (5120K), 5 survivors (5120K)
 Metaspace       used 35792K, committed 36096K, reserved 1081344K
  class space    used 4741K, committed 4928K, reserved 1048576K
}
Event: 7.422 GC heap before
{Heap before GC invocations=9 (full 0):
 garbage-first heap   total 75776K, used 52964K [0x0000000740000000, 0x00000007c0000000)
  region size 1024K, 35 young (35840K), 5 survivors (5120K)
 Metaspace       used 38718K, committed 39040K, reserved 1089536K
  class space    used 5069K, committed 5184K, reserved 1048576K
}
Event: 7.428 GC heap after
{Heap after GC invocations=10 (full 0):
 garbage-first heap   total 75776K, used 26801K [0x0000000740000000, 0x00000007c0000000)
  region size 1024K, 4 young (4096K), 4 survivors (4096K)
 Metaspace       used 38718K, committed 39040K, reserved 1089536K
  class space    used 5069K, committed 5184K, reserved 1048576K
}
Event: 19.144 GC heap before
{Heap before GC invocations=10 (full 0):
 garbage-first heap   total 75776K, used 51377K [0x0000000740000000, 0x00000007c0000000)
  region size 1024K, 28 young (28672K), 4 survivors (4096K)
 Metaspace       used 38949K, committed 39296K, reserved 1089536K
  class space    used 5074K, committed 5248K, reserved 1048576K
}
Event: 19.150 GC heap after
{Heap after GC invocations=11 (full 0):
 garbage-first heap   total 75776K, used 28386K [0x0000000740000000, 0x00000007c0000000)
  region size 1024K, 3 young (3072K), 3 survivors (3072K)
 Metaspace       used 38949K, committed 39296K, reserved 1089536K
  class space    used 5074K, committed 5248K, reserved 1048576K
}
Event: 31.194 GC heap before
{Heap before GC invocations=11 (full 0):
 garbage-first heap   total 75776K, used 53986K [0x0000000740000000, 0x00000007c0000000)
  region size 1024K, 28 young (28672K), 3 survivors (3072K)
 Metaspace       used 39180K, committed 39488K, reserved 1089536K
  class space    used 5074K, committed 5248K, reserved 1048576K
}
Event: 31.197 GC heap after
{Heap after GC invocations=12 (full 0):
 garbage-first heap   total 75776K, used 28930K [0x0000000740000000, 0x00000007c0000000)
  region size 1024K, 3 young (3072K), 3 survivors (3072K)
 Metaspace       used 39180K, committed 39488K, reserved 1089536K
  class space    used 5074K, committed 5248K, reserved 1048576K
}
Event: 41.666 GC heap before
{Heap before GC invocations=12 (full 0):
 garbage-first heap   total 75776K, used 54530K [0x0000000740000000, 0x00000007c0000000)
  region size 1024K, 29 young (29696K), 3 survivors (3072K)
 Metaspace       used 39601K, committed 39936K, reserved 1089536K
  class space    used 5104K, committed 5312K, reserved 1048576K
}
Event: 41.673 GC heap after
{Heap after GC invocations=13 (full 0):
 garbage-first heap   total 75776K, used 31012K [0x0000000740000000, 0x00000007c0000000)
  region size 1024K, 4 young (4096K), 4 survivors (4096K)
 Metaspace       used 39601K, committed 39936K, reserved 1089536K
  class space    used 5104K, committed 5312K, reserved 1048576K
}
Event: 54.323 GC heap before
{Heap before GC invocations=13 (full 0):
 garbage-first heap   total 75776K, used 54564K [0x0000000740000000, 0x00000007c0000000)
  region size 1024K, 28 young (28672K), 4 survivors (4096K)
 Metaspace       used 39683K, committed 40064K, reserved 1089536K
  class space    used 5104K, committed 5312K, reserved 1048576K
}
Event: 54.329 GC heap after
{Heap after GC invocations=14 (full 0):
 garbage-first heap   total 75776K, used 31906K [0x0000000740000000, 0x00000007c0000000)
  region size 1024K, 3 young (3072K), 3 survivors (3072K)
 Metaspace       used 39683K, committed 40064K, reserved 1089536K
  class space    used 5104K, committed 5312K, reserved 1048576K
}
Event: 66.935 GC heap before
{Heap before GC invocations=14 (full 0):
 garbage-first heap   total 75776K, used 56482K [0x0000000740000000, 0x00000007c0000000)
  region size 1024K, 27 young (27648K), 3 survivors (3072K)
 Metaspace       used 39750K, committed 40128K, reserved 1089536K
  class space    used 5104K, committed 5312K, reserved 1048576K
}
Event: 66.938 GC heap after
{Heap after GC invocations=15 (full 0):
 garbage-first heap   total 75776K, used 32477K [0x0000000740000000, 0x00000007c0000000)
  region size 1024K, 3 young (3072K), 3 survivors (3072K)
 Metaspace       used 39750K, committed 40128K, reserved 1089536K
  class space    used 5104K, committed 5312K, reserved 1048576K
}
Event: 79.465 GC heap before
{Heap before GC invocations=15 (full 0):
 garbage-first heap   total 75776K, used 57053K [0x0000000740000000, 0x00000007c0000000)
  region size 1024K, 27 young (27648K), 3 survivors (3072K)
 Metaspace       used 39814K, committed 40192K, reserved 1089536K
  class space    used 5104K, committed 5312K, reserved 1048576K
}
Event: 79.469 GC heap after
{Heap after GC invocations=16 (full 0):
 garbage-first heap   total 75776K, used 33061K [0x0000000740000000, 0x00000007c0000000)
  region size 1024K, 3 young (3072K), 3 survivors (3072K)
 Metaspace       used 39814K, committed 40192K, reserved 1089536K
  class space    used 5104K, committed 5312K, reserved 1048576K
}
Event: 92.794 GC heap before
{Heap before GC invocations=16 (full 0):
 garbage-first heap   total 75776K, used 58661K [0x0000000740000000, 0x00000007c0000000)
  region size 1024K, 28 young (28672K), 3 survivors (3072K)
 Metaspace       used 39868K, committed 40256K, reserved 1089536K
  class space    used 5104K, committed 5312K, reserved 1048576K
}
Event: 92.797 GC heap after
{Heap after GC invocations=17 (full 0):
 garbage-first heap   total 75776K, used 33571K [0x0000000740000000, 0x00000007c0000000)
  region size 1024K, 3 young (3072K), 3 survivors (3072K)
 Metaspace       used 39868K, committed 40256K, reserved 1089536K
  class space    used 5104K, committed 5312K, reserved 1048576K
}

Deoptimization events (20 events):
Event: 83.494 Thread 0x000000011c20fc00 DEOPT PACKING pc=0x0000000137c49b10 sp=0x000000017a7f4d90
Event: 83.494 Thread 0x000000011c20fc00 DEOPT UNPACKING pc=0x000000013003ed1c sp=0x000000017a7f4ee0 mode 2
Event: 83.564 Thread 0x000000011c20fc00 Uncommon trap: trap_request=0xffffffbe fr.pc=0x0000000137c49b10 relative=0x0000000000003c90
Event: 83.564 Thread 0x000000011c20fc00 Uncommon trap: reason=profile_predicate action=maybe_recompile pc=0x0000000137c49b10 method=sun.security.ec.XECOperations.pointMultiply([BLsun/security/util/math/ImmutableIntegerModuloP;)Lsun/security/util/math/IntegerModuloP; @ 103 c2
Event: 83.565 Thread 0x000000011c20fc00 DEOPT PACKING pc=0x0000000137c49b10 sp=0x000000017a7f4d20
Event: 83.565 Thread 0x000000011c20fc00 DEOPT UNPACKING pc=0x000000013003ed1c sp=0x000000017a7f4e70 mode 2
Event: 91.744 Thread 0x000000011c20fc00 DEOPT PACKING pc=0x00000001310533e8 sp=0x000000017a7f5320
Event: 91.744 Thread 0x000000011c20fc00 DEOPT UNPACKING pc=0x000000013003eb7c sp=0x000000017a7f5040 mode 0
Event: 91.802 Thread 0x000000011c20fc00 Uncommon trap: trap_request=0xffffffcc fr.pc=0x0000000137caec80 relative=0x0000000000000b40
Event: 91.802 Thread 0x000000011c20fc00 Uncommon trap: reason=intrinsic_or_type_checked_inlining action=make_not_entrant pc=0x0000000137caec80 method=java.util.ArrayList.toArray([Ljava/lang/Object;)[Ljava/lang/Object; @ 36 c2
Event: 91.802 Thread 0x000000011c20fc00 DEOPT PACKING pc=0x0000000137caec80 sp=0x000000017a7f50a0
Event: 91.802 Thread 0x000000011c20fc00 DEOPT UNPACKING pc=0x000000013003ed1c sp=0x000000017a7f4fe0 mode 2
Event: 93.203 Thread 0x000000011c20fc00 Uncommon trap: trap_request=0xffffffcc fr.pc=0x0000000137d962d4 relative=0x0000000000000e14
Event: 93.203 Thread 0x000000011c20fc00 Uncommon trap: reason=intrinsic_or_type_checked_inlining action=make_not_entrant pc=0x0000000137d962d4 method=java.util.ArrayList.toArray([Ljava/lang/Object;)[Ljava/lang/Object; @ 36 c2
Event: 93.203 Thread 0x000000011c20fc00 DEOPT PACKING pc=0x0000000137d962d4 sp=0x000000017a7f50b0
Event: 93.203 Thread 0x000000011c20fc00 DEOPT UNPACKING pc=0x000000013003ed1c sp=0x000000017a7f4ff0 mode 2
Event: 93.643 Thread 0x000000011c20fc00 Uncommon trap: trap_request=0xffffffdc fr.pc=0x0000000137c441a4 relative=0x0000000000000b64
Event: 93.643 Thread 0x000000011c20fc00 Uncommon trap: reason=class_check action=make_not_entrant pc=0x0000000137c441a4 method=java.util.ArrayList.toArray([Ljava/lang/Object;)[Ljava/lang/Object; @ 21 c2
Event: 93.643 Thread 0x000000011c20fc00 DEOPT PACKING pc=0x0000000137c441a4 sp=0x000000017a7f50a0
Event: 93.643 Thread 0x000000011c20fc00 DEOPT UNPACKING pc=0x000000013003ed1c sp=0x000000017a7f4fe0 mode 2

Classes unloaded (0 events):
No events

Classes redefined (0 events):
No events

Internal exceptions (20 events):
Event: 1.109 Thread 0x000000011e158800 Exception <a 'java/lang/NoSuchMethodError'{0x00000007415d2e60}: 'int java.lang.invoke.DirectMethodHandle$Holder.invokeStaticInit(java.lang.Object, java.lang.Object, java.lang.Object, java.lang.Object)'> (0x00000007415d2e60) 
thrown [open/src/hotspot/share/interpreter/linkResolver.cpp, line 766]
Event: 1.109 Thread 0x000000011e158800 Exception <a 'java/lang/IncompatibleClassChangeError'{0x00000007415dbf08}: Found class java.lang.Object, but interface was expected> (0x00000007415dbf08) 
thrown [open/src/hotspot/share/interpreter/linkResolver.cpp, line 833]
Event: 1.802 Thread 0x000000011e158800 Exception <a 'sun/nio/fs/UnixException'{0x000000074133d758}> (0x000000074133d758) 
thrown [open/src/hotspot/share/prims/jni.cpp, line 516]
Event: 1.803 Thread 0x000000011e158800 Exception <a 'sun/nio/fs/UnixException'{0x000000074135a648}> (0x000000074135a648) 
thrown [open/src/hotspot/share/prims/jni.cpp, line 516]
Event: 1.810 Thread 0x000000011e158800 Implicit null exception at 0x0000000137ae9b78 to 0x0000000137ae9c08
Event: 1.842 Thread 0x000000011e158800 Implicit null exception at 0x0000000137b97e54 to 0x0000000137b98010
Event: 1.857 Thread 0x000000011e158800 Exception <a 'java/lang/IncompatibleClassChangeError'{0x000000074187a628}: Found class java.lang.Object, but interface was expected> (0x000000074187a628) 
thrown [open/src/hotspot/share/interpreter/linkResolver.cpp, line 833]
Event: 1.859 Thread 0x000000011e158800 Exception <a 'java/lang/ClassNotFoundException'{0x00000007418a5b50}: com/sun/javafx/scene/control/skin/resources/controls> (0x00000007418a5b50) 
thrown [open/src/hotspot/share/prims/jni.cpp, line 535]
Event: 1.859 Thread 0x000000011e158800 Exception <a 'java/lang/ClassNotFoundException'{0x00000007418b4548}: com/sun/javafx/scene/control/skin/resources/controls_en> (0x00000007418b4548) 
thrown [open/src/hotspot/share/prims/jni.cpp, line 535]
Event: 1.859 Thread 0x000000011e158800 Exception <a 'java/lang/ClassNotFoundException'{0x00000007418b5e20}: com/sun/javafx/scene/control/skin/resources/controls_en_EG> (0x00000007418b5e20) 
thrown [open/src/hotspot/share/prims/jni.cpp, line 535]
Event: 2.044 Thread 0x000000011e158800 Exception <a 'java/lang/NoSuchMethodError'{0x0000000743fe8020}: 'void java.lang.invoke.DirectMethodHandle$Holder.invokeSpecialIFC(java.lang.Object, java.lang.Object, java.lang.Object, java.lang.Object)'> (0x0000000743fe8020) 
thrown [open/src/hotspot/share/interpreter/linkResolver.cpp, line 766]
Event: 2.054 Thread 0x000000011e158800 Exception <a 'java/lang/NoSuchMethodError'{0x0000000743d76a88}: 'int java.lang.invoke.DirectMethodHandle$Holder.invokeSpecial(java.lang.Object, java.lang.Object, int)'> (0x0000000743d76a88) 
thrown [open/src/hotspot/share/interpreter/linkResolver.cpp, line 766]
Event: 2.136 Thread 0x000000011e158800 Exception <a 'java/lang/NoSuchMethodError'{0x0000000743278048}: 'void java.lang.invoke.DirectMethodHandle$Holder.invokeSpecial(java.lang.Object, java.lang.Object, int, int)'> (0x0000000743278048) 
thrown [open/src/hotspot/share/interpreter/linkResolver.cpp, line 766]
Event: 2.136 Thread 0x000000011e158800 Exception <a 'java/lang/NoSuchMethodError'{0x000000074327e840}: 'java.lang.Object java.lang.invoke.DirectMethodHandle$Holder.newInvokeSpecial(java.lang.Object, java.lang.Object, int, int)'> (0x000000074327e840) 
thrown [open/src/hotspot/share/interpreter/linkResolver.cpp, line 766]
Event: 2.278 Thread 0x000000011e158800 Exception <a 'java/lang/NoSuchMethodError'{0x00000007444f2f60}: 'long java.lang.invoke.DirectMethodHandle$Holder.invokeStatic(java.lang.Object, java.lang.Object, java.lang.Object)'> (0x00000007444f2f60) 
thrown [open/src/hotspot/share/interpreter/linkResolver.cpp, line 766]
Event: 2.278 Thread 0x000000011e158800 Exception <a 'java/lang/NoSuchMethodError'{0x00000007444f6708}: 'long java.lang.invoke.DirectMethodHandle$Holder.invokeStaticInit(java.lang.Object, java.lang.Object, java.lang.Object)'> (0x00000007444f6708) 
thrown [open/src/hotspot/share/interpreter/linkResolver.cpp, line 766]
Event: 2.279 Thread 0x000000011e158800 Exception <a 'java/lang/NoSuchMethodError'{0x00000007443d0c98}: 'java.lang.Object java.lang.invoke.DirectMethodHandle$Holder.newInvokeSpecial(java.lang.Object, java.lang.Object, long)'> (0x00000007443d0c98) 
thrown [open/src/hotspot/share/interpreter/linkResolver.cpp, line 766]
Event: 2.279 Thread 0x000000011e158800 Exception <a 'java/lang/NoSuchMethodError'{0x00000007443d4560}: 'java.lang.Object java.lang.invoke.Invokers$Holder.linkToTargetMethod(java.lang.Object, long, java.lang.Object)'> (0x00000007443d4560) 
thrown [open/src/hotspot/share/interpreter/linkResolver.cpp, line 766]
Event: 2.950 Thread 0x000000011e158800 Exception <a 'java/lang/NoSuchMethodError'{0x000000074379cac8}: 'long java.lang.invoke.DirectMethodHandle$Holder.invokeStatic(java.lang.Object, java.lang.Object)'> (0x000000074379cac8) 
thrown [open/src/hotspot/share/interpreter/linkResolver.cpp, line 766]
Event: 33.799 Thread 0x000000011e158800 Implicit null exception at 0x0000000137c1a378 to 0x0000000137c1aa9c

VM Operations (20 events):
Event: 85.487 Executing VM operation: Cleanup
Event: 85.487 Executing VM operation: Cleanup done
Event: 86.492 Executing VM operation: Cleanup
Event: 86.492 Executing VM operation: Cleanup done
Event: 87.494 Executing VM operation: Cleanup
Event: 87.494 Executing VM operation: Cleanup done
Event: 88.499 Executing VM operation: Cleanup
Event: 88.499 Executing VM operation: Cleanup done
Event: 89.504 Executing VM operation: Cleanup
Event: 89.504 Executing VM operation: Cleanup done
Event: 90.509 Executing VM operation: Cleanup
Event: 90.509 Executing VM operation: Cleanup done
Event: 91.514 Executing VM operation: Cleanup
Event: 91.514 Executing VM operation: Cleanup done
Event: 92.518 Executing VM operation: Cleanup
Event: 92.518 Executing VM operation: Cleanup done
Event: 92.794 Executing VM operation: G1CollectForAllocation
Event: 92.797 Executing VM operation: G1CollectForAllocation done
Event: 92.944 Executing VM operation: ICBufferFull
Event: 92.944 Executing VM operation: ICBufferFull done

Events (20 events):
Event: 92.846 Protecting memory [0x000000016ef5c000,0x000000016ef68000] with protection modes 3
Event: 92.846 Thread 0x00000001028c0a00 Thread exited: 0x00000001028c0a00
Event: 92.866 Thread 0x000000011e8d0600 Thread added: 0x000000011e8d0600
Event: 92.867 Protecting memory [0x000000017a3e8000,0x000000017a3f4000] with protection modes 0
Event: 92.867 Protecting memory [0x000000017a3e8000,0x000000017a3f4000] with protection modes 3
Event: 92.867 Thread 0x000000011e8d0600 Thread exited: 0x000000011e8d0600
Event: 93.146 Thread 0x00000001028c0a00 Thread added: 0x00000001028c0a00
Event: 93.146 Protecting memory [0x000000017a3e8000,0x000000017a3f4000] with protection modes 0
Event: 93.146 Protecting memory [0x000000017a3e8000,0x000000017a3f4000] with protection modes 3
Event: 93.146 Thread 0x00000001028c0a00 Thread exited: 0x00000001028c0a00
Event: 93.561 Protecting memory [0x000000016ef5c000,0x000000016ef68000] with protection modes 0
Event: 93.561 Thread 0x000000011daad600 Thread added: 0x000000011daad600
Event: 93.643 Thread 0x000000011dcd7000 Thread added: 0x000000011dcd7000
Event: 93.643 Protecting memory [0x000000017a3e8000,0x000000017a3f4000] with protection modes 0
Event: 93.643 Protecting memory [0x000000017a3e8000,0x000000017a3f4000] with protection modes 3
Event: 93.643 Thread 0x000000011dcd7000 Thread exited: 0x000000011dcd7000
Event: 93.878 Protecting memory [0x000000016ef5c000,0x000000016ef68000] with protection modes 3
Event: 93.878 Thread 0x000000011daad600 Thread exited: 0x000000011daad600
Event: 93.911 Protecting memory [0x000000016ef5c000,0x000000016ef68000] with protection modes 0
Event: 93.911 Thread 0x0000000120043200 Thread added: 0x0000000120043200


Dynamic libraries:
0x0000000102384000 	/Users/youssefgeorge/Library/Java/JavaVirtualMachines/openjdk-17.0.2/Contents/Home/lib/libjli.dylib
0x00000001ad664000 	/usr/lib/libz.1.dylib
0x00000001ad71b000 	/usr/lib/libSystem.B.dylib
0x00000001ad715000 	/usr/lib/system/libcache.dylib
0x00000001ad6d3000 	/usr/lib/system/libcommonCrypto.dylib
0x00000001ad6fc000 	/usr/lib/system/libcompiler_rt.dylib
0x00000001ad6f3000 	/usr/lib/system/libcopyfile.dylib
0x00000001a295b000 	/usr/lib/system/libcorecrypto.dylib
0x00000001a2a0e000 	/usr/lib/system/libdispatch.dylib
0x00000001a2bdc000 	/usr/lib/system/libdyld.dylib
0x00000001ad70b000 	/usr/lib/system/libkeymgr.dylib
0x00000001ad6ae000 	/usr/lib/system/libmacho.dylib
0x00000001acda3000 	/usr/lib/system/libquarantine.dylib
0x00000001ad708000 	/usr/lib/system/libremovefile.dylib
0x00000001a7d44000 	/usr/lib/system/libsystem_asl.dylib
0x00000001a28fd000 	/usr/lib/system/libsystem_blocks.dylib
0x00000001a2a96000 	/usr/lib/system/libsystem_c.dylib
0x00000001ad700000 	/usr/lib/system/libsystem_collections.dylib
0x00000001ac231000 	/usr/lib/system/libsystem_configuration.dylib
0x00000001ab48d000 	/usr/lib/system/libsystem_containermanager.dylib
0x00000001ad410000 	/usr/lib/system/libsystem_coreservices.dylib
0x00000001a5304000 	/usr/lib/system/libsystem_darwin.dylib
0x00000001ad70c000 	/usr/lib/system/libsystem_dnssd.dylib
0x00000001a2a93000 	/usr/lib/system/libsystem_featureflags.dylib
0x00000001a2bf1000 	/usr/lib/system/libsystem_info.dylib
0x00000001ad676000 	/usr/lib/system/libsystem_m.dylib
0x00000001a29e3000 	/usr/lib/system/libsystem_malloc.dylib
0x00000001a7cd3000 	/usr/lib/system/libsystem_networkextension.dylib
0x00000001a575d000 	/usr/lib/system/libsystem_notify.dylib
0x00000001b3a59000 	/usr/lib/system/libsystem_product_info_filter.dylib
0x00000001ac236000 	/usr/lib/system/libsystem_sandbox.dylib
0x00000001ad705000 	/usr/lib/system/libsystem_secinit.dylib
0x00000001a2b97000 	/usr/lib/system/libsystem_kernel.dylib
0x00000001a2be9000 	/usr/lib/system/libsystem_platform.dylib
0x00000001a2bcf000 	/usr/lib/system/libsystem_pthread.dylib
0x00000001a949c000 	/usr/lib/system/libsystem_symptoms.dylib
0x00000001a2941000 	/usr/lib/system/libsystem_trace.dylib
0x00000001ad6e0000 	/usr/lib/system/libunwind.dylib
0x00000001a28ff000 	/usr/lib/system/libxpc.dylib
0x00000001a2b7f000 	/usr/lib/libc++abi.dylib
0x00000001a2a55000 	/usr/lib/libobjc.A.dylib
0x00000001ad6eb000 	/usr/lib/liboah.dylib
0x00000001a2b18000 	/usr/lib/libc++.1.dylib
0x00000001b9572000 	/System/Library/Frameworks/Cocoa.framework/Versions/A/Cocoa
0x00000001a57be000 	/System/Library/Frameworks/AppKit.framework/Versions/C/AppKit
0x00000001a8cc4000 	/System/Library/Frameworks/CoreData.framework/Versions/A/CoreData
0x00000001a3b19000 	/System/Library/Frameworks/Foundation.framework/Versions/C/Foundation
0x00000001a6676000 	/System/Library/PrivateFrameworks/UIFoundation.framework/Versions/A/UIFoundation
0x00000001b3753000 	/System/Library/PrivateFrameworks/RemoteViewServices.framework/Versions/A/RemoteViewServices
0x00000001abbd9000 	/System/Library/PrivateFrameworks/XCTTargetBootstrap.framework/Versions/A/XCTTargetBootstrap
0x00000001af457000 	/System/Library/PrivateFrameworks/InternationalSupport.framework/Versions/A/InternationalSupport
0x00000001af4e0000 	/System/Library/PrivateFrameworks/UserActivity.framework/Versions/A/UserActivity
0x00000001ae952000 	/usr/lib/libspindump.dylib
0x00000001a68e7000 	/System/Library/Frameworks/UniformTypeIdentifiers.framework/Versions/A/UniformTypeIdentifiers
0x00000001aa124000 	/usr/lib/libapp_launch_measurement.dylib
0x00000001a964e000 	/System/Library/PrivateFrameworks/CoreAnalytics.framework/Versions/A/CoreAnalytics
0x00000001aa127000 	/System/Library/PrivateFrameworks/CoreAutoLayout.framework/Versions/A/CoreAutoLayout
0x00000001ab4ca000 	/System/Library/Frameworks/Metal.framework/Versions/A/Metal
0x00000001ac241000 	/usr/lib/liblangid.dylib
0x00000001abbde000 	/System/Library/PrivateFrameworks/CoreSVG.framework/Versions/A/CoreSVG
0x00000001a7d78000 	/System/Library/PrivateFrameworks/SkyLight.framework/Versions/A/SkyLight
0x00000001a814d000 	/System/Library/Frameworks/CoreGraphics.framework/Versions/A/CoreGraphics
0x00000001b3e1f000 	/System/Library/Frameworks/Accelerate.framework/Versions/A/Accelerate
0x00000001ae3c9000 	/System/Library/PrivateFrameworks/IconServices.framework/Versions/A/IconServices
0x00000001ab4ac000 	/System/Library/Frameworks/IOSurface.framework/Versions/A/IOSurface
0x00000001a967f000 	/usr/lib/libDiagnosticMessagesClient.dylib
0x00000001b7320000 	/System/Library/Frameworks/ApplicationServices.framework/Versions/A/ApplicationServices
0x00000001abbc1000 	/System/Library/PrivateFrameworks/DFRFoundation.framework/Versions/A/DFRFoundation
0x00000001a504e000 	/usr/lib/libicucore.A.dylib
0x00000001b0303000 	/System/Library/Frameworks/AudioToolbox.framework/Versions/A/AudioToolbox
0x00000001af463000 	/System/Library/PrivateFrameworks/DataDetectorsCore.framework/Versions/A/DataDetectorsCore
0x00000001c5da3000 	/System/Library/PrivateFrameworks/TextInput.framework/Versions/A/TextInput
0x00000001a7ced000 	/usr/lib/libMobileGestalt.dylib
0x00000001ab88d000 	/System/Library/Frameworks/Carbon.framework/Versions/A/Frameworks/HIToolbox.framework/Versions/A/HIToolbox
0x00000001a9b00000 	/System/Library/Frameworks/QuartzCore.framework/Versions/A/QuartzCore
0x00000001a4cd1000 	/System/Library/Frameworks/Security.framework/Versions/A/Security
0x00000001b3793000 	/System/Library/Frameworks/Carbon.framework/Versions/A/Frameworks/SpeechRecognition.framework/Versions/A/SpeechRecognition
0x00000001a9e7a000 	/System/Library/PrivateFrameworks/CoreUI.framework/Versions/A/CoreUI
0x00000001a45ae000 	/System/Library/Frameworks/CoreAudio.framework/Versions/A/CoreAudio
0x00000001a9774000 	/System/Library/Frameworks/DiskArbitration.framework/Versions/A/DiskArbitration
0x00000001aed5c000 	/System/Library/PrivateFrameworks/MultitouchSupport.framework/Versions/A/MultitouchSupport
0x00000001a7ceb000 	/usr/lib/libenergytrace.dylib
0x00000001a5686000 	/System/Library/Frameworks/IOKit.framework/Versions/A/IOKit
0x00000001b3b82000 	/System/Library/Frameworks/CoreServices.framework/Versions/A/CoreServices
0x00000001aa0b4000 	/System/Library/PrivateFrameworks/PerformanceAnalysis.framework/Versions/A/PerformanceAnalysis
0x000000020408b000 	/System/Library/Frameworks/OpenGL.framework/Versions/A/OpenGL
0x00000001accbb000 	/System/Library/PrivateFrameworks/MobileKeyBag.framework/Versions/A/MobileKeyBag
0x00000001a875a000 	/System/Library/Frameworks/ColorSync.framework/Versions/A/ColorSync
0x00000001a2c1e000 	/System/Library/Frameworks/CoreFoundation.framework/Versions/A/CoreFoundation
0x00000001abe5d000 	/System/Library/Frameworks/CoreImage.framework/Versions/A/CoreImage
0x00000001a43d2000 	/System/Library/Frameworks/CoreText.framework/Versions/A/CoreText
0x00000001abc0e000 	/System/Library/Frameworks/ImageIO.framework/Versions/A/ImageIO
0x00000001ad721000 	/System/Library/PrivateFrameworks/SoftLinking.framework/Versions/A/SoftLinking
0x00000001aa172000 	/usr/lib/libxml2.2.dylib
0x00000001ad9ba000 	/usr/lib/libcompression.dylib
0x00000001af3b3000 	/System/Library/PrivateFrameworks/TextureIO.framework/Versions/A/TextureIO
0x00000001ae0e2000 	/usr/lib/libate.dylib
0x00000001adfa7000 	/usr/lib/liblzma.5.dylib
0x00000001a380d000 	/System/Library/Frameworks/SystemConfiguration.framework/Versions/A/SystemConfiguration
0x00000001ad71d000 	/usr/lib/libfakelink.dylib
0x00000001a781f000 	/System/Library/Frameworks/CFNetwork.framework/Versions/A/CFNetwork
0x00000001ad863000 	/usr/lib/libarchive.2.dylib
0x00000001ac23d000 	/System/Library/PrivateFrameworks/AppleSystemInfo.framework/Versions/A/AppleSystemInfo
0x00000001acdce000 	/usr/lib/libbsm.0.dylib
0x00000001a6d90000 	/usr/lib/libnetwork.dylib
0x00000001ad6b7000 	/usr/lib/system/libkxld.dylib
0x00000001ac9e1000 	/System/Library/PrivateFrameworks/IOMobileFramebuffer.framework/Versions/A/IOMobileFramebuffer
0x00000002219b7000 	/usr/lib/libCoreEntitlements.dylib
0x00000001ad3f2000 	/System/Library/PrivateFrameworks/AppleFSCompression.framework/Versions/A/AppleFSCompression
0x00000001acdb6000 	/usr/lib/libcoretls.dylib
0x00000001adfc0000 	/usr/lib/libcoretls_cfhelpers.dylib
0x00000001ad9b5000 	/usr/lib/libpam.2.dylib
0x00000001a90b3000 	/usr/lib/libsqlite3.dylib
0x00000001ae029000 	/usr/lib/libxar.1.dylib
0x00000001ad403000 	/usr/lib/libbz2.1.0.dylib
0x00000001ad722000 	/usr/lib/libpcap.A.dylib
0x00000001a9493000 	/usr/lib/libdns_services.dylib
0x00000001ad988000 	/usr/lib/libapple_nghttp2.dylib
0x00000001ad75f000 	/usr/lib/libiconv.2.dylib
0x00000001ad6ad000 	/usr/lib/libcharset.1.dylib
0x00000001aa0f0000 	/System/Library/Frameworks/CoreServices.framework/Versions/A/Frameworks/FSEvents.framework/Versions/A/FSEvents
0x00000001a530f000 	/System/Library/Frameworks/CoreServices.framework/Versions/A/Frameworks/CarbonCore.framework/Versions/A/CarbonCore
0x00000001a96d4000 	/System/Library/Frameworks/CoreServices.framework/Versions/A/Frameworks/Metadata.framework/Versions/A/Metadata
0x00000001ad416000 	/System/Library/Frameworks/CoreServices.framework/Versions/A/Frameworks/OSServices.framework/Versions/A/OSServices
0x00000001ad8e9000 	/System/Library/Frameworks/CoreServices.framework/Versions/A/Frameworks/SearchKit.framework/Versions/A/SearchKit
0x00000001a9422000 	/System/Library/Frameworks/CoreServices.framework/Versions/A/Frameworks/AE.framework/Versions/A/AE
0x00000001a3164000 	/System/Library/Frameworks/CoreServices.framework/Versions/A/Frameworks/LaunchServices.framework/Versions/A/LaunchServices
0x00000001adf50000 	/System/Library/Frameworks/CoreServices.framework/Versions/A/Frameworks/DictionaryServices.framework/Versions/A/DictionaryServices
0x00000001aa0fd000 	/System/Library/Frameworks/CoreServices.framework/Versions/A/Frameworks/SharedFileList.framework/Versions/A/SharedFileList
0x00000001acda6000 	/usr/lib/libCheckFix.dylib
0x00000001a7d5c000 	/System/Library/PrivateFrameworks/TCC.framework/Versions/A/TCC
0x00000001ac243000 	/System/Library/PrivateFrameworks/CoreNLP.framework/Versions/A/CoreNLP
0x00000001a9682000 	/System/Library/PrivateFrameworks/MetadataUtilities.framework/Versions/A/MetadataUtilities
0x00000001a38c6000 	/usr/lib/libmecabra.dylib
0x00000001acddf000 	/usr/lib/libmecab.dylib
0x00000001a3892000 	/usr/lib/libCRFSuite.dylib
0x00000001ace3c000 	/usr/lib/libgermantok.dylib
0x00000001ad961000 	/usr/lib/libThaiTokenizer.dylib
0x00000001a977c000 	/System/Library/Frameworks/Accelerate.framework/Versions/A/Frameworks/vImage.framework/Versions/A/vImage
0x00000001b3b59000 	/System/Library/Frameworks/Accelerate.framework/Versions/A/Frameworks/vecLib.framework/Versions/A/vecLib
0x00000001ae06e000 	/System/Library/Frameworks/Accelerate.framework/Versions/A/Frameworks/vecLib.framework/Versions/A/libvMisc.dylib
0x00000001ac8e8000 	/System/Library/Frameworks/Accelerate.framework/Versions/A/Frameworks/vecLib.framework/Versions/A/libvDSP.dylib
0x00000001a34ed000 	/System/Library/Frameworks/Accelerate.framework/Versions/A/Frameworks/vecLib.framework/Versions/A/libBLAS.dylib
0x00000001ada8b000 	/System/Library/Frameworks/Accelerate.framework/Versions/A/Frameworks/vecLib.framework/Versions/A/libLAPACK.dylib
0x00000001ace3f000 	/System/Library/Frameworks/Accelerate.framework/Versions/A/Frameworks/vecLib.framework/Versions/A/libLinearAlgebra.dylib
0x00000001ad9a0000 	/System/Library/Frameworks/Accelerate.framework/Versions/A/Frameworks/vecLib.framework/Versions/A/libSparseBLAS.dylib
0x00000001ada86000 	/System/Library/Frameworks/Accelerate.framework/Versions/A/Frameworks/vecLib.framework/Versions/A/libQuadrature.dylib
0x00000001ac33c000 	/System/Library/Frameworks/Accelerate.framework/Versions/A/Frameworks/vecLib.framework/Versions/A/libBNNS.dylib
0x00000001a37ab000 	/System/Library/Frameworks/Accelerate.framework/Versions/A/Frameworks/vecLib.framework/Versions/A/libSparse.dylib
0x00000001ac334000 	/System/Library/PrivateFrameworks/LinguisticData.framework/Versions/A/LinguisticData
0x00000001a3763000 	/System/Library/PrivateFrameworks/Lexicon.framework/Versions/A/Lexicon
0x00000001ae066000 	/usr/lib/libChineseTokenizer.dylib
0x00000001a3f0a000 	/System/Library/PrivateFrameworks/LanguageModeling.framework/Versions/A/LanguageModeling
0x00000001ad963000 	/System/Library/PrivateFrameworks/AppleSauce.framework/Versions/A/AppleSauce
0x00000001ac9ce000 	/System/Library/PrivateFrameworks/CoreEmoji.framework/Versions/A/CoreEmoji
0x00000001ad851000 	/usr/lib/libcmph.dylib
0x00000001aa0d0000 	/System/Library/Frameworks/OpenDirectory.framework/Versions/A/Frameworks/CFOpenDirectory.framework/Versions/A/CFOpenDirectory
0x00000001aa0c0000 	/System/Library/Frameworks/OpenDirectory.framework/Versions/A/OpenDirectory
0x00000001adfc2000 	/System/Library/PrivateFrameworks/APFS.framework/Versions/A/APFS
0x00000001accf6000 	/System/Library/Frameworks/SecurityFoundation.framework/Versions/A/SecurityFoundation
0x00000001ae038000 	/usr/lib/libutil.dylib
0x00000001a5648000 	/System/Library/PrivateFrameworks/CoreServicesStore.framework/Versions/A/CoreServicesStore
0x00000001ae03c000 	/usr/lib/libxslt.1.dylib
0x00000001acd8a000 	/System/Library/PrivateFrameworks/BackgroundTaskManagement.framework/Versions/A/BackgroundTaskManagement
0x00000001af2d4000 	/System/Library/Frameworks/ImageIO.framework/Versions/A/Resources/libRadiance.dylib
0x00000001af2dd000 	/System/Library/Frameworks/ImageIO.framework/Versions/A/Resources/libJPEG.dylib
0x00000001af230000 	/System/Library/Frameworks/ImageIO.framework/Versions/A/Resources/libPng.dylib
0x00000001af252000 	/System/Library/Frameworks/ImageIO.framework/Versions/A/Resources/libTIFF.dylib
0x00000001af338000 	/System/Library/Frameworks/ImageIO.framework/Versions/A/Resources/libGIF.dylib
0x00000001aec6c000 	/System/Library/Frameworks/ImageIO.framework/Versions/A/Resources/libJP2.dylib
0x00000001ae38e000 	/usr/lib/libexpat.1.dylib
0x00000001aec27000 	/System/Library/PrivateFrameworks/AppleJPEG.framework/Versions/A/AppleJPEG
0x00000001ab749000 	/System/Library/PrivateFrameworks/FontServices.framework/libFontParser.dylib
0x00000001a93c7000 	/System/Library/PrivateFrameworks/RunningBoardServices.framework/Versions/A/RunningBoardServices
0x00000001b9c45000 	/System/Library/PrivateFrameworks/IOSurfaceAccelerator.framework/Versions/A/IOSurfaceAccelerator
0x00000001aed58000 	/System/Library/PrivateFrameworks/WatchdogClient.framework/Versions/A/WatchdogClient
0x00000001a400e000 	/System/Library/Frameworks/CoreDisplay.framework/Versions/A/CoreDisplay
0x00000001ab633000 	/System/Library/Frameworks/CoreMedia.framework/Versions/A/CoreMedia
0x00000001ab4c0000 	/System/Library/PrivateFrameworks/IOAccelerator.framework/Versions/A/IOAccelerator
0x00000001aa260000 	/System/Library/Frameworks/CoreVideo.framework/Versions/A/CoreVideo
0x00000001ad9b3000 	/System/Library/Frameworks/MetalPerformanceShaders.framework/Versions/A/MetalPerformanceShaders
0x00000001aed97000 	/System/Library/Frameworks/VideoToolbox.framework/Versions/A/VideoToolbox
0x00000001a930b000 	/System/Library/PrivateFrameworks/BaseBoard.framework/Versions/A/BaseBoard
0x00000001a9099000 	/System/Library/PrivateFrameworks/ProtocolBuffer.framework/Versions/A/ProtocolBuffer
0x00000001af2cf000 	/System/Library/PrivateFrameworks/GPUWrangler.framework/Versions/A/GPUWrangler
0x00000001af2af000 	/System/Library/PrivateFrameworks/IOPresentment.framework/Versions/A/IOPresentment
0x00000001af2d7000 	/System/Library/PrivateFrameworks/DSExternalDisplay.framework/Versions/A/DSExternalDisplay
0x000000020407e000 	/System/Library/Frameworks/OpenGL.framework/Versions/A/Libraries/libCoreFSCache.dylib
0x000000020e53d000 	/System/Library/PrivateFrameworks/GPUCompiler.framework/Versions/31001/Libraries/libGPUCompilerUtils.dylib
0x00000001af33d000 	/System/Library/PrivateFrameworks/CMCaptureCore.framework/Versions/A/CMCaptureCore
0x00000001ae93f000 	/System/Library/PrivateFrameworks/AppServerSupport.framework/Versions/A/AppServerSupport
0x00000001b0bc0000 	/System/Library/PrivateFrameworks/perfdata.framework/Versions/A/perfdata
0x00000001a412e000 	/System/Library/PrivateFrameworks/AudioToolboxCore.framework/Versions/A/AudioToolboxCore
0x00000001ab60c000 	/System/Library/PrivateFrameworks/caulk.framework/Versions/A/caulk
0x00000001b04b5000 	/usr/lib/libAudioStatistics.dylib
0x00000001c240a000 	/System/Library/PrivateFrameworks/SystemPolicy.framework/Versions/A/SystemPolicy
0x00000001b0721000 	/usr/lib/libSMC.dylib
0x00000001b9454000 	/System/Library/Frameworks/CoreMIDI.framework/Versions/A/CoreMIDI
0x00000001af1fe000 	/usr/lib/libAudioToolboxUtility.dylib
0x00000001be4d7000 	/System/Library/PrivateFrameworks/OSAServicesClient.framework/Versions/A/OSAServicesClient
0x00000001b0bcd000 	/usr/lib/libperfcheck.dylib
0x00000001c2f22000 	/usr/lib/libmis.dylib
0x00000002040e0000 	/System/Library/Frameworks/OpenGL.framework/Versions/A/Libraries/libGLU.dylib
0x000000020409f000 	/System/Library/Frameworks/OpenGL.framework/Versions/A/Libraries/libGFXShared.dylib
0x000000020428c000 	/System/Library/Frameworks/OpenGL.framework/Versions/A/Libraries/libGL.dylib
0x00000002040a8000 	/System/Library/Frameworks/OpenGL.framework/Versions/A/Libraries/libGLImage.dylib
0x000000020409c000 	/System/Library/Frameworks/OpenGL.framework/Versions/A/Libraries/libCVMSPluginSupport.dylib
0x0000000204085000 	/System/Library/Frameworks/OpenGL.framework/Versions/A/Libraries/libCoreVMClient.dylib
0x00000001ac1bd000 	/System/Library/Frameworks/MetalPerformanceShaders.framework/Versions/A/Frameworks/MPSCore.framework/Versions/A/MPSCore
0x00000001ad365000 	/System/Library/Frameworks/MetalPerformanceShaders.framework/Versions/A/Frameworks/MPSImage.framework/Versions/A/MPSImage
0x00000001ace54000 	/System/Library/Frameworks/MetalPerformanceShaders.framework/Versions/A/Frameworks/MPSNeuralNetwork.framework/Versions/A/MPSNeuralNetwork
0x00000001ad28d000 	/System/Library/Frameworks/MetalPerformanceShaders.framework/Versions/A/Frameworks/MPSMatrix.framework/Versions/A/MPSMatrix
0x00000001ad066000 	/System/Library/Frameworks/MetalPerformanceShaders.framework/Versions/A/Frameworks/MPSRayIntersector.framework/Versions/A/MPSRayIntersector
0x00000001ad2be000 	/System/Library/Frameworks/MetalPerformanceShaders.framework/Versions/A/Frameworks/MPSNDArray.framework/Versions/A/MPSNDArray
0x00000002061f7000 	/System/Library/Frameworks/MetalPerformanceShaders.framework/Versions/A/Frameworks/MPSFunctions.framework/Versions/A/MPSFunctions
0x00000001a33c4000 	/System/Library/PrivateFrameworks/MetalTools.framework/Versions/A/MetalTools
0x00000001ac23b000 	/System/Library/PrivateFrameworks/AggregateDictionary.framework/Versions/A/AggregateDictionary
0x00000001ae173000 	/usr/lib/libIOReport.dylib
0x00000001b8472000 	/System/Library/PrivateFrameworks/ASEProcessing.framework/Versions/A/ASEProcessing
0x00000001ae4e8000 	/System/Library/PrivateFrameworks/FaceCore.framework/Versions/A/FaceCore
0x00000001ae4da000 	/System/Library/PrivateFrameworks/GraphVisualizer.framework/Versions/A/GraphVisualizer
0x000000020e454000 	/System/Library/PrivateFrameworks/FontServices.framework/Versions/A/FontServices
0x00000001ae8fb000 	/System/Library/PrivateFrameworks/OTSVG.framework/Versions/A/OTSVG
0x00000001a9e2a000 	/System/Library/Frameworks/ApplicationServices.framework/Versions/A/Frameworks/ATS.framework/Versions/A/Resources/libFontRegistry.dylib
0x00000001ae948000 	/System/Library/PrivateFrameworks/FontServices.framework/libhvf.dylib
0x000000020e455000 	/System/Library/PrivateFrameworks/FontServices.framework/libXTFontStaticRegistryData.dylib
0x000000020442d000 	/System/Library/Frameworks/OpenCL.framework/Versions/A/OpenCL
0x00000001ae342000 	/System/Library/PrivateFrameworks/AppleVA.framework/Versions/A/AppleVA
0x00000001b04dd000 	/System/Library/Frameworks/ApplicationServices.framework/Versions/A/Frameworks/ATS.framework/Versions/A/ATS
0x00000001a8857000 	/System/Library/Frameworks/ApplicationServices.framework/Versions/A/Frameworks/HIServices.framework/Versions/A/HIServices
0x00000001af347000 	/System/Library/Frameworks/ApplicationServices.framework/Versions/A/Frameworks/PrintCore.framework/Versions/A/PrintCore
0x00000001b0874000 	/System/Library/Frameworks/ApplicationServices.framework/Versions/A/Frameworks/QD.framework/Versions/A/QD
0x00000001b086c000 	/System/Library/Frameworks/ApplicationServices.framework/Versions/A/Frameworks/ColorSyncLegacy.framework/Versions/A/ColorSyncLegacy
0x00000001b04c9000 	/System/Library/Frameworks/ApplicationServices.framework/Versions/A/Frameworks/SpeechSynthesis.framework/Versions/A/SpeechSynthesis
0x00000001af308000 	/System/Library/Frameworks/ApplicationServices.framework/Versions/A/Frameworks/ATSUI.framework/Versions/A/ATSUI
0x00000001b0801000 	/usr/lib/libcups.2.dylib
0x00000001b0bdb000 	/System/Library/Frameworks/Kerberos.framework/Versions/A/Kerberos
0x00000001b0bec000 	/System/Library/Frameworks/GSS.framework/Versions/A/GSS
0x00000001b054d000 	/usr/lib/libresolv.9.dylib
0x00000001ae957000 	/System/Library/PrivateFrameworks/Heimdal.framework/Versions/A/Heimdal
0x00000001b76a7000 	/System/Library/Frameworks/Kerberos.framework/Versions/A/Libraries/libHeimdalProxy.dylib
0x00000001a94a5000 	/System/Library/Frameworks/Network.framework/Versions/A/Network
0x00000001ae3a9000 	/usr/lib/libheimdal-asn1.dylib
0x00000001b0c3c000 	/System/Library/PrivateFrameworks/CommonAuth.framework/Versions/A/CommonAuth
0x00000001b0443000 	/System/Library/PrivateFrameworks/AudioSession.framework/Versions/A/AudioSession
0x00000001ae43b000 	/System/Library/PrivateFrameworks/MediaExperience.framework/Versions/A/MediaExperience
0x00000001b02c9000 	/System/Library/PrivateFrameworks/AudioSession.framework/libSessionUtility.dylib
0x00000001b0880000 	/System/Library/PrivateFrameworks/AudioResourceArbitration.framework/Versions/A/AudioResourceArbitration
0x00000001b4a36000 	/System/Library/PrivateFrameworks/PowerLog.framework/Versions/A/PowerLog
0x00000001ae3b3000 	/System/Library/PrivateFrameworks/IconFoundation.framework/Versions/A/IconFoundation
0x00000001b377f000 	/System/Library/PrivateFrameworks/SpeechRecognitionCore.framework/Versions/A/SpeechRecognitionCore
0x00000001032dc000 	/Users/youssefgeorge/Library/Java/JavaVirtualMachines/openjdk-17.0.2/Contents/Home/lib/server/libjvm.dylib
0x00000001023e8000 	/Users/youssefgeorge/Library/Java/JavaVirtualMachines/openjdk-17.0.2/Contents/Home/lib/libjimage.dylib
0x0000000102414000 	/Users/youssefgeorge/Library/Java/JavaVirtualMachines/openjdk-17.0.2/Contents/Home/lib/libinstrument.dylib
0x0000000102460000 	/Users/youssefgeorge/Library/Java/JavaVirtualMachines/openjdk-17.0.2/Contents/Home/lib/libjava.dylib
0x00000001024d4000 	/Users/youssefgeorge/Library/Java/JavaVirtualMachines/openjdk-17.0.2/Contents/Home/lib/libnio.dylib
0x00000001027d8000 	/Users/youssefgeorge/Library/Java/JavaVirtualMachines/openjdk-17.0.2/Contents/Home/lib/libnet.dylib
0x0000000102448000 	/Users/youssefgeorge/Library/Java/JavaVirtualMachines/openjdk-17.0.2/Contents/Home/lib/libzip.dylib
0x0000000103068000 	/Users/youssefgeorge/Library/Java/JavaVirtualMachines/openjdk-17.0.2/Contents/Home/lib/libextnet.dylib
0x000000010307c000 	/Users/youssefgeorge/.openjfx/cache/17.0.1/libprism_es2.dylib
0x00000001a560b000 	/System/Library/PrivateFrameworks/CoreServicesInternal.framework/Versions/A/CoreServicesInternal
0x0000000204296000 	/System/Library/Frameworks/OpenGL.framework/Versions/A/Resources/GLEngine.bundle/GLEngine
0x000000020411e000 	/System/Library/Frameworks/OpenGL.framework/Versions/A/Libraries/libGLProgrammability.dylib
0x000000010c708000 	/System/Library/Extensions/AppleMetalOpenGLRenderer.bundle/Contents/MacOS/AppleMetalOpenGLRenderer
0x0000000204405000 	/System/Library/Frameworks/OpenGL.framework/Versions/A/Resources/GLRendererFloat.bundle/GLRendererFloat
0x0000000204505000 	/System/Library/Extensions/AGXMetal13_3.bundle/Contents/MacOS/AGXMetal13_3
0x00000001c2f3e000 	/System/Library/PrivateFrameworks/GPURawCounter.framework/Versions/A/GPURawCounter
0x00000001bd648000 	/System/Library/PrivateFrameworks/IOGPU.framework/Versions/A/IOGPU
0x000000010c6a0000 	/Users/youssefgeorge/.openjfx/cache/17.0.1/libglass.dylib
0x00000001b4c8e000 	/System/Library/Frameworks/FileProvider.framework/Versions/A/FileProvider
0x00000001a9273000 	/System/Library/Frameworks/Accounts.framework/Versions/A/Accounts
0x00000001b4e12000 	/System/Library/PrivateFrameworks/GenerationalStorage.framework/Versions/A/GenerationalStorage
0x00000001b59d5000 	/System/Library/PrivateFrameworks/CoreSymbolication.framework/Versions/A/CoreSymbolication
0x00000001b4a2a000 	/System/Library/PrivateFrameworks/SymptomDiagnosticReporter.framework/Versions/A/SymptomDiagnosticReporter
0x00000001a68fb000 	/System/Library/PrivateFrameworks/DesktopServicesPriv.framework/Versions/A/DesktopServicesPriv
0x00000001a576d000 	/usr/lib/libsandbox.1.dylib
0x00000001aa2ee000 	/System/Library/PrivateFrameworks/UserManagement.framework/Versions/A/UserManagement
0x00000001b5992000 	/System/Library/PrivateFrameworks/DebugSymbols.framework/Versions/A/DebugSymbols
0x00000001b085f000 	/System/Library/PrivateFrameworks/NetAuth.framework/Versions/A/NetAuth
0x00000001b177d000 	/System/Library/PrivateFrameworks/Sharing.framework/Versions/A/Sharing
0x00000001aa2be000 	/System/Library/PrivateFrameworks/login.framework/Versions/A/Frameworks/loginsupport.framework/Versions/A/loginsupport
0x00000001b6bc7000 	/System/Library/PrivateFrameworks/Apple80211.framework/Versions/A/Apple80211
0x00000001ad449000 	/System/Library/PrivateFrameworks/AuthKit.framework/Versions/A/AuthKit
0x00000001acaca000 	/System/Library/PrivateFrameworks/CoreUtils.framework/Versions/A/CoreUtils
0x00000001ac9ed000 	/System/Library/Frameworks/CoreWLAN.framework/Versions/A/CoreWLAN
0x00000001b18ed000 	/System/Library/Frameworks/IOBluetooth.framework/Versions/A/IOBluetooth
0x00000001b6c27000 	/System/Library/PrivateFrameworks/CoreWiFi.framework/Versions/A/CoreWiFi
0x00000001b5572000 	/System/Library/PrivateFrameworks/FrontBoardServices.framework/Versions/A/FrontBoardServices
0x00000001b560a000 	/System/Library/PrivateFrameworks/BoardServices.framework/Versions/A/BoardServices
0x00000001acce4000 	/System/Library/PrivateFrameworks/AssertionServices.framework/Versions/A/AssertionServices
0x00000001b6da4000 	/System/Library/PrivateFrameworks/BackBoardServices.framework/Versions/A/BackBoardServices
0x00000001b0cd3000 	/System/Library/PrivateFrameworks/CorePhoneNumbers.framework/Versions/A/CorePhoneNumbers
0x00000001b4b5a000 	/System/Library/PrivateFrameworks/DiskManagement.framework/Versions/A/DiskManagement
0x00000001b4a5d000 	/System/Library/PrivateFrameworks/AppleIDAuthSupport.framework/Versions/A/AppleIDAuthSupport
0x0000000208a1e000 	/System/Library/PrivateFrameworks/AAAFoundation.framework/Versions/A/AAAFoundation
0x00000001b0cb2000 	/System/Library/PrivateFrameworks/KeychainCircle.framework/Versions/A/KeychainCircle
0x00000001b4b26000 	/System/Library/PrivateFrameworks/MediaKit.framework/Versions/A/MediaKit
0x00000001b4a6a000 	/System/Library/Frameworks/DiscRecording.framework/Versions/A/DiscRecording
0x00000001ae2be000 	/usr/lib/libCoreStorage.dylib
0x00000001b70a1000 	/usr/lib/libcsfde.dylib
0x00000001b19c2000 	/System/Library/PrivateFrameworks/ProtectedCloudStorage.framework/Versions/A/ProtectedCloudStorage
0x00000001b7099000 	/System/Library/PrivateFrameworks/EFILogin.framework/Versions/A/EFILogin
0x00000001b4e39000 	/System/Library/PrivateFrameworks/OctagonTrust.framework/Versions/A/OctagonTrust
0x000000020d5ef000 	/System/Library/PrivateFrameworks/CoreUtilsExtras.framework/Versions/A/CoreUtilsExtras
0x00000001b498f000 	/System/Library/Frameworks/CoreBluetooth.framework/Versions/A/CoreBluetooth
0x00000001b772c000 	/System/Library/Frameworks/AudioUnit.framework/Versions/A/AudioUnit
0x00000001ae2b6000 	/usr/lib/libMatch.1.dylib
0x00000001c73ea000 	/System/Library/Frameworks/Accelerate.framework/Versions/A/Frameworks/vImage.framework/Versions/A/Libraries/libCGInterfaces.dylib
0x000000010d7ec000 	/usr/lib/libobjc-trampolines.dylib
0x00000001a9fb8000 	/System/Library/PrivateFrameworks/ViewBridge.framework/Versions/A/ViewBridge
0x00000001aea1a000 	/System/Library/PrivateFrameworks/login.framework/Versions/A/login
0x000000011ffdc000 	/Users/youssefgeorge/.openjfx/cache/17.0.1/libjavafx_font.dylib
0x00000001c2cd9000 	/System/Library/PrivateFrameworks/HIDAnalytics.framework/Versions/A/HIDAnalytics
0x00000002090d1000 	/System/Library/PrivateFrameworks/AccessibilityBundles.framework/Versions/A/AccessibilityBundles
0x0000000221b35000 	/usr/lib/libRosetta.dylib


VM Arguments:
jvm_args: -ea --add-exports=javafx.graphics/com.sun.javafx.application=ALL-UNNAMED -Didea.test.cyclic.buffer.size=1048576 -javaagent:/Applications/IntelliJ IDEA.app/Contents/lib/idea_rt.jar=62059:/Applications/IntelliJ IDEA.app/Contents/bin --patch-module=com.example.cse338project=/Volumes/D/Uni/Semester 6/CSE338 SW Testing VV/Project/CSE338Project/target/test-classes --add-reads=com.example.cse338project=ALL-UNNAMED --add-opens=com.example.cse338project/GUI=ALL-UNNAMED --add-modules=com.example.cse338project -Dfile.encoding=UTF-8 --module-path=/Users/youssefgeorge/.m2/repository/org/openjfx/javafx-controls/17.0.1/javafx-controls-17.0.1-mac-aarch64.jar:/Users/youssefgeorge/.m2/repository/org/openjfx/javafx-graphics/17.0.1/javafx-graphics-17.0.1-mac-aarch64.jar:/Users/youssefgeorge/.m2/repository/com/fasterxml/jackson/core/jackson-annotations/2.13.3/jackson-annotations-2.13.3.jar:/Users/youssefgeorge/.m2/repository/com/fasterxml/jackson/core/jackson-core/2.13.3/jackson-core-2.13.3.jar:/Users/youssefgeorge/.m2/repository/org/openjfx/javafx-fxml/17.0.1/javafx-fxml-17.0.1-mac-aarch64.jar:/Volumes/D/Uni/Semester 6/CSE338 SW Testing VV/Project/CSE338Project/target/classes:/Users/youssefgeorge/.m2/repository/org/json/json/20090211/json-20090211.jar:/Users/youssefgeorge/.m2/repository/org/openjfx/javafx-base/17.0.1/javafx-base-17.0.1-mac-aarch64.jar:/Users/youssefgeorge/.m2/repository/org/jsoup/jsoup/1.15.1/jsoup-1.15.1.jar:/Users/youssefgeorge/.m2/repository/com/fasterxml/jackson/core/jackson-databind/2.13.3/jackson-databind-2.13.3.jar 
java_command: com.intellij.rt.junit.JUnitStarter -ideVersion5 -junit5 GUI.RankTableUefGuiTesting
java_class_path (initial): /Users/youssefgeorge/.m2/repository/org/junit/platform/junit-platform-launcher/1.8.2/junit-platform-launcher-1.8.2.jar:/Applications/IntelliJ IDEA.app/Contents/lib/idea_rt.jar:/Applications/IntelliJ IDEA.app/Contents/plugins/junit/lib/junit5-rt.jar:/Applications/IntelliJ IDEA.app/Contents/plugins/junit/lib/junit-rt.jar:/Volumes/D/Uni/Semester 6/CSE338 SW Testing VV/Project/CSE338Project/target/test-classes:/Users/youssefgeorge/.m2/repository/com/fasterxml/jackson/dataformat/jackson-dataformat-yaml/2.5.3/jackson-dataformat-yaml-2.5.3.jar:/Users/youssefgeorge/.m2/repository/com/fasterxml/jackson/core/jackson-core/2.5.3/jackson-core-2.5.3.jar:/Users/youssefgeorge/.m2/repository/com/fasterxml/jackson/core/jackson-databind/2.5.3/jackson-databind-2.5.3.jar:/Users/youssefgeorge/.m2/repository/com/fasterxml/jackson/core/jackson-annotations/2.5.0/jackson-annotations-2.5.0.jar:/Users/youssefgeorge/.m2/repository/org/yaml/snakeyaml/1.12/snakeyaml-1.12.jar:/Users/youssefgeorge/.m2/repository/org/openjfx/javafx-controls/17.0.1/javafx-controls-17.0.1.jar:/Users/youssefgeorge/.m2/repository/org/openjfx/javafx-graphics/17.0.1/javafx-graphics-17.0.1.jar:/Users/youssefgeorge/.m2/repository/org/openjfx/javafx-base/17.0.1/javafx-base-17.0.1.jar:/Users/youssefgeorge/.m2/repository/org/openjfx/javafx-fxml/17.0.1/javafx-fxml-17.0.1.jar:/Users/youssefgeorge/.m2/repository/org/junit/jupiter/junit-jupiter-api/5.8.2/junit-jupiter-api-5.8.2.jar:/Users/youssefgeorge/.m2/repository/org/opentest4j/opentest4j/1.2.0/opentest4j-1.2.0.jar:/Users/youssefgeorge/.m2/repository/org/junit/platform/junit-platform-commons/1.8.2/junit-platform-commons-1.8.2.jar:/Users/youssefgeorge/.m2/repository/org/apiguardian/apiguardian-api/1.1.2/apiguardian-api-1.1.2.jar:/Users/youssefgeorge/.m2/repository/org/junit/jupiter/junit-jupiter-engine/5.8.2/junit-jupiter-engine-5.8.2.jar:/Users/youssefgeorge/.m2/repository/org/junit/platform/junit-platform-engine/1.8.2/junit-platform-engine-1.8.2.j
Launcher Type: SUN_STANDARD

[Global flags]
     intx CICompilerCount                          = 4                                         {product} {ergonomic}
     uint ConcGCThreads                            = 2                                         {product} {ergonomic}
     uint G1ConcRefinementThreads                  = 8                                         {product} {ergonomic}
   size_t G1HeapRegionSize                         = 1048576                                   {product} {ergonomic}
    uintx GCDrainStackTargetSize                   = 64                                        {product} {ergonomic}
   size_t InitialHeapSize                          = 134217728                                 {product} {ergonomic}
   size_t MarkStackSize                            = 4194304                                   {product} {ergonomic}
   size_t MaxHeapSize                              = 2147483648                                {product} {ergonomic}
   size_t MaxNewSize                               = 1287651328                                {product} {ergonomic}
   size_t MinHeapDeltaBytes                        = 1048576                                   {product} {ergonomic}
   size_t MinHeapSize                              = 8388608                                   {product} {ergonomic}
    uintx NonNMethodCodeHeapSize                   = 5839564                                {pd product} {ergonomic}
    uintx NonProfiledCodeHeapSize                  = 122909338                              {pd product} {ergonomic}
    uintx ProfiledCodeHeapSize                     = 122909338                              {pd product} {ergonomic}
    uintx ReservedCodeCacheSize                    = 251658240                              {pd product} {ergonomic}
     bool SegmentedCodeCache                       = true                                      {product} {ergonomic}
   size_t SoftMaxHeapSize                          = 2147483648                             {manageable} {ergonomic}
     bool UseCompressedClassPointers               = true                           {product lp64_product} {ergonomic}
     bool UseCompressedOops                        = true                           {product lp64_product} {ergonomic}
     bool UseG1GC                                  = true                                      {product} {ergonomic}
     bool UseNUMA                                  = false                                     {product} {ergonomic}
     bool UseNUMAInterleaving                      = false                                     {product} {ergonomic}

Logging:
Log output configuration:
 #0: stdout all=warning uptime,level,tags
 #1: stderr all=off uptime,level,tags

Environment Variables:
PATH=/opt/homebrew/bin:/usr/local/bin:/usr/bin:/bin:/usr/sbin:/sbin
SHELL=/bin/zsh
LC_CTYPE=en_US.UTF-8

Signal Handlers:
   SIGSEGV: crash_handler in libjvm.dylib, mask=11100110000111110111111111111111, flags=SA_RESTART|SA_SIGINFO
    SIGBUS: crash_handler in libjvm.dylib, mask=11100110000111110111111111111111, flags=SA_RESTART|SA_SIGINFO
    SIGFPE: crash_handler in libjvm.dylib, mask=11100110000111110111111111111111, flags=SA_RESTART|SA_SIGINFO
   SIGPIPE: javaSignalHandler in libjvm.dylib, mask=11100110000111110111111111111111, flags=SA_RESTART|SA_SIGINFO
   SIGXFSZ: javaSignalHandler in libjvm.dylib, mask=11100110000111110111111111111111, flags=SA_RESTART|SA_SIGINFO
    SIGILL: crash_handler in libjvm.dylib, mask=11100110000111110111111111111111, flags=SA_RESTART|SA_SIGINFO
   SIGUSR2: SR_handler in libjvm.dylib, mask=00100000000000000000000000000000, flags=SA_RESTART|SA_SIGINFO
    SIGHUP: UserHandler in libjvm.dylib, mask=11100110000111110111111111111111, flags=SA_RESTART|SA_SIGINFO
    SIGINT: UserHandler in libjvm.dylib, mask=11100110000111110111111111111111, flags=SA_RESTART|SA_SIGINFO
   SIGTERM: UserHandler in libjvm.dylib, mask=11100110000111110111111111111111, flags=SA_RESTART|SA_SIGINFO
   SIGQUIT: UserHandler in libjvm.dylib, mask=11100110000111110111111111111111, flags=SA_RESTART|SA_SIGINFO
   SIGTRAP: crash_handler in libjvm.dylib, mask=11100110000111110111111111111111, flags=SA_RESTART|SA_SIGINFO


---------------  S Y S T E M  ---------------

OS:
uname: Darwin 21.4.0 Darwin Kernel Version 21.4.0: Mon Feb 21 20:36:53 PST 2022; root:xnu-8020.101.4~2/RELEASE_ARM64_T8101 arm64
OS uptime: 5 days 7:34 hours
rlimit (soft/hard): STACK 8176k/65520k , CORE 0k/infinity , NPROC 1333/2000 , NOFILE 10240/infinity , AS infinity/infinity , CPU infinity/infinity , DATA infinity/infinity , FSIZE infinity/infinity , MEMLOCK infinity/infinity , RSS infinity/infinity
load average: 1.63 2.31 2.19

CPU: total 8 (initial active 8) 0x61:0x0:0x1b588bb3:0, fp, simd, crc, lse

Memory: 16k page, physical 8388608k(150992k free), swap 4194304k(612096k free)

vm_info: OpenJDK 64-Bit Server VM (17.0.2+8-86) for bsd-aarch64 JRE (17.0.2+8-86), built on Dec  7 2021 21:45:06 by "mach5one" with clang Apple LLVM 12.0.0 (clang-1200.0.32.29)

END.
