#
# A fatal error has been detected by the Java Runtime Environment:
#
#  SIGBUS (0xa) at pc=0x000000010b8654f0, pid=2527, tid=30979
#
# JRE version: OpenJDK Runtime Environment (17.0.2+8) (build 17.0.2+8-86)
# Java VM: OpenJDK 64-Bit Server VM (17.0.2+8-86, mixed mode, tiered, compressed oops, compressed class ptrs, g1 gc, bsd-aarch64)
# Problematic frame:
# v  ~StubRoutines::SafeFetchN
#
# No core dump will be written. Core dumps have been disabled. To enable core dumping, try "ulimit -c unlimited" before starting Java again
#
# If you would like to submit a bug report, please visit:
#   https://bugreport.java.com/bugreport/crash.jsp
# The crash happened outside the Java Virtual Machine in native code.
# See problematic frame for where to report the bug.
#

---------------  S U M M A R Y ------------

Command Line: -ea -Didea.test.cyclic.buffer.size=1048576 -javaagent:/Applications/IntelliJ IDEA.app/Contents/lib/idea_rt.jar=49474:/Applications/IntelliJ IDEA.app/Contents/bin --patch-module=com.example.cse338project=/Volumes/D/Uni/Semester 6/CSE338 SW Testing VV/Project/CSE338Project/target/test-classes --add-reads=com.example.cse338project=ALL-UNNAMED --add-opens=com.example.cse338project/Unit=ALL-UNNAMED --add-modules=com.example.cse338project -Dfile.encoding=UTF-8 --module-path=/Users/youssefgeorge/.m2/repository/org/openjfx/javafx-controls/17.0.1/javafx-controls-17.0.1-mac-aarch64.jar:/Users/youssefgeorge/.m2/repository/com/fasterxml/jackson/core/jackson-databind/2.13.3/jackson-databind-2.13.3.jar:/Users/youssefgeorge/.m2/repository/org/json/json/20090211/json-20090211.jar:/Users/youssefgeorge/.m2/repository/com/fasterxml/jackson/core/jackson-annotations/2.13.3/jackson-annotations-2.13.3.jar:/Users/youssefgeorge/.m2/repository/com/fasterxml/jackson/core/jackson-core/2.13.3/jackson-core-2.13.3.jar:/Users/youssefgeorge/.m2/repository/org/openjfx/javafx-base/17.0.1/javafx-base-17.0.1-mac-aarch64.jar:/Users/youssefgeorge/.m2/repository/org/openjfx/javafx-fxml/17.0.1/javafx-fxml-17.0.1-mac-aarch64.jar:/Users/youssefgeorge/.m2/repository/org/jsoup/jsoup/1.15.1/jsoup-1.15.1.jar:/Users/youssefgeorge/.m2/repository/org/openjfx/javafx-graphics/17.0.1/javafx-graphics-17.0.1-mac-aarch64.jar:/Volumes/D/Uni/Semester 6/CSE338 SW Testing VV/Project/CSE338Project/target/classes com.intellij.rt.junit.JUnitStarter -ideVersion5 -junit5 Unit.UefScrappingUnitTest$GetCountriesTests

Host: "MacBookPro17,1" arm64 1 MHz, 8 cores, 8G, Darwin 21.4.0, macOS 12.3 (21E230)
Time: Sun May 29 05:07:55 2022 EET elapsed time: 1.726528 seconds (0d 0h 0m 1s)

---------------  T H R E A D  ---------------

Current thread (0x0000000121b80c00):  JavaThread "InvokeLaterDispatcher" daemon [_thread_in_native, id=30979, stack(0x00000001716d8000,0x00000001718db000)]

Stack: [0x00000001716d8000,0x00000001718db000],  sp=0x00000001718da780,  free space=2057k
Native frames: (J=compiled Java code, j=interpreted, Vv=VM code, C=native code)
v  ~StubRoutines::SafeFetchN
V  [libjvm.dylib+0x7a6bcc]  _ZN10OopStorage7releaseEPKP7oopDesc+0x20
V  [libjvm.dylib+0x4ba824]  jni_DeleteGlobalRef+0xd8
C  [libglass.dylib+0xab08]  -[GlassRunnable dealloc]+0x34
C  [Foundation+0x85618]  -[_NSThreadPerformInfo dealloc]+0x30
C  [Foundation+0x5198c]  -[NSObject(NSThreadPerformAdditions) performSelectorOnMainThread:withObject:waitUntilDone:]+0x88
C  0x654900010b86d8ac
j  com.sun.glass.ui.mac.MacApplication.submitForLaterInvocation(Ljava/lang/Runnable;)V+2 javafx.graphics
j  com.sun.glass.ui.InvokeLaterDispatcher.run()V+82 javafx.graphics
v  ~StubRoutines::call_stub
V  [libjvm.dylib+0x461d08]  _ZN9JavaCalls11call_helperEP9JavaValueRK12methodHandleP17JavaCallArgumentsP10JavaThread+0x38c
V  [libjvm.dylib+0x460d24]  _ZN9JavaCalls12call_virtualEP9JavaValueP5KlassP6SymbolS5_P17JavaCallArgumentsP10JavaThread+0x11c
V  [libjvm.dylib+0x460df0]  _ZN9JavaCalls12call_virtualEP9JavaValue6HandleP5KlassP6SymbolS6_P10JavaThread+0x64
V  [libjvm.dylib+0x515f04]  _ZL12thread_entryP10JavaThreadS0_+0xc4
V  [libjvm.dylib+0x9071ac]  _ZN10JavaThread17thread_main_innerEv+0x13c
V  [libjvm.dylib+0x9058c0]  _ZN6Thread8call_runEv+0x128
V  [libjvm.dylib+0x7ad7c8]  _ZL19thread_native_entryP6Thread+0x158
C  [libsystem_pthread.dylib+0x726c]  _pthread_start+0x94

Java frames: (J=compiled Java code, j=interpreted, Vv=VM code)
j  com.sun.glass.ui.mac.MacApplication._submitForLaterInvocation(Ljava/lang/Runnable;)V+0 javafx.graphics
j  com.sun.glass.ui.mac.MacApplication.submitForLaterInvocation(Ljava/lang/Runnable;)V+2 javafx.graphics
j  com.sun.glass.ui.InvokeLaterDispatcher.run()V+82 javafx.graphics
v  ~StubRoutines::call_stub

siginfo: si_signo: 10 (SIGBUS), si_code: 1 (BUS_ADRALN), si_addr: 0x000000010b8654f0

Register to memory mapping:

 x0=0x0000000132f0abc8 points into unknown readable memory: 0x0000000000000000 | 00 00 00 00 00 00 00 00
 x1=0x0 is NULL
 x2=0x00000007479b35d0 is an oop: com.sun.glass.ui.InvokeLaterDispatcher$Future 
{0x00000007479b35d0} - klass: 'com/sun/glass/ui/InvokeLaterDispatcher$Future'
 - ---- fields (total size 3 words):
 - private 'done' 'Z' @12  true
 - private final 'runnable' 'Ljava/lang/Runnable;' @16  a 'com/sun/javafx/application/PlatformImpl$$Lambda$465+0x00000003001d8880'{0x0000000747276ae8} (e8e4ed5d)
 - final synthetic 'this$0' 'Lcom/sun/glass/ui/InvokeLaterDispatcher;' @20  a 'com/sun/glass/ui/InvokeLaterDispatcher'{0x0000000747979ec0} (e8f2f3d8)
 x3=0x0 is NULL
 x4=0x00000000000130a8 is an unknown value
 x5=0x0 is NULL
 x6=0x0 is NULL
 x7=0x0 is NULL
 x8=0x000000010b8654ec is at begin+0 in a stub
StubRoutines::SafeFetchN [0x000000010b8654ec, 0x000000010b8654f8] (12 bytes)
 x9=0x0 is NULL
x10=0x2010000030300000 is an unknown value
x11=0x0000000000000007 is an unknown value
x12=0x0000000000000004 is an unknown value
x13=0x00006000018d6e10 points into unknown readable memory: 0xe6290001a2a67c40 | 40 7c a6 a2 01 00 29 e6
x14=0x00000d0000000000 is an unknown value
x15=0x00000001229c1f98: OBJC_CLASS_$_GlassRunnable+0 in /Users/youssefgeorge/.openjfx/cache/17.0.1/libglass.dylib at 0x000000012297c000
x16=0x00000001a2bd10fc: pthread_getspecific+0 in /usr/lib/system/libsystem_pthread.dylib at 0x00000001a2bcf000
x17=0x00006000012c9ec0 points into unknown readable memory: 0xfffffffffffffffe | fe ff ff ff ff ff ff ff
x18=0x0 is NULL
x19=0x0000600001df0070 points into unknown readable memory: 0x00006000034dd150 | 50 d1 4d 03 00 60 00 00
x20=0x0000000132f0a9c0 points into unknown readable memory: 0x0000000000000000 | 00 00 00 00 00 00 00 00
x21=0x0000000132f0abc8 points into unknown readable memory: 0x0000000000000000 | 00 00 00 00 00 00 00 00
x22=0x0000000121b80c00 is a thread
x23=0x0000000000000001 is an unknown value
x24=0x0000000132f0ab80 is a global jni handle
x25=0x0000000103d255e8: _ZN12StubRoutines17_safefetchN_entryE+0 in /Users/youssefgeorge/Library/Java/JavaVirtualMachines/openjdk-17.0.2/Contents/Home/lib/server/libjvm.dylib at 0x0000000103174000
x26=0x000000012663dc30 is pointing into metadata
x27=0x0 is NULL
x28=0x0000000121b80c00 is a thread


Registers:
 x0=0x0000000132f0abc8  x1=0x0000000000000000  x2=0x00000007479b35d0  x3=0x0000000000000000
 x4=0x00000000000130a8  x5=0x0000000000000000  x6=0x0000000000000000  x7=0x0000000000000000
 x8=0x000000010b8654ec  x9=0x0000000000000000 x10=0x2010000030300000 x11=0x0000000000000007
x12=0x0000000000000004 x13=0x00006000018d6e10 x14=0x00000d0000000000 x15=0x00000001229c1f98
x16=0x00000001a2bd10fc x17=0x00006000012c9ec0 x18=0x0000000000000000 x19=0x0000600001df0070
x20=0x0000000132f0a9c0 x21=0x0000000132f0abc8 x22=0x0000000121b80c00 x23=0x0000000000000001
x24=0x0000000132f0ab80 x25=0x0000000103d255e8 x26=0x000000012663dc30 x27=0x0000000000000000
x28=0x0000000121b80c00  fp=0x00000001718da7c0  lr=0x000000010391999c  sp=0x00000001718da780
pc=0x000000010b8654f0 cpsr=0x0000000060001000
Top of Stack: (sp=0x00000001718da780)
0x00000001718da780:   000000012663dc30 0000000000000001
0x00000001718da790:   00000001718da988 0000000000000000
0x00000001718da7a0:   0000000121b814a8 0000000132f0abb8
0x00000001718da7b0:   0000000132f0abb8 0000600001df0070
0x00000001718da7c0:   00000001718da800 000000010391abcc
0x00000001718da7d0:   0000000000000001 0000000132f0abb8
0x00000001718da7e0:   0000000121b814a8 0000000132f0abb8
0x00000001718da7f0:   0000000000000001 0000000121b81200
0x00000001718da800:   00000001718da840 000000010362e824
0x00000001718da810:   00000001718da988 00006000035a4fd0
0x00000001718da820:   00006000035a4fc0 00000001ecc95be0
0x00000001718da830:   0000000000000000 00006000035a4fc0
0x00000001718da840:   00000001718da870 0000000122986b08
0x00000001718da850:   d4faa0386f4c00aa 0000000000000000
0x00000001718da860:   0000000000000000 0000600002376080
0x00000001718da870:   00000001718da8b0 00000001a3b9e618
0x00000001718da880:   00000001718da988 00006000035a4fd0
0x00000001718da890:   00006000035a4fc0 d4faa0386f4c00aa
0x00000001718da8a0:   0000000000000000 0000000000000000
0x00000001718da8b0:   00000001718da8f0 a8220001a3b6a98c
0x00000001718da8c0:   00000001718da988 000000010b86c7c0
0x00000001718da8d0:   0000000000000000 0000000103d2cfa8
0x00000001718da8e0:   00000001718da900 000000010b86b730
0x00000001718da8f0:   00000001718da960 654900010b86d8ac
0x00000001718da900:   00000001718da900 0000000120da1535
0x00000001718da910:   00000001718da910 0000000000000000
0x00000001718da920:   00000001718da988 000000012663dc30
0x00000001718da930:   0000000747afed78 0000000000000000
0x00000001718da940:   0000000000000000 000000012661b368
0x00000001718da950:   0000000000000000 00000001718da960
0x00000001718da960:   00000001718da9e0 000000010b869fc8
0x00000001718da970:   0000000000000000 0000000000000000 

Instructions: (pc=0x000000010b8654f0)
0x000000010b8653f0:   f2a079e9 f2c00029 6d425935 1e640886
0x000000010b865400:   0c402d31 1e6408c7 1f5654d0 1e6c1017
0x000000010b865410:   1f5050d0 1f504cd0 1f5048d0 1e650af6
0x000000010b865420:   1f50d8f6 1f5694d6 1f5158f6 1e762880
0x000000010b865430:   36000501 1e614000 14000026 2e251ca5
0x000000010b865440:   d2843009 f2a079e9 f2c00029 6d425d36
0x000000010b865450:   1e600806 0c402d32 1f5758c7 1e6c101a
0x000000010b865460:   1f4754c7 1e650805 1f4750c7 d2866668
0x000000010b865470:   f2a7fa68 1f474cc7 1e6608c0 1f4748c7
0x000000010b865480:   1e6e1019 eb08007f 540000ac 1f479400
0x000000010b865490:   1f460340 1e603b20 1400000e d2a7fd29
0x000000010b8654a0:   eb09007f 540000ac 51480069 d3607d29
0x000000010b8654b0:   9e670121 14000002 1e6a5001 1f679417
0x000000010b8654c0:   1f668742 1e613b23 1e773857 1e773860
0x000000010b8654d0:   a8c17ff3 910003bf a8c17bfd d65f03c0
0x000000010b8654e0:   b9400001 aa0103e0 d65f03c0 f9400001
0x000000010b8654f0:   aa0103e0 d65f03c0 00000000 00000000
0x000000010b865500:   00000000 00000000 00000000 00000000
0x000000010b865510:   00000000 00000000 00000000 00000000
0x000000010b865520:   00000000 00000000 00000000 00000000
0x000000010b865530:   00000000 00000000 00000000 00000000
0x000000010b865540:   00000000 00000000 00000000 00000000
0x000000010b865550:   00000000 00000000 00000000 00000000
0x000000010b865560:   00000000 00000000 00000000 00000000
0x000000010b865570:   00000000 00000000 00000000 00000000
0x000000010b865580:   00000000 00000000 00000000 00000000
0x000000010b865590:   00000000 00000000 00000000 00000000
0x000000010b8655a0:   00000000 00000000 00000000 00000000
0x000000010b8655b0:   00000000 00000000 00000000 00000000
0x000000010b8655c0:   00000000 00000000 00000000 00000000
0x000000010b8655d0:   00000000 00000000 00000000 00000000
0x000000010b8655e0:   00000000 00000000 00000000 00000000 


Stack slot to memory mapping:
stack at sp + 0 slots: 0x000000012663dc30 is pointing into metadata
stack at sp + 1 slots: 0x0000000000000001 is an unknown value
stack at sp + 2 slots: 0x00000001718da988 is pointing into the stack for thread: 0x0000000121b80c00
stack at sp + 3 slots: 0x0 is NULL
stack at sp + 4 slots: 0x0000000121b814a8 points into unknown readable memory: 0x0000000103ce2738 | 38 27 ce 03 01 00 00 00
stack at sp + 5 slots: 0x0000000132f0abb8 is a global jni handle
stack at sp + 6 slots: 0x0000000132f0abb8 is a global jni handle
stack at sp + 7 slots: 0x0000600001df0070 points into unknown readable memory: 0x00006000034dd150 | 50 d1 4d 03 00 60 00 00

StubRoutines::SafeFetchN [0x000000010b8654ec, 0x000000010b8654f8] (12 bytes)
[MachCode]
  0x000000010b8654ec: 0100 40f9 | e003 01aa | c003 5fd6 
[/MachCode]

---------------  P R O C E S S  ---------------

Threads class SMR info:
_java_thread_list=0x0000600003678000, length=19, elements={
0x000000013380ba00, 0x0000000133084400, 0x0000000133086c00, 0x0000000121811000,
0x0000000133088800, 0x0000000133088e00, 0x0000000133089400, 0x0000000133084a00,
0x0000000133085000, 0x0000000135057000, 0x000000013383d600, 0x000000013383dc00,
0x00000001338c9c00, 0x00000001350d0600, 0x0000000133952200, 0x0000000121b80c00,
0x0000000121b81200, 0x000000013392be00, 0x000000013512da00
}

Java Threads: ( => current thread )
  0x000000013380ba00 JavaThread "main" [_thread_in_vm, id=5891, stack(0x000000016de7c000,0x000000016e07f000)]
  0x0000000133084400 JavaThread "Reference Handler" daemon [_thread_blocked, id=16387, stack(0x000000016ecd0000,0x000000016eed3000)]
  0x0000000133086c00 JavaThread "Finalizer" daemon [_thread_blocked, id=16643, stack(0x000000016eedc000,0x000000016f0df000)]
  0x0000000121811000 JavaThread "Signal Dispatcher" daemon [_thread_blocked, id=42243, stack(0x000000016f200000,0x000000016f403000)]
  0x0000000133088800 JavaThread "Service Thread" daemon [_thread_blocked, id=41731, stack(0x000000016f40c000,0x000000016f60f000)]
  0x0000000133088e00 JavaThread "Monitor Deflation Thread" daemon [_thread_blocked, id=41219, stack(0x000000016f618000,0x000000016f81b000)]
  0x0000000133089400 JavaThread "C2 CompilerThread0" daemon [_thread_blocked, id=40963, stack(0x000000016f824000,0x000000016fa27000)]
  0x0000000133084a00 JavaThread "C1 CompilerThread0" daemon [_thread_in_vm, id=40707, stack(0x000000016fa30000,0x000000016fc33000)]
  0x0000000133085000 JavaThread "Sweeper thread" daemon [_thread_blocked, id=23299, stack(0x000000016fc3c000,0x000000016fe3f000)]
  0x0000000135057000 JavaThread "Common-Cleaner" daemon [_thread_blocked, id=40195, stack(0x000000016fe48000,0x000000017004b000)]
  0x000000013383d600 JavaThread "Monitor Ctrl-Break" daemon [_thread_in_native, id=39939, stack(0x0000000170054000,0x0000000170257000)]
  0x000000013383dc00 JavaThread "Notification Thread" daemon [_thread_blocked, id=39427, stack(0x0000000170260000,0x0000000170463000)]
  0x00000001338c9c00 JavaThread "testfx-async-pool-thread-1" daemon [_thread_blocked, id=25347, stack(0x00000001710b4000,0x00000001712b7000)]
  0x00000001350d0600 JavaThread "JavaFX-Launcher" daemon [_thread_blocked, id=25603, stack(0x00000001712c0000,0x00000001714c3000)]
  0x0000000133952200 JavaThread "QuantumRenderer-0" daemon [_thread_blocked, id=36867, stack(0x00000001714cc000,0x00000001716cf000)]
=>0x0000000121b80c00 JavaThread "InvokeLaterDispatcher" daemon [_thread_in_native, id=30979, stack(0x00000001716d8000,0x00000001718db000)]
  0x0000000121b81200 JavaThread "JavaFX Application Thread" [_thread_in_vm, id=259, stack(0x000000016d5f4000,0x000000016ddf0000)]
  0x000000013392be00 JavaThread "Attach Listener" daemon [_thread_blocked, id=78867, stack(0x0000000171b7c000,0x0000000171d7f000)]
  0x000000013512da00 JavaThread "testfx-async-pool-thread-2" daemon [_thread_blocked, id=70919, stack(0x0000000171d88000,0x0000000171f8b000)]

Other Threads:
  0x0000000132e07af0 VMThread "VM Thread" [stack: 0x000000016eac4000,0x000000016ecc7000] [id=15875]
  0x0000000120a0d2c0 WatcherThread [stack: 0x000000017046c000,0x000000017066f000] [id=38915]
  0x0000000132e06340 GCTaskThread "GC Thread#0" [stack: 0x000000016e088000,0x000000016e28b000] [id=12803]
  0x0000000120b07080 GCTaskThread "GC Thread#1" [stack: 0x0000000170678000,0x000000017087b000] [id=38403]
  0x0000000132f2f960 GCTaskThread "GC Thread#2" [stack: 0x0000000170884000,0x0000000170a87000] [id=24067]
  0x0000000134013f50 GCTaskThread "GC Thread#3" [stack: 0x0000000170a90000,0x0000000170c93000] [id=24579]
  0x0000000120909320 GCTaskThread "GC Thread#4" [stack: 0x0000000170c9c000,0x0000000170e9f000] [id=37891]
  0x0000000122e0c3a0 GCTaskThread "GC Thread#5" [stack: 0x0000000170ea8000,0x00000001710ab000] [id=25091]
  0x0000000132e069f0 ConcurrentGCThread "G1 Main Marker" [stack: 0x000000016e294000,0x000000016e497000] [id=13315]
  0x0000000132f05530 ConcurrentGCThread "G1 Conc#0" [stack: 0x000000016e4a0000,0x000000016e6a3000] [id=13571]
  0x0000000132f074e0 ConcurrentGCThread "G1 Refine#0" [stack: 0x000000016e6ac000,0x000000016e8af000] [id=14083]
  0x0000000132f07d80 ConcurrentGCThread "G1 Service" [stack: 0x000000016e8b8000,0x000000016eabb000] [id=19203]

Threads with active compile tasks:

VM state: not at safepoint (normal execution)

VM Mutex/Monitor currently owned by a thread: None

Heap address: 0x0000000740000000, size: 2048 MB, Compressed Oops mode: Zero based, Oop shift amount: 3

CDS archive(s) not mapped
Compressed class space mapped at: 0x0000000300000000-0x0000000340000000, reserved size: 1073741824
Narrow klass base: 0x0000000000000000, Narrow klass shift: 3, Narrow klass range: 0x340000000

GC Precious Log:
 CPUs: 8 total, 8 available
 Memory: 8192M
 Large Page Support: Disabled
 NUMA Support: Disabled
 Compressed Oops: Enabled (Zero based)
 Heap Region Size: 1M
 Heap Min Capacity: 8M
 Heap Initial Capacity: 128M
 Heap Max Capacity: 2G
 Pre-touch: Disabled
 Parallel Workers: 8
 Concurrent Workers: 2
 Concurrent Refinement Workers: 8
 Periodic GC: Disabled

Heap:
 garbage-first heap   total 131072K, used 16287K [0x0000000740000000, 0x00000007c0000000)
  region size 1024K, 17 young (17408K), 3 survivors (3072K)
 Metaspace       used 17307K, committed 17536K, reserved 1064960K
  class space    used 1964K, committed 2048K, reserved 1048576K

Heap Regions: E=young(eden), S=young(survivor), O=old, HS=humongous(starts), HC=humongous(continues), CS=collection set, F=free, OA=open archive, CA=closed archive, TAMS=top-at-mark-start (previous, next)
|   0|0x0000000740000000, 0x00000007400e7e00, 0x0000000740100000| 90%| O|  |TAMS 0x0000000740000000, 0x0000000740000000| Untracked 
|   1|0x0000000740100000, 0x0000000740100000, 0x0000000740200000|  0%| F|  |TAMS 0x0000000740100000, 0x0000000740100000| Untracked 
|   2|0x0000000740200000, 0x0000000740200000, 0x0000000740300000|  0%| F|  |TAMS 0x0000000740200000, 0x0000000740200000| Untracked 
|   3|0x0000000740300000, 0x0000000740300000, 0x0000000740400000|  0%| F|  |TAMS 0x0000000740300000, 0x0000000740300000| Untracked 
|   4|0x0000000740400000, 0x0000000740400000, 0x0000000740500000|  0%| F|  |TAMS 0x0000000740400000, 0x0000000740400000| Untracked 
|   5|0x0000000740500000, 0x0000000740500000, 0x0000000740600000|  0%| F|  |TAMS 0x0000000740500000, 0x0000000740500000| Untracked 
|   6|0x0000000740600000, 0x0000000740600000, 0x0000000740700000|  0%| F|  |TAMS 0x0000000740600000, 0x0000000740600000| Untracked 
|   7|0x0000000740700000, 0x0000000740700000, 0x0000000740800000|  0%| F|  |TAMS 0x0000000740700000, 0x0000000740700000| Untracked 
|   8|0x0000000740800000, 0x0000000740800000, 0x0000000740900000|  0%| F|  |TAMS 0x0000000740800000, 0x0000000740800000| Untracked 
|   9|0x0000000740900000, 0x0000000740900000, 0x0000000740a00000|  0%| F|  |TAMS 0x0000000740900000, 0x0000000740900000| Untracked 
|  10|0x0000000740a00000, 0x0000000740a00000, 0x0000000740b00000|  0%| F|  |TAMS 0x0000000740a00000, 0x0000000740a00000| Untracked 
|  11|0x0000000740b00000, 0x0000000740b00000, 0x0000000740c00000|  0%| F|  |TAMS 0x0000000740b00000, 0x0000000740b00000| Untracked 
|  12|0x0000000740c00000, 0x0000000740c00000, 0x0000000740d00000|  0%| F|  |TAMS 0x0000000740c00000, 0x0000000740c00000| Untracked 
|  13|0x0000000740d00000, 0x0000000740d00000, 0x0000000740e00000|  0%| F|  |TAMS 0x0000000740d00000, 0x0000000740d00000| Untracked 
|  14|0x0000000740e00000, 0x0000000740e00000, 0x0000000740f00000|  0%| F|  |TAMS 0x0000000740e00000, 0x0000000740e00000| Untracked 
|  15|0x0000000740f00000, 0x0000000740f00000, 0x0000000741000000|  0%| F|  |TAMS 0x0000000740f00000, 0x0000000740f00000| Untracked 
|  16|0x0000000741000000, 0x0000000741000000, 0x0000000741100000|  0%| F|  |TAMS 0x0000000741000000, 0x0000000741000000| Untracked 
|  17|0x0000000741100000, 0x0000000741100000, 0x0000000741200000|  0%| F|  |TAMS 0x0000000741100000, 0x0000000741100000| Untracked 
|  18|0x0000000741200000, 0x0000000741200000, 0x0000000741300000|  0%| F|  |TAMS 0x0000000741200000, 0x0000000741200000| Untracked 
|  19|0x0000000741300000, 0x0000000741300000, 0x0000000741400000|  0%| F|  |TAMS 0x0000000741300000, 0x0000000741300000| Untracked 
|  20|0x0000000741400000, 0x0000000741400000, 0x0000000741500000|  0%| F|  |TAMS 0x0000000741400000, 0x0000000741400000| Untracked 
|  21|0x0000000741500000, 0x0000000741500000, 0x0000000741600000|  0%| F|  |TAMS 0x0000000741500000, 0x0000000741500000| Untracked 
|  22|0x0000000741600000, 0x0000000741600000, 0x0000000741700000|  0%| F|  |TAMS 0x0000000741600000, 0x0000000741600000| Untracked 
|  23|0x0000000741700000, 0x0000000741700000, 0x0000000741800000|  0%| F|  |TAMS 0x0000000741700000, 0x0000000741700000| Untracked 
|  24|0x0000000741800000, 0x0000000741800000, 0x0000000741900000|  0%| F|  |TAMS 0x0000000741800000, 0x0000000741800000| Untracked 
|  25|0x0000000741900000, 0x0000000741900000, 0x0000000741a00000|  0%| F|  |TAMS 0x0000000741900000, 0x0000000741900000| Untracked 
|  26|0x0000000741a00000, 0x0000000741a00000, 0x0000000741b00000|  0%| F|  |TAMS 0x0000000741a00000, 0x0000000741a00000| Untracked 
|  27|0x0000000741b00000, 0x0000000741b00000, 0x0000000741c00000|  0%| F|  |TAMS 0x0000000741b00000, 0x0000000741b00000| Untracked 
|  28|0x0000000741c00000, 0x0000000741c00000, 0x0000000741d00000|  0%| F|  |TAMS 0x0000000741c00000, 0x0000000741c00000| Untracked 
|  29|0x0000000741d00000, 0x0000000741d00000, 0x0000000741e00000|  0%| F|  |TAMS 0x0000000741d00000, 0x0000000741d00000| Untracked 
|  30|0x0000000741e00000, 0x0000000741e00000, 0x0000000741f00000|  0%| F|  |TAMS 0x0000000741e00000, 0x0000000741e00000| Untracked 
|  31|0x0000000741f00000, 0x0000000741f00000, 0x0000000742000000|  0%| F|  |TAMS 0x0000000741f00000, 0x0000000741f00000| Untracked 
|  32|0x0000000742000000, 0x0000000742000000, 0x0000000742100000|  0%| F|  |TAMS 0x0000000742000000, 0x0000000742000000| Untracked 
|  33|0x0000000742100000, 0x0000000742100000, 0x0000000742200000|  0%| F|  |TAMS 0x0000000742100000, 0x0000000742100000| Untracked 
|  34|0x0000000742200000, 0x0000000742200000, 0x0000000742300000|  0%| F|  |TAMS 0x0000000742200000, 0x0000000742200000| Untracked 
|  35|0x0000000742300000, 0x0000000742300000, 0x0000000742400000|  0%| F|  |TAMS 0x0000000742300000, 0x0000000742300000| Untracked 
|  36|0x0000000742400000, 0x0000000742400000, 0x0000000742500000|  0%| F|  |TAMS 0x0000000742400000, 0x0000000742400000| Untracked 
|  37|0x0000000742500000, 0x0000000742500000, 0x0000000742600000|  0%| F|  |TAMS 0x0000000742500000, 0x0000000742500000| Untracked 
|  38|0x0000000742600000, 0x0000000742600000, 0x0000000742700000|  0%| F|  |TAMS 0x0000000742600000, 0x0000000742600000| Untracked 
|  39|0x0000000742700000, 0x0000000742700000, 0x0000000742800000|  0%| F|  |TAMS 0x0000000742700000, 0x0000000742700000| Untracked 
|  40|0x0000000742800000, 0x0000000742800000, 0x0000000742900000|  0%| F|  |TAMS 0x0000000742800000, 0x0000000742800000| Untracked 
|  41|0x0000000742900000, 0x0000000742900000, 0x0000000742a00000|  0%| F|  |TAMS 0x0000000742900000, 0x0000000742900000| Untracked 
|  42|0x0000000742a00000, 0x0000000742a00000, 0x0000000742b00000|  0%| F|  |TAMS 0x0000000742a00000, 0x0000000742a00000| Untracked 
|  43|0x0000000742b00000, 0x0000000742b00000, 0x0000000742c00000|  0%| F|  |TAMS 0x0000000742b00000, 0x0000000742b00000| Untracked 
|  44|0x0000000742c00000, 0x0000000742c00000, 0x0000000742d00000|  0%| F|  |TAMS 0x0000000742c00000, 0x0000000742c00000| Untracked 
|  45|0x0000000742d00000, 0x0000000742d00000, 0x0000000742e00000|  0%| F|  |TAMS 0x0000000742d00000, 0x0000000742d00000| Untracked 
|  46|0x0000000742e00000, 0x0000000742e00000, 0x0000000742f00000|  0%| F|  |TAMS 0x0000000742e00000, 0x0000000742e00000| Untracked 
|  47|0x0000000742f00000, 0x0000000742f00000, 0x0000000743000000|  0%| F|  |TAMS 0x0000000742f00000, 0x0000000742f00000| Untracked 
|  48|0x0000000743000000, 0x0000000743000000, 0x0000000743100000|  0%| F|  |TAMS 0x0000000743000000, 0x0000000743000000| Untracked 
|  49|0x0000000743100000, 0x0000000743100000, 0x0000000743200000|  0%| F|  |TAMS 0x0000000743100000, 0x0000000743100000| Untracked 
|  50|0x0000000743200000, 0x0000000743200000, 0x0000000743300000|  0%| F|  |TAMS 0x0000000743200000, 0x0000000743200000| Untracked 
|  51|0x0000000743300000, 0x0000000743300000, 0x0000000743400000|  0%| F|  |TAMS 0x0000000743300000, 0x0000000743300000| Untracked 
|  52|0x0000000743400000, 0x0000000743400000, 0x0000000743500000|  0%| F|  |TAMS 0x0000000743400000, 0x0000000743400000| Untracked 
|  53|0x0000000743500000, 0x0000000743500000, 0x0000000743600000|  0%| F|  |TAMS 0x0000000743500000, 0x0000000743500000| Untracked 
|  54|0x0000000743600000, 0x0000000743600000, 0x0000000743700000|  0%| F|  |TAMS 0x0000000743600000, 0x0000000743600000| Untracked 
|  55|0x0000000743700000, 0x0000000743700000, 0x0000000743800000|  0%| F|  |TAMS 0x0000000743700000, 0x0000000743700000| Untracked 
|  56|0x0000000743800000, 0x0000000743800000, 0x0000000743900000|  0%| F|  |TAMS 0x0000000743800000, 0x0000000743800000| Untracked 
|  57|0x0000000743900000, 0x0000000743900000, 0x0000000743a00000|  0%| F|  |TAMS 0x0000000743900000, 0x0000000743900000| Untracked 
|  58|0x0000000743a00000, 0x0000000743a00000, 0x0000000743b00000|  0%| F|  |TAMS 0x0000000743a00000, 0x0000000743a00000| Untracked 
|  59|0x0000000743b00000, 0x0000000743b00000, 0x0000000743c00000|  0%| F|  |TAMS 0x0000000743b00000, 0x0000000743b00000| Untracked 
|  60|0x0000000743c00000, 0x0000000743c00000, 0x0000000743d00000|  0%| F|  |TAMS 0x0000000743c00000, 0x0000000743c00000| Untracked 
|  61|0x0000000743d00000, 0x0000000743d00000, 0x0000000743e00000|  0%| F|  |TAMS 0x0000000743d00000, 0x0000000743d00000| Untracked 
|  62|0x0000000743e00000, 0x0000000743e00000, 0x0000000743f00000|  0%| F|  |TAMS 0x0000000743e00000, 0x0000000743e00000| Untracked 
|  63|0x0000000743f00000, 0x0000000743f00000, 0x0000000744000000|  0%| F|  |TAMS 0x0000000743f00000, 0x0000000743f00000| Untracked 
|  64|0x0000000744000000, 0x0000000744000000, 0x0000000744100000|  0%| F|  |TAMS 0x0000000744000000, 0x0000000744000000| Untracked 
|  65|0x0000000744100000, 0x0000000744100000, 0x0000000744200000|  0%| F|  |TAMS 0x0000000744100000, 0x0000000744100000| Untracked 
|  66|0x0000000744200000, 0x0000000744200000, 0x0000000744300000|  0%| F|  |TAMS 0x0000000744200000, 0x0000000744200000| Untracked 
|  67|0x0000000744300000, 0x0000000744300000, 0x0000000744400000|  0%| F|  |TAMS 0x0000000744300000, 0x0000000744300000| Untracked 
|  68|0x0000000744400000, 0x0000000744400000, 0x0000000744500000|  0%| F|  |TAMS 0x0000000744400000, 0x0000000744400000| Untracked 
|  69|0x0000000744500000, 0x0000000744500000, 0x0000000744600000|  0%| F|  |TAMS 0x0000000744500000, 0x0000000744500000| Untracked 
|  70|0x0000000744600000, 0x0000000744600000, 0x0000000744700000|  0%| F|  |TAMS 0x0000000744600000, 0x0000000744600000| Untracked 
|  71|0x0000000744700000, 0x0000000744700000, 0x0000000744800000|  0%| F|  |TAMS 0x0000000744700000, 0x0000000744700000| Untracked 
|  72|0x0000000744800000, 0x0000000744800000, 0x0000000744900000|  0%| F|  |TAMS 0x0000000744800000, 0x0000000744800000| Untracked 
|  73|0x0000000744900000, 0x0000000744900000, 0x0000000744a00000|  0%| F|  |TAMS 0x0000000744900000, 0x0000000744900000| Untracked 
|  74|0x0000000744a00000, 0x0000000744a00000, 0x0000000744b00000|  0%| F|  |TAMS 0x0000000744a00000, 0x0000000744a00000| Untracked 
|  75|0x0000000744b00000, 0x0000000744b00000, 0x0000000744c00000|  0%| F|  |TAMS 0x0000000744b00000, 0x0000000744b00000| Untracked 
|  76|0x0000000744c00000, 0x0000000744c00000, 0x0000000744d00000|  0%| F|  |TAMS 0x0000000744c00000, 0x0000000744c00000| Untracked 
|  77|0x0000000744d00000, 0x0000000744d00000, 0x0000000744e00000|  0%| F|  |TAMS 0x0000000744d00000, 0x0000000744d00000| Untracked 
|  78|0x0000000744e00000, 0x0000000744e00000, 0x0000000744f00000|  0%| F|  |TAMS 0x0000000744e00000, 0x0000000744e00000| Untracked 
|  79|0x0000000744f00000, 0x0000000744f00000, 0x0000000745000000|  0%| F|  |TAMS 0x0000000744f00000, 0x0000000744f00000| Untracked 
|  80|0x0000000745000000, 0x0000000745000000, 0x0000000745100000|  0%| F|  |TAMS 0x0000000745000000, 0x0000000745000000| Untracked 
|  81|0x0000000745100000, 0x0000000745100000, 0x0000000745200000|  0%| F|  |TAMS 0x0000000745100000, 0x0000000745100000| Untracked 
|  82|0x0000000745200000, 0x0000000745200000, 0x0000000745300000|  0%| F|  |TAMS 0x0000000745200000, 0x0000000745200000| Untracked 
|  83|0x0000000745300000, 0x0000000745300000, 0x0000000745400000|  0%| F|  |TAMS 0x0000000745300000, 0x0000000745300000| Untracked 
|  84|0x0000000745400000, 0x0000000745400000, 0x0000000745500000|  0%| F|  |TAMS 0x0000000745400000, 0x0000000745400000| Untracked 
|  85|0x0000000745500000, 0x0000000745500000, 0x0000000745600000|  0%| F|  |TAMS 0x0000000745500000, 0x0000000745500000| Untracked 
|  86|0x0000000745600000, 0x0000000745600000, 0x0000000745700000|  0%| F|  |TAMS 0x0000000745600000, 0x0000000745600000| Untracked 
|  87|0x0000000745700000, 0x0000000745700000, 0x0000000745800000|  0%| F|  |TAMS 0x0000000745700000, 0x0000000745700000| Untracked 
|  88|0x0000000745800000, 0x0000000745800000, 0x0000000745900000|  0%| F|  |TAMS 0x0000000745800000, 0x0000000745800000| Untracked 
|  89|0x0000000745900000, 0x0000000745900000, 0x0000000745a00000|  0%| F|  |TAMS 0x0000000745900000, 0x0000000745900000| Untracked 
|  90|0x0000000745a00000, 0x0000000745a00000, 0x0000000745b00000|  0%| F|  |TAMS 0x0000000745a00000, 0x0000000745a00000| Untracked 
|  91|0x0000000745b00000, 0x0000000745b00000, 0x0000000745c00000|  0%| F|  |TAMS 0x0000000745b00000, 0x0000000745b00000| Untracked 
|  92|0x0000000745c00000, 0x0000000745c00000, 0x0000000745d00000|  0%| F|  |TAMS 0x0000000745c00000, 0x0000000745c00000| Untracked 
|  93|0x0000000745d00000, 0x0000000745d00000, 0x0000000745e00000|  0%| F|  |TAMS 0x0000000745d00000, 0x0000000745d00000| Untracked 
|  94|0x0000000745e00000, 0x0000000745e00000, 0x0000000745f00000|  0%| F|  |TAMS 0x0000000745e00000, 0x0000000745e00000| Untracked 
|  95|0x0000000745f00000, 0x0000000745f00000, 0x0000000746000000|  0%| F|  |TAMS 0x0000000745f00000, 0x0000000745f00000| Untracked 
|  96|0x0000000746000000, 0x0000000746000000, 0x0000000746100000|  0%| F|  |TAMS 0x0000000746000000, 0x0000000746000000| Untracked 
|  97|0x0000000746100000, 0x0000000746100000, 0x0000000746200000|  0%| F|  |TAMS 0x0000000746100000, 0x0000000746100000| Untracked 
|  98|0x0000000746200000, 0x0000000746200000, 0x0000000746300000|  0%| F|  |TAMS 0x0000000746200000, 0x0000000746200000| Untracked 
|  99|0x0000000746300000, 0x0000000746300000, 0x0000000746400000|  0%| F|  |TAMS 0x0000000746300000, 0x0000000746300000| Untracked 
| 100|0x0000000746400000, 0x0000000746400000, 0x0000000746500000|  0%| F|  |TAMS 0x0000000746400000, 0x0000000746400000| Untracked 
| 101|0x0000000746500000, 0x0000000746500000, 0x0000000746600000|  0%| F|  |TAMS 0x0000000746500000, 0x0000000746500000| Untracked 
| 102|0x0000000746600000, 0x0000000746700000, 0x0000000746700000|100%| S|CS|TAMS 0x0000000746600000, 0x0000000746600000| Complete 
| 103|0x0000000746700000, 0x0000000746800000, 0x0000000746800000|100%| S|CS|TAMS 0x0000000746700000, 0x0000000746700000| Complete 
| 104|0x0000000746800000, 0x0000000746900000, 0x0000000746900000|100%| S|CS|TAMS 0x0000000746800000, 0x0000000746800000| Complete 
| 105|0x0000000746900000, 0x0000000746900000, 0x0000000746a00000|  0%| F|  |TAMS 0x0000000746900000, 0x0000000746900000| Untracked 
| 106|0x0000000746a00000, 0x0000000746a00000, 0x0000000746b00000|  0%| F|  |TAMS 0x0000000746a00000, 0x0000000746a00000| Untracked 
| 107|0x0000000746b00000, 0x0000000746b00000, 0x0000000746c00000|  0%| F|  |TAMS 0x0000000746b00000, 0x0000000746b00000| Untracked 
| 108|0x0000000746c00000, 0x0000000746c00000, 0x0000000746d00000|  0%| F|  |TAMS 0x0000000746c00000, 0x0000000746c00000| Untracked 
| 109|0x0000000746d00000, 0x0000000746d00000, 0x0000000746e00000|  0%| F|  |TAMS 0x0000000746d00000, 0x0000000746d00000| Untracked 
| 110|0x0000000746e00000, 0x0000000746e00000, 0x0000000746f00000|  0%| F|  |TAMS 0x0000000746e00000, 0x0000000746e00000| Untracked 
| 111|0x0000000746f00000, 0x0000000746f00000, 0x0000000747000000|  0%| F|  |TAMS 0x0000000746f00000, 0x0000000746f00000| Untracked 
| 112|0x0000000747000000, 0x0000000747000000, 0x0000000747100000|  0%| F|  |TAMS 0x0000000747000000, 0x0000000747000000| Untracked 
| 113|0x0000000747100000, 0x0000000747100000, 0x0000000747200000|  0%| F|  |TAMS 0x0000000747100000, 0x0000000747100000| Untracked 
| 114|0x0000000747200000, 0x00000007472b8d00, 0x0000000747300000| 72%| E|  |TAMS 0x0000000747200000, 0x0000000747200000| Complete 
| 115|0x0000000747300000, 0x0000000747400000, 0x0000000747400000|100%| E|CS|TAMS 0x0000000747300000, 0x0000000747300000| Complete 
| 116|0x0000000747400000, 0x0000000747500000, 0x0000000747500000|100%| E|CS|TAMS 0x0000000747400000, 0x0000000747400000| Complete 
| 117|0x0000000747500000, 0x0000000747600000, 0x0000000747600000|100%| E|CS|TAMS 0x0000000747500000, 0x0000000747500000| Complete 
| 118|0x0000000747600000, 0x0000000747700000, 0x0000000747700000|100%| E|CS|TAMS 0x0000000747600000, 0x0000000747600000| Complete 
| 119|0x0000000747700000, 0x0000000747800000, 0x0000000747800000|100%| E|  |TAMS 0x0000000747700000, 0x0000000747700000| Complete 
| 120|0x0000000747800000, 0x0000000747900000, 0x0000000747900000|100%| E|CS|TAMS 0x0000000747800000, 0x0000000747800000| Complete 
| 121|0x0000000747900000, 0x0000000747a00000, 0x0000000747a00000|100%| E|CS|TAMS 0x0000000747900000, 0x0000000747900000| Complete 
| 122|0x0000000747a00000, 0x0000000747b00000, 0x0000000747b00000|100%| E|CS|TAMS 0x0000000747a00000, 0x0000000747a00000| Complete 
| 123|0x0000000747b00000, 0x0000000747c00000, 0x0000000747c00000|100%| E|CS|TAMS 0x0000000747b00000, 0x0000000747b00000| Complete 
| 124|0x0000000747c00000, 0x0000000747d00000, 0x0000000747d00000|100%| E|CS|TAMS 0x0000000747c00000, 0x0000000747c00000| Complete 
| 125|0x0000000747d00000, 0x0000000747e00000, 0x0000000747e00000|100%| E|CS|TAMS 0x0000000747d00000, 0x0000000747d00000| Complete 
| 126|0x0000000747e00000, 0x0000000747f00000, 0x0000000747f00000|100%| E|CS|TAMS 0x0000000747e00000, 0x0000000747e00000| Complete 
| 127|0x0000000747f00000, 0x0000000748000000, 0x0000000748000000|100%| E|CS|TAMS 0x0000000747f00000, 0x0000000747f00000| Complete 

Card table byte_map: [0x0000000102914000,0x0000000102d14000] _byte_map_base: 0x00000000fef14000

Marking Bits (Prev, Next): (CMBitMap*) 0x000000013380e810, (CMBitMap*) 0x000000013380e850
 Prev Bits: [0x000000011a864000, 0x000000011c864000)
 Next Bits: [0x000000011c864000, 0x000000011e864000)

Polling page: 0x0000000102094000

Metaspace:

Usage:
  Non-class:     14.98 MB used.
      Class:      1.92 MB used.
       Both:     16.90 MB used.

Virtual space:
  Non-class space:       16.00 MB reserved,      15.12 MB ( 95%) committed,  2 nodes.
      Class space:        1.00 GB reserved,       2.00 MB ( <1%) committed,  1 nodes.
             Both:        1.02 GB reserved,      17.12 MB (  2%) committed. 

Chunk freelists:
   Non-Class:  928.00 KB
       Class:  2.03 MB
        Both:  2.94 MB

MaxMetaspaceSize: unlimited
CompressedClassSpaceSize: 1.00 GB
Initial GC threshold: 21.00 MB
Current GC threshold: 21.00 MB
CDS: off
MetaspaceReclaimPolicy: balanced
 - commit_granule_bytes: 65536.
 - commit_granule_words: 8192.
 - virtual_space_node_default_size: 1048576.
 - enlarge_chunks_in_place: 1.
 - new_chunks_are_fully_committed: 0.
 - uncommit_free_chunks: 1.
 - use_allocation_guard: 0.
 - handle_deallocations: 1.


Internal statistics:

num_allocs_failed_limit: 0.
num_arena_births: 158.
num_arena_deaths: 0.
num_vsnodes_births: 3.
num_vsnodes_deaths: 0.
num_space_committed: 274.
num_space_uncommitted: 0.
num_chunks_returned_to_freelist: 0.
num_chunks_taken_from_freelist: 464.
num_chunk_merges: 0.
num_chunk_splits: 272.
num_chunks_enlarged: 190.
num_purges: 0.
num_inconsistent_stats: 0.

CodeHeap 'non-profiled nmethods': size=120032Kb used=570Kb max_used=570Kb free=119461Kb
 bounds [0x000000011332c000, 0x000000011359c000, 0x000000011a864000]
CodeHeap 'profiled nmethods': size=120016Kb used=3158Kb max_used=3158Kb free=116857Kb
 bounds [0x000000010bdf8000, 0x000000010c118000, 0x000000011332c000]
CodeHeap 'non-nmethods': size=5712Kb used=1197Kb max_used=1280Kb free=4514Kb
 bounds [0x000000010b864000, 0x000000010bad4000, 0x000000010bdf8000]
 total_blobs=2093 nmethods=1561 adapters=448
 compilation: enabled
              stopped_count=0, restarted_count=0
 full_count=0

Compilation events (20 events):
Event: 1.611 Thread 0x0000000133089400 nmethod 1605 0x00000001133ba590 code [0x00000001133ba700, 0x00000001133ba7a0]
Event: 1.611 Thread 0x0000000133084a00 nmethod 1599 0x000000010c104a90 code [0x000000010c1050c0, 0x000000010c1072d8]
Event: 1.612 Thread 0x0000000133084a00 1603       3       java.util.stream.AbstractPipeline::sourceSpliterator (265 bytes)
Event: 1.612 Thread 0x0000000133084a00 nmethod 1603 0x000000010c108410 code [0x000000010c108700, 0x000000010c1095d8]
Event: 1.612 Thread 0x0000000133084a00 1600       3       org.junit.platform.commons.util.StringUtils::isBlank (20 bytes)
Event: 1.612 Thread 0x0000000133084a00 nmethod 1600 0x000000010c109b10 code [0x000000010c109d40, 0x000000010c10a248]
Event: 1.612 Thread 0x0000000133084a00 1601       3       org.junit.platform.commons.util.Preconditions::notBlank (10 bytes)
Event: 1.612 Thread 0x0000000133084a00 nmethod 1601 0x000000010c10a410 code [0x000000010c10a640, 0x000000010c10ab88]
Event: 1.612 Thread 0x0000000133084a00 1602       3       org.junit.platform.commons.util.StringUtils::isNotBlank (13 bytes)
Event: 1.612 Thread 0x0000000133084a00 nmethod 1602 0x000000010c10ae10 code [0x000000010c10b000, 0x000000010c10b398]
Event: 1.612 Thread 0x0000000133084a00 1604       3       java.lang.Class::getInterfaces (49 bytes)
Event: 1.613 Thread 0x0000000133084a00 nmethod 1604 0x000000010c10b510 code [0x000000010c10b740, 0x000000010c10bd28]
Event: 1.613 Thread 0x0000000133084a00 1597       3       java.nio.charset.Charset::lookup (44 bytes)
Event: 1.613 Thread 0x0000000133084a00 nmethod 1597 0x000000010c10be90 code [0x000000010c10c080, 0x000000010c10c538]
Event: 1.613 Thread 0x0000000133084a00 1598       3       java.nio.charset.Charset::forName (20 bytes)
Event: 1.613 Thread 0x0000000133084a00 nmethod 1598 0x000000010c10c710 code [0x000000010c10c8c0, 0x000000010c10cac8]
Event: 1.688 Thread 0x0000000133084a00 1606       3       java.util.concurrent.Semaphore$NonfairSync::tryAcquireShared (6 bytes)
Event: 1.688 Thread 0x0000000133084a00 nmethod 1606 0x000000010c10cc10 code [0x000000010c10cdc0, 0x000000010c10cf58]
Event: 1.688 Thread 0x0000000133084a00 1607       3       java.util.concurrent.Semaphore$Sync::nonfairTryAcquireShared (27 bytes)
Event: 1.689 Thread 0x0000000133084a00 nmethod 1607 0x000000010c10d010 code [0x000000010c10d1c0, 0x000000010c10d458]

GC Heap History (2 events):
Event: 0.517 GC heap before
{Heap before GC invocations=0 (full 0):
 garbage-first heap   total 131072K, used 22528K [0x0000000740000000, 0x00000007c0000000)
  region size 1024K, 23 young (23552K), 0 survivors (0K)
 Metaspace       used 12862K, committed 13056K, reserved 1064960K
  class space    used 1393K, committed 1472K, reserved 1048576K
}
Event: 0.523 GC heap after
{Heap after GC invocations=1 (full 0):
 garbage-first heap   total 131072K, used 3999K [0x0000000740000000, 0x00000007c0000000)
  region size 1024K, 3 young (3072K), 3 survivors (3072K)
 Metaspace       used 12862K, committed 13056K, reserved 1064960K
  class space    used 1393K, committed 1472K, reserved 1048576K
}

Deoptimization events (20 events):
Event: 0.549 Thread 0x000000013380ba00 Uncommon trap: trap_request=0xffffff45 fr.pc=0x000000011333ea90 relative=0x0000000000000050
Event: 0.549 Thread 0x000000013380ba00 Uncommon trap: reason=unstable_if action=reinterpret pc=0x000000011333ea90 method=java.lang.CharacterData.of(I)Ljava/lang/CharacterData; @ 4 c2
Event: 0.549 Thread 0x000000013380ba00 DEOPT PACKING pc=0x000000011333ea90 sp=0x000000016e07b070
Event: 0.549 Thread 0x000000013380ba00 DEOPT UNPACKING pc=0x000000010b8a2d1c sp=0x000000016e07b010 mode 2
Event: 0.607 Thread 0x0000000133952200 Uncommon trap: trap_request=0xffffff45 fr.pc=0x00000001133445e4 relative=0x0000000000000124
Event: 0.607 Thread 0x0000000133952200 Uncommon trap: reason=unstable_if action=reinterpret pc=0x00000001133445e4 method=java.lang.String.startsWith(Ljava/lang/String;I)Z @ 1 c2
Event: 0.607 Thread 0x0000000133952200 DEOPT PACKING pc=0x00000001133445e4 sp=0x00000001716cd020
Event: 0.607 Thread 0x0000000133952200 DEOPT UNPACKING pc=0x000000010b8a2d1c sp=0x00000001716ccf80 mode 2
Event: 1.131 Thread 0x0000000121b81200 Uncommon trap: trap_request=0xffffff45 fr.pc=0x00000001133a2224 relative=0x0000000000000164
Event: 1.131 Thread 0x0000000121b81200 Uncommon trap: reason=unstable_if action=reinterpret pc=0x00000001133a2224 method=java.lang.invoke.VarHandle.checkExactAccessMode(Ljava/lang/invoke/VarHandle$AccessDescriptor;)V @ 4 c2
Event: 1.131 Thread 0x0000000121b81200 DEOPT PACKING pc=0x00000001133a2224 sp=0x000000016ddeacc0
Event: 1.131 Thread 0x0000000121b81200 DEOPT UNPACKING pc=0x000000010b8a2d1c sp=0x000000016ddeabf0 mode 2
Event: 1.196 Thread 0x000000013392be00 Uncommon trap: trap_request=0xffffff45 fr.pc=0x000000011333b1c4 relative=0x0000000000000104
Event: 1.196 Thread 0x000000013392be00 Uncommon trap: reason=unstable_if action=reinterpret pc=0x000000011333b1c4 method=java.lang.StringLatin1.lastIndexOf([BI[BII)I @ 86 c2
Event: 1.196 Thread 0x000000013392be00 DEOPT PACKING pc=0x000000011333b1c4 sp=0x0000000171d7d8b0
Event: 1.196 Thread 0x000000013392be00 DEOPT UNPACKING pc=0x000000010b8a2d1c sp=0x0000000171d7d810 mode 2
Event: 1.363 Thread 0x000000013380ba00 Uncommon trap: trap_request=0xffffff45 fr.pc=0x000000011338352c relative=0x00000000000000ec
Event: 1.363 Thread 0x000000013380ba00 Uncommon trap: reason=unstable_if action=reinterpret pc=0x000000011338352c method=com.intellij.rt.execution.junit.MapSerializerUtil$1.escape(C)C @ 1 c2
Event: 1.363 Thread 0x000000013380ba00 DEOPT PACKING pc=0x000000011338352c sp=0x000000016e07c2d0
Event: 1.363 Thread 0x000000013380ba00 DEOPT UNPACKING pc=0x000000010b8a2d1c sp=0x000000016e07c270 mode 2

Classes unloaded (0 events):
No events

Classes redefined (0 events):
No events

Internal exceptions (20 events):
Event: 0.415 Thread 0x000000013380ba00 Exception <a 'java/lang/NoSuchMethodError'{0x0000000746e47b88}: 'void java.lang.invoke.DirectMethodHandle$Holder.invokeInterface(java.lang.Object, java.lang.Object, java.lang.Object, java.lang.Object, java.lang.Object)'> (0x0000000746e47b88) 
thrown [open/src/hotspot/share/interpreter/linkResolver.cpp, line 766]
Event: 0.415 Thread 0x000000013380ba00 Exception <a 'java/lang/IncompatibleClassChangeError'{0x0000000746e4b398}: Found class java.lang.Object, but interface was expected> (0x0000000746e4b398) 
thrown [open/src/hotspot/share/interpreter/linkResolver.cpp, line 833]
Event: 0.419 Thread 0x000000013380ba00 Exception <a 'java/lang/IncompatibleClassChangeError'{0x0000000746e78748}: Found class java.lang.Object, but interface was expected> (0x0000000746e78748) 
thrown [open/src/hotspot/share/interpreter/linkResolver.cpp, line 833]
Event: 0.421 Thread 0x000000013380ba00 Exception <a 'java/lang/NoSuchMethodError'{0x0000000746e92390}: 'java.lang.Object java.lang.invoke.DirectMethodHandle$Holder.invokeStatic(java.lang.Object, java.lang.Object, int)'> (0x0000000746e92390) 
thrown [open/src/hotspot/share/interpreter/linkResolver.cpp, line 766]
Event: 0.440 Thread 0x000000013380ba00 Exception <a 'java/lang/NoSuchMethodError'{0x0000000746d33478}: 'void java.lang.invoke.DirectMethodHandle$Holder.invokeInterface(java.lang.Object, java.lang.Object, java.lang.Object, java.lang.Object)'> (0x0000000746d33478) 
thrown [open/src/hotspot/share/interpreter/linkResolver.cpp, line 766]
Event: 0.440 Thread 0x000000013380ba00 Exception <a 'java/lang/IncompatibleClassChangeError'{0x0000000746d36900}: Found class java.lang.Object, but interface was expected> (0x0000000746d36900) 
thrown [open/src/hotspot/share/interpreter/linkResolver.cpp, line 833]
Event: 0.454 Thread 0x000000013380ba00 Exception <a 'java/lang/NoSuchMethodError'{0x0000000746df03e0}: 'int java.lang.invoke.DirectMethodHandle$Holder.invokeStatic(java.lang.Object, java.lang.Object, java.lang.Object, java.lang.Object)'> (0x0000000746df03e0) 
thrown [open/src/hotspot/share/interpreter/linkResolver.cpp, line 766]
Event: 0.455 Thread 0x000000013380ba00 Exception <a 'java/lang/NoSuchMethodError'{0x0000000746df3d60}: 'java.lang.Object java.lang.invoke.Invokers$Holder.invokeExact_MT(java.lang.Object, java.lang.Object, java.lang.Object, java.lang.Object, java.lang.Object, java.lang.Object)'> (0x0000000746df3d60) 
thrown [open/src/hotspot/share/interpreter/linkResolver.cpp, line 766]
Event: 0.456 Thread 0x000000013380ba00 Exception <a 'java/lang/NoSuchMethodError'{0x0000000746c04300}: 'int java.lang.invoke.DirectMethodHandle$Holder.invokeStatic(java.lang.Object, java.lang.Object, java.lang.Object, java.lang.Object, java.lang.Object)'> (0x0000000746c04300) 
thrown [open/src/hotspot/share/interpreter/linkResolver.cpp, line 766]
Event: 0.459 Thread 0x000000013380ba00 Exception <a 'java/lang/NoSuchMethodError'{0x0000000746c47090}: 'void java.lang.invoke.DirectMethodHandle$Holder.invokeStaticInit(java.lang.Object)'> (0x0000000746c47090) 
thrown [open/src/hotspot/share/interpreter/linkResolver.cpp, line 766]
Event: 0.469 Thread 0x000000013380ba00 Exception <a 'java/lang/NoSuchMethodError'{0x0000000746b156c0}: 'int java.lang.invoke.DirectMethodHandle$Holder.invokeStaticInit(java.lang.Object, java.lang.Object)'> (0x0000000746b156c0) 
thrown [open/src/hotspot/share/interpreter/linkResolver.cpp, line 766]
Event: 0.508 Thread 0x000000013380ba00 Exception <a 'java/lang/NoSuchMethodError'{0x00000007469a9cf0}: 'java.lang.Object java.lang.invoke.DirectMethodHandle$Holder.newInvokeSpecial(java.lang.Object, java.lang.Object, java.lang.Object, java.lang.Object, java.lang.Object, java.lang.Object, java.lang.Object)'> (0x00000007469a9cf0) 
thrown [open/src/hotspot/share/interpreter/linkResolver.cpp, line 766]
Event: 0.508 Thread 0x000000013380ba00 Exception <a 'java/lang/NoSuchMethodError'{0x00000007469ae8a8}: 'java.lang.Object java.lang.invoke.Invokers$Holder.linkToTargetMethod(java.lang.Object, java.lang.Object, java.lang.Object, java.lang.Object, java.lang.Object, java.lang.Object, java.lang.Object)'> (0x00000007469ae8a8) 
thrown [open/src/hotspot/share/interpreter/linkResolver.cpp, line 766]
Event: 0.509 Thread 0x000000013380ba00 Exception <a 'java/lang/NoSuchMethodError'{0x00000007469b5040}: 'java.lang.Object java.lang.invoke.DirectMethodHandle$Holder.invokeInterface(java.lang.Object, java.lang.Object, java.lang.Object, java.lang.Object, java.lang.Object)'> (0x00000007469b5040) 
thrown [open/src/hotspot/share/interpreter/linkResolver.cpp, line 766]
Event: 0.509 Thread 0x000000013380ba00 Exception <a 'java/lang/IncompatibleClassChangeError'{0x00000007469b8e38}: Found class java.lang.Object, but interface was expected> (0x00000007469b8e38) 
thrown [open/src/hotspot/share/interpreter/linkResolver.cpp, line 833]
Event: 0.845 Thread 0x00000001350d0600 Exception <a 'java/lang/NoSuchMethodError'{0x0000000747b5bc90}: 'int java.lang.invoke.DirectMethodHandle$Holder.invokeStaticInit(java.lang.Object, java.lang.Object, java.lang.Object)'> (0x0000000747b5bc90) 
thrown [open/src/hotspot/share/interpreter/linkResolver.cpp, line 766]
Event: 1.174 Thread 0x000000013512da00 Exception <a 'java/lang/IllegalAccessError'{0x0000000747470a98}: class org.testfx.toolkit.impl.ToolkitServiceImpl (in unnamed module @0x58a90037) cannot access class com.sun.javafx.application.ParametersImpl (in module javafx.graphics) because module javafx.graphics does not export com.sun.javafx.application to unnamed module @0x58a90037> (0x0000000747470a98) 
thrown [open/src/hotspot/share/interpreter/linkResolver.cpp, line 312]
Event: 1.363 Thread 0x000000013380ba00 Exception <a 'java/lang/NoClassDefFoundError'{0x00000007473dfa60}: junit/framework/ComparisonFailure> (0x00000007473dfa60) 
thrown [open/src/hotspot/share/classfile/systemDictionary.cpp, line 245]
Event: 1.368 Thread 0x000000013512da00 Exception <a 'java/lang/IllegalAccessError'{0x0000000747489d28}: class org.testfx.toolkit.impl.ToolkitServiceImpl (in unnamed module @0x58a90037) cannot access class com.sun.javafx.application.ParametersImpl (in module javafx.graphics) because module javafx.graphics does not export com.sun.javafx.application to unnamed module @0x58a90037> (0x0000000747489d28) 
thrown [open/src/hotspot/share/oops/constantPool.cpp, line 837]
Event: 1.611 Thread 0x000000013512da00 Exception <a 'java/lang/IllegalAccessError'{0x00000007474a1e58}: class org.testfx.toolkit.impl.ToolkitServiceImpl (in unnamed module @0x58a90037) cannot access class com.sun.javafx.application.ParametersImpl (in module javafx.graphics) because module javafx.graphics does not export com.sun.javafx.application to unnamed module @0x58a90037> (0x00000007474a1e58) 
thrown [open/src/hotspot/share/oops/constantPool.cpp, line 837]

VM Operations (20 events):
Event: 0.393 Executing VM operation: ICBufferFull
Event: 0.395 Executing VM operation: ICBufferFull done
Event: 0.434 Executing VM operation: HandshakeAllThreads
Event: 0.434 Executing VM operation: HandshakeAllThreads done
Event: 0.513 Executing VM operation: HandshakeAllThreads
Event: 0.513 Executing VM operation: HandshakeAllThreads done
Event: 0.517 Executing VM operation: G1CollectForAllocation
Event: 0.523 Executing VM operation: G1CollectForAllocation done
Event: 0.549 Executing VM operation: HandshakeAllThreads
Event: 0.549 Executing VM operation: HandshakeAllThreads done
Event: 0.605 Executing VM operation: HandshakeAllThreads
Event: 0.605 Executing VM operation: HandshakeAllThreads done
Event: 1.175 Executing VM operation: ThreadDump
Event: 1.176 Executing VM operation: ThreadDump done
Event: 1.193 Executing VM operation: HandshakeAllThreads
Event: 1.194 Executing VM operation: HandshakeAllThreads done
Event: 1.368 Executing VM operation: ThreadDump
Event: 1.369 Executing VM operation: ThreadDump done
Event: 1.613 Executing VM operation: ThreadDump
Event: 1.614 Executing VM operation: ThreadDump done

Events (20 events):
Event: 1.196 loading class sun/util/resources/cldr/TimeZoneNames_en_US
Event: 1.196 loading class sun/util/resources/cldr/TimeZoneNames_en_US done
Event: 1.197 loading class sun/util/resources/TimeZoneNames
Event: 1.197 loading class sun/util/resources/TimeZoneNames done
Event: 1.197 loading class sun/util/resources/TimeZoneNames_en
Event: 1.197 loading class sun/util/resources/TimeZoneNames_en done
Event: 1.359 loading class java/util/concurrent/ConcurrentHashMap$ValueSpliterator
Event: 1.359 loading class java/util/concurrent/ConcurrentHashMap$ValueSpliterator done
Event: 1.359 loading class java/util/stream/SortedOps$RefSortingSink
Event: 1.359 loading class java/util/stream/SortedOps$RefSortingSink done
Event: 1.361 loading class java/util/regex/Pattern$SliceI
Event: 1.361 loading class java/util/regex/Pattern$SliceI done
Event: 1.362 loading class java/io/PrintWriter
Event: 1.362 loading class java/io/PrintWriter done
Event: 1.362 loading class java/lang/Throwable$WrappedPrintWriter
Event: 1.362 loading class java/lang/Throwable$PrintStreamOrWriter
Event: 1.362 loading class java/lang/Throwable$PrintStreamOrWriter done
Event: 1.362 loading class java/lang/Throwable$WrappedPrintWriter done
Event: 1.418 Protecting memory [0x0000000171970000,0x000000017197c000] with protection modes 3
Event: 1.418 Thread 0x0000000135111800 Thread exited: 0x0000000135111800


Dynamic libraries:
0x0000000102044000 	/Users/youssefgeorge/Library/Java/JavaVirtualMachines/openjdk-17.0.2/Contents/Home/lib/libjli.dylib
0x00000001ad664000 	/usr/lib/libz.1.dylib
0x00000001ad71b000 	/usr/lib/libSystem.B.dylib
0x00000001ad715000 	/usr/lib/system/libcache.dylib
0x00000001ad6d3000 	/usr/lib/system/libcommonCrypto.dylib
0x00000001ad6fc000 	/usr/lib/system/libcompiler_rt.dylib
0x00000001ad6f3000 	/usr/lib/system/libcopyfile.dylib
0x00000001a295b000 	/usr/lib/system/libcorecrypto.dylib
0x00000001a2a0e000 	/usr/lib/system/libdispatch.dylib
0x00000001a2bdc000 	/usr/lib/system/libdyld.dylib
0x00000001ad70b000 	/usr/lib/system/libkeymgr.dylib
0x00000001ad6ae000 	/usr/lib/system/libmacho.dylib
0x00000001acda3000 	/usr/lib/system/libquarantine.dylib
0x00000001ad708000 	/usr/lib/system/libremovefile.dylib
0x00000001a7d44000 	/usr/lib/system/libsystem_asl.dylib
0x00000001a28fd000 	/usr/lib/system/libsystem_blocks.dylib
0x00000001a2a96000 	/usr/lib/system/libsystem_c.dylib
0x00000001ad700000 	/usr/lib/system/libsystem_collections.dylib
0x00000001ac231000 	/usr/lib/system/libsystem_configuration.dylib
0x00000001ab48d000 	/usr/lib/system/libsystem_containermanager.dylib
0x00000001ad410000 	/usr/lib/system/libsystem_coreservices.dylib
0x00000001a5304000 	/usr/lib/system/libsystem_darwin.dylib
0x00000001ad70c000 	/usr/lib/system/libsystem_dnssd.dylib
0x00000001a2a93000 	/usr/lib/system/libsystem_featureflags.dylib
0x00000001a2bf1000 	/usr/lib/system/libsystem_info.dylib
0x00000001ad676000 	/usr/lib/system/libsystem_m.dylib
0x00000001a29e3000 	/usr/lib/system/libsystem_malloc.dylib
0x00000001a7cd3000 	/usr/lib/system/libsystem_networkextension.dylib
0x00000001a575d000 	/usr/lib/system/libsystem_notify.dylib
0x00000001b3a59000 	/usr/lib/system/libsystem_product_info_filter.dylib
0x00000001ac236000 	/usr/lib/system/libsystem_sandbox.dylib
0x00000001ad705000 	/usr/lib/system/libsystem_secinit.dylib
0x00000001a2b97000 	/usr/lib/system/libsystem_kernel.dylib
0x00000001a2be9000 	/usr/lib/system/libsystem_platform.dylib
0x00000001a2bcf000 	/usr/lib/system/libsystem_pthread.dylib
0x00000001a949c000 	/usr/lib/system/libsystem_symptoms.dylib
0x00000001a2941000 	/usr/lib/system/libsystem_trace.dylib
0x00000001ad6e0000 	/usr/lib/system/libunwind.dylib
0x00000001a28ff000 	/usr/lib/system/libxpc.dylib
0x00000001a2b7f000 	/usr/lib/libc++abi.dylib
0x00000001a2a55000 	/usr/lib/libobjc.A.dylib
0x00000001ad6eb000 	/usr/lib/liboah.dylib
0x00000001a2b18000 	/usr/lib/libc++.1.dylib
0x00000001b9572000 	/System/Library/Frameworks/Cocoa.framework/Versions/A/Cocoa
0x00000001a57be000 	/System/Library/Frameworks/AppKit.framework/Versions/C/AppKit
0x00000001a8cc4000 	/System/Library/Frameworks/CoreData.framework/Versions/A/CoreData
0x00000001a3b19000 	/System/Library/Frameworks/Foundation.framework/Versions/C/Foundation
0x00000001a6676000 	/System/Library/PrivateFrameworks/UIFoundation.framework/Versions/A/UIFoundation
0x00000001b3753000 	/System/Library/PrivateFrameworks/RemoteViewServices.framework/Versions/A/RemoteViewServices
0x00000001abbd9000 	/System/Library/PrivateFrameworks/XCTTargetBootstrap.framework/Versions/A/XCTTargetBootstrap
0x00000001af457000 	/System/Library/PrivateFrameworks/InternationalSupport.framework/Versions/A/InternationalSupport
0x00000001af4e0000 	/System/Library/PrivateFrameworks/UserActivity.framework/Versions/A/UserActivity
0x00000001ae952000 	/usr/lib/libspindump.dylib
0x00000001a68e7000 	/System/Library/Frameworks/UniformTypeIdentifiers.framework/Versions/A/UniformTypeIdentifiers
0x00000001aa124000 	/usr/lib/libapp_launch_measurement.dylib
0x00000001a964e000 	/System/Library/PrivateFrameworks/CoreAnalytics.framework/Versions/A/CoreAnalytics
0x00000001aa127000 	/System/Library/PrivateFrameworks/CoreAutoLayout.framework/Versions/A/CoreAutoLayout
0x00000001ab4ca000 	/System/Library/Frameworks/Metal.framework/Versions/A/Metal
0x00000001ac241000 	/usr/lib/liblangid.dylib
0x00000001abbde000 	/System/Library/PrivateFrameworks/CoreSVG.framework/Versions/A/CoreSVG
0x00000001a7d78000 	/System/Library/PrivateFrameworks/SkyLight.framework/Versions/A/SkyLight
0x00000001a814d000 	/System/Library/Frameworks/CoreGraphics.framework/Versions/A/CoreGraphics
0x00000001b3e1f000 	/System/Library/Frameworks/Accelerate.framework/Versions/A/Accelerate
0x00000001ae3c9000 	/System/Library/PrivateFrameworks/IconServices.framework/Versions/A/IconServices
0x00000001ab4ac000 	/System/Library/Frameworks/IOSurface.framework/Versions/A/IOSurface
0x00000001a967f000 	/usr/lib/libDiagnosticMessagesClient.dylib
0x00000001b7320000 	/System/Library/Frameworks/ApplicationServices.framework/Versions/A/ApplicationServices
0x00000001abbc1000 	/System/Library/PrivateFrameworks/DFRFoundation.framework/Versions/A/DFRFoundation
0x00000001a504e000 	/usr/lib/libicucore.A.dylib
0x00000001b0303000 	/System/Library/Frameworks/AudioToolbox.framework/Versions/A/AudioToolbox
0x00000001af463000 	/System/Library/PrivateFrameworks/DataDetectorsCore.framework/Versions/A/DataDetectorsCore
0x00000001c5da3000 	/System/Library/PrivateFrameworks/TextInput.framework/Versions/A/TextInput
0x00000001a7ced000 	/usr/lib/libMobileGestalt.dylib
0x00000001ab88d000 	/System/Library/Frameworks/Carbon.framework/Versions/A/Frameworks/HIToolbox.framework/Versions/A/HIToolbox
0x00000001a9b00000 	/System/Library/Frameworks/QuartzCore.framework/Versions/A/QuartzCore
0x00000001a4cd1000 	/System/Library/Frameworks/Security.framework/Versions/A/Security
0x00000001b3793000 	/System/Library/Frameworks/Carbon.framework/Versions/A/Frameworks/SpeechRecognition.framework/Versions/A/SpeechRecognition
0x00000001a9e7a000 	/System/Library/PrivateFrameworks/CoreUI.framework/Versions/A/CoreUI
0x00000001a45ae000 	/System/Library/Frameworks/CoreAudio.framework/Versions/A/CoreAudio
0x00000001a9774000 	/System/Library/Frameworks/DiskArbitration.framework/Versions/A/DiskArbitration
0x00000001aed5c000 	/System/Library/PrivateFrameworks/MultitouchSupport.framework/Versions/A/MultitouchSupport
0x00000001a7ceb000 	/usr/lib/libenergytrace.dylib
0x00000001a5686000 	/System/Library/Frameworks/IOKit.framework/Versions/A/IOKit
0x00000001b3b82000 	/System/Library/Frameworks/CoreServices.framework/Versions/A/CoreServices
0x00000001aa0b4000 	/System/Library/PrivateFrameworks/PerformanceAnalysis.framework/Versions/A/PerformanceAnalysis
0x000000020408b000 	/System/Library/Frameworks/OpenGL.framework/Versions/A/OpenGL
0x00000001accbb000 	/System/Library/PrivateFrameworks/MobileKeyBag.framework/Versions/A/MobileKeyBag
0x00000001a875a000 	/System/Library/Frameworks/ColorSync.framework/Versions/A/ColorSync
0x00000001a2c1e000 	/System/Library/Frameworks/CoreFoundation.framework/Versions/A/CoreFoundation
0x00000001abe5d000 	/System/Library/Frameworks/CoreImage.framework/Versions/A/CoreImage
0x00000001a43d2000 	/System/Library/Frameworks/CoreText.framework/Versions/A/CoreText
0x00000001abc0e000 	/System/Library/Frameworks/ImageIO.framework/Versions/A/ImageIO
0x00000001ad721000 	/System/Library/PrivateFrameworks/SoftLinking.framework/Versions/A/SoftLinking
0x00000001aa172000 	/usr/lib/libxml2.2.dylib
0x00000001ad9ba000 	/usr/lib/libcompression.dylib
0x00000001af3b3000 	/System/Library/PrivateFrameworks/TextureIO.framework/Versions/A/TextureIO
0x00000001ae0e2000 	/usr/lib/libate.dylib
0x00000001adfa7000 	/usr/lib/liblzma.5.dylib
0x00000001a380d000 	/System/Library/Frameworks/SystemConfiguration.framework/Versions/A/SystemConfiguration
0x00000001ad71d000 	/usr/lib/libfakelink.dylib
0x00000001a781f000 	/System/Library/Frameworks/CFNetwork.framework/Versions/A/CFNetwork
0x00000001ad863000 	/usr/lib/libarchive.2.dylib
0x00000001ac23d000 	/System/Library/PrivateFrameworks/AppleSystemInfo.framework/Versions/A/AppleSystemInfo
0x00000001acdce000 	/usr/lib/libbsm.0.dylib
0x00000001a6d90000 	/usr/lib/libnetwork.dylib
0x00000001ad6b7000 	/usr/lib/system/libkxld.dylib
0x00000001ac9e1000 	/System/Library/PrivateFrameworks/IOMobileFramebuffer.framework/Versions/A/IOMobileFramebuffer
0x00000002219b7000 	/usr/lib/libCoreEntitlements.dylib
0x00000001ad3f2000 	/System/Library/PrivateFrameworks/AppleFSCompression.framework/Versions/A/AppleFSCompression
0x00000001acdb6000 	/usr/lib/libcoretls.dylib
0x00000001adfc0000 	/usr/lib/libcoretls_cfhelpers.dylib
0x00000001ad9b5000 	/usr/lib/libpam.2.dylib
0x00000001a90b3000 	/usr/lib/libsqlite3.dylib
0x00000001ae029000 	/usr/lib/libxar.1.dylib
0x00000001ad403000 	/usr/lib/libbz2.1.0.dylib
0x00000001ad722000 	/usr/lib/libpcap.A.dylib
0x00000001a9493000 	/usr/lib/libdns_services.dylib
0x00000001ad988000 	/usr/lib/libapple_nghttp2.dylib
0x00000001ad75f000 	/usr/lib/libiconv.2.dylib
0x00000001ad6ad000 	/usr/lib/libcharset.1.dylib
0x00000001aa0f0000 	/System/Library/Frameworks/CoreServices.framework/Versions/A/Frameworks/FSEvents.framework/Versions/A/FSEvents
0x00000001a530f000 	/System/Library/Frameworks/CoreServices.framework/Versions/A/Frameworks/CarbonCore.framework/Versions/A/CarbonCore
0x00000001a96d4000 	/System/Library/Frameworks/CoreServices.framework/Versions/A/Frameworks/Metadata.framework/Versions/A/Metadata
0x00000001ad416000 	/System/Library/Frameworks/CoreServices.framework/Versions/A/Frameworks/OSServices.framework/Versions/A/OSServices
0x00000001ad8e9000 	/System/Library/Frameworks/CoreServices.framework/Versions/A/Frameworks/SearchKit.framework/Versions/A/SearchKit
0x00000001a9422000 	/System/Library/Frameworks/CoreServices.framework/Versions/A/Frameworks/AE.framework/Versions/A/AE
0x00000001a3164000 	/System/Library/Frameworks/CoreServices.framework/Versions/A/Frameworks/LaunchServices.framework/Versions/A/LaunchServices
0x00000001adf50000 	/System/Library/Frameworks/CoreServices.framework/Versions/A/Frameworks/DictionaryServices.framework/Versions/A/DictionaryServices
0x00000001aa0fd000 	/System/Library/Frameworks/CoreServices.framework/Versions/A/Frameworks/SharedFileList.framework/Versions/A/SharedFileList
0x00000001acda6000 	/usr/lib/libCheckFix.dylib
0x00000001a7d5c000 	/System/Library/PrivateFrameworks/TCC.framework/Versions/A/TCC
0x00000001ac243000 	/System/Library/PrivateFrameworks/CoreNLP.framework/Versions/A/CoreNLP
0x00000001a9682000 	/System/Library/PrivateFrameworks/MetadataUtilities.framework/Versions/A/MetadataUtilities
0x00000001a38c6000 	/usr/lib/libmecabra.dylib
0x00000001acddf000 	/usr/lib/libmecab.dylib
0x00000001a3892000 	/usr/lib/libCRFSuite.dylib
0x00000001ace3c000 	/usr/lib/libgermantok.dylib
0x00000001ad961000 	/usr/lib/libThaiTokenizer.dylib
0x00000001a977c000 	/System/Library/Frameworks/Accelerate.framework/Versions/A/Frameworks/vImage.framework/Versions/A/vImage
0x00000001b3b59000 	/System/Library/Frameworks/Accelerate.framework/Versions/A/Frameworks/vecLib.framework/Versions/A/vecLib
0x00000001ae06e000 	/System/Library/Frameworks/Accelerate.framework/Versions/A/Frameworks/vecLib.framework/Versions/A/libvMisc.dylib
0x00000001ac8e8000 	/System/Library/Frameworks/Accelerate.framework/Versions/A/Frameworks/vecLib.framework/Versions/A/libvDSP.dylib
0x00000001a34ed000 	/System/Library/Frameworks/Accelerate.framework/Versions/A/Frameworks/vecLib.framework/Versions/A/libBLAS.dylib
0x00000001ada8b000 	/System/Library/Frameworks/Accelerate.framework/Versions/A/Frameworks/vecLib.framework/Versions/A/libLAPACK.dylib
0x00000001ace3f000 	/System/Library/Frameworks/Accelerate.framework/Versions/A/Frameworks/vecLib.framework/Versions/A/libLinearAlgebra.dylib
0x00000001ad9a0000 	/System/Library/Frameworks/Accelerate.framework/Versions/A/Frameworks/vecLib.framework/Versions/A/libSparseBLAS.dylib
0x00000001ada86000 	/System/Library/Frameworks/Accelerate.framework/Versions/A/Frameworks/vecLib.framework/Versions/A/libQuadrature.dylib
0x00000001ac33c000 	/System/Library/Frameworks/Accelerate.framework/Versions/A/Frameworks/vecLib.framework/Versions/A/libBNNS.dylib
0x00000001a37ab000 	/System/Library/Frameworks/Accelerate.framework/Versions/A/Frameworks/vecLib.framework/Versions/A/libSparse.dylib
0x00000001ac334000 	/System/Library/PrivateFrameworks/LinguisticData.framework/Versions/A/LinguisticData
0x00000001a3763000 	/System/Library/PrivateFrameworks/Lexicon.framework/Versions/A/Lexicon
0x00000001ae066000 	/usr/lib/libChineseTokenizer.dylib
0x00000001a3f0a000 	/System/Library/PrivateFrameworks/LanguageModeling.framework/Versions/A/LanguageModeling
0x00000001ad963000 	/System/Library/PrivateFrameworks/AppleSauce.framework/Versions/A/AppleSauce
0x00000001ac9ce000 	/System/Library/PrivateFrameworks/CoreEmoji.framework/Versions/A/CoreEmoji
0x00000001ad851000 	/usr/lib/libcmph.dylib
0x00000001aa0d0000 	/System/Library/Frameworks/OpenDirectory.framework/Versions/A/Frameworks/CFOpenDirectory.framework/Versions/A/CFOpenDirectory
0x00000001aa0c0000 	/System/Library/Frameworks/OpenDirectory.framework/Versions/A/OpenDirectory
0x00000001adfc2000 	/System/Library/PrivateFrameworks/APFS.framework/Versions/A/APFS
0x00000001accf6000 	/System/Library/Frameworks/SecurityFoundation.framework/Versions/A/SecurityFoundation
0x00000001ae038000 	/usr/lib/libutil.dylib
0x00000001a5648000 	/System/Library/PrivateFrameworks/CoreServicesStore.framework/Versions/A/CoreServicesStore
0x00000001ae03c000 	/usr/lib/libxslt.1.dylib
0x00000001acd8a000 	/System/Library/PrivateFrameworks/BackgroundTaskManagement.framework/Versions/A/BackgroundTaskManagement
0x00000001af2d4000 	/System/Library/Frameworks/ImageIO.framework/Versions/A/Resources/libRadiance.dylib
0x00000001af2dd000 	/System/Library/Frameworks/ImageIO.framework/Versions/A/Resources/libJPEG.dylib
0x00000001af230000 	/System/Library/Frameworks/ImageIO.framework/Versions/A/Resources/libPng.dylib
0x00000001af252000 	/System/Library/Frameworks/ImageIO.framework/Versions/A/Resources/libTIFF.dylib
0x00000001af338000 	/System/Library/Frameworks/ImageIO.framework/Versions/A/Resources/libGIF.dylib
0x00000001aec6c000 	/System/Library/Frameworks/ImageIO.framework/Versions/A/Resources/libJP2.dylib
0x00000001ae38e000 	/usr/lib/libexpat.1.dylib
0x00000001aec27000 	/System/Library/PrivateFrameworks/AppleJPEG.framework/Versions/A/AppleJPEG
0x00000001ab749000 	/System/Library/PrivateFrameworks/FontServices.framework/libFontParser.dylib
0x00000001a93c7000 	/System/Library/PrivateFrameworks/RunningBoardServices.framework/Versions/A/RunningBoardServices
0x00000001b9c45000 	/System/Library/PrivateFrameworks/IOSurfaceAccelerator.framework/Versions/A/IOSurfaceAccelerator
0x00000001aed58000 	/System/Library/PrivateFrameworks/WatchdogClient.framework/Versions/A/WatchdogClient
0x00000001a400e000 	/System/Library/Frameworks/CoreDisplay.framework/Versions/A/CoreDisplay
0x00000001ab633000 	/System/Library/Frameworks/CoreMedia.framework/Versions/A/CoreMedia
0x00000001ab4c0000 	/System/Library/PrivateFrameworks/IOAccelerator.framework/Versions/A/IOAccelerator
0x00000001aa260000 	/System/Library/Frameworks/CoreVideo.framework/Versions/A/CoreVideo
0x00000001ad9b3000 	/System/Library/Frameworks/MetalPerformanceShaders.framework/Versions/A/MetalPerformanceShaders
0x00000001aed97000 	/System/Library/Frameworks/VideoToolbox.framework/Versions/A/VideoToolbox
0x00000001a930b000 	/System/Library/PrivateFrameworks/BaseBoard.framework/Versions/A/BaseBoard
0x00000001a9099000 	/System/Library/PrivateFrameworks/ProtocolBuffer.framework/Versions/A/ProtocolBuffer
0x00000001af2cf000 	/System/Library/PrivateFrameworks/GPUWrangler.framework/Versions/A/GPUWrangler
0x00000001af2af000 	/System/Library/PrivateFrameworks/IOPresentment.framework/Versions/A/IOPresentment
0x00000001af2d7000 	/System/Library/PrivateFrameworks/DSExternalDisplay.framework/Versions/A/DSExternalDisplay
0x000000020407e000 	/System/Library/Frameworks/OpenGL.framework/Versions/A/Libraries/libCoreFSCache.dylib
0x000000020e53d000 	/System/Library/PrivateFrameworks/GPUCompiler.framework/Versions/31001/Libraries/libGPUCompilerUtils.dylib
0x00000001af33d000 	/System/Library/PrivateFrameworks/CMCaptureCore.framework/Versions/A/CMCaptureCore
0x00000001ae93f000 	/System/Library/PrivateFrameworks/AppServerSupport.framework/Versions/A/AppServerSupport
0x00000001b0bc0000 	/System/Library/PrivateFrameworks/perfdata.framework/Versions/A/perfdata
0x00000001a412e000 	/System/Library/PrivateFrameworks/AudioToolboxCore.framework/Versions/A/AudioToolboxCore
0x00000001ab60c000 	/System/Library/PrivateFrameworks/caulk.framework/Versions/A/caulk
0x00000001b04b5000 	/usr/lib/libAudioStatistics.dylib
0x00000001c240a000 	/System/Library/PrivateFrameworks/SystemPolicy.framework/Versions/A/SystemPolicy
0x00000001b0721000 	/usr/lib/libSMC.dylib
0x00000001b9454000 	/System/Library/Frameworks/CoreMIDI.framework/Versions/A/CoreMIDI
0x00000001af1fe000 	/usr/lib/libAudioToolboxUtility.dylib
0x00000001be4d7000 	/System/Library/PrivateFrameworks/OSAServicesClient.framework/Versions/A/OSAServicesClient
0x00000001b0bcd000 	/usr/lib/libperfcheck.dylib
0x00000001c2f22000 	/usr/lib/libmis.dylib
0x00000002040e0000 	/System/Library/Frameworks/OpenGL.framework/Versions/A/Libraries/libGLU.dylib
0x000000020409f000 	/System/Library/Frameworks/OpenGL.framework/Versions/A/Libraries/libGFXShared.dylib
0x000000020428c000 	/System/Library/Frameworks/OpenGL.framework/Versions/A/Libraries/libGL.dylib
0x00000002040a8000 	/System/Library/Frameworks/OpenGL.framework/Versions/A/Libraries/libGLImage.dylib
0x000000020409c000 	/System/Library/Frameworks/OpenGL.framework/Versions/A/Libraries/libCVMSPluginSupport.dylib
0x0000000204085000 	/System/Library/Frameworks/OpenGL.framework/Versions/A/Libraries/libCoreVMClient.dylib
0x00000001ac1bd000 	/System/Library/Frameworks/MetalPerformanceShaders.framework/Versions/A/Frameworks/MPSCore.framework/Versions/A/MPSCore
0x00000001ad365000 	/System/Library/Frameworks/MetalPerformanceShaders.framework/Versions/A/Frameworks/MPSImage.framework/Versions/A/MPSImage
0x00000001ace54000 	/System/Library/Frameworks/MetalPerformanceShaders.framework/Versions/A/Frameworks/MPSNeuralNetwork.framework/Versions/A/MPSNeuralNetwork
0x00000001ad28d000 	/System/Library/Frameworks/MetalPerformanceShaders.framework/Versions/A/Frameworks/MPSMatrix.framework/Versions/A/MPSMatrix
0x00000001ad066000 	/System/Library/Frameworks/MetalPerformanceShaders.framework/Versions/A/Frameworks/MPSRayIntersector.framework/Versions/A/MPSRayIntersector
0x00000001ad2be000 	/System/Library/Frameworks/MetalPerformanceShaders.framework/Versions/A/Frameworks/MPSNDArray.framework/Versions/A/MPSNDArray
0x00000002061f7000 	/System/Library/Frameworks/MetalPerformanceShaders.framework/Versions/A/Frameworks/MPSFunctions.framework/Versions/A/MPSFunctions
0x00000001a33c4000 	/System/Library/PrivateFrameworks/MetalTools.framework/Versions/A/MetalTools
0x00000001ac23b000 	/System/Library/PrivateFrameworks/AggregateDictionary.framework/Versions/A/AggregateDictionary
0x00000001ae173000 	/usr/lib/libIOReport.dylib
0x00000001b8472000 	/System/Library/PrivateFrameworks/ASEProcessing.framework/Versions/A/ASEProcessing
0x00000001ae4e8000 	/System/Library/PrivateFrameworks/FaceCore.framework/Versions/A/FaceCore
0x00000001ae4da000 	/System/Library/PrivateFrameworks/GraphVisualizer.framework/Versions/A/GraphVisualizer
0x000000020e454000 	/System/Library/PrivateFrameworks/FontServices.framework/Versions/A/FontServices
0x00000001ae8fb000 	/System/Library/PrivateFrameworks/OTSVG.framework/Versions/A/OTSVG
0x00000001a9e2a000 	/System/Library/Frameworks/ApplicationServices.framework/Versions/A/Frameworks/ATS.framework/Versions/A/Resources/libFontRegistry.dylib
0x00000001ae948000 	/System/Library/PrivateFrameworks/FontServices.framework/libhvf.dylib
0x000000020e455000 	/System/Library/PrivateFrameworks/FontServices.framework/libXTFontStaticRegistryData.dylib
0x000000020442d000 	/System/Library/Frameworks/OpenCL.framework/Versions/A/OpenCL
0x00000001ae342000 	/System/Library/PrivateFrameworks/AppleVA.framework/Versions/A/AppleVA
0x00000001b04dd000 	/System/Library/Frameworks/ApplicationServices.framework/Versions/A/Frameworks/ATS.framework/Versions/A/ATS
0x00000001a8857000 	/System/Library/Frameworks/ApplicationServices.framework/Versions/A/Frameworks/HIServices.framework/Versions/A/HIServices
0x00000001af347000 	/System/Library/Frameworks/ApplicationServices.framework/Versions/A/Frameworks/PrintCore.framework/Versions/A/PrintCore
0x00000001b0874000 	/System/Library/Frameworks/ApplicationServices.framework/Versions/A/Frameworks/QD.framework/Versions/A/QD
0x00000001b086c000 	/System/Library/Frameworks/ApplicationServices.framework/Versions/A/Frameworks/ColorSyncLegacy.framework/Versions/A/ColorSyncLegacy
0x00000001b04c9000 	/System/Library/Frameworks/ApplicationServices.framework/Versions/A/Frameworks/SpeechSynthesis.framework/Versions/A/SpeechSynthesis
0x00000001af308000 	/System/Library/Frameworks/ApplicationServices.framework/Versions/A/Frameworks/ATSUI.framework/Versions/A/ATSUI
0x00000001b0801000 	/usr/lib/libcups.2.dylib
0x00000001b0bdb000 	/System/Library/Frameworks/Kerberos.framework/Versions/A/Kerberos
0x00000001b0bec000 	/System/Library/Frameworks/GSS.framework/Versions/A/GSS
0x00000001b054d000 	/usr/lib/libresolv.9.dylib
0x00000001ae957000 	/System/Library/PrivateFrameworks/Heimdal.framework/Versions/A/Heimdal
0x00000001b76a7000 	/System/Library/Frameworks/Kerberos.framework/Versions/A/Libraries/libHeimdalProxy.dylib
0x00000001a94a5000 	/System/Library/Frameworks/Network.framework/Versions/A/Network
0x00000001ae3a9000 	/usr/lib/libheimdal-asn1.dylib
0x00000001b0c3c000 	/System/Library/PrivateFrameworks/CommonAuth.framework/Versions/A/CommonAuth
0x00000001b0443000 	/System/Library/PrivateFrameworks/AudioSession.framework/Versions/A/AudioSession
0x00000001ae43b000 	/System/Library/PrivateFrameworks/MediaExperience.framework/Versions/A/MediaExperience
0x00000001b02c9000 	/System/Library/PrivateFrameworks/AudioSession.framework/libSessionUtility.dylib
0x00000001b0880000 	/System/Library/PrivateFrameworks/AudioResourceArbitration.framework/Versions/A/AudioResourceArbitration
0x00000001b4a36000 	/System/Library/PrivateFrameworks/PowerLog.framework/Versions/A/PowerLog
0x00000001ae3b3000 	/System/Library/PrivateFrameworks/IconFoundation.framework/Versions/A/IconFoundation
0x00000001b377f000 	/System/Library/PrivateFrameworks/SpeechRecognitionCore.framework/Versions/A/SpeechRecognitionCore
0x0000000103174000 	/Users/youssefgeorge/Library/Java/JavaVirtualMachines/openjdk-17.0.2/Contents/Home/lib/server/libjvm.dylib
0x0000000102268000 	/Users/youssefgeorge/Library/Java/JavaVirtualMachines/openjdk-17.0.2/Contents/Home/lib/libjimage.dylib
0x000000010227c000 	/Users/youssefgeorge/Library/Java/JavaVirtualMachines/openjdk-17.0.2/Contents/Home/lib/libinstrument.dylib
0x00000001022c8000 	/Users/youssefgeorge/Library/Java/JavaVirtualMachines/openjdk-17.0.2/Contents/Home/lib/libjava.dylib
0x0000000103114000 	/Users/youssefgeorge/Library/Java/JavaVirtualMachines/openjdk-17.0.2/Contents/Home/lib/libnio.dylib
0x0000000103134000 	/Users/youssefgeorge/Library/Java/JavaVirtualMachines/openjdk-17.0.2/Contents/Home/lib/libnet.dylib
0x0000000103158000 	/Users/youssefgeorge/Library/Java/JavaVirtualMachines/openjdk-17.0.2/Contents/Home/lib/libzip.dylib
0x00000001208cc000 	/Users/youssefgeorge/Library/Java/JavaVirtualMachines/openjdk-17.0.2/Contents/Home/lib/libextnet.dylib
0x00000001208e0000 	/Users/youssefgeorge/.openjfx/cache/17.0.1/libprism_es2.dylib
0x00000001a560b000 	/System/Library/PrivateFrameworks/CoreServicesInternal.framework/Versions/A/CoreServicesInternal
0x0000000204296000 	/System/Library/Frameworks/OpenGL.framework/Versions/A/Resources/GLEngine.bundle/GLEngine
0x000000020411e000 	/System/Library/Frameworks/OpenGL.framework/Versions/A/Libraries/libGLProgrammability.dylib
0x00000001216d8000 	/System/Library/Extensions/AppleMetalOpenGLRenderer.bundle/Contents/MacOS/AppleMetalOpenGLRenderer
0x0000000204405000 	/System/Library/Frameworks/OpenGL.framework/Versions/A/Resources/GLRendererFloat.bundle/GLRendererFloat
0x0000000204505000 	/System/Library/Extensions/AGXMetal13_3.bundle/Contents/MacOS/AGXMetal13_3
0x00000001c2f3e000 	/System/Library/PrivateFrameworks/GPURawCounter.framework/Versions/A/GPURawCounter
0x00000001bd648000 	/System/Library/PrivateFrameworks/IOGPU.framework/Versions/A/IOGPU
0x000000012297c000 	/Users/youssefgeorge/.openjfx/cache/17.0.1/libglass.dylib
0x00000001b4c8e000 	/System/Library/Frameworks/FileProvider.framework/Versions/A/FileProvider
0x00000001a9273000 	/System/Library/Frameworks/Accounts.framework/Versions/A/Accounts
0x00000001b4e12000 	/System/Library/PrivateFrameworks/GenerationalStorage.framework/Versions/A/GenerationalStorage
0x00000001b59d5000 	/System/Library/PrivateFrameworks/CoreSymbolication.framework/Versions/A/CoreSymbolication
0x00000001b4a2a000 	/System/Library/PrivateFrameworks/SymptomDiagnosticReporter.framework/Versions/A/SymptomDiagnosticReporter
0x00000001a68fb000 	/System/Library/PrivateFrameworks/DesktopServicesPriv.framework/Versions/A/DesktopServicesPriv
0x00000001a576d000 	/usr/lib/libsandbox.1.dylib
0x00000001aa2ee000 	/System/Library/PrivateFrameworks/UserManagement.framework/Versions/A/UserManagement
0x00000001b5992000 	/System/Library/PrivateFrameworks/DebugSymbols.framework/Versions/A/DebugSymbols
0x00000001b085f000 	/System/Library/PrivateFrameworks/NetAuth.framework/Versions/A/NetAuth
0x00000001b177d000 	/System/Library/PrivateFrameworks/Sharing.framework/Versions/A/Sharing
0x00000001aa2be000 	/System/Library/PrivateFrameworks/login.framework/Versions/A/Frameworks/loginsupport.framework/Versions/A/loginsupport
0x00000001b6bc7000 	/System/Library/PrivateFrameworks/Apple80211.framework/Versions/A/Apple80211
0x00000001ad449000 	/System/Library/PrivateFrameworks/AuthKit.framework/Versions/A/AuthKit
0x00000001acaca000 	/System/Library/PrivateFrameworks/CoreUtils.framework/Versions/A/CoreUtils
0x00000001ac9ed000 	/System/Library/Frameworks/CoreWLAN.framework/Versions/A/CoreWLAN
0x00000001b18ed000 	/System/Library/Frameworks/IOBluetooth.framework/Versions/A/IOBluetooth
0x00000001b6c27000 	/System/Library/PrivateFrameworks/CoreWiFi.framework/Versions/A/CoreWiFi
0x00000001b5572000 	/System/Library/PrivateFrameworks/FrontBoardServices.framework/Versions/A/FrontBoardServices
0x00000001b560a000 	/System/Library/PrivateFrameworks/BoardServices.framework/Versions/A/BoardServices
0x00000001acce4000 	/System/Library/PrivateFrameworks/AssertionServices.framework/Versions/A/AssertionServices
0x00000001b6da4000 	/System/Library/PrivateFrameworks/BackBoardServices.framework/Versions/A/BackBoardServices
0x00000001b0cd3000 	/System/Library/PrivateFrameworks/CorePhoneNumbers.framework/Versions/A/CorePhoneNumbers
0x00000001b4b5a000 	/System/Library/PrivateFrameworks/DiskManagement.framework/Versions/A/DiskManagement
0x00000001b4a5d000 	/System/Library/PrivateFrameworks/AppleIDAuthSupport.framework/Versions/A/AppleIDAuthSupport
0x0000000208a1e000 	/System/Library/PrivateFrameworks/AAAFoundation.framework/Versions/A/AAAFoundation
0x00000001b0cb2000 	/System/Library/PrivateFrameworks/KeychainCircle.framework/Versions/A/KeychainCircle
0x00000001b4b26000 	/System/Library/PrivateFrameworks/MediaKit.framework/Versions/A/MediaKit
0x00000001b4a6a000 	/System/Library/Frameworks/DiscRecording.framework/Versions/A/DiscRecording
0x00000001ae2be000 	/usr/lib/libCoreStorage.dylib
0x00000001b70a1000 	/usr/lib/libcsfde.dylib
0x00000001b19c2000 	/System/Library/PrivateFrameworks/ProtectedCloudStorage.framework/Versions/A/ProtectedCloudStorage
0x00000001b7099000 	/System/Library/PrivateFrameworks/EFILogin.framework/Versions/A/EFILogin
0x00000001b4e39000 	/System/Library/PrivateFrameworks/OctagonTrust.framework/Versions/A/OctagonTrust
0x000000020d5ef000 	/System/Library/PrivateFrameworks/CoreUtilsExtras.framework/Versions/A/CoreUtilsExtras
0x00000001b498f000 	/System/Library/Frameworks/CoreBluetooth.framework/Versions/A/CoreBluetooth
0x00000001b772c000 	/System/Library/Frameworks/AudioUnit.framework/Versions/A/AudioUnit
0x00000001ae2b6000 	/usr/lib/libMatch.1.dylib
0x00000001c73ea000 	/System/Library/Frameworks/Accelerate.framework/Versions/A/Frameworks/vImage.framework/Versions/A/Libraries/libCGInterfaces.dylib
0x0000000124e18000 	/usr/lib/libobjc-trampolines.dylib
0x00000001a9fb8000 	/System/Library/PrivateFrameworks/ViewBridge.framework/Versions/A/ViewBridge
0x00000001aea1a000 	/System/Library/PrivateFrameworks/login.framework/Versions/A/login
0x00000001ae17c000 	/System/Library/PrivateFrameworks/CrashReporterSupport.framework/Versions/A/CrashReporterSupport
0x00000001cee63000 	/System/Library/PrivateFrameworks/OSAnalytics.framework/Versions/A/OSAnalytics
0x00000001da161000 	/System/Library/PrivateFrameworks/Symbolication.framework/Versions/A/Symbolication
0x00000001c2eff000 	/System/Library/PrivateFrameworks/MallocStackLogging.framework/Versions/A/MallocStackLogging


VM Arguments:
jvm_args: -ea -Didea.test.cyclic.buffer.size=1048576 -javaagent:/Applications/IntelliJ IDEA.app/Contents/lib/idea_rt.jar=49474:/Applications/IntelliJ IDEA.app/Contents/bin --patch-module=com.example.cse338project=/Volumes/D/Uni/Semester 6/CSE338 SW Testing VV/Project/CSE338Project/target/test-classes --add-reads=com.example.cse338project=ALL-UNNAMED --add-opens=com.example.cse338project/Unit=ALL-UNNAMED --add-modules=com.example.cse338project -Dfile.encoding=UTF-8 --module-path=/Users/youssefgeorge/.m2/repository/org/openjfx/javafx-controls/17.0.1/javafx-controls-17.0.1-mac-aarch64.jar:/Users/youssefgeorge/.m2/repository/com/fasterxml/jackson/core/jackson-databind/2.13.3/jackson-databind-2.13.3.jar:/Users/youssefgeorge/.m2/repository/org/json/json/20090211/json-20090211.jar:/Users/youssefgeorge/.m2/repository/com/fasterxml/jackson/core/jackson-annotations/2.13.3/jackson-annotations-2.13.3.jar:/Users/youssefgeorge/.m2/repository/com/fasterxml/jackson/core/jackson-core/2.13.3/jackson-core-2.13.3.jar:/Users/youssefgeorge/.m2/repository/org/openjfx/javafx-base/17.0.1/javafx-base-17.0.1-mac-aarch64.jar:/Users/youssefgeorge/.m2/repository/org/openjfx/javafx-fxml/17.0.1/javafx-fxml-17.0.1-mac-aarch64.jar:/Users/youssefgeorge/.m2/repository/org/jsoup/jsoup/1.15.1/jsoup-1.15.1.jar:/Users/youssefgeorge/.m2/repository/org/openjfx/javafx-graphics/17.0.1/javafx-graphics-17.0.1-mac-aarch64.jar:/Volumes/D/Uni/Semester 6/CSE338 SW Testing VV/Project/CSE338Project/target/classes 
java_command: com.intellij.rt.junit.JUnitStarter -ideVersion5 -junit5 Unit.UefScrappingUnitTest$GetCountriesTests
java_class_path (initial): /Users/youssefgeorge/.m2/repository/org/junit/platform/junit-platform-launcher/1.8.2/junit-platform-launcher-1.8.2.jar:/Applications/IntelliJ IDEA.app/Contents/lib/idea_rt.jar:/Applications/IntelliJ IDEA.app/Contents/plugins/junit/lib/junit5-rt.jar:/Applications/IntelliJ IDEA.app/Contents/plugins/junit/lib/junit-rt.jar:/Volumes/D/Uni/Semester 6/CSE338 SW Testing VV/Project/CSE338Project/target/test-classes:/Users/youssefgeorge/.m2/repository/com/fasterxml/jackson/dataformat/jackson-dataformat-yaml/2.5.3/jackson-dataformat-yaml-2.5.3.jar:/Users/youssefgeorge/.m2/repository/com/fasterxml/jackson/core/jackson-core/2.5.3/jackson-core-2.5.3.jar:/Users/youssefgeorge/.m2/repository/com/fasterxml/jackson/core/jackson-databind/2.5.3/jackson-databind-2.5.3.jar:/Users/youssefgeorge/.m2/repository/com/fasterxml/jackson/core/jackson-annotations/2.5.0/jackson-annotations-2.5.0.jar:/Users/youssefgeorge/.m2/repository/org/yaml/snakeyaml/1.12/snakeyaml-1.12.jar:/Users/youssefgeorge/.m2/repository/org/openjfx/javafx-controls/17.0.1/javafx-controls-17.0.1.jar:/Users/youssefgeorge/.m2/repository/org/openjfx/javafx-graphics/17.0.1/javafx-graphics-17.0.1.jar:/Users/youssefgeorge/.m2/repository/org/openjfx/javafx-base/17.0.1/javafx-base-17.0.1.jar:/Users/youssefgeorge/.m2/repository/org/openjfx/javafx-fxml/17.0.1/javafx-fxml-17.0.1.jar:/Users/youssefgeorge/.m2/repository/org/junit/jupiter/junit-jupiter-api/5.8.2/junit-jupiter-api-5.8.2.jar:/Users/youssefgeorge/.m2/repository/org/opentest4j/opentest4j/1.2.0/opentest4j-1.2.0.jar:/Users/youssefgeorge/.m2/repository/org/junit/platform/junit-platform-commons/1.8.2/junit-platform-commons-1.8.2.jar:/Users/youssefgeorge/.m2/repository/org/apiguardian/apiguardian-api/1.1.2/apiguardian-api-1.1.2.jar:/Users/youssefgeorge/.m2/repository/org/junit/jupiter/junit-jupiter-engine/5.8.2/junit-jupiter-engine-5.8.2.jar:/Users/youssefgeorge/.m2/repository/org/junit/platform/junit-platform-engine/1.8.2/junit-platform-engine-1.8.2.j
Launcher Type: SUN_STANDARD

[Global flags]
     intx CICompilerCount                          = 4                                         {product} {ergonomic}
     uint ConcGCThreads                            = 2                                         {product} {ergonomic}
     uint G1ConcRefinementThreads                  = 8                                         {product} {ergonomic}
   size_t G1HeapRegionSize                         = 1048576                                   {product} {ergonomic}
    uintx GCDrainStackTargetSize                   = 64                                        {product} {ergonomic}
   size_t InitialHeapSize                          = 134217728                                 {product} {ergonomic}
   size_t MarkStackSize                            = 4194304                                   {product} {ergonomic}
   size_t MaxHeapSize                              = 2147483648                                {product} {ergonomic}
   size_t MaxNewSize                               = 1287651328                                {product} {ergonomic}
   size_t MinHeapDeltaBytes                        = 1048576                                   {product} {ergonomic}
   size_t MinHeapSize                              = 8388608                                   {product} {ergonomic}
    uintx NonNMethodCodeHeapSize                   = 5839564                                {pd product} {ergonomic}
    uintx NonProfiledCodeHeapSize                  = 122909338                              {pd product} {ergonomic}
    uintx ProfiledCodeHeapSize                     = 122909338                              {pd product} {ergonomic}
    uintx ReservedCodeCacheSize                    = 251658240                              {pd product} {ergonomic}
     bool SegmentedCodeCache                       = true                                      {product} {ergonomic}
   size_t SoftMaxHeapSize                          = 2147483648                             {manageable} {ergonomic}
     bool UseCompressedClassPointers               = true                           {product lp64_product} {ergonomic}
     bool UseCompressedOops                        = true                           {product lp64_product} {ergonomic}
     bool UseG1GC                                  = true                                      {product} {ergonomic}
     bool UseNUMA                                  = false                                     {product} {ergonomic}
     bool UseNUMAInterleaving                      = false                                     {product} {ergonomic}

Logging:
Log output configuration:
 #0: stdout all=warning uptime,level,tags
 #1: stderr all=off uptime,level,tags

Environment Variables:
PATH=/opt/homebrew/bin:/usr/local/bin:/usr/bin:/bin:/usr/sbin:/sbin
SHELL=/bin/zsh
LC_CTYPE=en_US.UTF-8

Signal Handlers:
   SIGSEGV: _ZL13crash_handleriP9__siginfoPv in libjvm.dylib, mask=11100110000111110111111111111111, flags=SA_RESTART|SA_SIGINFO
    SIGBUS: _ZL13crash_handleriP9__siginfoPv in libjvm.dylib, mask=11100110000111110111111111111111, flags=SA_RESTART|SA_SIGINFO
    SIGFPE: _ZL13crash_handleriP9__siginfoPv in libjvm.dylib, mask=11100110000111110111111111111111, flags=SA_RESTART|SA_SIGINFO
   SIGPIPE: _ZL17javaSignalHandleriP9__siginfoPv in libjvm.dylib, mask=11100110000111110111111111111111, flags=SA_RESTART|SA_SIGINFO
   SIGXFSZ: _ZL17javaSignalHandleriP9__siginfoPv in libjvm.dylib, mask=11100110000111110111111111111111, flags=SA_RESTART|SA_SIGINFO
    SIGILL: _ZL13crash_handleriP9__siginfoPv in libjvm.dylib, mask=11100110000111110111111111111111, flags=SA_RESTART|SA_SIGINFO
   SIGUSR2: _ZL10SR_handleriP9__siginfoP17__darwin_ucontext in libjvm.dylib, mask=00100000000000000000000000000000, flags=SA_RESTART|SA_SIGINFO
    SIGHUP: _ZL11UserHandleriPvS_ in libjvm.dylib, mask=11100110000111110111111111111111, flags=SA_RESTART|SA_SIGINFO
    SIGINT: _ZL11UserHandleriPvS_ in libjvm.dylib, mask=11100110000111110111111111111111, flags=SA_RESTART|SA_SIGINFO
   SIGTERM: _ZL11UserHandleriPvS_ in libjvm.dylib, mask=11100110000111110111111111111111, flags=SA_RESTART|SA_SIGINFO
   SIGQUIT: _ZL11UserHandleriPvS_ in libjvm.dylib, mask=11100110000111110111111111111111, flags=SA_RESTART|SA_SIGINFO
   SIGTRAP: _ZL13crash_handleriP9__siginfoPv in libjvm.dylib, mask=11100110000111110111111111111111, flags=SA_RESTART|SA_SIGINFO


---------------  S Y S T E M  ---------------

OS:
uname: Darwin 21.4.0 Darwin Kernel Version 21.4.0: Mon Feb 21 20:36:53 PST 2022; root:xnu-8020.101.4~2/RELEASE_ARM64_T8101 arm64
OS uptime: 5 days 10:45 hours
rlimit (soft/hard): STACK 8176k/65520k , CORE 0k/infinity , NPROC 1333/2000 , NOFILE 10240/infinity , AS infinity/infinity , CPU infinity/infinity , DATA infinity/infinity , FSIZE infinity/infinity , MEMLOCK infinity/infinity , RSS infinity/infinity
load average: 1.75 1.72 1.74

CPU: total 8 (initial active 8) 0x61:0x0:0x1b588bb3:0, fp, simd, crc, lse

Memory: 16k page, physical 8388608k(137120k free), swap 6291456k(1508608k free)

vm_info: OpenJDK 64-Bit Server VM (17.0.2+8-86) for bsd-aarch64 JRE (17.0.2+8-86), built on Dec  7 2021 21:45:06 by "mach5one" with clang Apple LLVM 12.0.0 (clang-1200.0.32.29)

END.
