#
# A fatal error has been detected by the Java Runtime Environment:
#
#  SIGBUS (0xa) at pc=0x000000010c2054f0, pid=17645, tid=30471
#
# JRE version: OpenJDK Runtime Environment (17.0.2+8) (build 17.0.2+8-86)
# Java VM: OpenJDK 64-Bit Server VM (17.0.2+8-86, mixed mode, sharing, tiered, compressed oops, compressed class ptrs, g1 gc, bsd-aarch64)
# Problematic frame:
# v  ~StubRoutines::SafeFetchN
#
# No core dump will be written. Core dumps have been disabled. To enable core dumping, try "ulimit -c unlimited" before starting Java again
#
# If you would like to submit a bug report, please visit:
#   https://bugreport.java.com/bugreport/crash.jsp
# The crash happened outside the Java Virtual Machine in native code.
# See problematic frame for where to report the bug.
#

---------------  S U M M A R Y ------------

Command Line: -javaagent:/Applications/IntelliJ IDEA.app/Contents/lib/idea_rt.jar=50347:/Applications/IntelliJ IDEA.app/Contents/bin -Dfile.encoding=UTF-8 --module-path=/Users/youssefgeorge/.m2/repository/org/openjfx/javafx-fxml/17.0.1/javafx-fxml-17.0.1-mac-aarch64.jar:/Users/youssefgeorge/.m2/repository/com/fasterxml/jackson/core/jackson-annotations/2.13.3/jackson-annotations-2.13.3.jar:/Users/youssefgeorge/.m2/repository/org/openjfx/javafx-controls/17.0.1/javafx-controls-17.0.1-mac-aarch64.jar:/Users/youssefgeorge/.m2/repository/com/fasterxml/jackson/core/jackson-core/2.13.3/jackson-core-2.13.3.jar:/Volumes/D/Uni/Semester 6/CSE338 SW Testing VV/Project/CSE338Project/target/classes:/Users/youssefgeorge/.m2/repository/org/json/json/20090211/json-20090211.jar:/Users/youssefgeorge/.m2/repository/com/fasterxml/jackson/core/jackson-databind/2.13.3/jackson-databind-2.13.3.jar:/Users/youssefgeorge/.m2/repository/org/jsoup/jsoup/1.15.1/jsoup-1.15.1.jar:/Users/youssefgeorge/.m2/repository/org/openjfx/javafx-graphics/17.0.1/javafx-graphics-17.0.1-mac-aarch64.jar:/Users/youssefgeorge/.m2/repository/org/openjfx/javafx-base/17.0.1/javafx-base-17.0.1-mac-aarch64.jar -Djdk.module.main=com.example.cse338project com.example.cse338project/com.example.cse338project.gui.Main

Host: "MacBookPro17,1" arm64 1 MHz, 8 cores, 8G, Darwin 21.4.0, macOS 12.3 (21E230)
Time: Tue May 24 23:05:51 2022 EET elapsed time: 7.425991 seconds (0d 0h 0m 7s)

---------------  T H R E A D  ---------------

Current thread (0x000000013f87dc00):  JavaThread "InvokeLaterDispatcher" daemon [_thread_in_native, id=30471, stack(0x0000000280210000,0x0000000280413000)]

Stack: [0x0000000280210000,0x0000000280413000],  sp=0x0000000280412780,  free space=2057k
Native frames: (J=compiled Java code, j=interpreted, Vv=VM code, C=native code)
v  ~StubRoutines::SafeFetchN
V  [libjvm.dylib+0x7a6bcc]  OopStorage::release(oopDesc* const*)+0x20
V  [libjvm.dylib+0x4ba824]  jni_DeleteGlobalRef+0xd8
C  [libglass.dylib+0xab08]  -[GlassRunnable dealloc]+0x34
C  [Foundation+0x85618]  -[_NSThreadPerformInfo dealloc]+0x30
C  [Foundation+0x5198c]  -[NSObject(NSThreadPerformAdditions) performSelectorOnMainThread:withObject:waitUntilDone:]+0x88
C  0xe96880010c20d8ac
j  com.sun.glass.ui.mac.MacApplication.submitForLaterInvocation(Ljava/lang/Runnable;)V+2 javafx.graphics
j  com.sun.glass.ui.InvokeLaterDispatcher.run()V+82 javafx.graphics
v  ~StubRoutines::call_stub
V  [libjvm.dylib+0x461d08]  JavaCalls::call_helper(JavaValue*, methodHandle const&, JavaCallArguments*, JavaThread*)+0x38c
V  [libjvm.dylib+0x460d24]  JavaCalls::call_virtual(JavaValue*, Klass*, Symbol*, Symbol*, JavaCallArguments*, JavaThread*)+0x11c
V  [libjvm.dylib+0x460df0]  JavaCalls::call_virtual(JavaValue*, Handle, Klass*, Symbol*, Symbol*, JavaThread*)+0x64
V  [libjvm.dylib+0x515f04]  thread_entry(JavaThread*, JavaThread*)+0xc4
V  [libjvm.dylib+0x9071ac]  JavaThread::thread_main_inner()+0x13c
V  [libjvm.dylib+0x9058c0]  Thread::call_run()+0x128
V  [libjvm.dylib+0x7ad7c8]  thread_native_entry(Thread*)+0x158
C  [libsystem_pthread.dylib+0x726c]  _pthread_start+0x94

Java frames: (J=compiled Java code, j=interpreted, Vv=VM code)
j  com.sun.glass.ui.mac.MacApplication._submitForLaterInvocation(Ljava/lang/Runnable;)V+0 javafx.graphics
j  com.sun.glass.ui.mac.MacApplication.submitForLaterInvocation(Ljava/lang/Runnable;)V+2 javafx.graphics
j  com.sun.glass.ui.InvokeLaterDispatcher.run()V+82 javafx.graphics
v  ~StubRoutines::call_stub

siginfo: si_signo: 10 (SIGBUS), si_code: 1 (BUS_ADRALN), si_addr: 0x000000010c2054f0

Register to memory mapping:

 x0=0x000000013f107a08 points into unknown readable memory: 0x0000000000000000 | 00 00 00 00 00 00 00 00
 x1=0x0 is NULL
 x2=0x0000000786d76200 is an oop: com.sun.glass.ui.InvokeLaterDispatcher$Future 
{0x0000000786d76200} - klass: 'com/sun/glass/ui/InvokeLaterDispatcher$Future'
 - ---- fields (total size 3 words):
 - private 'done' 'Z' @12  true
 - private final 'runnable' 'Ljava/lang/Runnable;' @16  a 'com/sun/javafx/tk/quantum/QuantumToolkit$$Lambda$111+0x0000000800c3a678'{0x000000078033c240} (f0067848)
 - final synthetic 'this$0' 'Lcom/sun/glass/ui/InvokeLaterDispatcher;' @20  a 'com/sun/glass/ui/InvokeLaterDispatcher'{0x00000007803477b8} (f0068ef7)
 x3=0x0 is NULL
 x4=0x00000000000130a8 is an unknown value
 x5=0x0 is NULL
 x6=0x0 is NULL
 x7=0x0 is NULL
 x8=0x000000010c2054ec is at begin+0 in a stub
StubRoutines::SafeFetchN [0x000000010c2054ec, 0x000000010c2054f8] (12 bytes)
 x9=0x0 is NULL
x10=0x2010000030300000 is an unknown value
x11=0x0000000000000007 is an unknown value
x12=0x0000000000000004 is an unknown value
x13=0x0000600002bbacb0 points into unknown readable memory: 0x4216000121ede9e8 | e8 e9 ed 21 01 00 16 42
x14=0x0000110000000000 is an unknown value
x15=0x0000000121f19f98: OBJC_CLASS_$_GlassRunnable+0 in /Users/youssefgeorge/.openjfx/cache/17.0.1/libglass.dylib at 0x0000000121ed4000
x16=0x00000001a2bd10fc: pthread_getspecific+0 in /usr/lib/system/libsystem_pthread.dylib at 0x00000001a2bcf000
x17=0x000060000218ab20 points into unknown readable memory: 0xfffffffffffffffe | fe ff ff ff ff ff ff ff
x18=0x0 is NULL
x19=0x0000600002e842a0 points into unknown readable memory: 0x00006000007941e0 | e0 41 79 00 00 60 00 00
x20=0x000000013f107800 points into unknown readable memory: 0x0000000000000000 | 00 00 00 00 00 00 00 00
x21=0x000000013f107a08 points into unknown readable memory: 0x0000000000000000 | 00 00 00 00 00 00 00 00
x22=0x000000013f87dc00 is a thread
x23=0x0000000000000001 is an unknown value
x24=0x000000013f1079c0 is a global jni handle
x25=0x00000001046c55e8: _ZN12StubRoutines17_safefetchN_entryE+0 in /Users/youssefgeorge/Library/Java/JavaVirtualMachines/openjdk-17.0.2/Contents/Home/lib/server/libjvm.dylib at 0x0000000103b14000
x26=0x000000012191a368 is pointing into metadata
x27=0x0 is NULL
x28=0x000000013f87dc00 is a thread


Registers:
 x0=0x000000013f107a08  x1=0x0000000000000000  x2=0x0000000786d76200  x3=0x0000000000000000
 x4=0x00000000000130a8  x5=0x0000000000000000  x6=0x0000000000000000  x7=0x0000000000000000
 x8=0x000000010c2054ec  x9=0x0000000000000000 x10=0x2010000030300000 x11=0x0000000000000007
x12=0x0000000000000004 x13=0x0000600002bbacb0 x14=0x0000110000000000 x15=0x0000000121f19f98
x16=0x00000001a2bd10fc x17=0x000060000218ab20 x18=0x0000000000000000 x19=0x0000600002e842a0
x20=0x000000013f107800 x21=0x000000013f107a08 x22=0x000000013f87dc00 x23=0x0000000000000001
x24=0x000000013f1079c0 x25=0x00000001046c55e8 x26=0x000000012191a368 x27=0x0000000000000000
x28=0x000000013f87dc00  fp=0x00000002804127c0  lr=0x00000001042b999c  sp=0x0000000280412780
pc=0x000000010c2054f0 cpsr=0x0000000060001000
Top of Stack: (sp=0x0000000280412780)
0x0000000280412780:   000000012191a368 0000000000000001
0x0000000280412790:   0000000280412988 0000000000000000
0x00000002804127a0:   000000013f8f54a8 000000013f1079c8
0x00000002804127b0:   000000013f1079c8 0000600002e842a0
0x00000002804127c0:   0000000280412800 00000001042babcc
0x00000002804127d0:   0000000000000001 000000013f1079c8
0x00000002804127e0:   000000013f8f54a8 000000013f1079c8
0x00000002804127f0:   0000000000000001 000000013f8f5200
0x0000000280412800:   0000000280412840 0000000103fce824
0x0000000280412810:   0000000280412988 0000600000789ce0
0x0000000280412820:   0000600000789ab0 00000001ecc95be0
0x0000000280412830:   0000000000000000 0000600000789ab0
0x0000000280412840:   0000000280412870 0000000121edeb08
0x0000000280412850:   61b5d5c376850016 0000000000000000
0x0000000280412860:   0000000000000000 0000600001f94340
0x0000000280412870:   00000002804128b0 00000001a3b9e618
0x0000000280412880:   0000000280412988 0000600000789ce0
0x0000000280412890:   0000600000789ab0 61b5d5c376850016
0x00000002804128a0:   0000000000000000 0000000000000000
0x00000002804128b0:   00000002804128f0 4f188001a3b6a98c
0x00000002804128c0:   0000000280412988 000000010c20c7c0
0x00000002804128d0:   0000000000000000 00000001046ccfa8
0x00000002804128e0:   0000000280412900 000000010c20b730
0x00000002804128f0:   0000000280412960 e96880010c20d8ac
0x0000000280412900:   0000000000000001 0000000786d761e0
0x0000000280412910:   0000000280412910 0000000000000000
0x0000000280412920:   0000000280412988 000000012191a368
0x0000000280412930:   000000078036d548 0000000000000000
0x0000000280412940:   0000000000000000 00000001218f3868
0x0000000280412950:   0000000000000000 0000000280412960
0x0000000280412960:   00000002804129e0 000000010c209fc8
0x0000000280412970:   0000000000000000 0000000000000000 

Instructions: (pc=0x000000010c2054f0)
0x000000010c2053f0:   f2a08d29 f2c00029 6d425935 1e640886
0x000000010c205400:   0c402d31 1e6408c7 1f5654d0 1e6c1017
0x000000010c205410:   1f5050d0 1f504cd0 1f5048d0 1e650af6
0x000000010c205420:   1f50d8f6 1f5694d6 1f5158f6 1e762880
0x000000010c205430:   36000501 1e614000 14000026 2e251ca5
0x000000010c205440:   d2843009 f2a08d29 f2c00029 6d425d36
0x000000010c205450:   1e600806 0c402d32 1f5758c7 1e6c101a
0x000000010c205460:   1f4754c7 1e650805 1f4750c7 d2866668
0x000000010c205470:   f2a7fa68 1f474cc7 1e6608c0 1f4748c7
0x000000010c205480:   1e6e1019 eb08007f 540000ac 1f479400
0x000000010c205490:   1f460340 1e603b20 1400000e d2a7fd29
0x000000010c2054a0:   eb09007f 540000ac 51480069 d3607d29
0x000000010c2054b0:   9e670121 14000002 1e6a5001 1f679417
0x000000010c2054c0:   1f668742 1e613b23 1e773857 1e773860
0x000000010c2054d0:   a8c17ff3 910003bf a8c17bfd d65f03c0
0x000000010c2054e0:   b9400001 aa0103e0 d65f03c0 f9400001
0x000000010c2054f0:   aa0103e0 d65f03c0 00000000 00000000
0x000000010c205500:   00000000 00000000 00000000 00000000
0x000000010c205510:   00000000 00000000 00000000 00000000
0x000000010c205520:   00000000 00000000 00000000 00000000
0x000000010c205530:   00000000 00000000 00000000 00000000
0x000000010c205540:   00000000 00000000 00000000 00000000
0x000000010c205550:   00000000 00000000 00000000 00000000
0x000000010c205560:   00000000 00000000 00000000 00000000
0x000000010c205570:   00000000 00000000 00000000 00000000
0x000000010c205580:   00000000 00000000 00000000 00000000
0x000000010c205590:   00000000 00000000 00000000 00000000
0x000000010c2055a0:   00000000 00000000 00000000 00000000
0x000000010c2055b0:   00000000 00000000 00000000 00000000
0x000000010c2055c0:   00000000 00000000 00000000 00000000
0x000000010c2055d0:   00000000 00000000 00000000 00000000
0x000000010c2055e0:   00000000 00000000 00000000 00000000 


Stack slot to memory mapping:
stack at sp + 0 slots: 0x000000012191a368 is pointing into metadata
stack at sp + 1 slots: 0x0000000000000001 is an unknown value
stack at sp + 2 slots: 0x0000000280412988 is pointing into the stack for thread: 0x000000013f87dc00
stack at sp + 3 slots: 0x0 is NULL
stack at sp + 4 slots: 0x000000013f8f54a8 points into unknown readable memory: 0x0000000104682738 | 38 27 68 04 01 00 00 00
stack at sp + 5 slots: 0x000000013f1079c8 is a global jni handle
stack at sp + 6 slots: 0x000000013f1079c8 is a global jni handle
stack at sp + 7 slots: 0x0000600002e842a0 points into unknown readable memory: 0x00006000007941e0 | e0 41 79 00 00 60 00 00

StubRoutines::SafeFetchN [0x000000010c2054ec, 0x000000010c2054f8] (12 bytes)
[MachCode]
  0x000000010c2054ec: 0100 40f9 | e003 01aa | c003 5fd6 
[/MachCode]

---------------  P R O C E S S  ---------------

Threads class SMR info:
_java_thread_list=0x00006000004b7ce0, length=23, elements={
0x000000012f808200, 0x000000013e883400, 0x000000012200a400, 0x0000000148049a00,
0x0000000148012800, 0x000000014804d000, 0x000000014804d600, 0x000000012f008200,
0x000000013e885a00, 0x000000014804e600, 0x000000013f812a00, 0x000000013f812200,
0x0000000122009e00, 0x000000013f87dc00, 0x000000013f8f5200, 0x000000012213d200,
0x0000000122155200, 0x000000012241ae00, 0x000000013eb17600, 0x000000013ed93a00,
0x000000012280a600, 0x000000014814ee00, 0x0000000122456000
}

Java Threads: ( => current thread )
  0x000000012f808200 JavaThread "main" [_thread_blocked, id=9475, stack(0x000000016d650000,0x000000016d853000)]
  0x000000013e883400 JavaThread "Reference Handler" daemon [_thread_blocked, id=17411, stack(0x000000016e4a4000,0x000000016e6a7000)]
  0x000000012200a400 JavaThread "Finalizer" daemon [_thread_blocked, id=17155, stack(0x000000016e6b0000,0x000000016e8b3000)]
  0x0000000148049a00 JavaThread "Signal Dispatcher" daemon [_thread_blocked, id=42755, stack(0x000000016e9d4000,0x000000016ebd7000)]
  0x0000000148012800 JavaThread "Service Thread" daemon [_thread_blocked, id=42243, stack(0x000000016ebe0000,0x000000016ede3000)]
  0x000000014804d000 JavaThread "Monitor Deflation Thread" daemon [_thread_blocked, id=23555, stack(0x000000016edec000,0x000000016efef000)]
  0x000000014804d600 JavaThread "C2 CompilerThread0" daemon [_thread_blocked, id=24067, stack(0x000000016eff8000,0x000000016f1fb000)]
  0x000000012f008200 JavaThread "C1 CompilerThread0" daemon [_thread_blocked, id=24579, stack(0x000000016f204000,0x000000016f407000)]
  0x000000013e885a00 JavaThread "Sweeper thread" daemon [_thread_blocked, id=25091, stack(0x000000016f410000,0x000000016f613000)]
  0x000000014804e600 JavaThread "Common-Cleaner" daemon [_thread_blocked, id=41731, stack(0x000000016f61c000,0x000000016f81f000)]
  0x000000013f812a00 JavaThread "Monitor Ctrl-Break" daemon [_thread_in_native, id=41219, stack(0x000000016f828000,0x000000016fa2b000)]
  0x000000013f812200 JavaThread "Notification Thread" daemon [_thread_blocked, id=40963, stack(0x000000016fa34000,0x000000016fc37000)]
  0x0000000122009e00 JavaThread "QuantumRenderer-0" daemon [_thread_blocked, id=25859, stack(0x0000000280004000,0x0000000280207000)]
=>0x000000013f87dc00 JavaThread "InvokeLaterDispatcher" daemon [_thread_in_native, id=30471, stack(0x0000000280210000,0x0000000280413000)]
  0x000000013f8f5200 JavaThread "JavaFX Application Thread" [_thread_in_vm, id=259, stack(0x000000016cdc8000,0x000000016d5c4000)]
  0x000000012213d200 JavaThread "JavaFX-Launcher" [_thread_blocked, id=71427, stack(0x0000000280534000,0x0000000280737000)]
  0x0000000122155200 JavaThread "Keep-Alive-Timer" daemon [_thread_blocked, id=78347, stack(0x000000028117c000,0x000000028137f000)]
  0x000000012241ae00 JavaThread "Thread-4" [_thread_in_native, id=57347, stack(0x0000000281388000,0x000000028158b000)]
  0x000000013eb17600 JavaThread "Thread-5" [_thread_in_native, id=68867, stack(0x0000000281594000,0x0000000281797000)]
  0x000000013ed93a00 JavaThread "PulseTimer-CVDisplayLink thread" daemon [_thread_in_native, id=68611, stack(0x000000028041c000,0x000000028049f000)]
  0x000000012280a600 JavaThread "Attach Listener" daemon [_thread_blocked, id=59651, stack(0x00000002821dc000,0x00000002823df000)]
  0x000000014814ee00 JavaThread "Prism Font Disposer" daemon [_thread_blocked, id=65803, stack(0x00000002823e8000,0x00000002825eb000)]
  0x0000000122456000 JavaThread "Cleaner-0" daemon [_thread_blocked, id=89875, stack(0x000000028288c000,0x0000000282a8f000)]

Other Threads:
  0x000000013f007430 VMThread "VM Thread" [stack: 0x000000016e298000,0x000000016e49b000] [id=15875]
  0x000000013f10d350 WatcherThread [stack: 0x000000016fc40000,0x000000016fe43000] [id=25603]
  0x000000013f106920 GCTaskThread "GC Thread#0" [stack: 0x000000016d85c000,0x000000016da5f000] [id=20227]
  0x000000013e636340 GCTaskThread "GC Thread#1" [stack: 0x0000000280740000,0x0000000280943000] [id=70659]
  0x000000013e636c10 GCTaskThread "GC Thread#2" [stack: 0x000000028094c000,0x0000000280b4f000] [id=56323]
  0x000000013f125de0 GCTaskThread "GC Thread#3" [stack: 0x0000000280b58000,0x0000000280d5b000] [id=56835]
  0x000000013f126260 GCTaskThread "GC Thread#4" [stack: 0x0000000280d64000,0x0000000280f67000] [id=57091]
  0x000000013f1266e0 GCTaskThread "GC Thread#5" [stack: 0x0000000280f70000,0x0000000281173000] [id=69891]
  0x000000013f03ef10 GCTaskThread "GC Thread#6" [stack: 0x00000002817a0000,0x00000002819a3000] [id=67847]
  0x000000013f03f4b0 GCTaskThread "GC Thread#7" [stack: 0x00000002819ac000,0x0000000281baf000] [id=58627]
  0x000000013f106fd0 ConcurrentGCThread "G1 Main Marker" [stack: 0x000000016da68000,0x000000016dc6b000] [id=19971]
  0x000000013e704540 ConcurrentGCThread "G1 Conc#0" [stack: 0x000000016dc74000,0x000000016de77000] [id=13315]
  0x000000013f1434d0 ConcurrentGCThread "G1 Conc#1" [stack: 0x00000002825f4000,0x00000002827f7000] [id=60419]
  0x000000013e607cc0 ConcurrentGCThread "G1 Refine#0" [stack: 0x000000016de80000,0x000000016e083000] [id=13827]
  0x000000013f13fe00 ConcurrentGCThread "G1 Refine#1" [stack: 0x0000000281bb8000,0x0000000281dbb000] [id=58883]
  0x0000000121334ea0 ConcurrentGCThread "G1 Refine#2" [stack: 0x0000000281dc4000,0x0000000281fc7000] [id=66563]
  0x0000000103a06bc0 ConcurrentGCThread "G1 Refine#3" [stack: 0x0000000281fd0000,0x00000002821d3000] [id=59395]
  0x000000013e608560 ConcurrentGCThread "G1 Service" [stack: 0x000000016e08c000,0x000000016e28f000] [id=18947]

Threads with active compile tasks:

VM state: not at safepoint (normal execution)

VM Mutex/Monitor currently owned by a thread: None

Heap address: 0x0000000780000000, size: 2048 MB, Compressed Oops mode: Zero based, Oop shift amount: 3

CDS archive(s) mapped at: [0x0000000800000000-0x0000000800bd4000-0x0000000800bd4000), size 12402688, SharedBaseAddress: 0x0000000800000000, ArchiveRelocationMode: 0.
Compressed class space mapped at: 0x0000000800c00000-0x0000000840c00000, reserved size: 1073741824
Narrow klass base: 0x0000000800000000, Narrow klass shift: 0, Narrow klass range: 0x100000000

GC Precious Log:
 CPUs: 8 total, 8 available
 Memory: 8192M
 Large Page Support: Disabled
 NUMA Support: Disabled
 Compressed Oops: Enabled (Zero based)
 Heap Region Size: 1M
 Heap Min Capacity: 8M
 Heap Initial Capacity: 128M
 Heap Max Capacity: 2G
 Pre-touch: Disabled
 Parallel Workers: 8
 Concurrent Workers: 2
 Concurrent Refinement Workers: 8
 Periodic GC: Disabled

Heap:
 garbage-first heap   total 65536K, used 38735K [0x0000000780000000, 0x0000000800000000)
  region size 1024K, 27 young (27648K), 10 survivors (10240K)
 Metaspace       used 26534K, committed 26816K, reserved 1073152K
  class space    used 3675K, committed 3840K, reserved 1048576K

Heap Regions: E=young(eden), S=young(survivor), O=old, HS=humongous(starts), HC=humongous(continues), CS=collection set, F=free, OA=open archive, CA=closed archive, TAMS=top-at-mark-start (previous, next)
|   0|0x0000000780000000, 0x0000000780100000, 0x0000000780100000|100%| O|  |TAMS 0x0000000780100000, 0x0000000780000000| Untracked 
|   1|0x0000000780100000, 0x0000000780200000, 0x0000000780200000|100%| O|  |TAMS 0x0000000780200000, 0x0000000780100000| Untracked 
|   2|0x0000000780200000, 0x0000000780300000, 0x0000000780300000|100%| O|  |TAMS 0x0000000780300000, 0x0000000780200000| Untracked 
|   3|0x0000000780300000, 0x0000000780400000, 0x0000000780400000|100%| O|  |TAMS 0x000000078030a200, 0x0000000780300000| Untracked 
|   4|0x0000000780400000, 0x0000000780500000, 0x0000000780500000|100%| O|  |TAMS 0x0000000780400000, 0x0000000780400000| Untracked 
|   5|0x0000000780500000, 0x00000007805f0400, 0x0000000780600000| 93%| O|  |TAMS 0x0000000780500000, 0x0000000780500000| Untracked 
|   6|0x0000000780600000, 0x0000000780700000, 0x0000000780700000|100%|HS|  |TAMS 0x0000000780600000, 0x0000000780600000| Complete 
|   7|0x0000000780700000, 0x0000000780800000, 0x0000000780800000|100%|HC|  |TAMS 0x0000000780700000, 0x0000000780700000| Complete 
|   8|0x0000000780800000, 0x0000000780900000, 0x0000000780900000|100%| O|  |TAMS 0x0000000780800000, 0x0000000780800000| Untracked 
|   9|0x0000000780900000, 0x0000000780a00000, 0x0000000780a00000|100%| O|  |TAMS 0x0000000780900000, 0x0000000780900000| Untracked 
|  10|0x0000000780a00000, 0x0000000780b00000, 0x0000000780b00000|100%| O|  |TAMS 0x0000000780a00000, 0x0000000780a00000| Untracked 
|  11|0x0000000780b00000, 0x0000000780b44200, 0x0000000780c00000| 26%| O|  |TAMS 0x0000000780b00000, 0x0000000780b00000| Untracked 
|  12|0x0000000780c00000, 0x0000000780ca7840, 0x0000000780d00000| 65%| S|CS|TAMS 0x0000000780c00000, 0x0000000780c00000| Complete 
|  13|0x0000000780d00000, 0x0000000780e00000, 0x0000000780e00000|100%| S|CS|TAMS 0x0000000780d00000, 0x0000000780d00000| Complete 
|  14|0x0000000780e00000, 0x0000000780f00000, 0x0000000780f00000|100%| S|CS|TAMS 0x0000000780e00000, 0x0000000780e00000| Complete 
|  15|0x0000000780f00000, 0x0000000781000000, 0x0000000781000000|100%| S|CS|TAMS 0x0000000780f00000, 0x0000000780f00000| Complete 
|  16|0x0000000781000000, 0x0000000781100000, 0x0000000781100000|100%| S|CS|TAMS 0x0000000781000000, 0x0000000781000000| Complete 
|  17|0x0000000781100000, 0x0000000781200000, 0x0000000781200000|100%| S|CS|TAMS 0x0000000781100000, 0x0000000781100000| Complete 
|  18|0x0000000781200000, 0x0000000781300000, 0x0000000781300000|100%| S|CS|TAMS 0x0000000781200000, 0x0000000781200000| Complete 
|  19|0x0000000781300000, 0x0000000781400000, 0x0000000781400000|100%| S|CS|TAMS 0x0000000781300000, 0x0000000781300000| Complete 
|  20|0x0000000781400000, 0x0000000781500000, 0x0000000781500000|100%| S|CS|TAMS 0x0000000781400000, 0x0000000781400000| Complete 
|  21|0x0000000781500000, 0x0000000781600000, 0x0000000781600000|100%| S|CS|TAMS 0x0000000781500000, 0x0000000781500000| Complete 
|  22|0x0000000781600000, 0x0000000781600000, 0x0000000781700000|  0%| F|  |TAMS 0x0000000781600000, 0x0000000781600000| Untracked 
|  23|0x0000000781700000, 0x0000000781700000, 0x0000000781800000|  0%| F|  |TAMS 0x0000000781700000, 0x0000000781700000| Untracked 
|  24|0x0000000781800000, 0x0000000781800000, 0x0000000781900000|  0%| F|  |TAMS 0x0000000781800000, 0x0000000781800000| Untracked 
|  25|0x0000000781900000, 0x0000000781900000, 0x0000000781a00000|  0%| F|  |TAMS 0x0000000781900000, 0x0000000781900000| Untracked 
|  26|0x0000000781a00000, 0x0000000781a00000, 0x0000000781b00000|  0%| F|  |TAMS 0x0000000781a00000, 0x0000000781a00000| Untracked 
|  27|0x0000000781b00000, 0x0000000781b00000, 0x0000000781c00000|  0%| F|  |TAMS 0x0000000781b00000, 0x0000000781b00000| Untracked 
|  28|0x0000000781c00000, 0x0000000781c00000, 0x0000000781d00000|  0%| F|  |TAMS 0x0000000781c00000, 0x0000000781c00000| Untracked 
|  29|0x0000000781d00000, 0x0000000781d00000, 0x0000000781e00000|  0%| F|  |TAMS 0x0000000781d00000, 0x0000000781d00000| Untracked 
|  30|0x0000000781e00000, 0x0000000781e00000, 0x0000000781f00000|  0%| F|  |TAMS 0x0000000781e00000, 0x0000000781e00000| Untracked 
|  31|0x0000000781f00000, 0x0000000781f00000, 0x0000000782000000|  0%| F|  |TAMS 0x0000000781f00000, 0x0000000781f00000| Untracked 
|  32|0x0000000782000000, 0x0000000782000000, 0x0000000782100000|  0%| F|  |TAMS 0x0000000782000000, 0x0000000782000000| Untracked 
|  33|0x0000000782100000, 0x0000000782100000, 0x0000000782200000|  0%| F|  |TAMS 0x0000000782100000, 0x0000000782100000| Untracked 
|  34|0x0000000782200000, 0x0000000782200000, 0x0000000782300000|  0%| F|  |TAMS 0x0000000782200000, 0x0000000782200000| Untracked 
|  35|0x0000000782300000, 0x0000000782300000, 0x0000000782400000|  0%| F|  |TAMS 0x0000000782300000, 0x0000000782300000| Untracked 
|  36|0x0000000782400000, 0x0000000782400000, 0x0000000782500000|  0%| F|  |TAMS 0x0000000782400000, 0x0000000782400000| Untracked 
|  37|0x0000000782500000, 0x0000000782500000, 0x0000000782600000|  0%| F|  |TAMS 0x0000000782500000, 0x0000000782500000| Untracked 
|  38|0x0000000782600000, 0x0000000782600000, 0x0000000782700000|  0%| F|  |TAMS 0x0000000782600000, 0x0000000782600000| Untracked 
|  39|0x0000000782700000, 0x0000000782700000, 0x0000000782800000|  0%| F|  |TAMS 0x0000000782700000, 0x0000000782700000| Untracked 
|  40|0x0000000782800000, 0x0000000782800000, 0x0000000782900000|  0%| F|  |TAMS 0x0000000782800000, 0x0000000782800000| Untracked 
|  41|0x0000000782900000, 0x0000000782900000, 0x0000000782a00000|  0%| F|  |TAMS 0x0000000782900000, 0x0000000782900000| Untracked 
|  42|0x0000000782a00000, 0x0000000782a00000, 0x0000000782b00000|  0%| F|  |TAMS 0x0000000782a00000, 0x0000000782a00000| Untracked 
|  43|0x0000000782b00000, 0x0000000782b00000, 0x0000000782c00000|  0%| F|  |TAMS 0x0000000782b00000, 0x0000000782b00000| Untracked 
|  44|0x0000000782c00000, 0x0000000782c00000, 0x0000000782d00000|  0%| F|  |TAMS 0x0000000782c00000, 0x0000000782c00000| Untracked 
|  45|0x0000000782d00000, 0x0000000782d6a930, 0x0000000782e00000| 41%| E|  |TAMS 0x0000000782d00000, 0x0000000782d00000| Complete 
|  46|0x0000000782e00000, 0x0000000782f00000, 0x0000000782f00000|100%| E|CS|TAMS 0x0000000782e00000, 0x0000000782e00000| Complete 
|  47|0x0000000782f00000, 0x0000000783000000, 0x0000000783000000|100%| E|CS|TAMS 0x0000000782f00000, 0x0000000782f00000| Complete 
|  48|0x0000000783000000, 0x0000000783100000, 0x0000000783100000|100%| E|CS|TAMS 0x0000000783000000, 0x0000000783000000| Complete 
|  49|0x0000000783100000, 0x0000000783200000, 0x0000000783200000|100%| E|CS|TAMS 0x0000000783100000, 0x0000000783100000| Complete 
|  50|0x0000000783200000, 0x0000000783300000, 0x0000000783300000|100%| E|CS|TAMS 0x0000000783200000, 0x0000000783200000| Complete 
| 101|0x0000000786500000, 0x0000000786600000, 0x0000000786600000|100%| E|CS|TAMS 0x0000000786500000, 0x0000000786500000| Complete 
| 102|0x0000000786600000, 0x0000000786700000, 0x0000000786700000|100%| E|CS|TAMS 0x0000000786600000, 0x0000000786600000| Complete 
| 103|0x0000000786700000, 0x0000000786800000, 0x0000000786800000|100%| E|CS|TAMS 0x0000000786700000, 0x0000000786700000| Complete 
| 104|0x0000000786800000, 0x0000000786900000, 0x0000000786900000|100%| E|CS|TAMS 0x0000000786800000, 0x0000000786800000| Complete 
| 105|0x0000000786900000, 0x0000000786a00000, 0x0000000786a00000|100%| E|CS|TAMS 0x0000000786900000, 0x0000000786900000| Complete 
| 106|0x0000000786a00000, 0x0000000786b00000, 0x0000000786b00000|100%| E|CS|TAMS 0x0000000786a00000, 0x0000000786a00000| Complete 
| 107|0x0000000786b00000, 0x0000000786c00000, 0x0000000786c00000|100%| E|CS|TAMS 0x0000000786b00000, 0x0000000786b00000| Complete 
| 108|0x0000000786c00000, 0x0000000786d00000, 0x0000000786d00000|100%| E|CS|TAMS 0x0000000786c00000, 0x0000000786c00000| Complete 
| 109|0x0000000786d00000, 0x0000000786e00000, 0x0000000786e00000|100%| E|CS|TAMS 0x0000000786d00000, 0x0000000786d00000| Complete 
| 126|0x0000000787e00000, 0x0000000787f00000, 0x0000000787f00000|100%| E|CS|TAMS 0x0000000787e00000, 0x0000000787e00000| Complete 
| 127|0x0000000787f00000, 0x0000000788000000, 0x0000000788000000|100%| E|CS|TAMS 0x0000000787f00000, 0x0000000787f00000| Complete 
|2046|0x00000007ffe00000, 0x00000007ffe78000, 0x00000007fff00000| 46%|OA|  |TAMS 0x00000007ffe78000, 0x00000007ffe00000| Untracked 
|2047|0x00000007fff00000, 0x00000007fff80000, 0x0000000800000000| 50%|CA|  |TAMS 0x00000007fff80000, 0x00000007fff00000| Untracked 

Card table byte_map: [0x00000001031e0000,0x00000001035e0000] _byte_map_base: 0x00000000ff5e0000

Marking Bits (Prev, Next): (CMBitMap*) 0x0000000148039450, (CMBitMap*) 0x0000000148039410
 Prev Bits: [0x000000011d204000, 0x000000011f204000)
 Next Bits: [0x000000011b204000, 0x000000011d204000)

Polling page: 0x00000001029c0000

Metaspace:

Usage:
  Non-class:     22.32 MB used.
      Class:      3.59 MB used.
       Both:     25.91 MB used.

Virtual space:
  Non-class space:       24.00 MB reserved,      22.44 MB ( 93%) committed,  3 nodes.
      Class space:        1.00 GB reserved,       3.75 MB ( <1%) committed,  1 nodes.
             Both:        1.02 GB reserved,      26.19 MB (  2%) committed. 

Chunk freelists:
   Non-Class:  1.14 MB
       Class:  304.00 KB
        Both:  1.44 MB

MaxMetaspaceSize: unlimited
CompressedClassSpaceSize: 1.00 GB
Initial GC threshold: 21.00 MB
Current GC threshold: 35.31 MB
CDS: on
MetaspaceReclaimPolicy: balanced
 - commit_granule_bytes: 65536.
 - commit_granule_words: 8192.
 - virtual_space_node_default_size: 1048576.
 - enlarge_chunks_in_place: 1.
 - new_chunks_are_fully_committed: 0.
 - uncommit_free_chunks: 1.
 - use_allocation_guard: 0.
 - handle_deallocations: 1.


Internal statistics:

num_allocs_failed_limit: 3.
num_arena_births: 272.
num_arena_deaths: 0.
num_vsnodes_births: 4.
num_vsnodes_deaths: 0.
num_space_committed: 419.
num_space_uncommitted: 0.
num_chunks_returned_to_freelist: 3.
num_chunks_taken_from_freelist: 987.
num_chunk_merges: 0.
num_chunk_splits: 691.
num_chunks_enlarged: 518.
num_purges: 0.
num_inconsistent_stats: 0.

CodeHeap 'non-profiled nmethods': size=120032Kb used=1922Kb max_used=1922Kb free=118110Kb
 bounds [0x0000000113ccc000, 0x0000000113f3c000, 0x000000011b204000]
CodeHeap 'profiled nmethods': size=120016Kb used=10016Kb max_used=10016Kb free=109999Kb
 bounds [0x000000010c798000, 0x000000010d168000, 0x0000000113ccc000]
CodeHeap 'non-nmethods': size=5712Kb used=1439Kb max_used=1555Kb free=4272Kb
 bounds [0x000000010c204000, 0x000000010c474000, 0x000000010c798000]
 total_blobs=5782 nmethods=4939 adapters=758
 compilation: enabled
              stopped_count=0, restarted_count=0
 full_count=0

Compilation events (20 events):
Event: 7.213 Thread 0x000000012f008200 5052       3       com.sun.crypto.provider.GaloisCounterMode$GCMEngine::<init> (132 bytes)
Event: 7.214 Thread 0x000000012f008200 nmethod 5052 0x000000010d15ae90 code [0x000000010d15b100, 0x000000010d15bbf8]
Event: 7.233 Thread 0x000000014804d600 5053       4       com.sun.javafx.iio.png.PNGImageLoader2::doPaethFilter (91 bytes)
Event: 7.234 Thread 0x000000012f008200 5056 %     3       com.sun.javafx.image.impl.ByteBgra$ToByteBgraPreConv::doConvert @ 27 (214 bytes)
Event: 7.235 Thread 0x000000012f008200 nmethod 5056% 0x000000010d15bf10 code [0x000000010d15c100, 0x000000010d15c6e8]
Event: 7.235 Thread 0x000000012f008200 5057 %     3       com.sun.javafx.image.impl.BaseByteToByteConverter$FourByteReorderer::doConvert @ 27 (138 bytes)
Event: 7.235 Thread 0x000000012f008200 nmethod 5057% 0x000000010d15c910 code [0x000000010d15cb00, 0x000000010d15d068]
Event: 7.235 Thread 0x000000012f008200 5058       3       org.jsoup.nodes.Element$1::head (88 bytes)
Event: 7.236 Thread 0x000000012f008200 nmethod 5058 0x000000010d15d310 code [0x000000010d15d600, 0x000000010d15e3a8]
Event: 7.236 Thread 0x000000012f008200 5059       3       org.jsoup.nodes.Element$1::tail (50 bytes)
Event: 7.237 Thread 0x000000012f008200 nmethod 5059 0x000000010d15e790 code [0x000000010d15ea40, 0x000000010d15f538]
Event: 7.243 Thread 0x000000014804d600 nmethod 5053 0x0000000113eab790 code [0x0000000113eab940, 0x0000000113eabeb0]
Event: 7.243 Thread 0x000000014804d600 5055 %     4       com.sun.javafx.iio.png.PNGImageLoader2::doSubFilter @ 6 (35 bytes)
Event: 7.245 Thread 0x000000014804d600 nmethod 5055% 0x0000000113eac010 code [0x0000000113eac1c0, 0x0000000113eac3a0]
Event: 7.406 Thread 0x000000012f008200 5060       3       sun.util.logging.PlatformLogger::isLoggable (23 bytes)
Event: 7.406 Thread 0x000000012f008200 nmethod 5060 0x000000010d15f890 code [0x000000010d15fa40, 0x000000010d15fd48]
Event: 7.406 Thread 0x000000012f008200 5062       3       java.lang.Math::subtractExact (26 bytes)
Event: 7.407 Thread 0x000000012f008200 nmethod 5062 0x000000010d15fe90 code [0x000000010d160040, 0x000000010d160218]
Event: 7.407 Thread 0x000000012f008200 5061       1       sun.security.ssl.SSLCipher$T13GcmWriteCipherGenerator$GcmWriteCipher::getExplicitNonceSize (2 bytes)
Event: 7.407 Thread 0x000000012f008200 nmethod 5061 0x0000000113eac510 code [0x0000000113eac680, 0x0000000113eac768]

GC Heap History (8 events):
Event: 0.371 GC heap before
{Heap before GC invocations=0 (full 0):
 garbage-first heap   total 133120K, used 23520K [0x0000000780000000, 0x0000000800000000)
  region size 1024K, 23 young (23552K), 0 survivors (0K)
 Metaspace       used 7008K, committed 7168K, reserved 1056768K
  class space    used 849K, committed 896K, reserved 1048576K
}
Event: 0.373 GC heap after
{Heap after GC invocations=1 (full 0):
 garbage-first heap   total 133120K, used 4203K [0x0000000780000000, 0x0000000800000000)
  region size 1024K, 3 young (3072K), 3 survivors (3072K)
 Metaspace       used 7008K, committed 7168K, reserved 1056768K
  class space    used 849K, committed 896K, reserved 1048576K
}
Event: 1.091 GC heap before
{Heap before GC invocations=1 (full 0):
 garbage-first heap   total 133120K, used 45163K [0x0000000780000000, 0x0000000800000000)
  region size 1024K, 43 young (44032K), 3 survivors (3072K)
 Metaspace       used 18742K, committed 19008K, reserved 1073152K
  class space    used 2433K, committed 2560K, reserved 1048576K
}
Event: 1.097 GC heap after
{Heap after GC invocations=2 (full 0):
 garbage-first heap   total 133120K, used 10248K [0x0000000780000000, 0x0000000800000000)
  region size 1024K, 6 young (6144K), 6 survivors (6144K)
 Metaspace       used 18742K, committed 19008K, reserved 1073152K
  class space    used 2433K, committed 2560K, reserved 1048576K
}
Event: 1.236 GC heap before
{Heap before GC invocations=2 (full 0):
 garbage-first heap   total 133120K, used 27656K [0x0000000780000000, 0x0000000800000000)
  region size 1024K, 24 young (24576K), 6 survivors (6144K)
 Metaspace       used 21253K, committed 21504K, reserved 1073152K
  class space    used 2944K, committed 3072K, reserved 1048576K
}
Event: 1.240 GC heap after
{Heap after GC invocations=3 (full 0):
 garbage-first heap   total 133120K, used 15571K [0x0000000780000000, 0x0000000800000000)
  region size 1024K, 9 young (9216K), 9 survivors (9216K)
 Metaspace       used 21253K, committed 21504K, reserved 1073152K
  class space    used 2944K, committed 3072K, reserved 1048576K
}
Event: 1.577 GC heap before
{Heap before GC invocations=4 (full 0):
 garbage-first heap   total 65536K, used 48339K [0x0000000780000000, 0x0000000800000000)
  region size 1024K, 40 young (40960K), 9 survivors (9216K)
 Metaspace       used 25669K, committed 26048K, reserved 1073152K
  class space    used 3655K, committed 3840K, reserved 1048576K
}
Event: 1.582 GC heap after
{Heap after GC invocations=5 (full 0):
 garbage-first heap   total 65536K, used 22351K [0x0000000780000000, 0x0000000800000000)
  region size 1024K, 10 young (10240K), 10 survivors (10240K)
 Metaspace       used 25669K, committed 26048K, reserved 1073152K
  class space    used 3655K, committed 3840K, reserved 1048576K
}

Deoptimization events (20 events):
Event: 2.985 Thread 0x0000000122009e00 DEOPT PACKING pc=0x000000010cef5d8c sp=0x0000000280204830
Event: 2.985 Thread 0x0000000122009e00 DEOPT UNPACKING pc=0x000000010c242b7c sp=0x00000002802044d0 mode 0
Event: 3.422 Thread 0x000000012241ae00 Uncommon trap: trap_request=0xffffffcc fr.pc=0x0000000113e70ae4 relative=0x00000000000018a4
Event: 3.422 Thread 0x000000012241ae00 Uncommon trap: reason=intrinsic_or_type_checked_inlining action=make_not_entrant pc=0x0000000113e70ae4 method=java.util.ArrayList$SubList.toArray([Ljava/lang/Object;)[Ljava/lang/Object; @ 58 c2
Event: 3.422 Thread 0x000000012241ae00 DEOPT PACKING pc=0x0000000113e70ae4 sp=0x0000000281589510
Event: 3.422 Thread 0x000000012241ae00 DEOPT UNPACKING pc=0x000000010c242d1c sp=0x0000000281589420 mode 2
Event: 3.477 Thread 0x0000000122009e00 DEOPT PACKING pc=0x000000010cffb9e0 sp=0x0000000280203c50
Event: 3.477 Thread 0x0000000122009e00 DEOPT UNPACKING pc=0x000000010c242b7c sp=0x00000002802038f0 mode 0
Event: 3.481 Thread 0x0000000122009e00 DEOPT PACKING pc=0x000000010cffb9e0 sp=0x0000000280204640
Event: 3.481 Thread 0x0000000122009e00 DEOPT UNPACKING pc=0x000000010c242b7c sp=0x00000002802042e0 mode 0
Event: 3.717 Thread 0x000000012241ae00 DEOPT PACKING pc=0x000000010cef0bc8 sp=0x0000000281589250
Event: 3.717 Thread 0x000000012241ae00 DEOPT UNPACKING pc=0x000000010c242b7c sp=0x0000000281588f80 mode 0
Event: 5.003 Thread 0x000000012241ae00 DEOPT PACKING pc=0x000000010cfd10f0 sp=0x0000000281588fc0
Event: 5.003 Thread 0x000000012241ae00 DEOPT UNPACKING pc=0x000000010c242b7c sp=0x0000000281588c60 mode 0
Event: 5.093 Thread 0x000000012241ae00 DEOPT PACKING pc=0x000000010d002e98 sp=0x0000000281589e20
Event: 5.093 Thread 0x000000012241ae00 DEOPT UNPACKING pc=0x000000010c242b7c sp=0x0000000281589ab0 mode 0
Event: 6.229 Thread 0x000000012241ae00 DEOPT PACKING pc=0x000000010cee87b4 sp=0x00000002815891f0
Event: 6.229 Thread 0x000000012241ae00 DEOPT UNPACKING pc=0x000000010c242b7c sp=0x0000000281588e70 mode 0
Event: 7.233 Thread 0x000000012241ae00 DEOPT PACKING pc=0x000000010d0482a4 sp=0x0000000281589df0
Event: 7.233 Thread 0x000000012241ae00 DEOPT UNPACKING pc=0x000000010c242b7c sp=0x0000000281589a90 mode 0

Classes unloaded (0 events):
No events

Classes redefined (0 events):
No events

Internal exceptions (20 events):
Event: 1.038 Thread 0x000000013f8f5200 Exception <a 'java/io/FileNotFoundException'{0x0000000785995d08}> (0x0000000785995d08) 
thrown [open/src/hotspot/share/prims/jni.cpp, line 516]
Event: 1.053 Thread 0x000000013f8f5200 Implicit null exception at 0x0000000113d553f8 to 0x0000000113d55488
Event: 1.109 Thread 0x000000013f8f5200 Implicit null exception at 0x0000000113d61654 to 0x0000000113d61964
Event: 1.118 Thread 0x000000013f8f5200 Implicit null exception at 0x0000000113d43ad4 to 0x0000000113d43dd8
Event: 1.121 Thread 0x000000013f8f5200 Implicit null exception at 0x0000000113cefcd4 to 0x0000000113cefd40
Event: 1.126 Thread 0x000000013f8f5200 Exception <a 'java/lang/NoSuchMethodError'{0x0000000787b31dd0}: 'java.lang.Object java.lang.invoke.DirectMethodHandle$Holder.invokeInterface(java.lang.Object, java.lang.Object, java.lang.Object)'> (0x0000000787b31dd0) 
thrown [open/src/hotspot/share/interpreter/linkResolver.cpp, line 766]
Event: 1.126 Thread 0x000000013f8f5200 Exception <a 'java/lang/IncompatibleClassChangeError'{0x0000000787b35498}: Found class java.lang.Object, but interface was expected> (0x0000000787b35498) 
thrown [open/src/hotspot/share/interpreter/linkResolver.cpp, line 833]
Event: 1.128 Thread 0x000000013f8f5200 Exception <a 'java/lang/ClassNotFoundException'{0x0000000787b602e8}: com/sun/javafx/scene/control/skin/resources/controls> (0x0000000787b602e8) 
thrown [open/src/hotspot/share/prims/jni.cpp, line 535]
Event: 1.128 Thread 0x000000013f8f5200 Exception <a 'java/lang/ClassNotFoundException'{0x0000000787b6e288}: com/sun/javafx/scene/control/skin/resources/controls_en> (0x0000000787b6e288) 
thrown [open/src/hotspot/share/prims/jni.cpp, line 535]
Event: 1.128 Thread 0x000000013f8f5200 Exception <a 'java/lang/ClassNotFoundException'{0x0000000787b6f220}: com/sun/javafx/scene/control/skin/resources/controls_en_EG> (0x0000000787b6f220) 
thrown [open/src/hotspot/share/prims/jni.cpp, line 535]
Event: 1.159 Thread 0x000000013f8f5200 Exception <a 'java/lang/NoSuchMethodError'{0x00000007874c7b48}: 'void java.lang.invoke.DirectMethodHandle$Holder.invokeSpecial(java.lang.Object, java.lang.Object, java.lang.Object, java.lang.Object, java.lang.Object, java.lang.Object)'> (0x00000007874c7b48) 
thrown [open/src/hotspot/share/interpreter/linkResolver.cpp, line 766]
Event: 1.274 Thread 0x000000013f8f5200 Exception <a 'java/lang/NoSuchMethodError'{0x00000007830b2548}: 'void java.lang.invoke.DirectMethodHandle$Holder.invokeSpecialIFC(java.lang.Object, java.lang.Object, java.lang.Object, java.lang.Object)'> (0x00000007830b2548) 
thrown [open/src/hotspot/share/interpreter/linkResolver.cpp, line 766]
Event: 1.284 Thread 0x000000013f8f5200 Exception <a 'java/lang/NoSuchMethodError'{0x0000000782e87848}: 'int java.lang.invoke.DirectMethodHandle$Holder.invokeSpecial(java.lang.Object, java.lang.Object, int)'> (0x0000000782e87848) 
thrown [open/src/hotspot/share/interpreter/linkResolver.cpp, line 766]
Event: 1.364 Thread 0x000000013f8f5200 Exception <a 'java/lang/NoSuchMethodError'{0x0000000782264b78}: 'void java.lang.invoke.DirectMethodHandle$Holder.invokeSpecial(java.lang.Object, java.lang.Object, int, int)'> (0x0000000782264b78) 
thrown [open/src/hotspot/share/interpreter/linkResolver.cpp, line 766]
Event: 1.364 Thread 0x000000013f8f5200 Exception <a 'java/lang/NoSuchMethodError'{0x000000078226b360}: 'java.lang.Object java.lang.invoke.DirectMethodHandle$Holder.newInvokeSpecial(java.lang.Object, java.lang.Object, int, int)'> (0x000000078226b360) 
thrown [open/src/hotspot/share/interpreter/linkResolver.cpp, line 766]
Event: 1.395 Thread 0x000000013f8f5200 Exception <a 'java/lang/NoSuchMethodError'{0x00000007820f4f68}: 'java.lang.Object java.lang.invoke.DirectMethodHandle$Holder.newInvokeSpecial(java.lang.Object, java.lang.Object, int)'> (0x00000007820f4f68) 
thrown [open/src/hotspot/share/interpreter/linkResolver.cpp, line 766]
Event: 1.491 Thread 0x000000013f8f5200 Exception <a 'java/lang/NoSuchMethodError'{0x0000000781be9f00}: 'long java.lang.invoke.DirectMethodHandle$Holder.invokeStatic(java.lang.Object, java.lang.Object, java.lang.Object)'> (0x0000000781be9f00) 
thrown [open/src/hotspot/share/interpreter/linkResolver.cpp, line 766]
Event: 1.491 Thread 0x000000013f8f5200 Exception <a 'java/lang/NoSuchMethodError'{0x0000000781bed6a8}: 'long java.lang.invoke.DirectMethodHandle$Holder.invokeStaticInit(java.lang.Object, java.lang.Object, java.lang.Object)'> (0x0000000781bed6a8) 
thrown [open/src/hotspot/share/interpreter/linkResolver.cpp, line 766]
Event: 1.492 Thread 0x000000013f8f5200 Exception <a 'java/lang/NoSuchMethodError'{0x0000000781aa83b0}: 'java.lang.Object java.lang.invoke.DirectMethodHandle$Holder.newInvokeSpecial(java.lang.Object, java.lang.Object, long)'> (0x0000000781aa83b0) 
thrown [open/src/hotspot/share/interpreter/linkResolver.cpp, line 766]
Event: 1.492 Thread 0x000000013f8f5200 Exception <a 'java/lang/NoSuchMethodError'{0x0000000781aabc78}: 'java.lang.Object java.lang.invoke.Invokers$Holder.linkToTargetMethod(java.lang.Object, long, java.lang.Object)'> (0x0000000781aabc78) 
thrown [open/src/hotspot/share/interpreter/linkResolver.cpp, line 766]

VM Operations (20 events):
Event: 1.493 Executing VM operation: ICBufferFull
Event: 1.493 Executing VM operation: ICBufferFull done
Event: 1.577 Executing VM operation: G1CollectForAllocation
Event: 1.582 Executing VM operation: G1CollectForAllocation done
Event: 1.949 Executing VM operation: HandshakeAllThreads
Event: 1.949 Executing VM operation: HandshakeAllThreads done
Event: 1.952 Executing VM operation: ICBufferFull
Event: 1.952 Executing VM operation: ICBufferFull done
Event: 2.373 Executing VM operation: ICBufferFull
Event: 2.373 Executing VM operation: ICBufferFull done
Event: 2.616 Executing VM operation: ICBufferFull
Event: 2.616 Executing VM operation: ICBufferFull done
Event: 3.429 Executing VM operation: ICBufferFull
Event: 3.429 Executing VM operation: ICBufferFull done
Event: 4.434 Executing VM operation: Cleanup
Event: 4.434 Executing VM operation: Cleanup done
Event: 5.439 Executing VM operation: Cleanup
Event: 5.439 Executing VM operation: Cleanup done
Event: 6.442 Executing VM operation: Cleanup
Event: 6.442 Executing VM operation: Cleanup done

Events (20 events):
Event: 4.376 Protecting memory [0x0000000282a98000,0x0000000282aa4000] with protection modes 3
Event: 4.376 Thread 0x000000012a0afa00 Thread exited: 0x000000012a0afa00
Event: 4.872 loading class jdk/internal/access/foreign/MemorySegmentProxy
Event: 4.872 loading class jdk/internal/access/foreign/MemorySegmentProxy done
Event: 5.003 Thread 0x000000013edf5a00 Thread added: 0x000000013edf5a00
Event: 5.004 Protecting memory [0x0000000282a98000,0x0000000282aa4000] with protection modes 0
Event: 5.004 Protecting memory [0x0000000282a98000,0x0000000282aa4000] with protection modes 3
Event: 5.004 Thread 0x000000013edf5a00 Thread exited: 0x000000013edf5a00
Event: 5.656 Thread 0x000000013fdac200 Thread added: 0x000000013fdac200
Event: 5.656 Protecting memory [0x0000000282a98000,0x0000000282aa4000] with protection modes 0
Event: 5.656 Protecting memory [0x0000000282a98000,0x0000000282aa4000] with protection modes 3
Event: 5.656 Thread 0x000000013fdac200 Thread exited: 0x000000013fdac200
Event: 6.295 Thread 0x000000013fdaba00 Thread added: 0x000000013fdaba00
Event: 6.295 Protecting memory [0x0000000282a98000,0x0000000282aa4000] with protection modes 0
Event: 6.295 Protecting memory [0x0000000282a98000,0x0000000282aa4000] with protection modes 3
Event: 6.295 Thread 0x000000013fdaba00 Thread exited: 0x000000013fdaba00
Event: 7.084 Thread 0x000000013fdaba00 Thread added: 0x000000013fdaba00
Event: 7.084 Protecting memory [0x0000000282a98000,0x0000000282aa4000] with protection modes 0
Event: 7.084 Protecting memory [0x0000000282a98000,0x0000000282aa4000] with protection modes 3
Event: 7.084 Thread 0x000000013fdaba00 Thread exited: 0x000000013fdaba00


Dynamic libraries:
0x0000000102970000 	/Users/youssefgeorge/Library/Java/JavaVirtualMachines/openjdk-17.0.2/Contents/Home/lib/libjli.dylib
0x00000001ad664000 	/usr/lib/libz.1.dylib
0x00000001ad71b000 	/usr/lib/libSystem.B.dylib
0x00000001ad715000 	/usr/lib/system/libcache.dylib
0x00000001ad6d3000 	/usr/lib/system/libcommonCrypto.dylib
0x00000001ad6fc000 	/usr/lib/system/libcompiler_rt.dylib
0x00000001ad6f3000 	/usr/lib/system/libcopyfile.dylib
0x00000001a295b000 	/usr/lib/system/libcorecrypto.dylib
0x00000001a2a0e000 	/usr/lib/system/libdispatch.dylib
0x00000001a2bdc000 	/usr/lib/system/libdyld.dylib
0x00000001ad70b000 	/usr/lib/system/libkeymgr.dylib
0x00000001ad6ae000 	/usr/lib/system/libmacho.dylib
0x00000001acda3000 	/usr/lib/system/libquarantine.dylib
0x00000001ad708000 	/usr/lib/system/libremovefile.dylib
0x00000001a7d44000 	/usr/lib/system/libsystem_asl.dylib
0x00000001a28fd000 	/usr/lib/system/libsystem_blocks.dylib
0x00000001a2a96000 	/usr/lib/system/libsystem_c.dylib
0x00000001ad700000 	/usr/lib/system/libsystem_collections.dylib
0x00000001ac231000 	/usr/lib/system/libsystem_configuration.dylib
0x00000001ab48d000 	/usr/lib/system/libsystem_containermanager.dylib
0x00000001ad410000 	/usr/lib/system/libsystem_coreservices.dylib
0x00000001a5304000 	/usr/lib/system/libsystem_darwin.dylib
0x00000001ad70c000 	/usr/lib/system/libsystem_dnssd.dylib
0x00000001a2a93000 	/usr/lib/system/libsystem_featureflags.dylib
0x00000001a2bf1000 	/usr/lib/system/libsystem_info.dylib
0x00000001ad676000 	/usr/lib/system/libsystem_m.dylib
0x00000001a29e3000 	/usr/lib/system/libsystem_malloc.dylib
0x00000001a7cd3000 	/usr/lib/system/libsystem_networkextension.dylib
0x00000001a575d000 	/usr/lib/system/libsystem_notify.dylib
0x00000001b3a59000 	/usr/lib/system/libsystem_product_info_filter.dylib
0x00000001ac236000 	/usr/lib/system/libsystem_sandbox.dylib
0x00000001ad705000 	/usr/lib/system/libsystem_secinit.dylib
0x00000001a2b97000 	/usr/lib/system/libsystem_kernel.dylib
0x00000001a2be9000 	/usr/lib/system/libsystem_platform.dylib
0x00000001a2bcf000 	/usr/lib/system/libsystem_pthread.dylib
0x00000001a949c000 	/usr/lib/system/libsystem_symptoms.dylib
0x00000001a2941000 	/usr/lib/system/libsystem_trace.dylib
0x00000001ad6e0000 	/usr/lib/system/libunwind.dylib
0x00000001a28ff000 	/usr/lib/system/libxpc.dylib
0x00000001a2b7f000 	/usr/lib/libc++abi.dylib
0x00000001a2a55000 	/usr/lib/libobjc.A.dylib
0x00000001ad6eb000 	/usr/lib/liboah.dylib
0x00000001a2b18000 	/usr/lib/libc++.1.dylib
0x00000001b9572000 	/System/Library/Frameworks/Cocoa.framework/Versions/A/Cocoa
0x00000001a57be000 	/System/Library/Frameworks/AppKit.framework/Versions/C/AppKit
0x00000001a8cc4000 	/System/Library/Frameworks/CoreData.framework/Versions/A/CoreData
0x00000001a3b19000 	/System/Library/Frameworks/Foundation.framework/Versions/C/Foundation
0x00000001a6676000 	/System/Library/PrivateFrameworks/UIFoundation.framework/Versions/A/UIFoundation
0x00000001b3753000 	/System/Library/PrivateFrameworks/RemoteViewServices.framework/Versions/A/RemoteViewServices
0x00000001abbd9000 	/System/Library/PrivateFrameworks/XCTTargetBootstrap.framework/Versions/A/XCTTargetBootstrap
0x00000001af457000 	/System/Library/PrivateFrameworks/InternationalSupport.framework/Versions/A/InternationalSupport
0x00000001af4e0000 	/System/Library/PrivateFrameworks/UserActivity.framework/Versions/A/UserActivity
0x00000001ae952000 	/usr/lib/libspindump.dylib
0x00000001a68e7000 	/System/Library/Frameworks/UniformTypeIdentifiers.framework/Versions/A/UniformTypeIdentifiers
0x00000001aa124000 	/usr/lib/libapp_launch_measurement.dylib
0x00000001a964e000 	/System/Library/PrivateFrameworks/CoreAnalytics.framework/Versions/A/CoreAnalytics
0x00000001aa127000 	/System/Library/PrivateFrameworks/CoreAutoLayout.framework/Versions/A/CoreAutoLayout
0x00000001ab4ca000 	/System/Library/Frameworks/Metal.framework/Versions/A/Metal
0x00000001ac241000 	/usr/lib/liblangid.dylib
0x00000001abbde000 	/System/Library/PrivateFrameworks/CoreSVG.framework/Versions/A/CoreSVG
0x00000001a7d78000 	/System/Library/PrivateFrameworks/SkyLight.framework/Versions/A/SkyLight
0x00000001a814d000 	/System/Library/Frameworks/CoreGraphics.framework/Versions/A/CoreGraphics
0x00000001b3e1f000 	/System/Library/Frameworks/Accelerate.framework/Versions/A/Accelerate
0x00000001ae3c9000 	/System/Library/PrivateFrameworks/IconServices.framework/Versions/A/IconServices
0x00000001ab4ac000 	/System/Library/Frameworks/IOSurface.framework/Versions/A/IOSurface
0x00000001a967f000 	/usr/lib/libDiagnosticMessagesClient.dylib
0x00000001b7320000 	/System/Library/Frameworks/ApplicationServices.framework/Versions/A/ApplicationServices
0x00000001abbc1000 	/System/Library/PrivateFrameworks/DFRFoundation.framework/Versions/A/DFRFoundation
0x00000001a504e000 	/usr/lib/libicucore.A.dylib
0x00000001b0303000 	/System/Library/Frameworks/AudioToolbox.framework/Versions/A/AudioToolbox
0x00000001af463000 	/System/Library/PrivateFrameworks/DataDetectorsCore.framework/Versions/A/DataDetectorsCore
0x00000001c5da3000 	/System/Library/PrivateFrameworks/TextInput.framework/Versions/A/TextInput
0x00000001a7ced000 	/usr/lib/libMobileGestalt.dylib
0x00000001ab88d000 	/System/Library/Frameworks/Carbon.framework/Versions/A/Frameworks/HIToolbox.framework/Versions/A/HIToolbox
0x00000001a9b00000 	/System/Library/Frameworks/QuartzCore.framework/Versions/A/QuartzCore
0x00000001a4cd1000 	/System/Library/Frameworks/Security.framework/Versions/A/Security
0x00000001b3793000 	/System/Library/Frameworks/Carbon.framework/Versions/A/Frameworks/SpeechRecognition.framework/Versions/A/SpeechRecognition
0x00000001a9e7a000 	/System/Library/PrivateFrameworks/CoreUI.framework/Versions/A/CoreUI
0x00000001a45ae000 	/System/Library/Frameworks/CoreAudio.framework/Versions/A/CoreAudio
0x00000001a9774000 	/System/Library/Frameworks/DiskArbitration.framework/Versions/A/DiskArbitration
0x00000001aed5c000 	/System/Library/PrivateFrameworks/MultitouchSupport.framework/Versions/A/MultitouchSupport
0x00000001a7ceb000 	/usr/lib/libenergytrace.dylib
0x00000001a5686000 	/System/Library/Frameworks/IOKit.framework/Versions/A/IOKit
0x00000001b3b82000 	/System/Library/Frameworks/CoreServices.framework/Versions/A/CoreServices
0x00000001aa0b4000 	/System/Library/PrivateFrameworks/PerformanceAnalysis.framework/Versions/A/PerformanceAnalysis
0x000000020408b000 	/System/Library/Frameworks/OpenGL.framework/Versions/A/OpenGL
0x00000001accbb000 	/System/Library/PrivateFrameworks/MobileKeyBag.framework/Versions/A/MobileKeyBag
0x00000001a875a000 	/System/Library/Frameworks/ColorSync.framework/Versions/A/ColorSync
0x00000001a2c1e000 	/System/Library/Frameworks/CoreFoundation.framework/Versions/A/CoreFoundation
0x00000001abe5d000 	/System/Library/Frameworks/CoreImage.framework/Versions/A/CoreImage
0x00000001a43d2000 	/System/Library/Frameworks/CoreText.framework/Versions/A/CoreText
0x00000001abc0e000 	/System/Library/Frameworks/ImageIO.framework/Versions/A/ImageIO
0x00000001ad721000 	/System/Library/PrivateFrameworks/SoftLinking.framework/Versions/A/SoftLinking
0x00000001aa172000 	/usr/lib/libxml2.2.dylib
0x00000001ad9ba000 	/usr/lib/libcompression.dylib
0x00000001af3b3000 	/System/Library/PrivateFrameworks/TextureIO.framework/Versions/A/TextureIO
0x00000001ae0e2000 	/usr/lib/libate.dylib
0x00000001adfa7000 	/usr/lib/liblzma.5.dylib
0x00000001a380d000 	/System/Library/Frameworks/SystemConfiguration.framework/Versions/A/SystemConfiguration
0x00000001ad71d000 	/usr/lib/libfakelink.dylib
0x00000001a781f000 	/System/Library/Frameworks/CFNetwork.framework/Versions/A/CFNetwork
0x00000001ad863000 	/usr/lib/libarchive.2.dylib
0x00000001ac23d000 	/System/Library/PrivateFrameworks/AppleSystemInfo.framework/Versions/A/AppleSystemInfo
0x00000001acdce000 	/usr/lib/libbsm.0.dylib
0x00000001a6d90000 	/usr/lib/libnetwork.dylib
0x00000001ad6b7000 	/usr/lib/system/libkxld.dylib
0x00000001ac9e1000 	/System/Library/PrivateFrameworks/IOMobileFramebuffer.framework/Versions/A/IOMobileFramebuffer
0x00000002219b7000 	/usr/lib/libCoreEntitlements.dylib
0x00000001ad3f2000 	/System/Library/PrivateFrameworks/AppleFSCompression.framework/Versions/A/AppleFSCompression
0x00000001acdb6000 	/usr/lib/libcoretls.dylib
0x00000001adfc0000 	/usr/lib/libcoretls_cfhelpers.dylib
0x00000001ad9b5000 	/usr/lib/libpam.2.dylib
0x00000001a90b3000 	/usr/lib/libsqlite3.dylib
0x00000001ae029000 	/usr/lib/libxar.1.dylib
0x00000001ad403000 	/usr/lib/libbz2.1.0.dylib
0x00000001ad722000 	/usr/lib/libpcap.A.dylib
0x00000001a9493000 	/usr/lib/libdns_services.dylib
0x00000001ad988000 	/usr/lib/libapple_nghttp2.dylib
0x00000001ad75f000 	/usr/lib/libiconv.2.dylib
0x00000001ad6ad000 	/usr/lib/libcharset.1.dylib
0x00000001aa0f0000 	/System/Library/Frameworks/CoreServices.framework/Versions/A/Frameworks/FSEvents.framework/Versions/A/FSEvents
0x00000001a530f000 	/System/Library/Frameworks/CoreServices.framework/Versions/A/Frameworks/CarbonCore.framework/Versions/A/CarbonCore
0x00000001a96d4000 	/System/Library/Frameworks/CoreServices.framework/Versions/A/Frameworks/Metadata.framework/Versions/A/Metadata
0x00000001ad416000 	/System/Library/Frameworks/CoreServices.framework/Versions/A/Frameworks/OSServices.framework/Versions/A/OSServices
0x00000001ad8e9000 	/System/Library/Frameworks/CoreServices.framework/Versions/A/Frameworks/SearchKit.framework/Versions/A/SearchKit
0x00000001a9422000 	/System/Library/Frameworks/CoreServices.framework/Versions/A/Frameworks/AE.framework/Versions/A/AE
0x00000001a3164000 	/System/Library/Frameworks/CoreServices.framework/Versions/A/Frameworks/LaunchServices.framework/Versions/A/LaunchServices
0x00000001adf50000 	/System/Library/Frameworks/CoreServices.framework/Versions/A/Frameworks/DictionaryServices.framework/Versions/A/DictionaryServices
0x00000001aa0fd000 	/System/Library/Frameworks/CoreServices.framework/Versions/A/Frameworks/SharedFileList.framework/Versions/A/SharedFileList
0x00000001acda6000 	/usr/lib/libCheckFix.dylib
0x00000001a7d5c000 	/System/Library/PrivateFrameworks/TCC.framework/Versions/A/TCC
0x00000001ac243000 	/System/Library/PrivateFrameworks/CoreNLP.framework/Versions/A/CoreNLP
0x00000001a9682000 	/System/Library/PrivateFrameworks/MetadataUtilities.framework/Versions/A/MetadataUtilities
0x00000001a38c6000 	/usr/lib/libmecabra.dylib
0x00000001acddf000 	/usr/lib/libmecab.dylib
0x00000001a3892000 	/usr/lib/libCRFSuite.dylib
0x00000001ace3c000 	/usr/lib/libgermantok.dylib
0x00000001ad961000 	/usr/lib/libThaiTokenizer.dylib
0x00000001a977c000 	/System/Library/Frameworks/Accelerate.framework/Versions/A/Frameworks/vImage.framework/Versions/A/vImage
0x00000001b3b59000 	/System/Library/Frameworks/Accelerate.framework/Versions/A/Frameworks/vecLib.framework/Versions/A/vecLib
0x00000001ae06e000 	/System/Library/Frameworks/Accelerate.framework/Versions/A/Frameworks/vecLib.framework/Versions/A/libvMisc.dylib
0x00000001ac8e8000 	/System/Library/Frameworks/Accelerate.framework/Versions/A/Frameworks/vecLib.framework/Versions/A/libvDSP.dylib
0x00000001a34ed000 	/System/Library/Frameworks/Accelerate.framework/Versions/A/Frameworks/vecLib.framework/Versions/A/libBLAS.dylib
0x00000001ada8b000 	/System/Library/Frameworks/Accelerate.framework/Versions/A/Frameworks/vecLib.framework/Versions/A/libLAPACK.dylib
0x00000001ace3f000 	/System/Library/Frameworks/Accelerate.framework/Versions/A/Frameworks/vecLib.framework/Versions/A/libLinearAlgebra.dylib
0x00000001ad9a0000 	/System/Library/Frameworks/Accelerate.framework/Versions/A/Frameworks/vecLib.framework/Versions/A/libSparseBLAS.dylib
0x00000001ada86000 	/System/Library/Frameworks/Accelerate.framework/Versions/A/Frameworks/vecLib.framework/Versions/A/libQuadrature.dylib
0x00000001ac33c000 	/System/Library/Frameworks/Accelerate.framework/Versions/A/Frameworks/vecLib.framework/Versions/A/libBNNS.dylib
0x00000001a37ab000 	/System/Library/Frameworks/Accelerate.framework/Versions/A/Frameworks/vecLib.framework/Versions/A/libSparse.dylib
0x00000001ac334000 	/System/Library/PrivateFrameworks/LinguisticData.framework/Versions/A/LinguisticData
0x00000001a3763000 	/System/Library/PrivateFrameworks/Lexicon.framework/Versions/A/Lexicon
0x00000001ae066000 	/usr/lib/libChineseTokenizer.dylib
0x00000001a3f0a000 	/System/Library/PrivateFrameworks/LanguageModeling.framework/Versions/A/LanguageModeling
0x00000001ad963000 	/System/Library/PrivateFrameworks/AppleSauce.framework/Versions/A/AppleSauce
0x00000001ac9ce000 	/System/Library/PrivateFrameworks/CoreEmoji.framework/Versions/A/CoreEmoji
0x00000001ad851000 	/usr/lib/libcmph.dylib
0x00000001aa0d0000 	/System/Library/Frameworks/OpenDirectory.framework/Versions/A/Frameworks/CFOpenDirectory.framework/Versions/A/CFOpenDirectory
0x00000001aa0c0000 	/System/Library/Frameworks/OpenDirectory.framework/Versions/A/OpenDirectory
0x00000001adfc2000 	/System/Library/PrivateFrameworks/APFS.framework/Versions/A/APFS
0x00000001accf6000 	/System/Library/Frameworks/SecurityFoundation.framework/Versions/A/SecurityFoundation
0x00000001ae038000 	/usr/lib/libutil.dylib
0x00000001a5648000 	/System/Library/PrivateFrameworks/CoreServicesStore.framework/Versions/A/CoreServicesStore
0x00000001ae03c000 	/usr/lib/libxslt.1.dylib
0x00000001acd8a000 	/System/Library/PrivateFrameworks/BackgroundTaskManagement.framework/Versions/A/BackgroundTaskManagement
0x00000001af2d4000 	/System/Library/Frameworks/ImageIO.framework/Versions/A/Resources/libRadiance.dylib
0x00000001af2dd000 	/System/Library/Frameworks/ImageIO.framework/Versions/A/Resources/libJPEG.dylib
0x00000001af230000 	/System/Library/Frameworks/ImageIO.framework/Versions/A/Resources/libPng.dylib
0x00000001af252000 	/System/Library/Frameworks/ImageIO.framework/Versions/A/Resources/libTIFF.dylib
0x00000001af338000 	/System/Library/Frameworks/ImageIO.framework/Versions/A/Resources/libGIF.dylib
0x00000001aec6c000 	/System/Library/Frameworks/ImageIO.framework/Versions/A/Resources/libJP2.dylib
0x00000001ae38e000 	/usr/lib/libexpat.1.dylib
0x00000001aec27000 	/System/Library/PrivateFrameworks/AppleJPEG.framework/Versions/A/AppleJPEG
0x00000001ab749000 	/System/Library/PrivateFrameworks/FontServices.framework/libFontParser.dylib
0x00000001a93c7000 	/System/Library/PrivateFrameworks/RunningBoardServices.framework/Versions/A/RunningBoardServices
0x00000001b9c45000 	/System/Library/PrivateFrameworks/IOSurfaceAccelerator.framework/Versions/A/IOSurfaceAccelerator
0x00000001aed58000 	/System/Library/PrivateFrameworks/WatchdogClient.framework/Versions/A/WatchdogClient
0x00000001a400e000 	/System/Library/Frameworks/CoreDisplay.framework/Versions/A/CoreDisplay
0x00000001ab633000 	/System/Library/Frameworks/CoreMedia.framework/Versions/A/CoreMedia
0x00000001ab4c0000 	/System/Library/PrivateFrameworks/IOAccelerator.framework/Versions/A/IOAccelerator
0x00000001aa260000 	/System/Library/Frameworks/CoreVideo.framework/Versions/A/CoreVideo
0x00000001ad9b3000 	/System/Library/Frameworks/MetalPerformanceShaders.framework/Versions/A/MetalPerformanceShaders
0x00000001aed97000 	/System/Library/Frameworks/VideoToolbox.framework/Versions/A/VideoToolbox
0x00000001a930b000 	/System/Library/PrivateFrameworks/BaseBoard.framework/Versions/A/BaseBoard
0x00000001a9099000 	/System/Library/PrivateFrameworks/ProtocolBuffer.framework/Versions/A/ProtocolBuffer
0x00000001af2cf000 	/System/Library/PrivateFrameworks/GPUWrangler.framework/Versions/A/GPUWrangler
0x00000001af2af000 	/System/Library/PrivateFrameworks/IOPresentment.framework/Versions/A/IOPresentment
0x00000001af2d7000 	/System/Library/PrivateFrameworks/DSExternalDisplay.framework/Versions/A/DSExternalDisplay
0x000000020407e000 	/System/Library/Frameworks/OpenGL.framework/Versions/A/Libraries/libCoreFSCache.dylib
0x000000020e53d000 	/System/Library/PrivateFrameworks/GPUCompiler.framework/Versions/31001/Libraries/libGPUCompilerUtils.dylib
0x00000001af33d000 	/System/Library/PrivateFrameworks/CMCaptureCore.framework/Versions/A/CMCaptureCore
0x00000001ae93f000 	/System/Library/PrivateFrameworks/AppServerSupport.framework/Versions/A/AppServerSupport
0x00000001b0bc0000 	/System/Library/PrivateFrameworks/perfdata.framework/Versions/A/perfdata
0x00000001a412e000 	/System/Library/PrivateFrameworks/AudioToolboxCore.framework/Versions/A/AudioToolboxCore
0x00000001ab60c000 	/System/Library/PrivateFrameworks/caulk.framework/Versions/A/caulk
0x00000001b04b5000 	/usr/lib/libAudioStatistics.dylib
0x00000001c240a000 	/System/Library/PrivateFrameworks/SystemPolicy.framework/Versions/A/SystemPolicy
0x00000001b0721000 	/usr/lib/libSMC.dylib
0x00000001b9454000 	/System/Library/Frameworks/CoreMIDI.framework/Versions/A/CoreMIDI
0x00000001af1fe000 	/usr/lib/libAudioToolboxUtility.dylib
0x00000001be4d7000 	/System/Library/PrivateFrameworks/OSAServicesClient.framework/Versions/A/OSAServicesClient
0x00000001b0bcd000 	/usr/lib/libperfcheck.dylib
0x00000001c2f22000 	/usr/lib/libmis.dylib
0x00000002040e0000 	/System/Library/Frameworks/OpenGL.framework/Versions/A/Libraries/libGLU.dylib
0x000000020409f000 	/System/Library/Frameworks/OpenGL.framework/Versions/A/Libraries/libGFXShared.dylib
0x000000020428c000 	/System/Library/Frameworks/OpenGL.framework/Versions/A/Libraries/libGL.dylib
0x00000002040a8000 	/System/Library/Frameworks/OpenGL.framework/Versions/A/Libraries/libGLImage.dylib
0x000000020409c000 	/System/Library/Frameworks/OpenGL.framework/Versions/A/Libraries/libCVMSPluginSupport.dylib
0x0000000204085000 	/System/Library/Frameworks/OpenGL.framework/Versions/A/Libraries/libCoreVMClient.dylib
0x00000001ac1bd000 	/System/Library/Frameworks/MetalPerformanceShaders.framework/Versions/A/Frameworks/MPSCore.framework/Versions/A/MPSCore
0x00000001ad365000 	/System/Library/Frameworks/MetalPerformanceShaders.framework/Versions/A/Frameworks/MPSImage.framework/Versions/A/MPSImage
0x00000001ace54000 	/System/Library/Frameworks/MetalPerformanceShaders.framework/Versions/A/Frameworks/MPSNeuralNetwork.framework/Versions/A/MPSNeuralNetwork
0x00000001ad28d000 	/System/Library/Frameworks/MetalPerformanceShaders.framework/Versions/A/Frameworks/MPSMatrix.framework/Versions/A/MPSMatrix
0x00000001ad066000 	/System/Library/Frameworks/MetalPerformanceShaders.framework/Versions/A/Frameworks/MPSRayIntersector.framework/Versions/A/MPSRayIntersector
0x00000001ad2be000 	/System/Library/Frameworks/MetalPerformanceShaders.framework/Versions/A/Frameworks/MPSNDArray.framework/Versions/A/MPSNDArray
0x00000002061f7000 	/System/Library/Frameworks/MetalPerformanceShaders.framework/Versions/A/Frameworks/MPSFunctions.framework/Versions/A/MPSFunctions
0x00000001a33c4000 	/System/Library/PrivateFrameworks/MetalTools.framework/Versions/A/MetalTools
0x00000001ac23b000 	/System/Library/PrivateFrameworks/AggregateDictionary.framework/Versions/A/AggregateDictionary
0x00000001ae173000 	/usr/lib/libIOReport.dylib
0x00000001b8472000 	/System/Library/PrivateFrameworks/ASEProcessing.framework/Versions/A/ASEProcessing
0x00000001ae4e8000 	/System/Library/PrivateFrameworks/FaceCore.framework/Versions/A/FaceCore
0x00000001ae4da000 	/System/Library/PrivateFrameworks/GraphVisualizer.framework/Versions/A/GraphVisualizer
0x000000020e454000 	/System/Library/PrivateFrameworks/FontServices.framework/Versions/A/FontServices
0x00000001ae8fb000 	/System/Library/PrivateFrameworks/OTSVG.framework/Versions/A/OTSVG
0x00000001a9e2a000 	/System/Library/Frameworks/ApplicationServices.framework/Versions/A/Frameworks/ATS.framework/Versions/A/Resources/libFontRegistry.dylib
0x00000001ae948000 	/System/Library/PrivateFrameworks/FontServices.framework/libhvf.dylib
0x000000020e455000 	/System/Library/PrivateFrameworks/FontServices.framework/libXTFontStaticRegistryData.dylib
0x000000020442d000 	/System/Library/Frameworks/OpenCL.framework/Versions/A/OpenCL
0x00000001ae342000 	/System/Library/PrivateFrameworks/AppleVA.framework/Versions/A/AppleVA
0x00000001b04dd000 	/System/Library/Frameworks/ApplicationServices.framework/Versions/A/Frameworks/ATS.framework/Versions/A/ATS
0x00000001a8857000 	/System/Library/Frameworks/ApplicationServices.framework/Versions/A/Frameworks/HIServices.framework/Versions/A/HIServices
0x00000001af347000 	/System/Library/Frameworks/ApplicationServices.framework/Versions/A/Frameworks/PrintCore.framework/Versions/A/PrintCore
0x00000001b0874000 	/System/Library/Frameworks/ApplicationServices.framework/Versions/A/Frameworks/QD.framework/Versions/A/QD
0x00000001b086c000 	/System/Library/Frameworks/ApplicationServices.framework/Versions/A/Frameworks/ColorSyncLegacy.framework/Versions/A/ColorSyncLegacy
0x00000001b04c9000 	/System/Library/Frameworks/ApplicationServices.framework/Versions/A/Frameworks/SpeechSynthesis.framework/Versions/A/SpeechSynthesis
0x00000001af308000 	/System/Library/Frameworks/ApplicationServices.framework/Versions/A/Frameworks/ATSUI.framework/Versions/A/ATSUI
0x00000001b0801000 	/usr/lib/libcups.2.dylib
0x00000001b0bdb000 	/System/Library/Frameworks/Kerberos.framework/Versions/A/Kerberos
0x00000001b0bec000 	/System/Library/Frameworks/GSS.framework/Versions/A/GSS
0x00000001b054d000 	/usr/lib/libresolv.9.dylib
0x00000001ae957000 	/System/Library/PrivateFrameworks/Heimdal.framework/Versions/A/Heimdal
0x00000001b76a7000 	/System/Library/Frameworks/Kerberos.framework/Versions/A/Libraries/libHeimdalProxy.dylib
0x00000001a94a5000 	/System/Library/Frameworks/Network.framework/Versions/A/Network
0x00000001ae3a9000 	/usr/lib/libheimdal-asn1.dylib
0x00000001b0c3c000 	/System/Library/PrivateFrameworks/CommonAuth.framework/Versions/A/CommonAuth
0x00000001b0443000 	/System/Library/PrivateFrameworks/AudioSession.framework/Versions/A/AudioSession
0x00000001ae43b000 	/System/Library/PrivateFrameworks/MediaExperience.framework/Versions/A/MediaExperience
0x00000001b02c9000 	/System/Library/PrivateFrameworks/AudioSession.framework/libSessionUtility.dylib
0x00000001b0880000 	/System/Library/PrivateFrameworks/AudioResourceArbitration.framework/Versions/A/AudioResourceArbitration
0x00000001b4a36000 	/System/Library/PrivateFrameworks/PowerLog.framework/Versions/A/PowerLog
0x00000001ae3b3000 	/System/Library/PrivateFrameworks/IconFoundation.framework/Versions/A/IconFoundation
0x00000001b377f000 	/System/Library/PrivateFrameworks/SpeechRecognitionCore.framework/Versions/A/SpeechRecognitionCore
0x0000000103b14000 	/Users/youssefgeorge/Library/Java/JavaVirtualMachines/openjdk-17.0.2/Contents/Home/lib/server/libjvm.dylib
0x00000001029d4000 	/Users/youssefgeorge/Library/Java/JavaVirtualMachines/openjdk-17.0.2/Contents/Home/lib/libjimage.dylib
0x0000000102a00000 	/Users/youssefgeorge/Library/Java/JavaVirtualMachines/openjdk-17.0.2/Contents/Home/lib/libinstrument.dylib
0x0000000102a4c000 	/Users/youssefgeorge/Library/Java/JavaVirtualMachines/openjdk-17.0.2/Contents/Home/lib/libjava.dylib
0x0000000102b28000 	/Users/youssefgeorge/Library/Java/JavaVirtualMachines/openjdk-17.0.2/Contents/Home/lib/libnio.dylib
0x0000000121204000 	/Users/youssefgeorge/Library/Java/JavaVirtualMachines/openjdk-17.0.2/Contents/Home/lib/libnet.dylib
0x0000000102a34000 	/Users/youssefgeorge/Library/Java/JavaVirtualMachines/openjdk-17.0.2/Contents/Home/lib/libzip.dylib
0x00000001039e0000 	/Users/youssefgeorge/.openjfx/cache/17.0.1/libprism_es2.dylib
0x00000001a560b000 	/System/Library/PrivateFrameworks/CoreServicesInternal.framework/Versions/A/CoreServicesInternal
0x0000000204296000 	/System/Library/Frameworks/OpenGL.framework/Versions/A/Resources/GLEngine.bundle/GLEngine
0x000000020411e000 	/System/Library/Frameworks/OpenGL.framework/Versions/A/Libraries/libGLProgrammability.dylib
0x0000000121e3c000 	/System/Library/Extensions/AppleMetalOpenGLRenderer.bundle/Contents/MacOS/AppleMetalOpenGLRenderer
0x0000000204405000 	/System/Library/Frameworks/OpenGL.framework/Versions/A/Resources/GLRendererFloat.bundle/GLRendererFloat
0x0000000204505000 	/System/Library/Extensions/AGXMetal13_3.bundle/Contents/MacOS/AGXMetal13_3
0x00000001c2f3e000 	/System/Library/PrivateFrameworks/GPURawCounter.framework/Versions/A/GPURawCounter
0x00000001bd648000 	/System/Library/PrivateFrameworks/IOGPU.framework/Versions/A/IOGPU
0x0000000121ed4000 	/Users/youssefgeorge/.openjfx/cache/17.0.1/libglass.dylib
0x00000001b4c8e000 	/System/Library/Frameworks/FileProvider.framework/Versions/A/FileProvider
0x00000001a9273000 	/System/Library/Frameworks/Accounts.framework/Versions/A/Accounts
0x00000001b4e12000 	/System/Library/PrivateFrameworks/GenerationalStorage.framework/Versions/A/GenerationalStorage
0x00000001b59d5000 	/System/Library/PrivateFrameworks/CoreSymbolication.framework/Versions/A/CoreSymbolication
0x00000001b4a2a000 	/System/Library/PrivateFrameworks/SymptomDiagnosticReporter.framework/Versions/A/SymptomDiagnosticReporter
0x00000001a68fb000 	/System/Library/PrivateFrameworks/DesktopServicesPriv.framework/Versions/A/DesktopServicesPriv
0x00000001a576d000 	/usr/lib/libsandbox.1.dylib
0x00000001aa2ee000 	/System/Library/PrivateFrameworks/UserManagement.framework/Versions/A/UserManagement
0x00000001b5992000 	/System/Library/PrivateFrameworks/DebugSymbols.framework/Versions/A/DebugSymbols
0x00000001b085f000 	/System/Library/PrivateFrameworks/NetAuth.framework/Versions/A/NetAuth
0x00000001b177d000 	/System/Library/PrivateFrameworks/Sharing.framework/Versions/A/Sharing
0x00000001aa2be000 	/System/Library/PrivateFrameworks/login.framework/Versions/A/Frameworks/loginsupport.framework/Versions/A/loginsupport
0x00000001b6bc7000 	/System/Library/PrivateFrameworks/Apple80211.framework/Versions/A/Apple80211
0x00000001ad449000 	/System/Library/PrivateFrameworks/AuthKit.framework/Versions/A/AuthKit
0x00000001acaca000 	/System/Library/PrivateFrameworks/CoreUtils.framework/Versions/A/CoreUtils
0x00000001ac9ed000 	/System/Library/Frameworks/CoreWLAN.framework/Versions/A/CoreWLAN
0x00000001b18ed000 	/System/Library/Frameworks/IOBluetooth.framework/Versions/A/IOBluetooth
0x00000001b6c27000 	/System/Library/PrivateFrameworks/CoreWiFi.framework/Versions/A/CoreWiFi
0x00000001b5572000 	/System/Library/PrivateFrameworks/FrontBoardServices.framework/Versions/A/FrontBoardServices
0x00000001b560a000 	/System/Library/PrivateFrameworks/BoardServices.framework/Versions/A/BoardServices
0x00000001acce4000 	/System/Library/PrivateFrameworks/AssertionServices.framework/Versions/A/AssertionServices
0x00000001b6da4000 	/System/Library/PrivateFrameworks/BackBoardServices.framework/Versions/A/BackBoardServices
0x00000001b0cd3000 	/System/Library/PrivateFrameworks/CorePhoneNumbers.framework/Versions/A/CorePhoneNumbers
0x00000001b4b5a000 	/System/Library/PrivateFrameworks/DiskManagement.framework/Versions/A/DiskManagement
0x00000001b4a5d000 	/System/Library/PrivateFrameworks/AppleIDAuthSupport.framework/Versions/A/AppleIDAuthSupport
0x0000000208a1e000 	/System/Library/PrivateFrameworks/AAAFoundation.framework/Versions/A/AAAFoundation
0x00000001b0cb2000 	/System/Library/PrivateFrameworks/KeychainCircle.framework/Versions/A/KeychainCircle
0x00000001b4b26000 	/System/Library/PrivateFrameworks/MediaKit.framework/Versions/A/MediaKit
0x00000001b4a6a000 	/System/Library/Frameworks/DiscRecording.framework/Versions/A/DiscRecording
0x00000001ae2be000 	/usr/lib/libCoreStorage.dylib
0x00000001b70a1000 	/usr/lib/libcsfde.dylib
0x00000001b19c2000 	/System/Library/PrivateFrameworks/ProtectedCloudStorage.framework/Versions/A/ProtectedCloudStorage
0x00000001b7099000 	/System/Library/PrivateFrameworks/EFILogin.framework/Versions/A/EFILogin
0x00000001b4e39000 	/System/Library/PrivateFrameworks/OctagonTrust.framework/Versions/A/OctagonTrust
0x000000020d5ef000 	/System/Library/PrivateFrameworks/CoreUtilsExtras.framework/Versions/A/CoreUtilsExtras
0x00000001b498f000 	/System/Library/Frameworks/CoreBluetooth.framework/Versions/A/CoreBluetooth
0x00000001b772c000 	/System/Library/Frameworks/AudioUnit.framework/Versions/A/AudioUnit
0x00000001ae2b6000 	/usr/lib/libMatch.1.dylib
0x00000001c73ea000 	/System/Library/Frameworks/Accelerate.framework/Versions/A/Frameworks/vImage.framework/Versions/A/Libraries/libCGInterfaces.dylib
0x000000012682c000 	/usr/lib/libobjc-trampolines.dylib
0x00000001a9fb8000 	/System/Library/PrivateFrameworks/ViewBridge.framework/Versions/A/ViewBridge
0x00000001aea1a000 	/System/Library/PrivateFrameworks/login.framework/Versions/A/login
0x0000000128dd0000 	/Users/youssefgeorge/.openjfx/cache/17.0.1/libjavafx_font.dylib
0x0000000129134000 	/System/Library/Frameworks/FileProvider.framework/OverrideBundles/CloudDocsFileProvider.bundle/Contents/MacOS/CloudDocsFileProvider
0x00000001aa513000 	/System/Library/PrivateFrameworks/CloudDocs.framework/Versions/A/CloudDocs
0x00000001b73d6000 	/System/Library/PrivateFrameworks/AppleAccount.framework/Versions/A/AppleAccount
0x00000001b19a9000 	/System/Library/PrivateFrameworks/AppContainer.framework/Versions/A/AppContainer
0x00000001b1457000 	/System/Library/PrivateFrameworks/IDS.framework/Versions/A/IDS
0x00000001b7520000 	/System/Library/PrivateFrameworks/AppleIDSSOAuthentication.framework/Versions/A/AppleIDSSOAuthentication
0x00000001aa2c1000 	/System/Library/PrivateFrameworks/ApplePushService.framework/Versions/A/ApplePushService
0x00000001b711f000 	/System/Library/PrivateFrameworks/AppSupport.framework/Versions/A/AppSupport
0x00000001b0228000 	/System/Library/PrivateFrameworks/IMFoundation.framework/Versions/A/IMFoundation
0x00000001bdceb000 	/System/Library/PrivateFrameworks/Marco.framework/Versions/A/Marco
0x00000001b15d1000 	/System/Library/PrivateFrameworks/IDSFoundation.framework/Versions/A/IDSFoundation
0x00000001a92f1000 	/System/Library/PrivateFrameworks/CommonUtilities.framework/Versions/A/CommonUtilities
0x00000001c2b0a000 	/System/Library/PrivateFrameworks/FTServices.framework/Versions/A/FTServices
0x00000001bb033000 	/System/Library/PrivateFrameworks/Engram.framework/Versions/A/Engram
0x00000001bafd5000 	/usr/lib/libtidy.A.dylib
0x00000001aebd4000 	/System/Library/PrivateFrameworks/Bom.framework/Versions/A/Bom
0x00000001b058a000 	/usr/lib/libParallelCompression.dylib
0x00000001ae17c000 	/System/Library/PrivateFrameworks/CrashReporterSupport.framework/Versions/A/CrashReporterSupport
0x00000001ccda9000 	/System/Library/PrivateFrameworks/FTAWD.framework/Versions/A/FTAWD
0x00000001cee63000 	/System/Library/PrivateFrameworks/OSAnalytics.framework/Versions/A/OSAnalytics
0x00000001da161000 	/System/Library/PrivateFrameworks/Symbolication.framework/Versions/A/Symbolication
0x00000001c2eff000 	/System/Library/PrivateFrameworks/MallocStackLogging.framework/Versions/A/MallocStackLogging
0x00000001b3e9d000 	/System/Library/PrivateFrameworks/CoreDaemon.framework/Versions/B/CoreDaemon
0x00000001b3e97000 	/System/Library/PrivateFrameworks/AppleSRP.framework/Versions/A/AppleSRP
0x00000001acd95000 	/System/Library/Frameworks/ServiceManagement.framework/Versions/A/ServiceManagement
0x00000001b19be000 	/System/Library/PrivateFrameworks/SecCodeWrapper.framework/Versions/A/SecCodeWrapper
0x0000000129284000 	/System/Library/Frameworks/FileProvider.framework/OverrideBundles/FileProviderOverride.bundle/Contents/MacOS/FileProviderOverride
0x0000000129320000 	/System/Library/Frameworks/FileProvider.framework/OverrideBundles/FinderSyncCollaborationFileProviderOverride.bundle/Contents/MacOS/FinderSyncCollaborationFileProviderOverride
0x00000001d3634000 	/System/Library/PrivateFrameworks/FinderSyncPriv.framework/Versions/A/FinderSyncPriv
0x00000001c0cea000 	/usr/lib/libFosl_dynamic.dylib
0x00000001c6cc2000 	/usr/lib/libncurses.5.4.dylib
0x0000000221b35000 	/usr/lib/libRosetta.dylib


VM Arguments:
jvm_args: -javaagent:/Applications/IntelliJ IDEA.app/Contents/lib/idea_rt.jar=50347:/Applications/IntelliJ IDEA.app/Contents/bin -Dfile.encoding=UTF-8 --module-path=/Users/youssefgeorge/.m2/repository/org/openjfx/javafx-fxml/17.0.1/javafx-fxml-17.0.1-mac-aarch64.jar:/Users/youssefgeorge/.m2/repository/com/fasterxml/jackson/core/jackson-annotations/2.13.3/jackson-annotations-2.13.3.jar:/Users/youssefgeorge/.m2/repository/org/openjfx/javafx-controls/17.0.1/javafx-controls-17.0.1-mac-aarch64.jar:/Users/youssefgeorge/.m2/repository/com/fasterxml/jackson/core/jackson-core/2.13.3/jackson-core-2.13.3.jar:/Volumes/D/Uni/Semester 6/CSE338 SW Testing VV/Project/CSE338Project/target/classes:/Users/youssefgeorge/.m2/repository/org/json/json/20090211/json-20090211.jar:/Users/youssefgeorge/.m2/repository/com/fasterxml/jackson/core/jackson-databind/2.13.3/jackson-databind-2.13.3.jar:/Users/youssefgeorge/.m2/repository/org/jsoup/jsoup/1.15.1/jsoup-1.15.1.jar:/Users/youssefgeorge/.m2/repository/org/openjfx/javafx-graphics/17.0.1/javafx-graphics-17.0.1-mac-aarch64.jar:/Users/youssefgeorge/.m2/repository/org/openjfx/javafx-base/17.0.1/javafx-base-17.0.1-mac-aarch64.jar -Djdk.module.main=com.example.cse338project 
java_command: com.example.cse338project/com.example.cse338project.gui.Main
java_class_path (initial): /Users/youssefgeorge/.m2/repository/com/fasterxml/jackson/dataformat/jackson-dataformat-yaml/2.5.3/jackson-dataformat-yaml-2.5.3.jar:/Users/youssefgeorge/.m2/repository/com/fasterxml/jackson/core/jackson-core/2.5.3/jackson-core-2.5.3.jar:/Users/youssefgeorge/.m2/repository/com/fasterxml/jackson/core/jackson-databind/2.5.3/jackson-databind-2.5.3.jar:/Users/youssefgeorge/.m2/repository/com/fasterxml/jackson/core/jackson-annotations/2.5.0/jackson-annotations-2.5.0.jar:/Users/youssefgeorge/.m2/repository/org/yaml/snakeyaml/1.12/snakeyaml-1.12.jar:/Users/youssefgeorge/.m2/repository/org/openjfx/javafx-controls/17.0.1/javafx-controls-17.0.1.jar:/Users/youssefgeorge/.m2/repository/org/openjfx/javafx-graphics/17.0.1/javafx-graphics-17.0.1.jar:/Users/youssefgeorge/.m2/repository/org/openjfx/javafx-base/17.0.1/javafx-base-17.0.1.jar:/Users/youssefgeorge/.m2/repository/org/openjfx/javafx-fxml/17.0.1/javafx-fxml-17.0.1.jar
Launcher Type: SUN_STANDARD

[Global flags]
     intx CICompilerCount                          = 4                                         {product} {ergonomic}
     uint ConcGCThreads                            = 2                                         {product} {ergonomic}
     uint G1ConcRefinementThreads                  = 8                                         {product} {ergonomic}
   size_t G1HeapRegionSize                         = 1048576                                   {product} {ergonomic}
    uintx GCDrainStackTargetSize                   = 64                                        {product} {ergonomic}
   size_t InitialHeapSize                          = 134217728                                 {product} {ergonomic}
   size_t MarkStackSize                            = 4194304                                   {product} {ergonomic}
   size_t MaxHeapSize                              = 2147483648                                {product} {ergonomic}
   size_t MaxNewSize                               = 1287651328                                {product} {ergonomic}
   size_t MinHeapDeltaBytes                        = 1048576                                   {product} {ergonomic}
   size_t MinHeapSize                              = 8388608                                   {product} {ergonomic}
    uintx NonNMethodCodeHeapSize                   = 5839564                                {pd product} {ergonomic}
    uintx NonProfiledCodeHeapSize                  = 122909338                              {pd product} {ergonomic}
    uintx ProfiledCodeHeapSize                     = 122909338                              {pd product} {ergonomic}
    uintx ReservedCodeCacheSize                    = 251658240                              {pd product} {ergonomic}
     bool SegmentedCodeCache                       = true                                      {product} {ergonomic}
   size_t SoftMaxHeapSize                          = 2147483648                             {manageable} {ergonomic}
     bool UseCompressedClassPointers               = true                           {product lp64_product} {ergonomic}
     bool UseCompressedOops                        = true                           {product lp64_product} {ergonomic}
     bool UseG1GC                                  = true                                      {product} {ergonomic}
     bool UseNUMA                                  = false                                     {product} {ergonomic}
     bool UseNUMAInterleaving                      = false                                     {product} {ergonomic}

Logging:
Log output configuration:
 #0: stdout all=warning uptime,level,tags
 #1: stderr all=off uptime,level,tags

Environment Variables:
PATH=/opt/homebrew/bin:/usr/local/bin:/usr/bin:/bin:/usr/sbin:/sbin
SHELL=/bin/zsh
LC_CTYPE=en_US.UTF-8

Signal Handlers:
   SIGSEGV: crash_handler in libjvm.dylib, mask=11100110000111110111111111111111, flags=SA_RESTART|SA_SIGINFO
    SIGBUS: crash_handler in libjvm.dylib, mask=11100110000111110111111111111111, flags=SA_RESTART|SA_SIGINFO
    SIGFPE: crash_handler in libjvm.dylib, mask=11100110000111110111111111111111, flags=SA_RESTART|SA_SIGINFO
   SIGPIPE: javaSignalHandler in libjvm.dylib, mask=11100110000111110111111111111111, flags=SA_RESTART|SA_SIGINFO
   SIGXFSZ: javaSignalHandler in libjvm.dylib, mask=11100110000111110111111111111111, flags=SA_RESTART|SA_SIGINFO
    SIGILL: crash_handler in libjvm.dylib, mask=11100110000111110111111111111111, flags=SA_RESTART|SA_SIGINFO
   SIGUSR2: SR_handler in libjvm.dylib, mask=00100000000000000000000000000000, flags=SA_RESTART|SA_SIGINFO
    SIGHUP: UserHandler in libjvm.dylib, mask=11100110000111110111111111111111, flags=SA_RESTART|SA_SIGINFO
    SIGINT: UserHandler in libjvm.dylib, mask=11100110000111110111111111111111, flags=SA_RESTART|SA_SIGINFO
   SIGTERM: UserHandler in libjvm.dylib, mask=11100110000111110111111111111111, flags=SA_RESTART|SA_SIGINFO
   SIGQUIT: UserHandler in libjvm.dylib, mask=11100110000111110111111111111111, flags=SA_RESTART|SA_SIGINFO
   SIGTRAP: crash_handler in libjvm.dylib, mask=11100110000111110111111111111111, flags=SA_RESTART|SA_SIGINFO


---------------  S Y S T E M  ---------------

OS:
uname: Darwin 21.4.0 Darwin Kernel Version 21.4.0: Mon Feb 21 20:36:53 PST 2022; root:xnu-8020.101.4~2/RELEASE_ARM64_T8101 arm64
OS uptime: 1 days 4:43 hours
rlimit (soft/hard): STACK 8176k/65520k , CORE 0k/infinity , NPROC 1333/2000 , NOFILE 10240/infinity , AS infinity/infinity , CPU infinity/infinity , DATA infinity/infinity , FSIZE infinity/infinity , MEMLOCK infinity/infinity , RSS infinity/infinity
load average: 3.36 2.15 1.91

CPU: total 8 (initial active 8) 0x61:0x0:0x1b588bb3:0, fp, simd, crc, lse

Memory: 16k page, physical 8388608k(161376k free), swap 3145728k(1257216k free)

vm_info: OpenJDK 64-Bit Server VM (17.0.2+8-86) for bsd-aarch64 JRE (17.0.2+8-86), built on Dec  7 2021 21:45:06 by "mach5one" with clang Apple LLVM 12.0.0 (clang-1200.0.32.29)

END.
